[0.071s] DEBUG:colcon:Command line arguments: ['/usr/bin/colcon', 'build', '--packages-select', 'manual_move_action', '--cmake-clean-cache', '--cmake-force-configure', '--event-handlers', 'console_direct+', '--cmake-args', '-DCMAKE_VERBOSE_MAKEFILE=ON']
[0.071s] DEBUG:colcon:Parsed command line arguments: Namespace(log_base=None, log_level=None, verb_name='build', build_base='build', install_base='install', merge_install=False, symlink_install=False, test_result_base=None, continue_on_error=False, executor='parallel', parallel_workers=4, event_handlers=['console_direct+'], ignore_user_meta=False, metas=['./colcon.meta'], base_paths=['.'], packages_ignore=None, packages_ignore_regex=None, paths=None, packages_up_to=None, packages_up_to_regex=None, packages_above=None, packages_above_and_dependencies=None, packages_above_depth=None, packages_select_by_dep=None, packages_skip_by_dep=None, packages_skip_up_to=None, packages_select_build_failed=False, packages_skip_build_finished=False, packages_select_test_failures=False, packages_skip_test_passed=False, packages_select=['manual_move_action'], packages_skip=None, packages_select_regex=None, packages_skip_regex=None, packages_start=None, packages_end=None, allow_overriding=[], cmake_args=['-DCMAKE_VERBOSE_MAKEFILE=ON'], cmake_target=None, cmake_target_skip_unavailable=False, cmake_clean_cache=True, cmake_clean_first=False, cmake_force_configure=True, ament_cmake_args=None, catkin_cmake_args=None, catkin_skip_building_tests=False, mixin_files=None, mixin=None, verb_parser=<colcon_mixin.mixin.mixin_argument.MixinArgumentDecorator object at 0x73e0cc5431f0>, verb_extension=<colcon_core.verb.build.BuildVerb object at 0x73e0cc542a70>, main=<bound method BuildVerb.main of <colcon_core.verb.build.BuildVerb object at 0x73e0cc542a70>>, mixin_verb=('build',))
[0.169s] Level 1:colcon.colcon_core.package_discovery:discover_packages(colcon_meta) check parameters
[0.169s] Level 1:colcon.colcon_core.package_discovery:discover_packages(recursive) check parameters
[0.169s] Level 1:colcon.colcon_core.package_discovery:discover_packages(ignore) check parameters
[0.169s] Level 1:colcon.colcon_core.package_discovery:discover_packages(path) check parameters
[0.169s] Level 1:colcon.colcon_core.package_discovery:discover_packages(colcon_meta) discover
[0.169s] Level 1:colcon.colcon_core.package_discovery:discover_packages(recursive) discover
[0.170s] INFO:colcon.colcon_core.package_discovery:Crawling recursively for packages in '/home/ws/roarm_ws_em0'
[0.170s] Level 1:colcon.colcon_core.package_identification:_identify(.) by extensions ['ignore', 'ignore_ament_install']
[0.170s] Level 1:colcon.colcon_core.package_identification:_identify(.) by extension 'ignore'
[0.170s] Level 1:colcon.colcon_core.package_identification:_identify(.) by extension 'ignore_ament_install'
[0.170s] Level 1:colcon.colcon_core.package_identification:_identify(.) by extensions ['colcon_pkg']
[0.170s] Level 1:colcon.colcon_core.package_identification:_identify(.) by extension 'colcon_pkg'
[0.170s] Level 1:colcon.colcon_core.package_identification:_identify(.) by extensions ['colcon_meta']
[0.170s] Level 1:colcon.colcon_core.package_identification:_identify(.) by extension 'colcon_meta'
[0.170s] Level 1:colcon.colcon_core.package_identification:_identify(.) by extensions ['ros']
[0.170s] Level 1:colcon.colcon_core.package_identification:_identify(.) by extension 'ros'
[0.178s] Level 1:colcon.colcon_core.package_identification:_identify(.) by extensions ['cmake', 'python']
[0.178s] Level 1:colcon.colcon_core.package_identification:_identify(.) by extension 'cmake'
[0.178s] Level 1:colcon.colcon_core.package_identification:_identify(.) by extension 'python'
[0.178s] Level 1:colcon.colcon_core.package_identification:_identify(.) by extensions ['python_setup_py']
[0.178s] Level 1:colcon.colcon_core.package_identification:_identify(.) by extension 'python_setup_py'
[0.178s] Level 1:colcon.colcon_core.package_identification:_identify(build) by extensions ['ignore', 'ignore_ament_install']
[0.179s] Level 1:colcon.colcon_core.package_identification:_identify(build) by extension 'ignore'
[0.179s] Level 1:colcon.colcon_core.package_identification:_identify(build) ignored
[0.179s] Level 1:colcon.colcon_core.package_identification:_identify(images) by extensions ['ignore', 'ignore_ament_install']
[0.179s] Level 1:colcon.colcon_core.package_identification:_identify(images) by extension 'ignore'
[0.179s] Level 1:colcon.colcon_core.package_identification:_identify(images) by extension 'ignore_ament_install'
[0.179s] Level 1:colcon.colcon_core.package_identification:_identify(images) by extensions ['colcon_pkg']
[0.179s] Level 1:colcon.colcon_core.package_identification:_identify(images) by extension 'colcon_pkg'
[0.179s] Level 1:colcon.colcon_core.package_identification:_identify(images) by extensions ['colcon_meta']
[0.179s] Level 1:colcon.colcon_core.package_identification:_identify(images) by extension 'colcon_meta'
[0.179s] Level 1:colcon.colcon_core.package_identification:_identify(images) by extensions ['ros']
[0.179s] Level 1:colcon.colcon_core.package_identification:_identify(images) by extension 'ros'
[0.179s] Level 1:colcon.colcon_core.package_identification:_identify(images) by extensions ['cmake', 'python']
[0.179s] Level 1:colcon.colcon_core.package_identification:_identify(images) by extension 'cmake'
[0.179s] Level 1:colcon.colcon_core.package_identification:_identify(images) by extension 'python'
[0.179s] Level 1:colcon.colcon_core.package_identification:_identify(images) by extensions ['python_setup_py']
[0.179s] Level 1:colcon.colcon_core.package_identification:_identify(images) by extension 'python_setup_py'
[0.179s] Level 1:colcon.colcon_core.package_identification:_identify(install) by extensions ['ignore', 'ignore_ament_install']
[0.179s] Level 1:colcon.colcon_core.package_identification:_identify(install) by extension 'ignore'
[0.180s] Level 1:colcon.colcon_core.package_identification:_identify(install) ignored
[0.180s] Level 1:colcon.colcon_core.package_identification:_identify(log) by extensions ['ignore', 'ignore_ament_install']
[0.180s] Level 1:colcon.colcon_core.package_identification:_identify(log) by extension 'ignore'
[0.180s] Level 1:colcon.colcon_core.package_identification:_identify(log) ignored
[0.180s] Level 1:colcon.colcon_core.package_identification:_identify(src) by extensions ['ignore', 'ignore_ament_install']
[0.180s] Level 1:colcon.colcon_core.package_identification:_identify(src) by extension 'ignore'
[0.180s] Level 1:colcon.colcon_core.package_identification:_identify(src) by extension 'ignore_ament_install'
[0.180s] Level 1:colcon.colcon_core.package_identification:_identify(src) by extensions ['colcon_pkg']
[0.180s] Level 1:colcon.colcon_core.package_identification:_identify(src) by extension 'colcon_pkg'
[0.180s] Level 1:colcon.colcon_core.package_identification:_identify(src) by extensions ['colcon_meta']
[0.180s] Level 1:colcon.colcon_core.package_identification:_identify(src) by extension 'colcon_meta'
[0.180s] Level 1:colcon.colcon_core.package_identification:_identify(src) by extensions ['ros']
[0.180s] Level 1:colcon.colcon_core.package_identification:_identify(src) by extension 'ros'
[0.180s] Level 1:colcon.colcon_core.package_identification:_identify(src) by extensions ['cmake', 'python']
[0.180s] Level 1:colcon.colcon_core.package_identification:_identify(src) by extension 'cmake'
[0.180s] Level 1:colcon.colcon_core.package_identification:_identify(src) by extension 'python'
[0.180s] Level 1:colcon.colcon_core.package_identification:_identify(src) by extensions ['python_setup_py']
[0.180s] Level 1:colcon.colcon_core.package_identification:_identify(src) by extension 'python_setup_py'
[0.180s] Level 1:colcon.colcon_core.package_identification:_identify(src/roarm_else) by extensions ['ignore', 'ignore_ament_install']
[0.180s] Level 1:colcon.colcon_core.package_identification:_identify(src/roarm_else) by extension 'ignore'
[0.180s] Level 1:colcon.colcon_core.package_identification:_identify(src/roarm_else) by extension 'ignore_ament_install'
[0.180s] Level 1:colcon.colcon_core.package_identification:_identify(src/roarm_else) by extensions ['colcon_pkg']
[0.180s] Level 1:colcon.colcon_core.package_identification:_identify(src/roarm_else) by extension 'colcon_pkg'
[0.180s] Level 1:colcon.colcon_core.package_identification:_identify(src/roarm_else) by extensions ['colcon_meta']
[0.180s] Level 1:colcon.colcon_core.package_identification:_identify(src/roarm_else) by extension 'colcon_meta'
[0.180s] Level 1:colcon.colcon_core.package_identification:_identify(src/roarm_else) by extensions ['ros']
[0.180s] Level 1:colcon.colcon_core.package_identification:_identify(src/roarm_else) by extension 'ros'
[0.181s] Level 1:colcon.colcon_core.package_identification:_identify(src/roarm_else) by extensions ['cmake', 'python']
[0.181s] Level 1:colcon.colcon_core.package_identification:_identify(src/roarm_else) by extension 'cmake'
[0.181s] Level 1:colcon.colcon_core.package_identification:_identify(src/roarm_else) by extension 'python'
[0.181s] Level 1:colcon.colcon_core.package_identification:_identify(src/roarm_else) by extensions ['python_setup_py']
[0.181s] Level 1:colcon.colcon_core.package_identification:_identify(src/roarm_else) by extension 'python_setup_py'
[0.181s] Level 1:colcon.colcon_core.package_identification:_identify(src/roarm_else/launch_api) by extensions ['ignore', 'ignore_ament_install']
[0.181s] Level 1:colcon.colcon_core.package_identification:_identify(src/roarm_else/launch_api) by extension 'ignore'
[0.181s] Level 1:colcon.colcon_core.package_identification:_identify(src/roarm_else/launch_api) by extension 'ignore_ament_install'
[0.181s] Level 1:colcon.colcon_core.package_identification:_identify(src/roarm_else/launch_api) by extensions ['colcon_pkg']
[0.181s] Level 1:colcon.colcon_core.package_identification:_identify(src/roarm_else/launch_api) by extension 'colcon_pkg'
[0.181s] Level 1:colcon.colcon_core.package_identification:_identify(src/roarm_else/launch_api) by extensions ['colcon_meta']
[0.181s] Level 1:colcon.colcon_core.package_identification:_identify(src/roarm_else/launch_api) by extension 'colcon_meta'
[0.181s] Level 1:colcon.colcon_core.package_identification:_identify(src/roarm_else/launch_api) by extensions ['ros']
[0.181s] Level 1:colcon.colcon_core.package_identification:_identify(src/roarm_else/launch_api) by extension 'ros'
[0.182s] DEBUG:colcon.colcon_core.package_identification:Package 'src/roarm_else/launch_api' with type 'ros.ament_python' and name 'launch_api'
[0.182s] Level 1:colcon.colcon_core.package_identification:_identify(src/roarm_else/ros2web-ros2) by extensions ['ignore', 'ignore_ament_install']
[0.182s] Level 1:colcon.colcon_core.package_identification:_identify(src/roarm_else/ros2web-ros2) by extension 'ignore'
[0.183s] Level 1:colcon.colcon_core.package_identification:_identify(src/roarm_else/ros2web-ros2) by extension 'ignore_ament_install'
[0.183s] Level 1:colcon.colcon_core.package_identification:_identify(src/roarm_else/ros2web-ros2) by extensions ['colcon_pkg']
[0.183s] Level 1:colcon.colcon_core.package_identification:_identify(src/roarm_else/ros2web-ros2) by extension 'colcon_pkg'
[0.183s] Level 1:colcon.colcon_core.package_identification:_identify(src/roarm_else/ros2web-ros2) by extensions ['colcon_meta']
[0.183s] Level 1:colcon.colcon_core.package_identification:_identify(src/roarm_else/ros2web-ros2) by extension 'colcon_meta'
[0.183s] Level 1:colcon.colcon_core.package_identification:_identify(src/roarm_else/ros2web-ros2) by extensions ['ros']
[0.183s] Level 1:colcon.colcon_core.package_identification:_identify(src/roarm_else/ros2web-ros2) by extension 'ros'
[0.183s] Level 1:colcon.colcon_core.package_identification:_identify(src/roarm_else/ros2web-ros2) by extensions ['cmake', 'python']
[0.183s] Level 1:colcon.colcon_core.package_identification:_identify(src/roarm_else/ros2web-ros2) by extension 'cmake'
[0.183s] Level 1:colcon.colcon_core.package_identification:_identify(src/roarm_else/ros2web-ros2) by extension 'python'
[0.183s] Level 1:colcon.colcon_core.package_identification:_identify(src/roarm_else/ros2web-ros2) by extensions ['python_setup_py']
[0.183s] Level 1:colcon.colcon_core.package_identification:_identify(src/roarm_else/ros2web-ros2) by extension 'python_setup_py'
[0.183s] Level 1:colcon.colcon_core.package_identification:_identify(src/roarm_else/ros2web-ros2/examples) by extensions ['ignore', 'ignore_ament_install']
[0.183s] Level 1:colcon.colcon_core.package_identification:_identify(src/roarm_else/ros2web-ros2/examples) by extension 'ignore'
[0.183s] Level 1:colcon.colcon_core.package_identification:_identify(src/roarm_else/ros2web-ros2/examples) by extension 'ignore_ament_install'
[0.183s] Level 1:colcon.colcon_core.package_identification:_identify(src/roarm_else/ros2web-ros2/examples) by extensions ['colcon_pkg']
[0.183s] Level 1:colcon.colcon_core.package_identification:_identify(src/roarm_else/ros2web-ros2/examples) by extension 'colcon_pkg'
[0.183s] Level 1:colcon.colcon_core.package_identification:_identify(src/roarm_else/ros2web-ros2/examples) by extensions ['colcon_meta']
[0.183s] Level 1:colcon.colcon_core.package_identification:_identify(src/roarm_else/ros2web-ros2/examples) by extension 'colcon_meta'
[0.183s] Level 1:colcon.colcon_core.package_identification:_identify(src/roarm_else/ros2web-ros2/examples) by extensions ['ros']
[0.183s] Level 1:colcon.colcon_core.package_identification:_identify(src/roarm_else/ros2web-ros2/examples) by extension 'ros'
[0.183s] Level 1:colcon.colcon_core.package_identification:_identify(src/roarm_else/ros2web-ros2/examples) by extensions ['cmake', 'python']
[0.183s] Level 1:colcon.colcon_core.package_identification:_identify(src/roarm_else/ros2web-ros2/examples) by extension 'cmake'
[0.183s] Level 1:colcon.colcon_core.package_identification:_identify(src/roarm_else/ros2web-ros2/examples) by extension 'python'
[0.183s] Level 1:colcon.colcon_core.package_identification:_identify(src/roarm_else/ros2web-ros2/examples) by extensions ['python_setup_py']
[0.183s] Level 1:colcon.colcon_core.package_identification:_identify(src/roarm_else/ros2web-ros2/examples) by extension 'python_setup_py'
[0.183s] Level 1:colcon.colcon_core.package_identification:_identify(src/roarm_else/ros2web-ros2/examples/ros2web_example_cpp) by extensions ['ignore', 'ignore_ament_install']
[0.183s] Level 1:colcon.colcon_core.package_identification:_identify(src/roarm_else/ros2web-ros2/examples/ros2web_example_cpp) by extension 'ignore'
[0.183s] Level 1:colcon.colcon_core.package_identification:_identify(src/roarm_else/ros2web-ros2/examples/ros2web_example_cpp) ignored
[0.184s] Level 1:colcon.colcon_core.package_identification:_identify(src/roarm_else/ros2web-ros2/examples/ros2web_example_py) by extensions ['ignore', 'ignore_ament_install']
[0.184s] Level 1:colcon.colcon_core.package_identification:_identify(src/roarm_else/ros2web-ros2/examples/ros2web_example_py) by extension 'ignore'
[0.184s] Level 1:colcon.colcon_core.package_identification:_identify(src/roarm_else/ros2web-ros2/examples/ros2web_example_py) by extension 'ignore_ament_install'
[0.184s] Level 1:colcon.colcon_core.package_identification:_identify(src/roarm_else/ros2web-ros2/examples/ros2web_example_py) by extensions ['colcon_pkg']
[0.184s] Level 1:colcon.colcon_core.package_identification:_identify(src/roarm_else/ros2web-ros2/examples/ros2web_example_py) by extension 'colcon_pkg'
[0.184s] Level 1:colcon.colcon_core.package_identification:_identify(src/roarm_else/ros2web-ros2/examples/ros2web_example_py) by extensions ['colcon_meta']
[0.184s] Level 1:colcon.colcon_core.package_identification:_identify(src/roarm_else/ros2web-ros2/examples/ros2web_example_py) by extension 'colcon_meta'
[0.184s] Level 1:colcon.colcon_core.package_identification:_identify(src/roarm_else/ros2web-ros2/examples/ros2web_example_py) by extensions ['ros']
[0.184s] Level 1:colcon.colcon_core.package_identification:_identify(src/roarm_else/ros2web-ros2/examples/ros2web_example_py) by extension 'ros'
[0.184s] DEBUG:colcon.colcon_core.package_identification:Package 'src/roarm_else/ros2web-ros2/examples/ros2web_example_py' with type 'ros.ament_python' and name 'ros2web_example_py'
[0.184s] Level 1:colcon.colcon_core.package_identification:_identify(src/roarm_else/ros2web-ros2/ros2web) by extensions ['ignore', 'ignore_ament_install']
[0.184s] Level 1:colcon.colcon_core.package_identification:_identify(src/roarm_else/ros2web-ros2/ros2web) by extension 'ignore'
[0.184s] Level 1:colcon.colcon_core.package_identification:_identify(src/roarm_else/ros2web-ros2/ros2web) by extension 'ignore_ament_install'
[0.185s] Level 1:colcon.colcon_core.package_identification:_identify(src/roarm_else/ros2web-ros2/ros2web) by extensions ['colcon_pkg']
[0.185s] Level 1:colcon.colcon_core.package_identification:_identify(src/roarm_else/ros2web-ros2/ros2web) by extension 'colcon_pkg'
[0.185s] Level 1:colcon.colcon_core.package_identification:_identify(src/roarm_else/ros2web-ros2/ros2web) by extensions ['colcon_meta']
[0.185s] Level 1:colcon.colcon_core.package_identification:_identify(src/roarm_else/ros2web-ros2/ros2web) by extension 'colcon_meta'
[0.185s] Level 1:colcon.colcon_core.package_identification:_identify(src/roarm_else/ros2web-ros2/ros2web) by extensions ['ros']
[0.185s] Level 1:colcon.colcon_core.package_identification:_identify(src/roarm_else/ros2web-ros2/ros2web) by extension 'ros'
[0.185s] DEBUG:colcon.colcon_core.package_identification:Package 'src/roarm_else/ros2web-ros2/ros2web' with type 'ros.ament_python' and name 'ros2web'
[0.185s] Level 1:colcon.colcon_core.package_identification:_identify(src/roarm_else/ros2web-ros2/ros2web_interfaces) by extensions ['ignore', 'ignore_ament_install']
[0.185s] Level 1:colcon.colcon_core.package_identification:_identify(src/roarm_else/ros2web-ros2/ros2web_interfaces) by extension 'ignore'
[0.185s] Level 1:colcon.colcon_core.package_identification:_identify(src/roarm_else/ros2web-ros2/ros2web_interfaces) by extension 'ignore_ament_install'
[0.185s] Level 1:colcon.colcon_core.package_identification:_identify(src/roarm_else/ros2web-ros2/ros2web_interfaces) by extensions ['colcon_pkg']
[0.185s] Level 1:colcon.colcon_core.package_identification:_identify(src/roarm_else/ros2web-ros2/ros2web_interfaces) by extension 'colcon_pkg'
[0.185s] Level 1:colcon.colcon_core.package_identification:_identify(src/roarm_else/ros2web-ros2/ros2web_interfaces) by extensions ['colcon_meta']
[0.185s] Level 1:colcon.colcon_core.package_identification:_identify(src/roarm_else/ros2web-ros2/ros2web_interfaces) by extension 'colcon_meta'
[0.185s] Level 1:colcon.colcon_core.package_identification:_identify(src/roarm_else/ros2web-ros2/ros2web_interfaces) by extensions ['ros']
[0.185s] Level 1:colcon.colcon_core.package_identification:_identify(src/roarm_else/ros2web-ros2/ros2web_interfaces) by extension 'ros'
[0.186s] DEBUG:colcon.colcon_core.package_identification:Package 'src/roarm_else/ros2web-ros2/ros2web_interfaces' with type 'ros.ament_cmake' and name 'ros2web_interfaces'
[0.186s] Level 1:colcon.colcon_core.package_identification:_identify(src/roarm_else/ros2web_app) by extensions ['ignore', 'ignore_ament_install']
[0.186s] Level 1:colcon.colcon_core.package_identification:_identify(src/roarm_else/ros2web_app) by extension 'ignore'
[0.186s] Level 1:colcon.colcon_core.package_identification:_identify(src/roarm_else/ros2web_app) by extension 'ignore_ament_install'
[0.186s] Level 1:colcon.colcon_core.package_identification:_identify(src/roarm_else/ros2web_app) by extensions ['colcon_pkg']
[0.186s] Level 1:colcon.colcon_core.package_identification:_identify(src/roarm_else/ros2web_app) by extension 'colcon_pkg'
[0.186s] Level 1:colcon.colcon_core.package_identification:_identify(src/roarm_else/ros2web_app) by extensions ['colcon_meta']
[0.186s] Level 1:colcon.colcon_core.package_identification:_identify(src/roarm_else/ros2web_app) by extension 'colcon_meta'
[0.186s] Level 1:colcon.colcon_core.package_identification:_identify(src/roarm_else/ros2web_app) by extensions ['ros']
[0.186s] Level 1:colcon.colcon_core.package_identification:_identify(src/roarm_else/ros2web_app) by extension 'ros'
[0.186s] Level 1:colcon.colcon_core.package_identification:_identify(src/roarm_else/ros2web_app) by extensions ['cmake', 'python']
[0.186s] Level 1:colcon.colcon_core.package_identification:_identify(src/roarm_else/ros2web_app) by extension 'cmake'
[0.186s] Level 1:colcon.colcon_core.package_identification:_identify(src/roarm_else/ros2web_app) by extension 'python'
[0.186s] Level 1:colcon.colcon_core.package_identification:_identify(src/roarm_else/ros2web_app) by extensions ['python_setup_py']
[0.186s] Level 1:colcon.colcon_core.package_identification:_identify(src/roarm_else/ros2web_app) by extension 'python_setup_py'
[0.186s] Level 1:colcon.colcon_core.package_identification:_identify(src/roarm_else/ros2web_app/examples) by extensions ['ignore', 'ignore_ament_install']
[0.186s] Level 1:colcon.colcon_core.package_identification:_identify(src/roarm_else/ros2web_app/examples) by extension 'ignore'
[0.187s] Level 1:colcon.colcon_core.package_identification:_identify(src/roarm_else/ros2web_app/examples) by extension 'ignore_ament_install'
[0.187s] Level 1:colcon.colcon_core.package_identification:_identify(src/roarm_else/ros2web_app/examples) by extensions ['colcon_pkg']
[0.187s] Level 1:colcon.colcon_core.package_identification:_identify(src/roarm_else/ros2web_app/examples) by extension 'colcon_pkg'
[0.187s] Level 1:colcon.colcon_core.package_identification:_identify(src/roarm_else/ros2web_app/examples) by extensions ['colcon_meta']
[0.187s] Level 1:colcon.colcon_core.package_identification:_identify(src/roarm_else/ros2web_app/examples) by extension 'colcon_meta'
[0.187s] Level 1:colcon.colcon_core.package_identification:_identify(src/roarm_else/ros2web_app/examples) by extensions ['ros']
[0.187s] Level 1:colcon.colcon_core.package_identification:_identify(src/roarm_else/ros2web_app/examples) by extension 'ros'
[0.187s] Level 1:colcon.colcon_core.package_identification:_identify(src/roarm_else/ros2web_app/examples) by extensions ['cmake', 'python']
[0.187s] Level 1:colcon.colcon_core.package_identification:_identify(src/roarm_else/ros2web_app/examples) by extension 'cmake'
[0.187s] Level 1:colcon.colcon_core.package_identification:_identify(src/roarm_else/ros2web_app/examples) by extension 'python'
[0.187s] Level 1:colcon.colcon_core.package_identification:_identify(src/roarm_else/ros2web_app/examples) by extensions ['python_setup_py']
[0.187s] Level 1:colcon.colcon_core.package_identification:_identify(src/roarm_else/ros2web_app/examples) by extension 'python_setup_py'
[0.187s] Level 1:colcon.colcon_core.package_identification:_identify(src/roarm_else/ros2web_app/examples/ros2web_widgets) by extensions ['ignore', 'ignore_ament_install']
[0.187s] Level 1:colcon.colcon_core.package_identification:_identify(src/roarm_else/ros2web_app/examples/ros2web_widgets) by extension 'ignore'
[0.187s] Level 1:colcon.colcon_core.package_identification:_identify(src/roarm_else/ros2web_app/examples/ros2web_widgets) by extension 'ignore_ament_install'
[0.187s] Level 1:colcon.colcon_core.package_identification:_identify(src/roarm_else/ros2web_app/examples/ros2web_widgets) by extensions ['colcon_pkg']
[0.187s] Level 1:colcon.colcon_core.package_identification:_identify(src/roarm_else/ros2web_app/examples/ros2web_widgets) by extension 'colcon_pkg'
[0.187s] Level 1:colcon.colcon_core.package_identification:_identify(src/roarm_else/ros2web_app/examples/ros2web_widgets) by extensions ['colcon_meta']
[0.187s] Level 1:colcon.colcon_core.package_identification:_identify(src/roarm_else/ros2web_app/examples/ros2web_widgets) by extension 'colcon_meta'
[0.187s] Level 1:colcon.colcon_core.package_identification:_identify(src/roarm_else/ros2web_app/examples/ros2web_widgets) by extensions ['ros']
[0.187s] Level 1:colcon.colcon_core.package_identification:_identify(src/roarm_else/ros2web_app/examples/ros2web_widgets) by extension 'ros'
[0.187s] DEBUG:colcon.colcon_core.package_identification:Package 'src/roarm_else/ros2web_app/examples/ros2web_widgets' with type 'ros.ament_python' and name 'ros2web_widgets'
[0.188s] Level 1:colcon.colcon_core.package_identification:_identify(src/roarm_else/ros2web_app/ros2web_app) by extensions ['ignore', 'ignore_ament_install']
[0.188s] Level 1:colcon.colcon_core.package_identification:_identify(src/roarm_else/ros2web_app/ros2web_app) by extension 'ignore'
[0.188s] Level 1:colcon.colcon_core.package_identification:_identify(src/roarm_else/ros2web_app/ros2web_app) by extension 'ignore_ament_install'
[0.188s] Level 1:colcon.colcon_core.package_identification:_identify(src/roarm_else/ros2web_app/ros2web_app) by extensions ['colcon_pkg']
[0.188s] Level 1:colcon.colcon_core.package_identification:_identify(src/roarm_else/ros2web_app/ros2web_app) by extension 'colcon_pkg'
[0.188s] Level 1:colcon.colcon_core.package_identification:_identify(src/roarm_else/ros2web_app/ros2web_app) by extensions ['colcon_meta']
[0.188s] Level 1:colcon.colcon_core.package_identification:_identify(src/roarm_else/ros2web_app/ros2web_app) by extension 'colcon_meta'
[0.188s] Level 1:colcon.colcon_core.package_identification:_identify(src/roarm_else/ros2web_app/ros2web_app) by extensions ['ros']
[0.188s] Level 1:colcon.colcon_core.package_identification:_identify(src/roarm_else/ros2web_app/ros2web_app) by extension 'ros'
[0.188s] DEBUG:colcon.colcon_core.package_identification:Package 'src/roarm_else/ros2web_app/ros2web_app' with type 'ros.ament_python' and name 'ros2web_app'
[0.188s] Level 1:colcon.colcon_core.package_identification:_identify(src/roarm_else/ros2web_app/web_app) by extensions ['ignore', 'ignore_ament_install']
[0.188s] Level 1:colcon.colcon_core.package_identification:_identify(src/roarm_else/ros2web_app/web_app) by extension 'ignore'
[0.188s] Level 1:colcon.colcon_core.package_identification:_identify(src/roarm_else/ros2web_app/web_app) by extension 'ignore_ament_install'
[0.189s] Level 1:colcon.colcon_core.package_identification:_identify(src/roarm_else/ros2web_app/web_app) by extensions ['colcon_pkg']
[0.189s] Level 1:colcon.colcon_core.package_identification:_identify(src/roarm_else/ros2web_app/web_app) by extension 'colcon_pkg'
[0.189s] Level 1:colcon.colcon_core.package_identification:_identify(src/roarm_else/ros2web_app/web_app) by extensions ['colcon_meta']
[0.189s] Level 1:colcon.colcon_core.package_identification:_identify(src/roarm_else/ros2web_app/web_app) by extension 'colcon_meta'
[0.189s] Level 1:colcon.colcon_core.package_identification:_identify(src/roarm_else/ros2web_app/web_app) by extensions ['ros']
[0.189s] Level 1:colcon.colcon_core.package_identification:_identify(src/roarm_else/ros2web_app/web_app) by extension 'ros'
[0.189s] Level 1:colcon.colcon_core.package_identification:_identify(src/roarm_else/ros2web_app/web_app) by extensions ['cmake', 'python']
[0.189s] Level 1:colcon.colcon_core.package_identification:_identify(src/roarm_else/ros2web_app/web_app) by extension 'cmake'
[0.189s] Level 1:colcon.colcon_core.package_identification:_identify(src/roarm_else/ros2web_app/web_app) by extension 'python'
[0.189s] Level 1:colcon.colcon_core.package_identification:_identify(src/roarm_else/ros2web_app/web_app) by extensions ['python_setup_py']
[0.189s] Level 1:colcon.colcon_core.package_identification:_identify(src/roarm_else/ros2web_app/web_app) by extension 'python_setup_py'
[0.189s] Level 1:colcon.colcon_core.package_identification:_identify(src/roarm_else/ros2web_app/web_app/src) by extensions ['ignore', 'ignore_ament_install']
[0.189s] Level 1:colcon.colcon_core.package_identification:_identify(src/roarm_else/ros2web_app/web_app/src) by extension 'ignore'
[0.189s] Level 1:colcon.colcon_core.package_identification:_identify(src/roarm_else/ros2web_app/web_app/src) by extension 'ignore_ament_install'
[0.189s] Level 1:colcon.colcon_core.package_identification:_identify(src/roarm_else/ros2web_app/web_app/src) by extensions ['colcon_pkg']
[0.189s] Level 1:colcon.colcon_core.package_identification:_identify(src/roarm_else/ros2web_app/web_app/src) by extension 'colcon_pkg'
[0.189s] Level 1:colcon.colcon_core.package_identification:_identify(src/roarm_else/ros2web_app/web_app/src) by extensions ['colcon_meta']
[0.189s] Level 1:colcon.colcon_core.package_identification:_identify(src/roarm_else/ros2web_app/web_app/src) by extension 'colcon_meta'
[0.189s] Level 1:colcon.colcon_core.package_identification:_identify(src/roarm_else/ros2web_app/web_app/src) by extensions ['ros']
[0.189s] Level 1:colcon.colcon_core.package_identification:_identify(src/roarm_else/ros2web_app/web_app/src) by extension 'ros'
[0.189s] Level 1:colcon.colcon_core.package_identification:_identify(src/roarm_else/ros2web_app/web_app/src) by extensions ['cmake', 'python']
[0.189s] Level 1:colcon.colcon_core.package_identification:_identify(src/roarm_else/ros2web_app/web_app/src) by extension 'cmake'
[0.189s] Level 1:colcon.colcon_core.package_identification:_identify(src/roarm_else/ros2web_app/web_app/src) by extension 'python'
[0.189s] Level 1:colcon.colcon_core.package_identification:_identify(src/roarm_else/ros2web_app/web_app/src) by extensions ['python_setup_py']
[0.189s] Level 1:colcon.colcon_core.package_identification:_identify(src/roarm_else/ros2web_app/web_app/src) by extension 'python_setup_py'
[0.190s] Level 1:colcon.colcon_core.package_identification:_identify(src/roarm_else/ros2web_app/web_app/src/assets) by extensions ['ignore', 'ignore_ament_install']
[0.190s] Level 1:colcon.colcon_core.package_identification:_identify(src/roarm_else/ros2web_app/web_app/src/assets) by extension 'ignore'
[0.190s] Level 1:colcon.colcon_core.package_identification:_identify(src/roarm_else/ros2web_app/web_app/src/assets) by extension 'ignore_ament_install'
[0.190s] Level 1:colcon.colcon_core.package_identification:_identify(src/roarm_else/ros2web_app/web_app/src/assets) by extensions ['colcon_pkg']
[0.190s] Level 1:colcon.colcon_core.package_identification:_identify(src/roarm_else/ros2web_app/web_app/src/assets) by extension 'colcon_pkg'
[0.190s] Level 1:colcon.colcon_core.package_identification:_identify(src/roarm_else/ros2web_app/web_app/src/assets) by extensions ['colcon_meta']
[0.190s] Level 1:colcon.colcon_core.package_identification:_identify(src/roarm_else/ros2web_app/web_app/src/assets) by extension 'colcon_meta'
[0.190s] Level 1:colcon.colcon_core.package_identification:_identify(src/roarm_else/ros2web_app/web_app/src/assets) by extensions ['ros']
[0.190s] Level 1:colcon.colcon_core.package_identification:_identify(src/roarm_else/ros2web_app/web_app/src/assets) by extension 'ros'
[0.190s] Level 1:colcon.colcon_core.package_identification:_identify(src/roarm_else/ros2web_app/web_app/src/assets) by extensions ['cmake', 'python']
[0.190s] Level 1:colcon.colcon_core.package_identification:_identify(src/roarm_else/ros2web_app/web_app/src/assets) by extension 'cmake'
[0.190s] Level 1:colcon.colcon_core.package_identification:_identify(src/roarm_else/ros2web_app/web_app/src/assets) by extension 'python'
[0.190s] Level 1:colcon.colcon_core.package_identification:_identify(src/roarm_else/ros2web_app/web_app/src/assets) by extensions ['python_setup_py']
[0.190s] Level 1:colcon.colcon_core.package_identification:_identify(src/roarm_else/ros2web_app/web_app/src/assets) by extension 'python_setup_py'
[0.190s] Level 1:colcon.colcon_core.package_identification:_identify(src/roarm_else/ros2web_app/web_app/src/components) by extensions ['ignore', 'ignore_ament_install']
[0.190s] Level 1:colcon.colcon_core.package_identification:_identify(src/roarm_else/ros2web_app/web_app/src/components) by extension 'ignore'
[0.190s] Level 1:colcon.colcon_core.package_identification:_identify(src/roarm_else/ros2web_app/web_app/src/components) by extension 'ignore_ament_install'
[0.190s] Level 1:colcon.colcon_core.package_identification:_identify(src/roarm_else/ros2web_app/web_app/src/components) by extensions ['colcon_pkg']
[0.190s] Level 1:colcon.colcon_core.package_identification:_identify(src/roarm_else/ros2web_app/web_app/src/components) by extension 'colcon_pkg'
[0.190s] Level 1:colcon.colcon_core.package_identification:_identify(src/roarm_else/ros2web_app/web_app/src/components) by extensions ['colcon_meta']
[0.190s] Level 1:colcon.colcon_core.package_identification:_identify(src/roarm_else/ros2web_app/web_app/src/components) by extension 'colcon_meta'
[0.190s] Level 1:colcon.colcon_core.package_identification:_identify(src/roarm_else/ros2web_app/web_app/src/components) by extensions ['ros']
[0.190s] Level 1:colcon.colcon_core.package_identification:_identify(src/roarm_else/ros2web_app/web_app/src/components) by extension 'ros'
[0.190s] Level 1:colcon.colcon_core.package_identification:_identify(src/roarm_else/ros2web_app/web_app/src/components) by extensions ['cmake', 'python']
[0.190s] Level 1:colcon.colcon_core.package_identification:_identify(src/roarm_else/ros2web_app/web_app/src/components) by extension 'cmake'
[0.191s] Level 1:colcon.colcon_core.package_identification:_identify(src/roarm_else/ros2web_app/web_app/src/components) by extension 'python'
[0.191s] Level 1:colcon.colcon_core.package_identification:_identify(src/roarm_else/ros2web_app/web_app/src/components) by extensions ['python_setup_py']
[0.191s] Level 1:colcon.colcon_core.package_identification:_identify(src/roarm_else/ros2web_app/web_app/src/components) by extension 'python_setup_py'
[0.191s] Level 1:colcon.colcon_core.package_identification:_identify(src/roarm_else/ros2web_app/web_app/src/components/Grid) by extensions ['ignore', 'ignore_ament_install']
[0.191s] Level 1:colcon.colcon_core.package_identification:_identify(src/roarm_else/ros2web_app/web_app/src/components/Grid) by extension 'ignore'
[0.191s] Level 1:colcon.colcon_core.package_identification:_identify(src/roarm_else/ros2web_app/web_app/src/components/Grid) by extension 'ignore_ament_install'
[0.191s] Level 1:colcon.colcon_core.package_identification:_identify(src/roarm_else/ros2web_app/web_app/src/components/Grid) by extensions ['colcon_pkg']
[0.191s] Level 1:colcon.colcon_core.package_identification:_identify(src/roarm_else/ros2web_app/web_app/src/components/Grid) by extension 'colcon_pkg'
[0.191s] Level 1:colcon.colcon_core.package_identification:_identify(src/roarm_else/ros2web_app/web_app/src/components/Grid) by extensions ['colcon_meta']
[0.191s] Level 1:colcon.colcon_core.package_identification:_identify(src/roarm_else/ros2web_app/web_app/src/components/Grid) by extension 'colcon_meta'
[0.191s] Level 1:colcon.colcon_core.package_identification:_identify(src/roarm_else/ros2web_app/web_app/src/components/Grid) by extensions ['ros']
[0.191s] Level 1:colcon.colcon_core.package_identification:_identify(src/roarm_else/ros2web_app/web_app/src/components/Grid) by extension 'ros'
[0.191s] Level 1:colcon.colcon_core.package_identification:_identify(src/roarm_else/ros2web_app/web_app/src/components/Grid) by extensions ['cmake', 'python']
[0.191s] Level 1:colcon.colcon_core.package_identification:_identify(src/roarm_else/ros2web_app/web_app/src/components/Grid) by extension 'cmake'
[0.191s] Level 1:colcon.colcon_core.package_identification:_identify(src/roarm_else/ros2web_app/web_app/src/components/Grid) by extension 'python'
[0.191s] Level 1:colcon.colcon_core.package_identification:_identify(src/roarm_else/ros2web_app/web_app/src/components/Grid) by extensions ['python_setup_py']
[0.191s] Level 1:colcon.colcon_core.package_identification:_identify(src/roarm_else/ros2web_app/web_app/src/components/Grid) by extension 'python_setup_py'
[0.191s] Level 1:colcon.colcon_core.package_identification:_identify(src/roarm_else/ros2web_app/web_app/src/components/Image) by extensions ['ignore', 'ignore_ament_install']
[0.191s] Level 1:colcon.colcon_core.package_identification:_identify(src/roarm_else/ros2web_app/web_app/src/components/Image) by extension 'ignore'
[0.191s] Level 1:colcon.colcon_core.package_identification:_identify(src/roarm_else/ros2web_app/web_app/src/components/Image) by extension 'ignore_ament_install'
[0.191s] Level 1:colcon.colcon_core.package_identification:_identify(src/roarm_else/ros2web_app/web_app/src/components/Image) by extensions ['colcon_pkg']
[0.191s] Level 1:colcon.colcon_core.package_identification:_identify(src/roarm_else/ros2web_app/web_app/src/components/Image) by extension 'colcon_pkg'
[0.191s] Level 1:colcon.colcon_core.package_identification:_identify(src/roarm_else/ros2web_app/web_app/src/components/Image) by extensions ['colcon_meta']
[0.191s] Level 1:colcon.colcon_core.package_identification:_identify(src/roarm_else/ros2web_app/web_app/src/components/Image) by extension 'colcon_meta'
[0.191s] Level 1:colcon.colcon_core.package_identification:_identify(src/roarm_else/ros2web_app/web_app/src/components/Image) by extensions ['ros']
[0.191s] Level 1:colcon.colcon_core.package_identification:_identify(src/roarm_else/ros2web_app/web_app/src/components/Image) by extension 'ros'
[0.191s] Level 1:colcon.colcon_core.package_identification:_identify(src/roarm_else/ros2web_app/web_app/src/components/Image) by extensions ['cmake', 'python']
[0.192s] Level 1:colcon.colcon_core.package_identification:_identify(src/roarm_else/ros2web_app/web_app/src/components/Image) by extension 'cmake'
[0.192s] Level 1:colcon.colcon_core.package_identification:_identify(src/roarm_else/ros2web_app/web_app/src/components/Image) by extension 'python'
[0.192s] Level 1:colcon.colcon_core.package_identification:_identify(src/roarm_else/ros2web_app/web_app/src/components/Image) by extensions ['python_setup_py']
[0.192s] Level 1:colcon.colcon_core.package_identification:_identify(src/roarm_else/ros2web_app/web_app/src/components/Image) by extension 'python_setup_py'
[0.192s] Level 1:colcon.colcon_core.package_identification:_identify(src/roarm_else/ros2web_app/web_app/src/components/InputGroup) by extensions ['ignore', 'ignore_ament_install']
[0.192s] Level 1:colcon.colcon_core.package_identification:_identify(src/roarm_else/ros2web_app/web_app/src/components/InputGroup) by extension 'ignore'
[0.192s] Level 1:colcon.colcon_core.package_identification:_identify(src/roarm_else/ros2web_app/web_app/src/components/InputGroup) by extension 'ignore_ament_install'
[0.192s] Level 1:colcon.colcon_core.package_identification:_identify(src/roarm_else/ros2web_app/web_app/src/components/InputGroup) by extensions ['colcon_pkg']
[0.192s] Level 1:colcon.colcon_core.package_identification:_identify(src/roarm_else/ros2web_app/web_app/src/components/InputGroup) by extension 'colcon_pkg'
[0.192s] Level 1:colcon.colcon_core.package_identification:_identify(src/roarm_else/ros2web_app/web_app/src/components/InputGroup) by extensions ['colcon_meta']
[0.192s] Level 1:colcon.colcon_core.package_identification:_identify(src/roarm_else/ros2web_app/web_app/src/components/InputGroup) by extension 'colcon_meta'
[0.192s] Level 1:colcon.colcon_core.package_identification:_identify(src/roarm_else/ros2web_app/web_app/src/components/InputGroup) by extensions ['ros']
[0.192s] Level 1:colcon.colcon_core.package_identification:_identify(src/roarm_else/ros2web_app/web_app/src/components/InputGroup) by extension 'ros'
[0.192s] Level 1:colcon.colcon_core.package_identification:_identify(src/roarm_else/ros2web_app/web_app/src/components/InputGroup) by extensions ['cmake', 'python']
[0.192s] Level 1:colcon.colcon_core.package_identification:_identify(src/roarm_else/ros2web_app/web_app/src/components/InputGroup) by extension 'cmake'
[0.192s] Level 1:colcon.colcon_core.package_identification:_identify(src/roarm_else/ros2web_app/web_app/src/components/InputGroup) by extension 'python'
[0.192s] Level 1:colcon.colcon_core.package_identification:_identify(src/roarm_else/ros2web_app/web_app/src/components/InputGroup) by extensions ['python_setup_py']
[0.192s] Level 1:colcon.colcon_core.package_identification:_identify(src/roarm_else/ros2web_app/web_app/src/components/InputGroup) by extension 'python_setup_py'
[0.192s] Level 1:colcon.colcon_core.package_identification:_identify(src/roarm_else/ros2web_app/web_app/src/components/Joystick) by extensions ['ignore', 'ignore_ament_install']
[0.192s] Level 1:colcon.colcon_core.package_identification:_identify(src/roarm_else/ros2web_app/web_app/src/components/Joystick) by extension 'ignore'
[0.192s] Level 1:colcon.colcon_core.package_identification:_identify(src/roarm_else/ros2web_app/web_app/src/components/Joystick) by extension 'ignore_ament_install'
[0.192s] Level 1:colcon.colcon_core.package_identification:_identify(src/roarm_else/ros2web_app/web_app/src/components/Joystick) by extensions ['colcon_pkg']
[0.192s] Level 1:colcon.colcon_core.package_identification:_identify(src/roarm_else/ros2web_app/web_app/src/components/Joystick) by extension 'colcon_pkg'
[0.192s] Level 1:colcon.colcon_core.package_identification:_identify(src/roarm_else/ros2web_app/web_app/src/components/Joystick) by extensions ['colcon_meta']
[0.192s] Level 1:colcon.colcon_core.package_identification:_identify(src/roarm_else/ros2web_app/web_app/src/components/Joystick) by extension 'colcon_meta'
[0.192s] Level 1:colcon.colcon_core.package_identification:_identify(src/roarm_else/ros2web_app/web_app/src/components/Joystick) by extensions ['ros']
[0.192s] Level 1:colcon.colcon_core.package_identification:_identify(src/roarm_else/ros2web_app/web_app/src/components/Joystick) by extension 'ros'
[0.193s] Level 1:colcon.colcon_core.package_identification:_identify(src/roarm_else/ros2web_app/web_app/src/components/Joystick) by extensions ['cmake', 'python']
[0.193s] Level 1:colcon.colcon_core.package_identification:_identify(src/roarm_else/ros2web_app/web_app/src/components/Joystick) by extension 'cmake'
[0.193s] Level 1:colcon.colcon_core.package_identification:_identify(src/roarm_else/ros2web_app/web_app/src/components/Joystick) by extension 'python'
[0.193s] Level 1:colcon.colcon_core.package_identification:_identify(src/roarm_else/ros2web_app/web_app/src/components/Joystick) by extensions ['python_setup_py']
[0.193s] Level 1:colcon.colcon_core.package_identification:_identify(src/roarm_else/ros2web_app/web_app/src/components/Joystick) by extension 'python_setup_py'
[0.193s] Level 1:colcon.colcon_core.package_identification:_identify(src/roarm_else/ros2web_app/web_app/src/components/SimpleInput) by extensions ['ignore', 'ignore_ament_install']
[0.193s] Level 1:colcon.colcon_core.package_identification:_identify(src/roarm_else/ros2web_app/web_app/src/components/SimpleInput) by extension 'ignore'
[0.193s] Level 1:colcon.colcon_core.package_identification:_identify(src/roarm_else/ros2web_app/web_app/src/components/SimpleInput) by extension 'ignore_ament_install'
[0.193s] Level 1:colcon.colcon_core.package_identification:_identify(src/roarm_else/ros2web_app/web_app/src/components/SimpleInput) by extensions ['colcon_pkg']
[0.193s] Level 1:colcon.colcon_core.package_identification:_identify(src/roarm_else/ros2web_app/web_app/src/components/SimpleInput) by extension 'colcon_pkg'
[0.193s] Level 1:colcon.colcon_core.package_identification:_identify(src/roarm_else/ros2web_app/web_app/src/components/SimpleInput) by extensions ['colcon_meta']
[0.193s] Level 1:colcon.colcon_core.package_identification:_identify(src/roarm_else/ros2web_app/web_app/src/components/SimpleInput) by extension 'colcon_meta'
[0.193s] Level 1:colcon.colcon_core.package_identification:_identify(src/roarm_else/ros2web_app/web_app/src/components/SimpleInput) by extensions ['ros']
[0.193s] Level 1:colcon.colcon_core.package_identification:_identify(src/roarm_else/ros2web_app/web_app/src/components/SimpleInput) by extension 'ros'
[0.193s] Level 1:colcon.colcon_core.package_identification:_identify(src/roarm_else/ros2web_app/web_app/src/components/SimpleInput) by extensions ['cmake', 'python']
[0.193s] Level 1:colcon.colcon_core.package_identification:_identify(src/roarm_else/ros2web_app/web_app/src/components/SimpleInput) by extension 'cmake'
[0.193s] Level 1:colcon.colcon_core.package_identification:_identify(src/roarm_else/ros2web_app/web_app/src/components/SimpleInput) by extension 'python'
[0.193s] Level 1:colcon.colcon_core.package_identification:_identify(src/roarm_else/ros2web_app/web_app/src/components/SimpleInput) by extensions ['python_setup_py']
[0.193s] Level 1:colcon.colcon_core.package_identification:_identify(src/roarm_else/ros2web_app/web_app/src/components/SimpleInput) by extension 'python_setup_py'
[0.193s] Level 1:colcon.colcon_core.package_identification:_identify(src/roarm_else/ros2web_app/web_app/src/components/SimpleList) by extensions ['ignore', 'ignore_ament_install']
[0.193s] Level 1:colcon.colcon_core.package_identification:_identify(src/roarm_else/ros2web_app/web_app/src/components/SimpleList) by extension 'ignore'
[0.193s] Level 1:colcon.colcon_core.package_identification:_identify(src/roarm_else/ros2web_app/web_app/src/components/SimpleList) by extension 'ignore_ament_install'
[0.193s] Level 1:colcon.colcon_core.package_identification:_identify(src/roarm_else/ros2web_app/web_app/src/components/SimpleList) by extensions ['colcon_pkg']
[0.193s] Level 1:colcon.colcon_core.package_identification:_identify(src/roarm_else/ros2web_app/web_app/src/components/SimpleList) by extension 'colcon_pkg'
[0.193s] Level 1:colcon.colcon_core.package_identification:_identify(src/roarm_else/ros2web_app/web_app/src/components/SimpleList) by extensions ['colcon_meta']
[0.193s] Level 1:colcon.colcon_core.package_identification:_identify(src/roarm_else/ros2web_app/web_app/src/components/SimpleList) by extension 'colcon_meta'
[0.194s] Level 1:colcon.colcon_core.package_identification:_identify(src/roarm_else/ros2web_app/web_app/src/components/SimpleList) by extensions ['ros']
[0.194s] Level 1:colcon.colcon_core.package_identification:_identify(src/roarm_else/ros2web_app/web_app/src/components/SimpleList) by extension 'ros'
[0.194s] Level 1:colcon.colcon_core.package_identification:_identify(src/roarm_else/ros2web_app/web_app/src/components/SimpleList) by extensions ['cmake', 'python']
[0.194s] Level 1:colcon.colcon_core.package_identification:_identify(src/roarm_else/ros2web_app/web_app/src/components/SimpleList) by extension 'cmake'
[0.194s] Level 1:colcon.colcon_core.package_identification:_identify(src/roarm_else/ros2web_app/web_app/src/components/SimpleList) by extension 'python'
[0.194s] Level 1:colcon.colcon_core.package_identification:_identify(src/roarm_else/ros2web_app/web_app/src/components/SimpleList) by extensions ['python_setup_py']
[0.194s] Level 1:colcon.colcon_core.package_identification:_identify(src/roarm_else/ros2web_app/web_app/src/components/SimpleList) by extension 'python_setup_py'
[0.194s] Level 1:colcon.colcon_core.package_identification:_identify(src/roarm_else/ros2web_app/web_app/src/components/Slider) by extensions ['ignore', 'ignore_ament_install']
[0.194s] Level 1:colcon.colcon_core.package_identification:_identify(src/roarm_else/ros2web_app/web_app/src/components/Slider) by extension 'ignore'
[0.194s] Level 1:colcon.colcon_core.package_identification:_identify(src/roarm_else/ros2web_app/web_app/src/components/Slider) by extension 'ignore_ament_install'
[0.194s] Level 1:colcon.colcon_core.package_identification:_identify(src/roarm_else/ros2web_app/web_app/src/components/Slider) by extensions ['colcon_pkg']
[0.194s] Level 1:colcon.colcon_core.package_identification:_identify(src/roarm_else/ros2web_app/web_app/src/components/Slider) by extension 'colcon_pkg'
[0.194s] Level 1:colcon.colcon_core.package_identification:_identify(src/roarm_else/ros2web_app/web_app/src/components/Slider) by extensions ['colcon_meta']
[0.194s] Level 1:colcon.colcon_core.package_identification:_identify(src/roarm_else/ros2web_app/web_app/src/components/Slider) by extension 'colcon_meta'
[0.194s] Level 1:colcon.colcon_core.package_identification:_identify(src/roarm_else/ros2web_app/web_app/src/components/Slider) by extensions ['ros']
[0.194s] Level 1:colcon.colcon_core.package_identification:_identify(src/roarm_else/ros2web_app/web_app/src/components/Slider) by extension 'ros'
[0.194s] Level 1:colcon.colcon_core.package_identification:_identify(src/roarm_else/ros2web_app/web_app/src/components/Slider) by extensions ['cmake', 'python']
[0.194s] Level 1:colcon.colcon_core.package_identification:_identify(src/roarm_else/ros2web_app/web_app/src/components/Slider) by extension 'cmake'
[0.194s] Level 1:colcon.colcon_core.package_identification:_identify(src/roarm_else/ros2web_app/web_app/src/components/Slider) by extension 'python'
[0.194s] Level 1:colcon.colcon_core.package_identification:_identify(src/roarm_else/ros2web_app/web_app/src/components/Slider) by extensions ['python_setup_py']
[0.194s] Level 1:colcon.colcon_core.package_identification:_identify(src/roarm_else/ros2web_app/web_app/src/components/Slider) by extension 'python_setup_py'
[0.194s] Level 1:colcon.colcon_core.package_identification:_identify(src/roarm_else/ros2web_app/web_app/src/components/Switch) by extensions ['ignore', 'ignore_ament_install']
[0.194s] Level 1:colcon.colcon_core.package_identification:_identify(src/roarm_else/ros2web_app/web_app/src/components/Switch) by extension 'ignore'
[0.194s] Level 1:colcon.colcon_core.package_identification:_identify(src/roarm_else/ros2web_app/web_app/src/components/Switch) by extension 'ignore_ament_install'
[0.194s] Level 1:colcon.colcon_core.package_identification:_identify(src/roarm_else/ros2web_app/web_app/src/components/Switch) by extensions ['colcon_pkg']
[0.194s] Level 1:colcon.colcon_core.package_identification:_identify(src/roarm_else/ros2web_app/web_app/src/components/Switch) by extension 'colcon_pkg'
[0.194s] Level 1:colcon.colcon_core.package_identification:_identify(src/roarm_else/ros2web_app/web_app/src/components/Switch) by extensions ['colcon_meta']
[0.194s] Level 1:colcon.colcon_core.package_identification:_identify(src/roarm_else/ros2web_app/web_app/src/components/Switch) by extension 'colcon_meta'
[0.194s] Level 1:colcon.colcon_core.package_identification:_identify(src/roarm_else/ros2web_app/web_app/src/components/Switch) by extensions ['ros']
[0.194s] Level 1:colcon.colcon_core.package_identification:_identify(src/roarm_else/ros2web_app/web_app/src/components/Switch) by extension 'ros'
[0.194s] Level 1:colcon.colcon_core.package_identification:_identify(src/roarm_else/ros2web_app/web_app/src/components/Switch) by extensions ['cmake', 'python']
[0.194s] Level 1:colcon.colcon_core.package_identification:_identify(src/roarm_else/ros2web_app/web_app/src/components/Switch) by extension 'cmake'
[0.194s] Level 1:colcon.colcon_core.package_identification:_identify(src/roarm_else/ros2web_app/web_app/src/components/Switch) by extension 'python'
[0.194s] Level 1:colcon.colcon_core.package_identification:_identify(src/roarm_else/ros2web_app/web_app/src/components/Switch) by extensions ['python_setup_py']
[0.194s] Level 1:colcon.colcon_core.package_identification:_identify(src/roarm_else/ros2web_app/web_app/src/components/Switch) by extension 'python_setup_py'
[0.195s] Level 1:colcon.colcon_core.package_identification:_identify(src/roarm_else/ros2web_app/web_app/src/containers) by extensions ['ignore', 'ignore_ament_install']
[0.195s] Level 1:colcon.colcon_core.package_identification:_identify(src/roarm_else/ros2web_app/web_app/src/containers) by extension 'ignore'
[0.195s] Level 1:colcon.colcon_core.package_identification:_identify(src/roarm_else/ros2web_app/web_app/src/containers) by extension 'ignore_ament_install'
[0.195s] Level 1:colcon.colcon_core.package_identification:_identify(src/roarm_else/ros2web_app/web_app/src/containers) by extensions ['colcon_pkg']
[0.195s] Level 1:colcon.colcon_core.package_identification:_identify(src/roarm_else/ros2web_app/web_app/src/containers) by extension 'colcon_pkg'
[0.195s] Level 1:colcon.colcon_core.package_identification:_identify(src/roarm_else/ros2web_app/web_app/src/containers) by extensions ['colcon_meta']
[0.195s] Level 1:colcon.colcon_core.package_identification:_identify(src/roarm_else/ros2web_app/web_app/src/containers) by extension 'colcon_meta'
[0.195s] Level 1:colcon.colcon_core.package_identification:_identify(src/roarm_else/ros2web_app/web_app/src/containers) by extensions ['ros']
[0.195s] Level 1:colcon.colcon_core.package_identification:_identify(src/roarm_else/ros2web_app/web_app/src/containers) by extension 'ros'
[0.195s] Level 1:colcon.colcon_core.package_identification:_identify(src/roarm_else/ros2web_app/web_app/src/containers) by extensions ['cmake', 'python']
[0.195s] Level 1:colcon.colcon_core.package_identification:_identify(src/roarm_else/ros2web_app/web_app/src/containers) by extension 'cmake'
[0.195s] Level 1:colcon.colcon_core.package_identification:_identify(src/roarm_else/ros2web_app/web_app/src/containers) by extension 'python'
[0.195s] Level 1:colcon.colcon_core.package_identification:_identify(src/roarm_else/ros2web_app/web_app/src/containers) by extensions ['python_setup_py']
[0.195s] Level 1:colcon.colcon_core.package_identification:_identify(src/roarm_else/ros2web_app/web_app/src/containers) by extension 'python_setup_py'
[0.195s] Level 1:colcon.colcon_core.package_identification:_identify(src/roarm_else/ros2web_app/web_app/src/containers/App) by extensions ['ignore', 'ignore_ament_install']
[0.195s] Level 1:colcon.colcon_core.package_identification:_identify(src/roarm_else/ros2web_app/web_app/src/containers/App) by extension 'ignore'
[0.195s] Level 1:colcon.colcon_core.package_identification:_identify(src/roarm_else/ros2web_app/web_app/src/containers/App) by extension 'ignore_ament_install'
[0.195s] Level 1:colcon.colcon_core.package_identification:_identify(src/roarm_else/ros2web_app/web_app/src/containers/App) by extensions ['colcon_pkg']
[0.195s] Level 1:colcon.colcon_core.package_identification:_identify(src/roarm_else/ros2web_app/web_app/src/containers/App) by extension 'colcon_pkg'
[0.195s] Level 1:colcon.colcon_core.package_identification:_identify(src/roarm_else/ros2web_app/web_app/src/containers/App) by extensions ['colcon_meta']
[0.195s] Level 1:colcon.colcon_core.package_identification:_identify(src/roarm_else/ros2web_app/web_app/src/containers/App) by extension 'colcon_meta'
[0.195s] Level 1:colcon.colcon_core.package_identification:_identify(src/roarm_else/ros2web_app/web_app/src/containers/App) by extensions ['ros']
[0.195s] Level 1:colcon.colcon_core.package_identification:_identify(src/roarm_else/ros2web_app/web_app/src/containers/App) by extension 'ros'
[0.195s] Level 1:colcon.colcon_core.package_identification:_identify(src/roarm_else/ros2web_app/web_app/src/containers/App) by extensions ['cmake', 'python']
[0.195s] Level 1:colcon.colcon_core.package_identification:_identify(src/roarm_else/ros2web_app/web_app/src/containers/App) by extension 'cmake'
[0.195s] Level 1:colcon.colcon_core.package_identification:_identify(src/roarm_else/ros2web_app/web_app/src/containers/App) by extension 'python'
[0.195s] Level 1:colcon.colcon_core.package_identification:_identify(src/roarm_else/ros2web_app/web_app/src/containers/App) by extensions ['python_setup_py']
[0.195s] Level 1:colcon.colcon_core.package_identification:_identify(src/roarm_else/ros2web_app/web_app/src/containers/App) by extension 'python_setup_py'
[0.196s] Level 1:colcon.colcon_core.package_identification:_identify(src/roarm_else/ros2web_app/web_app/src/hooks) by extensions ['ignore', 'ignore_ament_install']
[0.196s] Level 1:colcon.colcon_core.package_identification:_identify(src/roarm_else/ros2web_app/web_app/src/hooks) by extension 'ignore'
[0.196s] Level 1:colcon.colcon_core.package_identification:_identify(src/roarm_else/ros2web_app/web_app/src/hooks) by extension 'ignore_ament_install'
[0.196s] Level 1:colcon.colcon_core.package_identification:_identify(src/roarm_else/ros2web_app/web_app/src/hooks) by extensions ['colcon_pkg']
[0.196s] Level 1:colcon.colcon_core.package_identification:_identify(src/roarm_else/ros2web_app/web_app/src/hooks) by extension 'colcon_pkg'
[0.196s] Level 1:colcon.colcon_core.package_identification:_identify(src/roarm_else/ros2web_app/web_app/src/hooks) by extensions ['colcon_meta']
[0.196s] Level 1:colcon.colcon_core.package_identification:_identify(src/roarm_else/ros2web_app/web_app/src/hooks) by extension 'colcon_meta'
[0.196s] Level 1:colcon.colcon_core.package_identification:_identify(src/roarm_else/ros2web_app/web_app/src/hooks) by extensions ['ros']
[0.196s] Level 1:colcon.colcon_core.package_identification:_identify(src/roarm_else/ros2web_app/web_app/src/hooks) by extension 'ros'
[0.196s] Level 1:colcon.colcon_core.package_identification:_identify(src/roarm_else/ros2web_app/web_app/src/hooks) by extensions ['cmake', 'python']
[0.196s] Level 1:colcon.colcon_core.package_identification:_identify(src/roarm_else/ros2web_app/web_app/src/hooks) by extension 'cmake'
[0.196s] Level 1:colcon.colcon_core.package_identification:_identify(src/roarm_else/ros2web_app/web_app/src/hooks) by extension 'python'
[0.196s] Level 1:colcon.colcon_core.package_identification:_identify(src/roarm_else/ros2web_app/web_app/src/hooks) by extensions ['python_setup_py']
[0.196s] Level 1:colcon.colcon_core.package_identification:_identify(src/roarm_else/ros2web_app/web_app/src/hooks) by extension 'python_setup_py'
[0.196s] Level 1:colcon.colcon_core.package_identification:_identify(src/roarm_else/ros2web_app/web_app/src/routes) by extensions ['ignore', 'ignore_ament_install']
[0.196s] Level 1:colcon.colcon_core.package_identification:_identify(src/roarm_else/ros2web_app/web_app/src/routes) by extension 'ignore'
[0.196s] Level 1:colcon.colcon_core.package_identification:_identify(src/roarm_else/ros2web_app/web_app/src/routes) by extension 'ignore_ament_install'
[0.196s] Level 1:colcon.colcon_core.package_identification:_identify(src/roarm_else/ros2web_app/web_app/src/routes) by extensions ['colcon_pkg']
[0.196s] Level 1:colcon.colcon_core.package_identification:_identify(src/roarm_else/ros2web_app/web_app/src/routes) by extension 'colcon_pkg'
[0.196s] Level 1:colcon.colcon_core.package_identification:_identify(src/roarm_else/ros2web_app/web_app/src/routes) by extensions ['colcon_meta']
[0.196s] Level 1:colcon.colcon_core.package_identification:_identify(src/roarm_else/ros2web_app/web_app/src/routes) by extension 'colcon_meta'
[0.196s] Level 1:colcon.colcon_core.package_identification:_identify(src/roarm_else/ros2web_app/web_app/src/routes) by extensions ['ros']
[0.196s] Level 1:colcon.colcon_core.package_identification:_identify(src/roarm_else/ros2web_app/web_app/src/routes) by extension 'ros'
[0.196s] Level 1:colcon.colcon_core.package_identification:_identify(src/roarm_else/ros2web_app/web_app/src/routes) by extensions ['cmake', 'python']
[0.196s] Level 1:colcon.colcon_core.package_identification:_identify(src/roarm_else/ros2web_app/web_app/src/routes) by extension 'cmake'
[0.196s] Level 1:colcon.colcon_core.package_identification:_identify(src/roarm_else/ros2web_app/web_app/src/routes) by extension 'python'
[0.196s] Level 1:colcon.colcon_core.package_identification:_identify(src/roarm_else/ros2web_app/web_app/src/routes) by extensions ['python_setup_py']
[0.196s] Level 1:colcon.colcon_core.package_identification:_identify(src/roarm_else/ros2web_app/web_app/src/routes) by extension 'python_setup_py'
[0.197s] Level 1:colcon.colcon_core.package_identification:_identify(src/roarm_else/ros2web_app/web_app/src/styles) by extensions ['ignore', 'ignore_ament_install']
[0.197s] Level 1:colcon.colcon_core.package_identification:_identify(src/roarm_else/ros2web_app/web_app/src/styles) by extension 'ignore'
[0.197s] Level 1:colcon.colcon_core.package_identification:_identify(src/roarm_else/ros2web_app/web_app/src/styles) by extension 'ignore_ament_install'
[0.197s] Level 1:colcon.colcon_core.package_identification:_identify(src/roarm_else/ros2web_app/web_app/src/styles) by extensions ['colcon_pkg']
[0.197s] Level 1:colcon.colcon_core.package_identification:_identify(src/roarm_else/ros2web_app/web_app/src/styles) by extension 'colcon_pkg'
[0.197s] Level 1:colcon.colcon_core.package_identification:_identify(src/roarm_else/ros2web_app/web_app/src/styles) by extensions ['colcon_meta']
[0.197s] Level 1:colcon.colcon_core.package_identification:_identify(src/roarm_else/ros2web_app/web_app/src/styles) by extension 'colcon_meta'
[0.197s] Level 1:colcon.colcon_core.package_identification:_identify(src/roarm_else/ros2web_app/web_app/src/styles) by extensions ['ros']
[0.197s] Level 1:colcon.colcon_core.package_identification:_identify(src/roarm_else/ros2web_app/web_app/src/styles) by extension 'ros'
[0.197s] Level 1:colcon.colcon_core.package_identification:_identify(src/roarm_else/ros2web_app/web_app/src/styles) by extensions ['cmake', 'python']
[0.197s] Level 1:colcon.colcon_core.package_identification:_identify(src/roarm_else/ros2web_app/web_app/src/styles) by extension 'cmake'
[0.197s] Level 1:colcon.colcon_core.package_identification:_identify(src/roarm_else/ros2web_app/web_app/src/styles) by extension 'python'
[0.197s] Level 1:colcon.colcon_core.package_identification:_identify(src/roarm_else/ros2web_app/web_app/src/styles) by extensions ['python_setup_py']
[0.197s] Level 1:colcon.colcon_core.package_identification:_identify(src/roarm_else/ros2web_app/web_app/src/styles) by extension 'python_setup_py'
[0.197s] Level 1:colcon.colcon_core.package_identification:_identify(src/roarm_else/ros2web_app/web_app/src/utils) by extensions ['ignore', 'ignore_ament_install']
[0.197s] Level 1:colcon.colcon_core.package_identification:_identify(src/roarm_else/ros2web_app/web_app/src/utils) by extension 'ignore'
[0.197s] Level 1:colcon.colcon_core.package_identification:_identify(src/roarm_else/ros2web_app/web_app/src/utils) by extension 'ignore_ament_install'
[0.197s] Level 1:colcon.colcon_core.package_identification:_identify(src/roarm_else/ros2web_app/web_app/src/utils) by extensions ['colcon_pkg']
[0.197s] Level 1:colcon.colcon_core.package_identification:_identify(src/roarm_else/ros2web_app/web_app/src/utils) by extension 'colcon_pkg'
[0.197s] Level 1:colcon.colcon_core.package_identification:_identify(src/roarm_else/ros2web_app/web_app/src/utils) by extensions ['colcon_meta']
[0.197s] Level 1:colcon.colcon_core.package_identification:_identify(src/roarm_else/ros2web_app/web_app/src/utils) by extension 'colcon_meta'
[0.197s] Level 1:colcon.colcon_core.package_identification:_identify(src/roarm_else/ros2web_app/web_app/src/utils) by extensions ['ros']
[0.197s] Level 1:colcon.colcon_core.package_identification:_identify(src/roarm_else/ros2web_app/web_app/src/utils) by extension 'ros'
[0.197s] Level 1:colcon.colcon_core.package_identification:_identify(src/roarm_else/ros2web_app/web_app/src/utils) by extensions ['cmake', 'python']
[0.197s] Level 1:colcon.colcon_core.package_identification:_identify(src/roarm_else/ros2web_app/web_app/src/utils) by extension 'cmake'
[0.197s] Level 1:colcon.colcon_core.package_identification:_identify(src/roarm_else/ros2web_app/web_app/src/utils) by extension 'python'
[0.197s] Level 1:colcon.colcon_core.package_identification:_identify(src/roarm_else/ros2web_app/web_app/src/utils) by extensions ['python_setup_py']
[0.197s] Level 1:colcon.colcon_core.package_identification:_identify(src/roarm_else/ros2web_app/web_app/src/utils) by extension 'python_setup_py'
[0.197s] Level 1:colcon.colcon_core.package_identification:_identify(src/roarm_main) by extensions ['ignore', 'ignore_ament_install']
[0.197s] Level 1:colcon.colcon_core.package_identification:_identify(src/roarm_main) by extension 'ignore'
[0.197s] Level 1:colcon.colcon_core.package_identification:_identify(src/roarm_main) by extension 'ignore_ament_install'
[0.198s] Level 1:colcon.colcon_core.package_identification:_identify(src/roarm_main) by extensions ['colcon_pkg']
[0.198s] Level 1:colcon.colcon_core.package_identification:_identify(src/roarm_main) by extension 'colcon_pkg'
[0.198s] Level 1:colcon.colcon_core.package_identification:_identify(src/roarm_main) by extensions ['colcon_meta']
[0.198s] Level 1:colcon.colcon_core.package_identification:_identify(src/roarm_main) by extension 'colcon_meta'
[0.198s] Level 1:colcon.colcon_core.package_identification:_identify(src/roarm_main) by extensions ['ros']
[0.198s] Level 1:colcon.colcon_core.package_identification:_identify(src/roarm_main) by extension 'ros'
[0.198s] Level 1:colcon.colcon_core.package_identification:_identify(src/roarm_main) by extensions ['cmake', 'python']
[0.198s] Level 1:colcon.colcon_core.package_identification:_identify(src/roarm_main) by extension 'cmake'
[0.198s] Level 1:colcon.colcon_core.package_identification:_identify(src/roarm_main) by extension 'python'
[0.198s] Level 1:colcon.colcon_core.package_identification:_identify(src/roarm_main) by extensions ['python_setup_py']
[0.198s] Level 1:colcon.colcon_core.package_identification:_identify(src/roarm_main) by extension 'python_setup_py'
[0.198s] Level 1:colcon.colcon_core.package_identification:_identify(src/roarm_main/manual_move_action) by extensions ['ignore', 'ignore_ament_install']
[0.198s] Level 1:colcon.colcon_core.package_identification:_identify(src/roarm_main/manual_move_action) by extension 'ignore'
[0.198s] Level 1:colcon.colcon_core.package_identification:_identify(src/roarm_main/manual_move_action) by extension 'ignore_ament_install'
[0.198s] Level 1:colcon.colcon_core.package_identification:_identify(src/roarm_main/manual_move_action) by extensions ['colcon_pkg']
[0.198s] Level 1:colcon.colcon_core.package_identification:_identify(src/roarm_main/manual_move_action) by extension 'colcon_pkg'
[0.198s] Level 1:colcon.colcon_core.package_identification:_identify(src/roarm_main/manual_move_action) by extensions ['colcon_meta']
[0.198s] Level 1:colcon.colcon_core.package_identification:_identify(src/roarm_main/manual_move_action) by extension 'colcon_meta'
[0.198s] Level 1:colcon.colcon_core.package_identification:_identify(src/roarm_main/manual_move_action) by extensions ['ros']
[0.198s] Level 1:colcon.colcon_core.package_identification:_identify(src/roarm_main/manual_move_action) by extension 'ros'
[0.199s] DEBUG:colcon.colcon_core.package_identification:Package 'src/roarm_main/manual_move_action' with type 'ros.ament_cmake' and name 'manual_move_action'
[0.199s] Level 1:colcon.colcon_core.package_identification:_identify(src/roarm_main/moveit_servo) by extensions ['ignore', 'ignore_ament_install']
[0.199s] Level 1:colcon.colcon_core.package_identification:_identify(src/roarm_main/moveit_servo) by extension 'ignore'
[0.199s] Level 1:colcon.colcon_core.package_identification:_identify(src/roarm_main/moveit_servo) by extension 'ignore_ament_install'
[0.199s] Level 1:colcon.colcon_core.package_identification:_identify(src/roarm_main/moveit_servo) by extensions ['colcon_pkg']
[0.199s] Level 1:colcon.colcon_core.package_identification:_identify(src/roarm_main/moveit_servo) by extension 'colcon_pkg'
[0.199s] Level 1:colcon.colcon_core.package_identification:_identify(src/roarm_main/moveit_servo) by extensions ['colcon_meta']
[0.199s] Level 1:colcon.colcon_core.package_identification:_identify(src/roarm_main/moveit_servo) by extension 'colcon_meta'
[0.199s] Level 1:colcon.colcon_core.package_identification:_identify(src/roarm_main/moveit_servo) by extensions ['ros']
[0.199s] Level 1:colcon.colcon_core.package_identification:_identify(src/roarm_main/moveit_servo) by extension 'ros'
[0.201s] DEBUG:colcon.colcon_core.package_identification:Package 'src/roarm_main/moveit_servo' with type 'ros.ament_cmake' and name 'moveit_servo'
[0.201s] Level 1:colcon.colcon_core.package_identification:_identify(src/roarm_main/roarm_description) by extensions ['ignore', 'ignore_ament_install']
[0.201s] Level 1:colcon.colcon_core.package_identification:_identify(src/roarm_main/roarm_description) by extension 'ignore'
[0.201s] Level 1:colcon.colcon_core.package_identification:_identify(src/roarm_main/roarm_description) by extension 'ignore_ament_install'
[0.201s] Level 1:colcon.colcon_core.package_identification:_identify(src/roarm_main/roarm_description) by extensions ['colcon_pkg']
[0.201s] Level 1:colcon.colcon_core.package_identification:_identify(src/roarm_main/roarm_description) by extension 'colcon_pkg'
[0.201s] Level 1:colcon.colcon_core.package_identification:_identify(src/roarm_main/roarm_description) by extensions ['colcon_meta']
[0.201s] Level 1:colcon.colcon_core.package_identification:_identify(src/roarm_main/roarm_description) by extension 'colcon_meta'
[0.201s] Level 1:colcon.colcon_core.package_identification:_identify(src/roarm_main/roarm_description) by extensions ['ros']
[0.201s] Level 1:colcon.colcon_core.package_identification:_identify(src/roarm_main/roarm_description) by extension 'ros'
[0.201s] DEBUG:colcon.colcon_core.package_identification:Package 'src/roarm_main/roarm_description' with type 'ros.ament_cmake' and name 'roarm_description'
[0.202s] Level 1:colcon.colcon_core.package_identification:_identify(src/roarm_main/roarm_driver) by extensions ['ignore', 'ignore_ament_install']
[0.202s] Level 1:colcon.colcon_core.package_identification:_identify(src/roarm_main/roarm_driver) by extension 'ignore'
[0.202s] Level 1:colcon.colcon_core.package_identification:_identify(src/roarm_main/roarm_driver) by extension 'ignore_ament_install'
[0.202s] Level 1:colcon.colcon_core.package_identification:_identify(src/roarm_main/roarm_driver) by extensions ['colcon_pkg']
[0.202s] Level 1:colcon.colcon_core.package_identification:_identify(src/roarm_main/roarm_driver) by extension 'colcon_pkg'
[0.202s] Level 1:colcon.colcon_core.package_identification:_identify(src/roarm_main/roarm_driver) by extensions ['colcon_meta']
[0.202s] Level 1:colcon.colcon_core.package_identification:_identify(src/roarm_main/roarm_driver) by extension 'colcon_meta'
[0.202s] Level 1:colcon.colcon_core.package_identification:_identify(src/roarm_main/roarm_driver) by extensions ['ros']
[0.202s] Level 1:colcon.colcon_core.package_identification:_identify(src/roarm_main/roarm_driver) by extension 'ros'
[0.202s] DEBUG:colcon.colcon_core.package_identification:Package 'src/roarm_main/roarm_driver' with type 'ros.ament_python' and name 'roarm_driver'
[0.202s] Level 1:colcon.colcon_core.package_identification:_identify(src/roarm_main/roarm_moveit) by extensions ['ignore', 'ignore_ament_install']
[0.202s] Level 1:colcon.colcon_core.package_identification:_identify(src/roarm_main/roarm_moveit) by extension 'ignore'
[0.202s] Level 1:colcon.colcon_core.package_identification:_identify(src/roarm_main/roarm_moveit) by extension 'ignore_ament_install'
[0.202s] Level 1:colcon.colcon_core.package_identification:_identify(src/roarm_main/roarm_moveit) by extensions ['colcon_pkg']
[0.203s] Level 1:colcon.colcon_core.package_identification:_identify(src/roarm_main/roarm_moveit) by extension 'colcon_pkg'
[0.203s] Level 1:colcon.colcon_core.package_identification:_identify(src/roarm_main/roarm_moveit) by extensions ['colcon_meta']
[0.203s] Level 1:colcon.colcon_core.package_identification:_identify(src/roarm_main/roarm_moveit) by extension 'colcon_meta'
[0.203s] Level 1:colcon.colcon_core.package_identification:_identify(src/roarm_main/roarm_moveit) by extensions ['ros']
[0.203s] Level 1:colcon.colcon_core.package_identification:_identify(src/roarm_main/roarm_moveit) by extension 'ros'
[0.203s] DEBUG:colcon.colcon_core.package_identification:Package 'src/roarm_main/roarm_moveit' with type 'ros.ament_cmake' and name 'roarm_moveit'
[0.203s] Level 1:colcon.colcon_core.package_identification:_identify(src/roarm_main/roarm_moveit_cmd) by extensions ['ignore', 'ignore_ament_install']
[0.203s] Level 1:colcon.colcon_core.package_identification:_identify(src/roarm_main/roarm_moveit_cmd) by extension 'ignore'
[0.204s] Level 1:colcon.colcon_core.package_identification:_identify(src/roarm_main/roarm_moveit_cmd) by extension 'ignore_ament_install'
[0.204s] Level 1:colcon.colcon_core.package_identification:_identify(src/roarm_main/roarm_moveit_cmd) by extensions ['colcon_pkg']
[0.204s] Level 1:colcon.colcon_core.package_identification:_identify(src/roarm_main/roarm_moveit_cmd) by extension 'colcon_pkg'
[0.204s] Level 1:colcon.colcon_core.package_identification:_identify(src/roarm_main/roarm_moveit_cmd) by extensions ['colcon_meta']
[0.204s] Level 1:colcon.colcon_core.package_identification:_identify(src/roarm_main/roarm_moveit_cmd) by extension 'colcon_meta'
[0.204s] Level 1:colcon.colcon_core.package_identification:_identify(src/roarm_main/roarm_moveit_cmd) by extensions ['ros']
[0.204s] Level 1:colcon.colcon_core.package_identification:_identify(src/roarm_main/roarm_moveit_cmd) by extension 'ros'
[0.205s] DEBUG:colcon.colcon_core.package_identification:Package 'src/roarm_main/roarm_moveit_cmd' with type 'ros.ament_cmake' and name 'roarm_moveit_cmd'
[0.205s] Level 1:colcon.colcon_core.package_identification:_identify(src/roarm_main/roarm_moveit_ikfast_plugins) by extensions ['ignore', 'ignore_ament_install']
[0.205s] Level 1:colcon.colcon_core.package_identification:_identify(src/roarm_main/roarm_moveit_ikfast_plugins) by extension 'ignore'
[0.205s] Level 1:colcon.colcon_core.package_identification:_identify(src/roarm_main/roarm_moveit_ikfast_plugins) by extension 'ignore_ament_install'
[0.205s] Level 1:colcon.colcon_core.package_identification:_identify(src/roarm_main/roarm_moveit_ikfast_plugins) by extensions ['colcon_pkg']
[0.205s] Level 1:colcon.colcon_core.package_identification:_identify(src/roarm_main/roarm_moveit_ikfast_plugins) by extension 'colcon_pkg'
[0.205s] Level 1:colcon.colcon_core.package_identification:_identify(src/roarm_main/roarm_moveit_ikfast_plugins) by extensions ['colcon_meta']
[0.205s] Level 1:colcon.colcon_core.package_identification:_identify(src/roarm_main/roarm_moveit_ikfast_plugins) by extension 'colcon_meta'
[0.205s] Level 1:colcon.colcon_core.package_identification:_identify(src/roarm_main/roarm_moveit_ikfast_plugins) by extensions ['ros']
[0.205s] Level 1:colcon.colcon_core.package_identification:_identify(src/roarm_main/roarm_moveit_ikfast_plugins) by extension 'ros'
[0.206s] DEBUG:colcon.colcon_core.package_identification:Package 'src/roarm_main/roarm_moveit_ikfast_plugins' with type 'ros.ament_cmake' and name 'roarm_moveit_ikfast_plugins'
[0.206s] Level 1:colcon.colcon_core.package_identification:_identify(src/roarm_main/roarm_web_app) by extensions ['ignore', 'ignore_ament_install']
[0.206s] Level 1:colcon.colcon_core.package_identification:_identify(src/roarm_main/roarm_web_app) by extension 'ignore'
[0.206s] Level 1:colcon.colcon_core.package_identification:_identify(src/roarm_main/roarm_web_app) by extension 'ignore_ament_install'
[0.206s] Level 1:colcon.colcon_core.package_identification:_identify(src/roarm_main/roarm_web_app) by extensions ['colcon_pkg']
[0.206s] Level 1:colcon.colcon_core.package_identification:_identify(src/roarm_main/roarm_web_app) by extension 'colcon_pkg'
[0.206s] Level 1:colcon.colcon_core.package_identification:_identify(src/roarm_main/roarm_web_app) by extensions ['colcon_meta']
[0.206s] Level 1:colcon.colcon_core.package_identification:_identify(src/roarm_main/roarm_web_app) by extension 'colcon_meta'
[0.206s] Level 1:colcon.colcon_core.package_identification:_identify(src/roarm_main/roarm_web_app) by extensions ['ros']
[0.206s] Level 1:colcon.colcon_core.package_identification:_identify(src/roarm_main/roarm_web_app) by extension 'ros'
[0.206s] DEBUG:colcon.colcon_core.package_identification:Package 'src/roarm_main/roarm_web_app' with type 'ros.ament_python' and name 'roarm_web_app'
[0.207s] Level 1:colcon.colcon_core.package_discovery:discover_packages(recursive) using defaults
[0.207s] Level 1:colcon.colcon_core.package_discovery:discover_packages(ignore) discover
[0.207s] Level 1:colcon.colcon_core.package_discovery:discover_packages(ignore) using defaults
[0.207s] Level 1:colcon.colcon_core.package_discovery:discover_packages(path) discover
[0.207s] Level 1:colcon.colcon_core.package_discovery:discover_packages(path) using defaults
[0.230s] INFO:colcon.colcon_core.package_selection:Skipping not selected package 'launch_api' in 'src/roarm_else/launch_api'
[0.230s] INFO:colcon.colcon_core.package_selection:Skipping not selected package 'moveit_servo' in 'src/roarm_main/moveit_servo'
[0.230s] INFO:colcon.colcon_core.package_selection:Skipping not selected package 'roarm_description' in 'src/roarm_main/roarm_description'
[0.230s] INFO:colcon.colcon_core.package_selection:Skipping not selected package 'roarm_driver' in 'src/roarm_main/roarm_driver'
[0.230s] INFO:colcon.colcon_core.package_selection:Skipping not selected package 'roarm_moveit_ikfast_plugins' in 'src/roarm_main/roarm_moveit_ikfast_plugins'
[0.230s] INFO:colcon.colcon_core.package_selection:Skipping not selected package 'ros2web_interfaces' in 'src/roarm_else/ros2web-ros2/ros2web_interfaces'
[0.230s] INFO:colcon.colcon_core.package_selection:Skipping not selected package 'roarm_moveit' in 'src/roarm_main/roarm_moveit'
[0.230s] INFO:colcon.colcon_core.package_selection:Skipping not selected package 'ros2web' in 'src/roarm_else/ros2web-ros2/ros2web'
[0.230s] INFO:colcon.colcon_core.package_selection:Skipping not selected package 'roarm_moveit_cmd' in 'src/roarm_main/roarm_moveit_cmd'
[0.230s] INFO:colcon.colcon_core.package_selection:Skipping not selected package 'ros2web_app' in 'src/roarm_else/ros2web_app/ros2web_app'
[0.230s] INFO:colcon.colcon_core.package_selection:Skipping not selected package 'ros2web_example_py' in 'src/roarm_else/ros2web-ros2/examples/ros2web_example_py'
[0.230s] INFO:colcon.colcon_core.package_selection:Skipping not selected package 'roarm_web_app' in 'src/roarm_main/roarm_web_app'
[0.230s] INFO:colcon.colcon_core.package_selection:Skipping not selected package 'ros2web_widgets' in 'src/roarm_else/ros2web_app/examples/ros2web_widgets'
[0.230s] Level 1:colcon.colcon_core.package_discovery:discover_packages(prefix_path) check parameters
[0.230s] Level 1:colcon.colcon_core.package_discovery:discover_packages(prefix_path) discover
[0.231s] WARNING:colcon.colcon_ros.prefix_path.ament:The path '/home/ws/roarm_ws_em0/install/ros2web_widgets' in the environment variable AMENT_PREFIX_PATH doesn't exist
[0.231s] WARNING:colcon.colcon_ros.prefix_path.ament:The path '/home/ws/roarm_ws_em0/install/ros2web_example_py' in the environment variable AMENT_PREFIX_PATH doesn't exist
[0.231s] WARNING:colcon.colcon_ros.prefix_path.ament:The path '/home/ws/roarm_ws_em0/install/roarm_web_app' in the environment variable AMENT_PREFIX_PATH doesn't exist
[0.231s] WARNING:colcon.colcon_ros.prefix_path.ament:The path '/home/ws/roarm_ws_em0/install/ros2web_app' in the environment variable AMENT_PREFIX_PATH doesn't exist
[0.231s] WARNING:colcon.colcon_ros.prefix_path.ament:The path '/home/ws/roarm_ws_em0/install/ros2web' in the environment variable AMENT_PREFIX_PATH doesn't exist
[0.231s] WARNING:colcon.colcon_ros.prefix_path.ament:The path '/home/ws/roarm_ws_em0/install/ros2web_interfaces' in the environment variable AMENT_PREFIX_PATH doesn't exist
[0.231s] WARNING:colcon.colcon_ros.prefix_path.ament:The path '/home/ws/roarm_ws_em0/install/roarm_moveit_ikfast_plugins' in the environment variable AMENT_PREFIX_PATH doesn't exist
[0.231s] WARNING:colcon.colcon_ros.prefix_path.ament:The path '/home/ws/roarm_ws_em0/install/roarm_moveit_cmd' in the environment variable AMENT_PREFIX_PATH doesn't exist
[0.231s] WARNING:colcon.colcon_ros.prefix_path.ament:The path '/home/ws/roarm_ws_em0/install/roarm_moveit' in the environment variable AMENT_PREFIX_PATH doesn't exist
[0.231s] WARNING:colcon.colcon_ros.prefix_path.ament:The path '/home/ws/roarm_ws_em0/install/roarm_driver' in the environment variable AMENT_PREFIX_PATH doesn't exist
[0.231s] WARNING:colcon.colcon_ros.prefix_path.ament:The path '/home/ws/roarm_ws_em0/install/roarm_description' in the environment variable AMENT_PREFIX_PATH doesn't exist
[0.231s] WARNING:colcon.colcon_ros.prefix_path.ament:The path '/home/ws/roarm_ws_em0/install/moveit_servo' in the environment variable AMENT_PREFIX_PATH doesn't exist
[0.231s] WARNING:colcon.colcon_ros.prefix_path.ament:The path '/home/ws/roarm_ws_em0/install/manual_move' in the environment variable AMENT_PREFIX_PATH doesn't exist
[0.231s] WARNING:colcon.colcon_ros.prefix_path.ament:The path '/home/ws/roarm_ws_em0/install/launch_api' in the environment variable AMENT_PREFIX_PATH doesn't exist
[0.232s] WARNING:colcon.colcon_ros.prefix_path.catkin:The path '/home/ws/roarm_ws_em0/install/ros2web_interfaces' in the environment variable CMAKE_PREFIX_PATH doesn't exist
[0.232s] WARNING:colcon.colcon_ros.prefix_path.catkin:The path '/home/ws/roarm_ws_em0/install/roarm_moveit_ikfast_plugins' in the environment variable CMAKE_PREFIX_PATH doesn't exist
[0.232s] WARNING:colcon.colcon_ros.prefix_path.catkin:The path '/home/ws/roarm_ws_em0/install/roarm_moveit_cmd' in the environment variable CMAKE_PREFIX_PATH doesn't exist
[0.232s] WARNING:colcon.colcon_ros.prefix_path.catkin:The path '/home/ws/roarm_ws_em0/install/roarm_moveit' in the environment variable CMAKE_PREFIX_PATH doesn't exist
[0.232s] WARNING:colcon.colcon_ros.prefix_path.catkin:The path '/home/ws/roarm_ws_em0/install/roarm_description' in the environment variable CMAKE_PREFIX_PATH doesn't exist
[0.232s] WARNING:colcon.colcon_ros.prefix_path.catkin:The path '/home/ws/roarm_ws_em0/install/moveit_servo' in the environment variable CMAKE_PREFIX_PATH doesn't exist
[0.232s] WARNING:colcon.colcon_ros.prefix_path.catkin:The path '/home/ws/roarm_ws_em0/install/manual_move' in the environment variable CMAKE_PREFIX_PATH doesn't exist
[0.232s] DEBUG:colcon.colcon_installed_package_information.package_discovery:Found 1 installed packages in /home/ws/roarm_ws_em0/install
[0.233s] DEBUG:colcon.colcon_installed_package_information.package_discovery:Found 351 installed packages in /opt/ros/humble
[0.234s] Level 1:colcon.colcon_core.package_discovery:discover_packages(prefix_path) using defaults
[0.262s] Level 5:colcon.colcon_core.verb:set package 'manual_move_action' build argument 'cmake_args' from command line to '['-DCMAKE_VERBOSE_MAKEFILE=ON']'
[0.262s] Level 5:colcon.colcon_core.verb:set package 'manual_move_action' build argument 'cmake_target' from command line to 'None'
[0.262s] Level 5:colcon.colcon_core.verb:set package 'manual_move_action' build argument 'cmake_target_skip_unavailable' from command line to 'False'
[0.262s] Level 5:colcon.colcon_core.verb:set package 'manual_move_action' build argument 'cmake_clean_cache' from command line to 'True'
[0.262s] Level 5:colcon.colcon_core.verb:set package 'manual_move_action' build argument 'cmake_clean_first' from command line to 'False'
[0.262s] Level 5:colcon.colcon_core.verb:set package 'manual_move_action' build argument 'cmake_force_configure' from command line to 'True'
[0.262s] Level 5:colcon.colcon_core.verb:set package 'manual_move_action' build argument 'ament_cmake_args' from command line to 'None'
[0.262s] Level 5:colcon.colcon_core.verb:set package 'manual_move_action' build argument 'catkin_cmake_args' from command line to 'None'
[0.262s] Level 5:colcon.colcon_core.verb:set package 'manual_move_action' build argument 'catkin_skip_building_tests' from command line to 'False'
[0.262s] DEBUG:colcon.colcon_core.verb:Building package 'manual_move_action' with the following arguments: {'ament_cmake_args': None, 'build_base': '/home/ws/roarm_ws_em0/build/manual_move_action', 'catkin_cmake_args': None, 'catkin_skip_building_tests': False, 'cmake_args': ['-DCMAKE_VERBOSE_MAKEFILE=ON'], 'cmake_clean_cache': True, 'cmake_clean_first': False, 'cmake_force_configure': True, 'cmake_target': None, 'cmake_target_skip_unavailable': False, 'install_base': '/home/ws/roarm_ws_em0/install/manual_move_action', 'merge_install': False, 'path': '/home/ws/roarm_ws_em0/src/roarm_main/manual_move_action', 'symlink_install': False, 'test_result_base': None}
[0.262s] INFO:colcon.colcon_core.executor:Executing jobs using 'parallel' executor
[0.263s] DEBUG:colcon.colcon_parallel_executor.executor.parallel:run_until_complete
[0.264s] INFO:colcon.colcon_ros.task.ament_cmake.build:Building ROS package in '/home/ws/roarm_ws_em0/src/roarm_main/manual_move_action' with build type 'ament_cmake'
[0.264s] INFO:colcon.colcon_cmake.task.cmake.build:Building CMake package in '/home/ws/roarm_ws_em0/src/roarm_main/manual_move_action'
[0.266s] INFO:colcon.colcon_core.plugin_system:Skipping extension 'colcon_core.shell.bat': Not used on non-Windows systems
[0.266s] INFO:colcon.colcon_core.shell:Skip shell extension 'powershell' for command environment: Not usable outside of PowerShell
[0.266s] DEBUG:colcon.colcon_core.shell:Skip shell extension 'dsv' for command environment
[0.277s] DEBUG:colcon.colcon_core.event_handler.log_command:Invoking command in '/home/ws/roarm_ws_em0/build/manual_move_action': CMAKE_PREFIX_PATH=${CMAKE_PREFIX_PATH}:/home/ws/roarm_ws_em0/install/ros2web_widgets:/home/ws/roarm_ws_em0/install/ros2web_example_py:/home/ws/roarm_ws_em0/install/roarm_web_app:/home/ws/roarm_ws_em0/install/ros2web_app:/home/ws/roarm_ws_em0/install/ros2web:/home/ws/roarm_ws_em0/install/roarm_driver:/home/ws/roarm_ws_em0/install/launch_api:/opt/ros/humble /usr/bin/cmake /home/ws/roarm_ws_em0/src/roarm_main/manual_move_action -DCMAKE_VERBOSE_MAKEFILE=ON -DCMAKE_INSTALL_PREFIX=/home/ws/roarm_ws_em0/install/manual_move_action
[2.198s] DEBUG:colcon.colcon_core.event_handler.log_command:Invoked command in '/home/ws/roarm_ws_em0/build/manual_move_action' returned '0': CMAKE_PREFIX_PATH=${CMAKE_PREFIX_PATH}:/home/ws/roarm_ws_em0/install/ros2web_widgets:/home/ws/roarm_ws_em0/install/ros2web_example_py:/home/ws/roarm_ws_em0/install/roarm_web_app:/home/ws/roarm_ws_em0/install/ros2web_app:/home/ws/roarm_ws_em0/install/ros2web:/home/ws/roarm_ws_em0/install/roarm_driver:/home/ws/roarm_ws_em0/install/launch_api:/opt/ros/humble /usr/bin/cmake /home/ws/roarm_ws_em0/src/roarm_main/manual_move_action -DCMAKE_VERBOSE_MAKEFILE=ON -DCMAKE_INSTALL_PREFIX=/home/ws/roarm_ws_em0/install/manual_move_action
[2.201s] DEBUG:colcon.colcon_core.event_handler.log_command:Invoking command in '/home/ws/roarm_ws_em0/build/manual_move_action': CMAKE_PREFIX_PATH=${CMAKE_PREFIX_PATH}:/home/ws/roarm_ws_em0/install/ros2web_widgets:/home/ws/roarm_ws_em0/install/ros2web_example_py:/home/ws/roarm_ws_em0/install/roarm_web_app:/home/ws/roarm_ws_em0/install/ros2web_app:/home/ws/roarm_ws_em0/install/ros2web:/home/ws/roarm_ws_em0/install/roarm_driver:/home/ws/roarm_ws_em0/install/launch_api:/opt/ros/humble /usr/bin/cmake --build /home/ws/roarm_ws_em0/build/manual_move_action -- -j4 -l4
[2.757s] DEBUG:colcon.colcon_core.event_handler.log_command:Invoked command in '/home/ws/roarm_ws_em0/build/manual_move_action' returned '2': CMAKE_PREFIX_PATH=${CMAKE_PREFIX_PATH}:/home/ws/roarm_ws_em0/install/ros2web_widgets:/home/ws/roarm_ws_em0/install/ros2web_example_py:/home/ws/roarm_ws_em0/install/roarm_web_app:/home/ws/roarm_ws_em0/install/ros2web_app:/home/ws/roarm_ws_em0/install/ros2web:/home/ws/roarm_ws_em0/install/roarm_driver:/home/ws/roarm_ws_em0/install/launch_api:/opt/ros/humble /usr/bin/cmake --build /home/ws/roarm_ws_em0/build/manual_move_action -- -j4 -l4
[2.915s] Level 1:colcon.colcon_core.environment:create_environment_scripts_only(manual_move_action)
[2.917s] Level 1:colcon.colcon_core.environment:checking '/home/ws/roarm_ws_em0/install/manual_move_action' for CMake module files
[2.917s] Level 1:colcon.colcon_core.environment:checking '/home/ws/roarm_ws_em0/install/manual_move_action' for CMake config files
[2.918s] Level 1:colcon.colcon_core.environment:checking '/home/ws/roarm_ws_em0/install/manual_move_action/bin'
[2.918s] Level 1:colcon.colcon_core.environment:checking '/home/ws/roarm_ws_em0/install/manual_move_action/lib/pkgconfig/manual_move_action.pc'
[2.918s] Level 1:colcon.colcon_core.environment:checking '/home/ws/roarm_ws_em0/install/manual_move_action/lib/python3.10/site-packages'
[2.918s] Level 1:colcon.colcon_core.environment:checking '/home/ws/roarm_ws_em0/install/manual_move_action/bin'
[2.919s] INFO:colcon.colcon_core.shell:Creating package script '/home/ws/roarm_ws_em0/install/manual_move_action/share/manual_move_action/package.ps1'
[2.919s] INFO:colcon.colcon_core.shell:Creating package descriptor '/home/ws/roarm_ws_em0/install/manual_move_action/share/manual_move_action/package.dsv'
[2.920s] INFO:colcon.colcon_core.shell:Creating package script '/home/ws/roarm_ws_em0/install/manual_move_action/share/manual_move_action/package.sh'
[2.920s] INFO:colcon.colcon_core.shell:Creating package script '/home/ws/roarm_ws_em0/install/manual_move_action/share/manual_move_action/package.bash'
[2.921s] INFO:colcon.colcon_core.shell:Creating package script '/home/ws/roarm_ws_em0/install/manual_move_action/share/manual_move_action/package.zsh'
[2.922s] Level 1:colcon.colcon_core.environment:create_file_with_runtime_dependencies(/home/ws/roarm_ws_em0/install/manual_move_action/share/colcon-core/packages/manual_move_action)
[2.933s] DEBUG:colcon.colcon_parallel_executor.executor.parallel:closing loop
[2.934s] DEBUG:colcon.colcon_parallel_executor.executor.parallel:loop closed
[2.934s] DEBUG:colcon.colcon_parallel_executor.executor.parallel:run_until_complete finished with '2'
[2.934s] DEBUG:colcon.colcon_core.event_reactor:joining thread
[2.939s] INFO:colcon.colcon_core.plugin_system:Skipping extension 'colcon_notification.desktop_notification.terminal_notifier': Not used on non-Darwin systems
[2.939s] INFO:colcon.colcon_core.plugin_system:Skipping extension 'colcon_notification.desktop_notification.win32': Not used on non-Windows systems
[2.939s] INFO:colcon.colcon_notification.desktop_notification:Sending desktop notification using 'notify2'
[2.966s] DEBUG:colcon.colcon_core.event_reactor:joined thread
[2.966s] INFO:colcon.colcon_core.shell:Creating prefix script '/home/ws/roarm_ws_em0/install/local_setup.ps1'
[2.967s] INFO:colcon.colcon_core.shell:Creating prefix util module '/home/ws/roarm_ws_em0/install/_local_setup_util_ps1.py'
[2.968s] INFO:colcon.colcon_core.shell:Creating prefix chain script '/home/ws/roarm_ws_em0/install/setup.ps1'
[2.969s] INFO:colcon.colcon_core.shell:Creating prefix script '/home/ws/roarm_ws_em0/install/local_setup.sh'
[2.969s] INFO:colcon.colcon_core.shell:Creating prefix util module '/home/ws/roarm_ws_em0/install/_local_setup_util_sh.py'
[2.970s] INFO:colcon.colcon_core.shell:Creating prefix chain script '/home/ws/roarm_ws_em0/install/setup.sh'
[2.970s] INFO:colcon.colcon_core.shell:Creating prefix script '/home/ws/roarm_ws_em0/install/local_setup.bash'
[2.971s] INFO:colcon.colcon_core.shell:Creating prefix chain script '/home/ws/roarm_ws_em0/install/setup.bash'
[2.971s] INFO:colcon.colcon_core.shell:Creating prefix script '/home/ws/roarm_ws_em0/install/local_setup.zsh'
[2.972s] INFO:colcon.colcon_core.shell:Creating prefix chain script '/home/ws/roarm_ws_em0/install/setup.zsh'
