[0.027s] Invoking command in '/home/ws/roarm_ws_em0/build/manual_move_action': AMENT_PREFIX_PATH=/home/ws/roarm_ws_em0/install/roarm_moveit:/home/ws/roarm_ws_em0/install/roarm_description:${AMENT_PREFIX_PATH} CMAKE_PREFIX_PATH=/home/ws/roarm_ws_em0/install/roarm_moveit:/home/ws/roarm_ws_em0/install/roarm_description:/opt/ros/humble LD_LIBRARY_PATH=/home/ws/roarm_ws_em0/install/roarm_moveit/lib:${LD_LIBRARY_PATH} PYTHONPATH=/home/ws/roarm_ws_em0/install/roarm_moveit/local/lib/python3.10/dist-packages:${PYTHONPATH} /usr/bin/cmake /home/ws/roarm_ws_em0/src/roarm_main/manual_move_action -DCMAKE_INSTALL_PREFIX=/home/ws/roarm_ws_em0/install/manual_move_action
[0.089s] -- The C compiler identification is GNU 11.4.0
[0.158s] -- The CXX compiler identification is GNU 11.4.0
[0.165s] -- Detecting C compiler ABI info
[0.246s] -- Detecting C compiler ABI info - done
[0.252s] -- Check for working C compiler: /usr/bin/cc - skipped
[0.253s] -- Detecting C compile features
[0.255s] -- Detecting C compile features - done
[0.257s] -- Detecting CXX compiler ABI info
[0.342s] -- Detecting CXX compiler ABI info - done
[0.346s] -- Check for working CXX compiler: /usr/bin/c++ - skipped
[0.347s] -- Detecting CXX compile features
[0.347s] -- Detecting CXX compile features - done
[0.349s] -- Found ament_cmake: 1.3.10 (/opt/ros/humble/share/ament_cmake/cmake)
[0.499s] -- Found Python3: /usr/bin/python3 (found version "3.10.12") found components: Interpreter 
[0.583s] -- Found rclcpp: 16.0.10 (/opt/ros/humble/share/rclcpp/cmake)
[0.613s] -- Found rosidl_generator_c: 3.1.5 (/opt/ros/humble/share/rosidl_generator_c/cmake)
[0.616s] -- Found rosidl_adapter: 3.1.5 (/opt/ros/humble/share/rosidl_adapter/cmake)
[0.622s] -- Found rosidl_generator_cpp: 3.1.5 (/opt/ros/humble/share/rosidl_generator_cpp/cmake)
[0.631s] -- Using all available rosidl_typesupport_c: rosidl_typesupport_fastrtps_c;rosidl_typesupport_introspection_c
[0.646s] -- Using all available rosidl_typesupport_cpp: rosidl_typesupport_fastrtps_cpp;rosidl_typesupport_introspection_cpp
[0.680s] -- Found rmw_implementation_cmake: 6.1.2 (/opt/ros/humble/share/rmw_implementation_cmake/cmake)
[0.683s] -- Found rmw_fastrtps_cpp: 6.2.7 (/opt/ros/humble/share/rmw_fastrtps_cpp/cmake)
[0.788s] -- Found OpenSSL: /usr/lib/x86_64-linux-gnu/libcrypto.so (found version "3.0.2")  
[0.813s] -- Found FastRTPS: /opt/ros/humble/include  
[0.847s] -- Using RMW implementation 'rmw_fastrtps_cpp' as default
[0.853s] -- Looking for pthread.h
[0.932s] -- Looking for pthread.h - found
[0.932s] -- Performing Test CMAKE_HAVE_LIBC_PTHREAD
[1.012s] -- Performing Test CMAKE_HAVE_LIBC_PTHREAD - Success
[1.012s] -- Found Threads: TRUE  
[1.051s] -- Found rclcpp_action: 16.0.10 (/opt/ros/humble/share/rclcpp_action/cmake)
[1.074s] -- Found rclcpp_components: 16.0.10 (/opt/ros/humble/share/rclcpp_components/cmake)
[1.096s] -- Found roarm_moveit: 0.3.0 (/home/ws/roarm_ws_em0/install/roarm_moveit/share/roarm_moveit/cmake)
[1.096s] -- Found std_srvs: 4.2.4 (/opt/ros/humble/share/std_srvs/cmake)
[1.104s] -- Found rosidl_default_generators: 1.2.0 (/opt/ros/humble/share/rosidl_default_generators/cmake)
[1.302s] -- Found ament_cmake_ros: 0.10.0 (/opt/ros/humble/share/ament_cmake_ros/cmake)
[1.567s] -- Using all available rosidl_typesupport_c: rosidl_typesupport_fastrtps_c;rosidl_typesupport_introspection_c
[1.666s] -- Using all available rosidl_typesupport_cpp: rosidl_typesupport_fastrtps_cpp;rosidl_typesupport_introspection_cpp
[1.686s] -- Found PythonInterp: /usr/bin/python3 (found suitable version "3.10.12", minimum required is "3.6") 
[1.687s] -- Found python_cmake_module: 0.10.0 (/opt/ros/humble/share/python_cmake_module/cmake)
[1.710s] -- Found PythonLibs: /usr/lib/x86_64-linux-gnu/libpython3.10.so (found suitable version "3.10.12", minimum required is "3.5") 
[1.710s] -- Using PYTHON_EXECUTABLE: /usr/bin/python3
[1.710s] -- Using PYTHON_INCLUDE_DIRS: /usr/include/python3.10
[1.710s] -- Using PYTHON_LIBRARIES: /usr/lib/x86_64-linux-gnu/libpython3.10.so
[1.727s] -- Found PythonExtra: .so  
[1.761s] -- Found ament_lint_auto: 0.12.11 (/opt/ros/humble/share/ament_lint_auto/cmake)
[1.783s] -- Added test 'copyright' to check source files copyright and LICENSE
[1.783s] -- Added test 'cppcheck' to perform static code analysis on C / C++ code
[1.783s] -- Configured cppcheck include dirs: 
[1.783s] -- Configured cppcheck exclude dirs and/or files: 
[1.784s] -- Added test 'cpplint' to check C / C++ code against the Google style
[1.784s] -- Configured cpplint exclude dirs and/or files: 
[1.784s] -- Added test 'flake8' to check Python code syntax and style conventions
[1.784s] -- Added test 'lint_cmake' to check CMake code style
[1.785s] -- Added test 'pep257' to check Python code against some of the docstring style conventions in PEP 257
[1.786s] -- Added test 'uncrustify' to check C / C++ code style
[1.786s] -- Configured uncrustify additional arguments: 
[1.787s] -- Added test 'xmllint' to check XML markup files
[1.789s] -- Configuring done
[1.833s] -- Generating done
[1.835s] -- Build files have been written to: /home/ws/roarm_ws_em0/build/manual_move_action
[1.847s] Invoked command in '/home/ws/roarm_ws_em0/build/manual_move_action' returned '0': AMENT_PREFIX_PATH=/home/ws/roarm_ws_em0/install/roarm_moveit:/home/ws/roarm_ws_em0/install/roarm_description:${AMENT_PREFIX_PATH} CMAKE_PREFIX_PATH=/home/ws/roarm_ws_em0/install/roarm_moveit:/home/ws/roarm_ws_em0/install/roarm_description:/opt/ros/humble LD_LIBRARY_PATH=/home/ws/roarm_ws_em0/install/roarm_moveit/lib:${LD_LIBRARY_PATH} PYTHONPATH=/home/ws/roarm_ws_em0/install/roarm_moveit/local/lib/python3.10/dist-packages:${PYTHONPATH} /usr/bin/cmake /home/ws/roarm_ws_em0/src/roarm_main/manual_move_action -DCMAKE_INSTALL_PREFIX=/home/ws/roarm_ws_em0/install/manual_move_action
[1.850s] Invoking command in '/home/ws/roarm_ws_em0/build/manual_move_action': AMENT_PREFIX_PATH=/home/ws/roarm_ws_em0/install/roarm_moveit:/home/ws/roarm_ws_em0/install/roarm_description:${AMENT_PREFIX_PATH} CMAKE_PREFIX_PATH=/home/ws/roarm_ws_em0/install/roarm_moveit:/home/ws/roarm_ws_em0/install/roarm_description:/opt/ros/humble LD_LIBRARY_PATH=/home/ws/roarm_ws_em0/install/roarm_moveit/lib:${LD_LIBRARY_PATH} PYTHONPATH=/home/ws/roarm_ws_em0/install/roarm_moveit/local/lib/python3.10/dist-packages:${PYTHONPATH} /usr/bin/cmake --build /home/ws/roarm_ws_em0/build/manual_move_action -- -j4 -l4
[1.903s] [35m[1mConsolidate compiler generated dependencies of target manual_move_action__rosidl_generator_c[0m
[1.924s] [  8%] Built target manual_move_action__rosidl_generator_c
[1.929s] [ 11%] Built target manual_move_action__cpp
[1.929s] [ 11%] Built target ament_cmake_python_copy_manual_move_action
[1.939s] [35m[1mConsolidate compiler generated dependencies of target manual_move_action__rosidl_typesupport_introspection_c[0m
[1.941s] [35m[1mConsolidate compiler generated dependencies of target manual_move_action__rosidl_typesupport_fastrtps_c[0m
[1.945s] [35m[1mConsolidate compiler generated dependencies of target manual_move_action__rosidl_typesupport_c[0m
[1.958s] [ 20%] Built target manual_move_action__rosidl_typesupport_introspection_c
[1.958s] [ 28%] Built target manual_move_action__rosidl_typesupport_c
[1.962s] [ 37%] Built target manual_move_action__rosidl_typesupport_fastrtps_c
[1.975s] [35m[1mConsolidate compiler generated dependencies of target manual_move_action__rosidl_typesupport_cpp[0m
[1.980s] [35m[1mConsolidate compiler generated dependencies of target manual_move_action__rosidl_typesupport_introspection_cpp[0m
[1.982s] [35m[1mConsolidate compiler generated dependencies of target manual_move_action__rosidl_typesupport_fastrtps_cpp[0m
[1.995s] [ 45%] Built target manual_move_action__rosidl_typesupport_cpp
[1.995s] [ 54%] Built target manual_move_action__rosidl_typesupport_introspection_cpp
[1.999s] [ 62%] Built target manual_move_action__rosidl_typesupport_fastrtps_cpp
[2.007s] [35m[1mConsolidate compiler generated dependencies of target manual_move_client[0m
[2.011s] [35m[1mConsolidate compiler generated dependencies of target manual_move_server[0m
[2.027s] [ 68%] Built target manual_move_client
[2.029s] [ 68%] Built target manual_move_action
[2.032s] [ 71%] [32mBuilding CXX object CMakeFiles/manual_move_server.dir/src/manual_move_server.cpp.o[0m
[2.058s] [ 74%] Built target manual_move_action__py
[2.084s] [35m[1mConsolidate compiler generated dependencies of target manual_move_action__rosidl_generator_py[0m
[2.099s] [ 80%] Built target manual_move_action__rosidl_generator_py
[2.125s] [35m[1mConsolidate compiler generated dependencies of target manual_move_action__rosidl_typesupport_fastrtps_c__pyext[0m
[2.129s] [35m[1mConsolidate compiler generated dependencies of target manual_move_action__rosidl_typesupport_introspection_c__pyext[0m
[2.140s] [ 85%] Built target manual_move_action__rosidl_typesupport_fastrtps_c__pyext
[2.143s] running egg_info
[2.144s] [ 91%] Built target manual_move_action__rosidl_typesupport_introspection_c__pyext
[2.145s] writing manual_move_action.egg-info/PKG-INFO
[2.145s] writing dependency_links to manual_move_action.egg-info/dependency_links.txt
[2.146s] writing top-level names to manual_move_action.egg-info/top_level.txt
[2.149s] reading manifest file 'manual_move_action.egg-info/SOURCES.txt'
[2.149s] writing manifest file 'manual_move_action.egg-info/SOURCES.txt'
[2.154s] [35m[1mConsolidate compiler generated dependencies of target manual_move_action__rosidl_typesupport_c__pyext[0m
[2.179s] [ 97%] Built target manual_move_action__rosidl_typesupport_c__pyext
[2.185s] [ 97%] Built target ament_cmake_python_build_manual_move_action_egg
[4.078s] [01m[K/home/ws/roarm_ws_em0/src/roarm_main/manual_move_action/src/manual_move_server.cpp:[m[K In member function ‘[01m[Krclcpp_action::GoalResponse manual_move_action::MinimalActionServer::handle_goal(const GoalUUID&, std::shared_ptr<const manual_move_action::action::MoveInfo_Goal_<std::allocator<void> > >)[m[K’:
[4.079s] [01m[K/home/ws/roarm_ws_em0/src/roarm_main/manual_move_action/src/manual_move_server.cpp:71:57:[m[K [01;35m[Kwarning: [m[Kunused parameter ‘[01m[Kgoal[m[K’ [[01;35m[K]8;;https://gcc.gnu.org/onlinedocs/gcc/Warning-Options.html#index-Wunused-parameter-Wunused-parameter]8;;[m[K]
[4.079s]    71 |               [01;35m[Kstd::shared_ptr<const CustomAction::Goal> goal[m[K)
[4.079s]       |               [01;35m[K~~~~~~~~~~~~~~~~~~~~~~~~~~~~~~~~~~~~~~~~~~^~~~[m[K
[4.081s] [01m[K/home/ws/roarm_ws_em0/src/roarm_main/manual_move_action/src/manual_move_server.cpp:[m[K In member function ‘[01m[Krclcpp_action::CancelResponse manual_move_action::MinimalActionServer::handle_cancel(std::shared_ptr<rclcpp_action::ServerGoalHandle<manual_move_action::action::MoveInfo> >)[m[K’:
[4.081s] [01m[K/home/ws/roarm_ws_em0/src/roarm_main/manual_move_action/src/manual_move_server.cpp:79:51:[m[K [01;35m[Kwarning: [m[Kunused parameter ‘[01m[Kgoal_handle[m[K’ [[01;35m[K]8;;https://gcc.gnu.org/onlinedocs/gcc/Warning-Options.html#index-Wunused-parameter-Wunused-parameter]8;;[m[K]
[4.081s]    79 |   handle_cancel([01;35m[Kconst std::shared_ptr<GoalHandle> goal_handle[m[K)
[4.081s]       |                 [01;35m[K~~~~~~~~~~~~~~~~~~~~~~~~~~~~~~~~~~^~~~~~~~~~~[m[K
[6.254s] [100%] [32m[1mLinking CXX executable manual_move_server[0m
[6.433s] [100%] Built target manual_move_server
[6.445s] Invoked command in '/home/ws/roarm_ws_em0/build/manual_move_action' returned '0': AMENT_PREFIX_PATH=/home/ws/roarm_ws_em0/install/roarm_moveit:/home/ws/roarm_ws_em0/install/roarm_description:${AMENT_PREFIX_PATH} CMAKE_PREFIX_PATH=/home/ws/roarm_ws_em0/install/roarm_moveit:/home/ws/roarm_ws_em0/install/roarm_description:/opt/ros/humble LD_LIBRARY_PATH=/home/ws/roarm_ws_em0/install/roarm_moveit/lib:${LD_LIBRARY_PATH} PYTHONPATH=/home/ws/roarm_ws_em0/install/roarm_moveit/local/lib/python3.10/dist-packages:${PYTHONPATH} /usr/bin/cmake --build /home/ws/roarm_ws_em0/build/manual_move_action -- -j4 -l4
[6.575s] Invoking command in '/home/ws/roarm_ws_em0/build/manual_move_action': AMENT_PREFIX_PATH=/home/ws/roarm_ws_em0/install/roarm_moveit:/home/ws/roarm_ws_em0/install/roarm_description:${AMENT_PREFIX_PATH} CMAKE_PREFIX_PATH=/home/ws/roarm_ws_em0/install/roarm_moveit:/home/ws/roarm_ws_em0/install/roarm_description:/opt/ros/humble LD_LIBRARY_PATH=/home/ws/roarm_ws_em0/install/roarm_moveit/lib:${LD_LIBRARY_PATH} PYTHONPATH=/home/ws/roarm_ws_em0/install/roarm_moveit/local/lib/python3.10/dist-packages:${PYTHONPATH} /usr/bin/cmake --install /home/ws/roarm_ws_em0/build/manual_move_action
[6.580s] -- Install configuration: ""
[6.580s] -- Installing: /home/ws/roarm_ws_em0/install/manual_move_action/share/ament_index/resource_index/rosidl_interfaces/manual_move_action
[6.581s] -- Installing: /home/ws/roarm_ws_em0/install/manual_move_action/include/manual_move_action/manual_move_action
[6.581s] -- Installing: /home/ws/roarm_ws_em0/install/manual_move_action/include/manual_move_action/manual_move_action/action
[6.581s] -- Installing: /home/ws/roarm_ws_em0/install/manual_move_action/include/manual_move_action/manual_move_action/action/detail
[6.581s] -- Installing: /home/ws/roarm_ws_em0/install/manual_move_action/include/manual_move_action/manual_move_action/action/detail/move_info__type_support.h
[6.582s] -- Installing: /home/ws/roarm_ws_em0/install/manual_move_action/include/manual_move_action/manual_move_action/action/detail/move_info__struct.h
[6.582s] -- Installing: /home/ws/roarm_ws_em0/install/manual_move_action/include/manual_move_action/manual_move_action/action/detail/move_info__functions.h
[6.582s] -- Installing: /home/ws/roarm_ws_em0/install/manual_move_action/include/manual_move_action/manual_move_action/action/detail/move_info__functions.c
[6.583s] -- Installing: /home/ws/roarm_ws_em0/install/manual_move_action/include/manual_move_action/manual_move_action/action/move_info.h
[6.583s] -- Installing: /home/ws/roarm_ws_em0/install/manual_move_action/include/manual_move_action/manual_move_action/msg
[6.583s] -- Installing: /home/ws/roarm_ws_em0/install/manual_move_action/include/manual_move_action/manual_move_action/msg/rosidl_generator_c__visibility_control.h
[6.583s] -- Installing: /home/ws/roarm_ws_em0/install/manual_move_action/share/manual_move_action/environment/library_path.sh
[6.583s] -- Installing: /home/ws/roarm_ws_em0/install/manual_move_action/share/manual_move_action/environment/library_path.dsv
[6.583s] -- Installing: /home/ws/roarm_ws_em0/install/manual_move_action/lib/libmanual_move_action__rosidl_generator_c.so
[6.583s] -- Set runtime path of "/home/ws/roarm_ws_em0/install/manual_move_action/lib/libmanual_move_action__rosidl_generator_c.so" to ""
[6.583s] -- Up-to-date: /home/ws/roarm_ws_em0/install/manual_move_action/include/manual_move_action/manual_move_action
[6.583s] -- Up-to-date: /home/ws/roarm_ws_em0/install/manual_move_action/include/manual_move_action/manual_move_action/action
[6.583s] -- Up-to-date: /home/ws/roarm_ws_em0/install/manual_move_action/include/manual_move_action/manual_move_action/action/detail
[6.583s] -- Installing: /home/ws/roarm_ws_em0/install/manual_move_action/include/manual_move_action/manual_move_action/action/detail/move_info__rosidl_typesupport_fastrtps_c.h
[6.585s] -- Up-to-date: /home/ws/roarm_ws_em0/install/manual_move_action/include/manual_move_action/manual_move_action/msg
[6.585s] -- Installing: /home/ws/roarm_ws_em0/install/manual_move_action/include/manual_move_action/manual_move_action/msg/rosidl_typesupport_fastrtps_c__visibility_control.h
[6.586s] -- Installing: /home/ws/roarm_ws_em0/install/manual_move_action/lib/libmanual_move_action__rosidl_typesupport_fastrtps_c.so
[6.586s] -- Set runtime path of "/home/ws/roarm_ws_em0/install/manual_move_action/lib/libmanual_move_action__rosidl_typesupport_fastrtps_c.so" to ""
[6.586s] -- Up-to-date: /home/ws/roarm_ws_em0/install/manual_move_action/include/manual_move_action/manual_move_action
[6.586s] -- Up-to-date: /home/ws/roarm_ws_em0/install/manual_move_action/include/manual_move_action/manual_move_action/action
[6.586s] -- Installing: /home/ws/roarm_ws_em0/install/manual_move_action/include/manual_move_action/manual_move_action/action/move_info.hpp
[6.586s] -- Up-to-date: /home/ws/roarm_ws_em0/install/manual_move_action/include/manual_move_action/manual_move_action/action/detail
[6.586s] -- Installing: /home/ws/roarm_ws_em0/install/manual_move_action/include/manual_move_action/manual_move_action/action/detail/move_info__builder.hpp
[6.586s] -- Installing: /home/ws/roarm_ws_em0/install/manual_move_action/include/manual_move_action/manual_move_action/action/detail/move_info__traits.hpp
[6.586s] -- Installing: /home/ws/roarm_ws_em0/install/manual_move_action/include/manual_move_action/manual_move_action/action/detail/move_info__struct.hpp
[6.586s] -- Up-to-date: /home/ws/roarm_ws_em0/install/manual_move_action/include/manual_move_action/manual_move_action
[6.586s] -- Up-to-date: /home/ws/roarm_ws_em0/install/manual_move_action/include/manual_move_action/manual_move_action/action
[6.586s] -- Up-to-date: /home/ws/roarm_ws_em0/install/manual_move_action/include/manual_move_action/manual_move_action/action/detail
[6.586s] -- Installing: /home/ws/roarm_ws_em0/install/manual_move_action/include/manual_move_action/manual_move_action/action/detail/move_info__rosidl_typesupport_fastrtps_cpp.hpp
[6.586s] -- Installing: /home/ws/roarm_ws_em0/install/manual_move_action/include/manual_move_action/manual_move_action/action/detail/dds_fastrtps
[6.586s] -- Up-to-date: /home/ws/roarm_ws_em0/install/manual_move_action/include/manual_move_action/manual_move_action/msg
[6.586s] -- Installing: /home/ws/roarm_ws_em0/install/manual_move_action/include/manual_move_action/manual_move_action/msg/rosidl_typesupport_fastrtps_cpp__visibility_control.h
[6.586s] -- Installing: /home/ws/roarm_ws_em0/install/manual_move_action/lib/libmanual_move_action__rosidl_typesupport_fastrtps_cpp.so
[6.586s] -- Set runtime path of "/home/ws/roarm_ws_em0/install/manual_move_action/lib/libmanual_move_action__rosidl_typesupport_fastrtps_cpp.so" to ""
[6.586s] -- Up-to-date: /home/ws/roarm_ws_em0/install/manual_move_action/include/manual_move_action/manual_move_action
[6.587s] -- Up-to-date: /home/ws/roarm_ws_em0/install/manual_move_action/include/manual_move_action/manual_move_action/action
[6.587s] -- Up-to-date: /home/ws/roarm_ws_em0/install/manual_move_action/include/manual_move_action/manual_move_action/action/detail
[6.587s] -- Installing: /home/ws/roarm_ws_em0/install/manual_move_action/include/manual_move_action/manual_move_action/action/detail/move_info__type_support.c
[6.588s] -- Installing: /home/ws/roarm_ws_em0/install/manual_move_action/include/manual_move_action/manual_move_action/action/detail/move_info__rosidl_typesupport_introspection_c.h
[6.589s] -- Up-to-date: /home/ws/roarm_ws_em0/install/manual_move_action/include/manual_move_action/manual_move_action/msg
[6.589s] -- Installing: /home/ws/roarm_ws_em0/install/manual_move_action/include/manual_move_action/manual_move_action/msg/rosidl_typesupport_introspection_c__visibility_control.h
[6.589s] -- Installing: /home/ws/roarm_ws_em0/install/manual_move_action/lib/libmanual_move_action__rosidl_typesupport_introspection_c.so
[6.589s] -- Set runtime path of "/home/ws/roarm_ws_em0/install/manual_move_action/lib/libmanual_move_action__rosidl_typesupport_introspection_c.so" to ""
[6.589s] -- Installing: /home/ws/roarm_ws_em0/install/manual_move_action/lib/libmanual_move_action__rosidl_typesupport_c.so
[6.589s] -- Set runtime path of "/home/ws/roarm_ws_em0/install/manual_move_action/lib/libmanual_move_action__rosidl_typesupport_c.so" to ""
[6.590s] -- Up-to-date: /home/ws/roarm_ws_em0/install/manual_move_action/include/manual_move_action/manual_move_action
[6.590s] -- Up-to-date: /home/ws/roarm_ws_em0/install/manual_move_action/include/manual_move_action/manual_move_action/action
[6.590s] -- Up-to-date: /home/ws/roarm_ws_em0/install/manual_move_action/include/manual_move_action/manual_move_action/action/detail
[6.590s] -- Installing: /home/ws/roarm_ws_em0/install/manual_move_action/include/manual_move_action/manual_move_action/action/detail/move_info__type_support.cpp
[6.591s] -- Installing: /home/ws/roarm_ws_em0/install/manual_move_action/include/manual_move_action/manual_move_action/action/detail/move_info__rosidl_typesupport_introspection_cpp.hpp
[6.595s] -- Installing: /home/ws/roarm_ws_em0/install/manual_move_action/lib/libmanual_move_action__rosidl_typesupport_introspection_cpp.so
[6.595s] -- Set runtime path of "/home/ws/roarm_ws_em0/install/manual_move_action/lib/libmanual_move_action__rosidl_typesupport_introspection_cpp.so" to ""
[6.595s] -- Installing: /home/ws/roarm_ws_em0/install/manual_move_action/lib/libmanual_move_action__rosidl_typesupport_cpp.so
[6.595s] -- Set runtime path of "/home/ws/roarm_ws_em0/install/manual_move_action/lib/libmanual_move_action__rosidl_typesupport_cpp.so" to ""
[6.595s] -- Installing: /home/ws/roarm_ws_em0/install/manual_move_action/share/manual_move_action/environment/pythonpath.sh
[6.595s] -- Installing: /home/ws/roarm_ws_em0/install/manual_move_action/share/manual_move_action/environment/pythonpath.dsv
[6.595s] -- Installing: /home/ws/roarm_ws_em0/install/manual_move_action/local/lib/python3.10/dist-packages/manual_move_action-0.0.0-py3.10.egg-info
[6.595s] -- Installing: /home/ws/roarm_ws_em0/install/manual_move_action/local/lib/python3.10/dist-packages/manual_move_action-0.0.0-py3.10.egg-info/SOURCES.txt
[6.595s] -- Installing: /home/ws/roarm_ws_em0/install/manual_move_action/local/lib/python3.10/dist-packages/manual_move_action-0.0.0-py3.10.egg-info/top_level.txt
[6.595s] -- Installing: /home/ws/roarm_ws_em0/install/manual_move_action/local/lib/python3.10/dist-packages/manual_move_action-0.0.0-py3.10.egg-info/dependency_links.txt
[6.595s] -- Installing: /home/ws/roarm_ws_em0/install/manual_move_action/local/lib/python3.10/dist-packages/manual_move_action-0.0.0-py3.10.egg-info/PKG-INFO
[6.595s] -- Installing: /home/ws/roarm_ws_em0/install/manual_move_action/local/lib/python3.10/dist-packages/manual_move_action
[6.595s] -- Installing: /home/ws/roarm_ws_em0/install/manual_move_action/local/lib/python3.10/dist-packages/manual_move_action/action
[6.595s] -- Installing: /home/ws/roarm_ws_em0/install/manual_move_action/local/lib/python3.10/dist-packages/manual_move_action/action/_move_info.py
[6.595s] -- Installing: /home/ws/roarm_ws_em0/install/manual_move_action/local/lib/python3.10/dist-packages/manual_move_action/action/__init__.py
[6.595s] -- Installing: /home/ws/roarm_ws_em0/install/manual_move_action/local/lib/python3.10/dist-packages/manual_move_action/action/_move_info_s.c
[6.595s] -- Installing: /home/ws/roarm_ws_em0/install/manual_move_action/local/lib/python3.10/dist-packages/manual_move_action/_manual_move_action_s.ep.rosidl_typesupport_introspection_c.c
[6.595s] -- Installing: /home/ws/roarm_ws_em0/install/manual_move_action/local/lib/python3.10/dist-packages/manual_move_action/manual_move_action_s__rosidl_typesupport_introspection_c.cpython-310-x86_64-linux-gnu.so
[6.595s] -- Installing: /home/ws/roarm_ws_em0/install/manual_move_action/local/lib/python3.10/dist-packages/manual_move_action/manual_move_action_s__rosidl_typesupport_fastrtps_c.cpython-310-x86_64-linux-gnu.so
[6.595s] -- Installing: /home/ws/roarm_ws_em0/install/manual_move_action/local/lib/python3.10/dist-packages/manual_move_action/__init__.py
[6.595s] -- Installing: /home/ws/roarm_ws_em0/install/manual_move_action/local/lib/python3.10/dist-packages/manual_move_action/_manual_move_action_s.ep.rosidl_typesupport_c.c
[6.595s] -- Installing: /home/ws/roarm_ws_em0/install/manual_move_action/local/lib/python3.10/dist-packages/manual_move_action/manual_move_action_s__rosidl_typesupport_c.cpython-310-x86_64-linux-gnu.so
[6.595s] -- Installing: /home/ws/roarm_ws_em0/install/manual_move_action/local/lib/python3.10/dist-packages/manual_move_action/_manual_move_action_s.ep.rosidl_typesupport_fastrtps_c.c
[6.595s] -- Installing: /home/ws/roarm_ws_em0/install/manual_move_action/local/lib/python3.10/dist-packages/manual_move_action/libmanual_move_action__rosidl_generator_py.so
[6.630s] Listing '/home/ws/roarm_ws_em0/install/manual_move_action/local/lib/python3.10/dist-packages/manual_move_action'...
[6.630s] Compiling '/home/ws/roarm_ws_em0/install/manual_move_action/local/lib/python3.10/dist-packages/manual_move_action/__init__.py'...
[6.630s] Listing '/home/ws/roarm_ws_em0/install/manual_move_action/local/lib/python3.10/dist-packages/manual_move_action/action'...
[6.630s] Compiling '/home/ws/roarm_ws_em0/install/manual_move_action/local/lib/python3.10/dist-packages/manual_move_action/action/__init__.py'...
[6.630s] Compiling '/home/ws/roarm_ws_em0/install/manual_move_action/local/lib/python3.10/dist-packages/manual_move_action/action/_move_info.py'...
[6.635s] -- Installing: /home/ws/roarm_ws_em0/install/manual_move_action/local/lib/python3.10/dist-packages/manual_move_action/manual_move_action_s__rosidl_typesupport_fastrtps_c.cpython-310-x86_64-linux-gnu.so
[6.635s] -- Set runtime path of "/home/ws/roarm_ws_em0/install/manual_move_action/local/lib/python3.10/dist-packages/manual_move_action/manual_move_action_s__rosidl_typesupport_fastrtps_c.cpython-310-x86_64-linux-gnu.so" to ""
[6.635s] -- Installing: /home/ws/roarm_ws_em0/install/manual_move_action/local/lib/python3.10/dist-packages/manual_move_action/manual_move_action_s__rosidl_typesupport_introspection_c.cpython-310-x86_64-linux-gnu.so
[6.635s] -- Set runtime path of "/home/ws/roarm_ws_em0/install/manual_move_action/local/lib/python3.10/dist-packages/manual_move_action/manual_move_action_s__rosidl_typesupport_introspection_c.cpython-310-x86_64-linux-gnu.so" to ""
[6.635s] -- Installing: /home/ws/roarm_ws_em0/install/manual_move_action/local/lib/python3.10/dist-packages/manual_move_action/manual_move_action_s__rosidl_typesupport_c.cpython-310-x86_64-linux-gnu.so
[6.635s] -- Set runtime path of "/home/ws/roarm_ws_em0/install/manual_move_action/local/lib/python3.10/dist-packages/manual_move_action/manual_move_action_s__rosidl_typesupport_c.cpython-310-x86_64-linux-gnu.so" to ""
[6.635s] -- Installing: /home/ws/roarm_ws_em0/install/manual_move_action/lib/libmanual_move_action__rosidl_generator_py.so
[6.635s] -- Set runtime path of "/home/ws/roarm_ws_em0/install/manual_move_action/lib/libmanual_move_action__rosidl_generator_py.so" to ""
[6.635s] -- Installing: /home/ws/roarm_ws_em0/install/manual_move_action/share/manual_move_action/action/MoveInfo.idl
[6.635s] -- Installing: /home/ws/roarm_ws_em0/install/manual_move_action/share/manual_move_action/action/MoveInfo.action
[6.636s] -- Installing: /home/ws/roarm_ws_em0/install/manual_move_action/lib/manual_move_action/manual_move_client
[6.636s] -- Set runtime path of "/home/ws/roarm_ws_em0/install/manual_move_action/lib/manual_move_action/manual_move_client" to ""
[6.636s] -- Installing: /home/ws/roarm_ws_em0/install/manual_move_action/lib/manual_move_action/manual_move_server
[6.637s] -- Set runtime path of "/home/ws/roarm_ws_em0/install/manual_move_action/lib/manual_move_action/manual_move_server" to ""
[6.637s] -- Installing: /home/ws/roarm_ws_em0/install/manual_move_action/share/manual_move_action//launch
[6.638s] -- Installing: /home/ws/roarm_ws_em0/install/manual_move_action/share/manual_move_action//launch/manual_move_action.launch.py
[6.638s] -- Installing: /home/ws/roarm_ws_em0/install/manual_move_action/share/manual_move_action//launch/.vscode
[6.639s] -- Installing: /home/ws/roarm_ws_em0/install/manual_move_action/share/manual_move_action//launch/.vscode/c_cpp_properties.json
[6.639s] -- Installing: /home/ws/roarm_ws_em0/install/manual_move_action/share/manual_move_action//launch/.vscode/settings.json
[6.640s] -- Installing: /home/ws/roarm_ws_em0/install/manual_move_action/share/ament_index/resource_index/package_run_dependencies/manual_move_action
[6.640s] -- Installing: /home/ws/roarm_ws_em0/install/manual_move_action/share/ament_index/resource_index/parent_prefix_path/manual_move_action
[6.640s] -- Installing: /home/ws/roarm_ws_em0/install/manual_move_action/share/manual_move_action/environment/ament_prefix_path.sh
[6.641s] -- Installing: /home/ws/roarm_ws_em0/install/manual_move_action/share/manual_move_action/environment/ament_prefix_path.dsv
[6.641s] -- Installing: /home/ws/roarm_ws_em0/install/manual_move_action/share/manual_move_action/environment/path.sh
[6.641s] -- Installing: /home/ws/roarm_ws_em0/install/manual_move_action/share/manual_move_action/environment/path.dsv
[6.641s] -- Installing: /home/ws/roarm_ws_em0/install/manual_move_action/share/manual_move_action/local_setup.bash
[6.641s] -- Installing: /home/ws/roarm_ws_em0/install/manual_move_action/share/manual_move_action/local_setup.sh
[6.641s] -- Installing: /home/ws/roarm_ws_em0/install/manual_move_action/share/manual_move_action/local_setup.zsh
[6.641s] -- Installing: /home/ws/roarm_ws_em0/install/manual_move_action/share/manual_move_action/local_setup.dsv
[6.641s] -- Installing: /home/ws/roarm_ws_em0/install/manual_move_action/share/manual_move_action/package.dsv
[6.641s] -- Installing: /home/ws/roarm_ws_em0/install/manual_move_action/share/ament_index/resource_index/packages/manual_move_action
[6.641s] -- Installing: /home/ws/roarm_ws_em0/install/manual_move_action/share/manual_move_action/cmake/export_manual_move_action__rosidl_generator_cExport.cmake
[6.642s] -- Installing: /home/ws/roarm_ws_em0/install/manual_move_action/share/manual_move_action/cmake/export_manual_move_action__rosidl_generator_cExport-noconfig.cmake
[6.642s] -- Installing: /home/ws/roarm_ws_em0/install/manual_move_action/share/manual_move_action/cmake/export_manual_move_action__rosidl_typesupport_fastrtps_cExport.cmake
[6.643s] -- Installing: /home/ws/roarm_ws_em0/install/manual_move_action/share/manual_move_action/cmake/export_manual_move_action__rosidl_typesupport_fastrtps_cExport-noconfig.cmake
[6.643s] -- Installing: /home/ws/roarm_ws_em0/install/manual_move_action/share/manual_move_action/cmake/export_manual_move_action__rosidl_generator_cppExport.cmake
[6.643s] -- Installing: /home/ws/roarm_ws_em0/install/manual_move_action/share/manual_move_action/cmake/export_manual_move_action__rosidl_typesupport_fastrtps_cppExport.cmake
[6.643s] -- Installing: /home/ws/roarm_ws_em0/install/manual_move_action/share/manual_move_action/cmake/export_manual_move_action__rosidl_typesupport_fastrtps_cppExport-noconfig.cmake
[6.643s] -- Installing: /home/ws/roarm_ws_em0/install/manual_move_action/share/manual_move_action/cmake/manual_move_action__rosidl_typesupport_introspection_cExport.cmake
[6.643s] -- Installing: /home/ws/roarm_ws_em0/install/manual_move_action/share/manual_move_action/cmake/manual_move_action__rosidl_typesupport_introspection_cExport-noconfig.cmake
[6.643s] -- Installing: /home/ws/roarm_ws_em0/install/manual_move_action/share/manual_move_action/cmake/manual_move_action__rosidl_typesupport_cExport.cmake
[6.643s] -- Installing: /home/ws/roarm_ws_em0/install/manual_move_action/share/manual_move_action/cmake/manual_move_action__rosidl_typesupport_cExport-noconfig.cmake
[6.643s] -- Installing: /home/ws/roarm_ws_em0/install/manual_move_action/share/manual_move_action/cmake/manual_move_action__rosidl_typesupport_introspection_cppExport.cmake
[6.643s] -- Installing: /home/ws/roarm_ws_em0/install/manual_move_action/share/manual_move_action/cmake/manual_move_action__rosidl_typesupport_introspection_cppExport-noconfig.cmake
[6.643s] -- Installing: /home/ws/roarm_ws_em0/install/manual_move_action/share/manual_move_action/cmake/manual_move_action__rosidl_typesupport_cppExport.cmake
[6.643s] -- Installing: /home/ws/roarm_ws_em0/install/manual_move_action/share/manual_move_action/cmake/manual_move_action__rosidl_typesupport_cppExport-noconfig.cmake
[6.644s] -- Installing: /home/ws/roarm_ws_em0/install/manual_move_action/share/manual_move_action/cmake/export_manual_move_action__rosidl_generator_pyExport.cmake
[6.644s] -- Installing: /home/ws/roarm_ws_em0/install/manual_move_action/share/manual_move_action/cmake/export_manual_move_action__rosidl_generator_pyExport-noconfig.cmake
[6.644s] -- Installing: /home/ws/roarm_ws_em0/install/manual_move_action/share/manual_move_action/cmake/rosidl_cmake-extras.cmake
[6.644s] -- Installing: /home/ws/roarm_ws_em0/install/manual_move_action/share/manual_move_action/cmake/ament_cmake_export_dependencies-extras.cmake
[6.644s] -- Installing: /home/ws/roarm_ws_em0/install/manual_move_action/share/manual_move_action/cmake/ament_cmake_export_include_directories-extras.cmake
[6.644s] -- Installing: /home/ws/roarm_ws_em0/install/manual_move_action/share/manual_move_action/cmake/ament_cmake_export_libraries-extras.cmake
[6.644s] -- Installing: /home/ws/roarm_ws_em0/install/manual_move_action/share/manual_move_action/cmake/ament_cmake_export_targets-extras.cmake
[6.644s] -- Installing: /home/ws/roarm_ws_em0/install/manual_move_action/share/manual_move_action/cmake/rosidl_cmake_export_typesupport_targets-extras.cmake
[6.644s] -- Installing: /home/ws/roarm_ws_em0/install/manual_move_action/share/manual_move_action/cmake/rosidl_cmake_export_typesupport_libraries-extras.cmake
[6.644s] -- Installing: /home/ws/roarm_ws_em0/install/manual_move_action/share/manual_move_action/cmake/manual_move_actionConfig.cmake
[6.644s] -- Installing: /home/ws/roarm_ws_em0/install/manual_move_action/share/manual_move_action/cmake/manual_move_actionConfig-version.cmake
[6.644s] -- Installing: /home/ws/roarm_ws_em0/install/manual_move_action/share/manual_move_action/package.xml
[6.647s] Invoked command in '/home/ws/roarm_ws_em0/build/manual_move_action' returned '0': AMENT_PREFIX_PATH=/home/ws/roarm_ws_em0/install/roarm_moveit:/home/ws/roarm_ws_em0/install/roarm_description:${AMENT_PREFIX_PATH} CMAKE_PREFIX_PATH=/home/ws/roarm_ws_em0/install/roarm_moveit:/home/ws/roarm_ws_em0/install/roarm_description:/opt/ros/humble LD_LIBRARY_PATH=/home/ws/roarm_ws_em0/install/roarm_moveit/lib:${LD_LIBRARY_PATH} PYTHONPATH=/home/ws/roarm_ws_em0/install/roarm_moveit/local/lib/python3.10/dist-packages:${PYTHONPATH} /usr/bin/cmake --install /home/ws/roarm_ws_em0/build/manual_move_action
