[0.561s] Invoking command in '/home/ws/roarm_ws_em0/src/roarm_main/roarm_web_app': AMENT_PREFIX_PATH=/home/ws/roarm_ws_em0/install/ros2web_app:/home/ws/roarm_ws_em0/install/ros2web:/home/ws/roarm_ws_em0/install/ros2web_widgets:/home/ws/roarm_ws_em0/install/ros2web_example_py:/home/ws/roarm_ws_em0/install/roarm_web_app:/home/ws/roarm_ws_em0/install/ros2web_interfaces:/home/ws/roarm_ws_em0/install/roarm_moveit_ikfast_plugins:/home/ws/roarm_ws_em0/install/roarm_moveit_cmd:/home/ws/roarm_ws_em0/install/roarm_moveit:/home/ws/roarm_ws_em0/install/roarm_driver:/home/ws/roarm_ws_em0/install/roarm_description:/home/ws/roarm_ws_em0/install/moveit_servo:/home/ws/roarm_ws_em0/install/launch_api:/opt/ros/humble PYTHONPATH=/home/ws/roarm_ws_em0/build/roarm_web_app/prefix_override:/usr/lib/python3/dist-packages/colcon_core/task/python/colcon_distutils_commands:/home/ws/roarm_ws_em0/install/roarm_web_app/lib/python3.10/site-packages:/home/ws/roarm_ws_em0/install/ros2web_app/lib/python3.10/site-packages:/home/ws/roarm_ws_em0/install/ros2web/lib/python3.10/site-packages:/home/ws/roarm_ws_em0/install/ros2web_widgets/lib/python3.10/site-packages:/home/ws/roarm_ws_em0/install/ros2web_example_py/lib/python3.10/site-packages:/home/ws/roarm_ws_em0/install/roarm_web_app/lib/python3.10/site-packages:/home/ws/roarm_ws_em0/install/ros2web_interfaces/local/lib/python3.10/dist-packages:/home/ws/roarm_ws_em0/install/roarm_moveit/local/lib/python3.10/dist-packages:/home/ws/roarm_ws_em0/install/roarm_driver/lib/python3.10/site-packages:/home/ws/roarm_ws_em0/install/launch_api/lib/python3.10/site-packages:/opt/ros/humble/lib/python3.10/site-packages:/opt/ros/humble/local/lib/python3.10/dist-packages /usr/bin/python3 -W ignore:setup.py install is deprecated setup.py egg_info --egg-base ../../../build/roarm_web_app build --build-base /home/ws/roarm_ws_em0/build/roarm_web_app/build install --record /home/ws/roarm_ws_em0/build/roarm_web_app/install.log --single-version-externally-managed install_data
[0.697s] running egg_info
[0.697s] writing ../../../build/roarm_web_app/roarm_web_app.egg-info/PKG-INFO
[0.697s] writing dependency_links to ../../../build/roarm_web_app/roarm_web_app.egg-info/dependency_links.txt
[0.697s] writing entry points to ../../../build/roarm_web_app/roarm_web_app.egg-info/entry_points.txt
[0.697s] writing requirements to ../../../build/roarm_web_app/roarm_web_app.egg-info/requires.txt
[0.697s] writing top-level names to ../../../build/roarm_web_app/roarm_web_app.egg-info/top_level.txt
[0.697s] reading manifest file '../../../build/roarm_web_app/roarm_web_app.egg-info/SOURCES.txt'
[0.701s] writing manifest file '../../../build/roarm_web_app/roarm_web_app.egg-info/SOURCES.txt'
[0.701s] running build
[0.701s] running build_py
[0.702s] running install
[0.703s] running install_lib
[0.703s] running install_data
[0.704s] running install_egg_info
[0.708s] removing '/home/ws/roarm_ws_em0/install/roarm_web_app/lib/python3.10/site-packages/roarm_web_app-0.0.0-py3.10.egg-info' (and everything under it)
[0.708s] Copying ../../../build/roarm_web_app/roarm_web_app.egg-info to /home/ws/roarm_ws_em0/install/roarm_web_app/lib/python3.10/site-packages/roarm_web_app-0.0.0-py3.10.egg-info
[0.709s] running install_scripts
[0.723s] Installing roarm_web_app script to /home/ws/roarm_ws_em0/install/roarm_web_app/lib/roarm_web_app
[0.723s] writing list of installed files to '/home/ws/roarm_ws_em0/build/roarm_web_app/install.log'
[0.748s] Invoked command in '/home/ws/roarm_ws_em0/src/roarm_main/roarm_web_app' returned '0': AMENT_PREFIX_PATH=/home/ws/roarm_ws_em0/install/ros2web_app:/home/ws/roarm_ws_em0/install/ros2web:/home/ws/roarm_ws_em0/install/ros2web_widgets:/home/ws/roarm_ws_em0/install/ros2web_example_py:/home/ws/roarm_ws_em0/install/roarm_web_app:/home/ws/roarm_ws_em0/install/ros2web_interfaces:/home/ws/roarm_ws_em0/install/roarm_moveit_ikfast_plugins:/home/ws/roarm_ws_em0/install/roarm_moveit_cmd:/home/ws/roarm_ws_em0/install/roarm_moveit:/home/ws/roarm_ws_em0/install/roarm_driver:/home/ws/roarm_ws_em0/install/roarm_description:/home/ws/roarm_ws_em0/install/moveit_servo:/home/ws/roarm_ws_em0/install/launch_api:/opt/ros/humble PYTHONPATH=/home/ws/roarm_ws_em0/build/roarm_web_app/prefix_override:/usr/lib/python3/dist-packages/colcon_core/task/python/colcon_distutils_commands:/home/ws/roarm_ws_em0/install/roarm_web_app/lib/python3.10/site-packages:/home/ws/roarm_ws_em0/install/ros2web_app/lib/python3.10/site-packages:/home/ws/roarm_ws_em0/install/ros2web/lib/python3.10/site-packages:/home/ws/roarm_ws_em0/install/ros2web_widgets/lib/python3.10/site-packages:/home/ws/roarm_ws_em0/install/ros2web_example_py/lib/python3.10/site-packages:/home/ws/roarm_ws_em0/install/roarm_web_app/lib/python3.10/site-packages:/home/ws/roarm_ws_em0/install/ros2web_interfaces/local/lib/python3.10/dist-packages:/home/ws/roarm_ws_em0/install/roarm_moveit/local/lib/python3.10/dist-packages:/home/ws/roarm_ws_em0/install/roarm_driver/lib/python3.10/site-packages:/home/ws/roarm_ws_em0/install/launch_api/lib/python3.10/site-packages:/opt/ros/humble/lib/python3.10/site-packages:/opt/ros/humble/local/lib/python3.10/dist-packages /usr/bin/python3 -W ignore:setup.py install is deprecated setup.py egg_info --egg-base ../../../build/roarm_web_app build --build-base /home/ws/roarm_ws_em0/build/roarm_web_app/build install --record /home/ws/roarm_ws_em0/build/roarm_web_app/install.log --single-version-externally-managed install_data
