[0.453s] Invoking command in '/home/ws/roarm_ws_em0/src/roarm_else/ros2web-ros2/ros2web': PYTHONPATH=/home/ws/roarm_ws_em0/build/ros2web/prefix_override:/usr/lib/python3/dist-packages/colcon_core/task/python/colcon_distutils_commands:/home/ws/roarm_ws_em0/install/ros2web/lib/python3.10/site-packages:${PYTHONPATH} /usr/bin/python3 -W ignore:setup.py install is deprecated setup.py egg_info --egg-base ../../../../build/ros2web build --build-base /home/ws/roarm_ws_em0/build/ros2web/build install --record /home/ws/roarm_ws_em0/build/ros2web/install.log --single-version-externally-managed install_data
[0.602s] running egg_info
[0.602s] writing ../../../../build/ros2web/ros2web.egg-info/PKG-INFO
[0.602s] writing dependency_links to ../../../../build/ros2web/ros2web.egg-info/dependency_links.txt
[0.603s] writing entry points to ../../../../build/ros2web/ros2web.egg-info/entry_points.txt
[0.603s] writing requirements to ../../../../build/ros2web/ros2web.egg-info/requires.txt
[0.604s] writing top-level names to ../../../../build/ros2web/ros2web.egg-info/top_level.txt
[0.605s] reading manifest file '../../../../build/ros2web/ros2web.egg-info/SOURCES.txt'
[0.606s] writing manifest file '../../../../build/ros2web/ros2web.egg-info/SOURCES.txt'
[0.606s] running build
[0.606s] running build_py
[0.608s] running install
[0.608s] running install_lib
[0.612s] running install_data
[0.612s] running install_egg_info
[0.612s] removing '/home/ws/roarm_ws_em0/install/ros2web/lib/python3.10/site-packages/ros2web-0.0.1-py3.10.egg-info' (and everything under it)
[0.612s] Copying ../../../../build/ros2web/ros2web.egg-info to /home/ws/roarm_ws_em0/install/ros2web/lib/python3.10/site-packages/ros2web-0.0.1-py3.10.egg-info
[0.612s] running install_scripts
[0.624s] writing list of installed files to '/home/ws/roarm_ws_em0/build/ros2web/install.log'
[0.640s] Invoked command in '/home/ws/roarm_ws_em0/src/roarm_else/ros2web-ros2/ros2web' returned '0': PYTHONPATH=/home/ws/roarm_ws_em0/build/ros2web/prefix_override:/usr/lib/python3/dist-packages/colcon_core/task/python/colcon_distutils_commands:/home/ws/roarm_ws_em0/install/ros2web/lib/python3.10/site-packages:${PYTHONPATH} /usr/bin/python3 -W ignore:setup.py install is deprecated setup.py egg_info --egg-base ../../../../build/ros2web build --build-base /home/ws/roarm_ws_em0/build/ros2web/build install --record /home/ws/roarm_ws_em0/build/ros2web/install.log --single-version-externally-managed install_data
