[0.459s] Invoking command in '/home/ws/roarm_ws_em0/src/roarm_main/img_converter_pub': PYTHONPATH=/home/ws/roarm_ws_em0/build/img_converter_pub/prefix_override:/usr/lib/python3/dist-packages/colcon_core/task/python/colcon_distutils_commands:/home/ws/roarm_ws_em0/install/img_converter_pub/lib/python3.10/site-packages:${PYTHONPATH} /usr/bin/python3 -W ignore:setup.py install is deprecated setup.py egg_info --egg-base ../../../build/img_converter_pub build --build-base /home/ws/roarm_ws_em0/build/img_converter_pub/build install --record /home/ws/roarm_ws_em0/build/img_converter_pub/install.log --single-version-externally-managed install_data
[0.624s] running egg_info
[0.624s] writing ../../../build/img_converter_pub/img_converter_pub.egg-info/PKG-INFO
[0.624s] writing dependency_links to ../../../build/img_converter_pub/img_converter_pub.egg-info/dependency_links.txt
[0.625s] writing entry points to ../../../build/img_converter_pub/img_converter_pub.egg-info/entry_points.txt
[0.625s] writing requirements to ../../../build/img_converter_pub/img_converter_pub.egg-info/requires.txt
[0.625s] writing top-level names to ../../../build/img_converter_pub/img_converter_pub.egg-info/top_level.txt
[0.626s] reading manifest file '../../../build/img_converter_pub/img_converter_pub.egg-info/SOURCES.txt'
[0.628s] adding license file 'LICENSE'
[0.628s] writing manifest file '../../../build/img_converter_pub/img_converter_pub.egg-info/SOURCES.txt'
[0.628s] running build
[0.628s] running build_py
[0.628s] running install
[0.629s] running install_lib
[0.630s] running install_data
[0.630s] running install_egg_info
[0.631s] removing '/home/ws/roarm_ws_em0/install/img_converter_pub/lib/python3.10/site-packages/img_converter_pub-0.0.0-py3.10.egg-info' (and everything under it)
[0.632s] Copying ../../../build/img_converter_pub/img_converter_pub.egg-info to /home/ws/roarm_ws_em0/install/img_converter_pub/lib/python3.10/site-packages/img_converter_pub-0.0.0-py3.10.egg-info
[0.632s] running install_scripts
[0.645s] Installing img_converter_pub script to /home/ws/roarm_ws_em0/install/img_converter_pub/lib/img_converter_pub
[0.647s] writing list of installed files to '/home/ws/roarm_ws_em0/build/img_converter_pub/install.log'
[0.663s] Invoked command in '/home/ws/roarm_ws_em0/src/roarm_main/img_converter_pub' returned '0': PYTHONPATH=/home/ws/roarm_ws_em0/build/img_converter_pub/prefix_override:/usr/lib/python3/dist-packages/colcon_core/task/python/colcon_distutils_commands:/home/ws/roarm_ws_em0/install/img_converter_pub/lib/python3.10/site-packages:${PYTHONPATH} /usr/bin/python3 -W ignore:setup.py install is deprecated setup.py egg_info --egg-base ../../../build/img_converter_pub build --build-base /home/ws/roarm_ws_em0/build/img_converter_pub/build install --record /home/ws/roarm_ws_em0/build/img_converter_pub/install.log --single-version-externally-managed install_data
