[0.065s] DEBUG:colcon:Command line arguments: ['/usr/bin/colcon', 'list']
[0.065s] DEBUG:colcon:Parsed command line arguments: Namespace(log_base=None, log_level=None, verb_name='list', build_base='build', ignore_user_meta=False, metas=['./colcon.meta'], base_paths=['.'], packages_ignore=None, packages_ignore_regex=None, paths=None, packages_up_to=None, packages_up_to_regex=None, packages_above=None, packages_above_and_dependencies=None, packages_above_depth=None, packages_select_by_dep=None, packages_skip_by_dep=None, packages_skip_up_to=None, packages_select_build_failed=False, packages_skip_build_finished=False, packages_select_test_failures=False, packages_skip_test_passed=False, packages_select=None, packages_skip=None, packages_select_regex=None, packages_skip_regex=None, packages_start=None, packages_end=None, allow_overriding=[], topological_order=False, names_only=False, paths_only=False, topological_graph=False, topological_graph_dot=False, topological_graph_density=False, topological_graph_legend=False, topological_graph_dot_cluster=False, topological_graph_dot_include_skipped=False, mixin_files=None, mixin=None, verb_parser=<colcon_mixin.mixin.mixin_argument.MixinArgumentDecorator object at 0x7f0b67a62110>, verb_extension=<colcon_package_information.verb.list.ListVerb object at 0x7f0b67a61180>, main=<bound method ListVerb.main of <colcon_package_information.verb.list.ListVerb object at 0x7f0b67a61180>>, mixin_verb=('list',))
[0.215s] Level 1:colcon.colcon_core.package_discovery:discover_packages(colcon_meta) check parameters
[0.215s] Level 1:colcon.colcon_core.package_discovery:discover_packages(recursive) check parameters
[0.216s] Level 1:colcon.colcon_core.package_discovery:discover_packages(ignore) check parameters
[0.216s] Level 1:colcon.colcon_core.package_discovery:discover_packages(path) check parameters
[0.216s] Level 1:colcon.colcon_core.package_discovery:discover_packages(colcon_meta) discover
[0.216s] Level 1:colcon.colcon_core.package_discovery:discover_packages(recursive) discover
[0.216s] INFO:colcon.colcon_core.package_discovery:Crawling recursively for packages in '/home/ws/roarm_ws_em0/src/roarm_main'
[0.216s] Level 1:colcon.colcon_core.package_identification:_identify(.) by extensions ['ignore', 'ignore_ament_install']
[0.216s] Level 1:colcon.colcon_core.package_identification:_identify(.) by extension 'ignore'
[0.216s] Level 1:colcon.colcon_core.package_identification:_identify(.) by extension 'ignore_ament_install'
[0.216s] Level 1:colcon.colcon_core.package_identification:_identify(.) by extensions ['colcon_pkg']
[0.216s] Level 1:colcon.colcon_core.package_identification:_identify(.) by extension 'colcon_pkg'
[0.216s] Level 1:colcon.colcon_core.package_identification:_identify(.) by extensions ['colcon_meta']
[0.216s] Level 1:colcon.colcon_core.package_identification:_identify(.) by extension 'colcon_meta'
[0.216s] Level 1:colcon.colcon_core.package_identification:_identify(.) by extensions ['ros']
[0.216s] Level 1:colcon.colcon_core.package_identification:_identify(.) by extension 'ros'
[0.224s] Level 1:colcon.colcon_core.package_identification:_identify(.) by extensions ['cmake', 'python']
[0.224s] Level 1:colcon.colcon_core.package_identification:_identify(.) by extension 'cmake'
[0.224s] Level 1:colcon.colcon_core.package_identification:_identify(.) by extension 'python'
[0.224s] Level 1:colcon.colcon_core.package_identification:_identify(.) by extensions ['python_setup_py']
[0.224s] Level 1:colcon.colcon_core.package_identification:_identify(.) by extension 'python_setup_py'
[0.224s] Level 1:colcon.colcon_core.package_identification:_identify(log) by extensions ['ignore', 'ignore_ament_install']
[0.224s] Level 1:colcon.colcon_core.package_identification:_identify(log) by extension 'ignore'
[0.224s] Level 1:colcon.colcon_core.package_identification:_identify(log) ignored
[0.224s] Level 1:colcon.colcon_core.package_identification:_identify(manual_move_action) by extensions ['ignore', 'ignore_ament_install']
[0.224s] Level 1:colcon.colcon_core.package_identification:_identify(manual_move_action) by extension 'ignore'
[0.224s] Level 1:colcon.colcon_core.package_identification:_identify(manual_move_action) by extension 'ignore_ament_install'
[0.224s] Level 1:colcon.colcon_core.package_identification:_identify(manual_move_action) by extensions ['colcon_pkg']
[0.224s] Level 1:colcon.colcon_core.package_identification:_identify(manual_move_action) by extension 'colcon_pkg'
[0.224s] Level 1:colcon.colcon_core.package_identification:_identify(manual_move_action) by extensions ['colcon_meta']
[0.224s] Level 1:colcon.colcon_core.package_identification:_identify(manual_move_action) by extension 'colcon_meta'
[0.224s] Level 1:colcon.colcon_core.package_identification:_identify(manual_move_action) by extensions ['ros']
[0.224s] Level 1:colcon.colcon_core.package_identification:_identify(manual_move_action) by extension 'ros'
[0.226s] DEBUG:colcon.colcon_core.package_identification:Package 'manual_move_action' with type 'ros.ament_cmake' and name 'manual_move_action'
[0.226s] Level 1:colcon.colcon_core.package_identification:_identify(moveit_servo) by extensions ['ignore', 'ignore_ament_install']
[0.226s] Level 1:colcon.colcon_core.package_identification:_identify(moveit_servo) by extension 'ignore'
[0.226s] Level 1:colcon.colcon_core.package_identification:_identify(moveit_servo) by extension 'ignore_ament_install'
[0.226s] Level 1:colcon.colcon_core.package_identification:_identify(moveit_servo) by extensions ['colcon_pkg']
[0.226s] Level 1:colcon.colcon_core.package_identification:_identify(moveit_servo) by extension 'colcon_pkg'
[0.226s] Level 1:colcon.colcon_core.package_identification:_identify(moveit_servo) by extensions ['colcon_meta']
[0.226s] Level 1:colcon.colcon_core.package_identification:_identify(moveit_servo) by extension 'colcon_meta'
[0.226s] Level 1:colcon.colcon_core.package_identification:_identify(moveit_servo) by extensions ['ros']
[0.226s] Level 1:colcon.colcon_core.package_identification:_identify(moveit_servo) by extension 'ros'
[0.227s] DEBUG:colcon.colcon_core.package_identification:Package 'moveit_servo' with type 'ros.ament_cmake' and name 'moveit_servo'
[0.227s] Level 1:colcon.colcon_core.package_identification:_identify(roarm_description) by extensions ['ignore', 'ignore_ament_install']
[0.228s] Level 1:colcon.colcon_core.package_identification:_identify(roarm_description) by extension 'ignore'
[0.228s] Level 1:colcon.colcon_core.package_identification:_identify(roarm_description) by extension 'ignore_ament_install'
[0.228s] Level 1:colcon.colcon_core.package_identification:_identify(roarm_description) by extensions ['colcon_pkg']
[0.228s] Level 1:colcon.colcon_core.package_identification:_identify(roarm_description) by extension 'colcon_pkg'
[0.228s] Level 1:colcon.colcon_core.package_identification:_identify(roarm_description) by extensions ['colcon_meta']
[0.228s] Level 1:colcon.colcon_core.package_identification:_identify(roarm_description) by extension 'colcon_meta'
[0.228s] Level 1:colcon.colcon_core.package_identification:_identify(roarm_description) by extensions ['ros']
[0.228s] Level 1:colcon.colcon_core.package_identification:_identify(roarm_description) by extension 'ros'
[0.228s] DEBUG:colcon.colcon_core.package_identification:Package 'roarm_description' with type 'ros.ament_cmake' and name 'roarm_description'
[0.228s] Level 1:colcon.colcon_core.package_identification:_identify(roarm_driver) by extensions ['ignore', 'ignore_ament_install']
[0.228s] Level 1:colcon.colcon_core.package_identification:_identify(roarm_driver) by extension 'ignore'
[0.228s] Level 1:colcon.colcon_core.package_identification:_identify(roarm_driver) by extension 'ignore_ament_install'
[0.228s] Level 1:colcon.colcon_core.package_identification:_identify(roarm_driver) by extensions ['colcon_pkg']
[0.228s] Level 1:colcon.colcon_core.package_identification:_identify(roarm_driver) by extension 'colcon_pkg'
[0.228s] Level 1:colcon.colcon_core.package_identification:_identify(roarm_driver) by extensions ['colcon_meta']
[0.228s] Level 1:colcon.colcon_core.package_identification:_identify(roarm_driver) by extension 'colcon_meta'
[0.228s] Level 1:colcon.colcon_core.package_identification:_identify(roarm_driver) by extensions ['ros']
[0.228s] Level 1:colcon.colcon_core.package_identification:_identify(roarm_driver) by extension 'ros'
[0.229s] DEBUG:colcon.colcon_core.package_identification:Package 'roarm_driver' with type 'ros.ament_python' and name 'roarm_driver'
[0.229s] Level 1:colcon.colcon_core.package_identification:_identify(roarm_moveit) by extensions ['ignore', 'ignore_ament_install']
[0.229s] Level 1:colcon.colcon_core.package_identification:_identify(roarm_moveit) by extension 'ignore'
[0.229s] Level 1:colcon.colcon_core.package_identification:_identify(roarm_moveit) by extension 'ignore_ament_install'
[0.229s] Level 1:colcon.colcon_core.package_identification:_identify(roarm_moveit) by extensions ['colcon_pkg']
[0.229s] Level 1:colcon.colcon_core.package_identification:_identify(roarm_moveit) by extension 'colcon_pkg'
[0.229s] Level 1:colcon.colcon_core.package_identification:_identify(roarm_moveit) by extensions ['colcon_meta']
[0.229s] Level 1:colcon.colcon_core.package_identification:_identify(roarm_moveit) by extension 'colcon_meta'
[0.229s] Level 1:colcon.colcon_core.package_identification:_identify(roarm_moveit) by extensions ['ros']
[0.229s] Level 1:colcon.colcon_core.package_identification:_identify(roarm_moveit) by extension 'ros'
[0.229s] DEBUG:colcon.colcon_core.package_identification:Package 'roarm_moveit' with type 'ros.ament_cmake' and name 'roarm_moveit'
[0.230s] Level 1:colcon.colcon_core.package_identification:_identify(roarm_moveit_cmd) by extensions ['ignore', 'ignore_ament_install']
[0.230s] Level 1:colcon.colcon_core.package_identification:_identify(roarm_moveit_cmd) by extension 'ignore'
[0.230s] Level 1:colcon.colcon_core.package_identification:_identify(roarm_moveit_cmd) by extension 'ignore_ament_install'
[0.230s] Level 1:colcon.colcon_core.package_identification:_identify(roarm_moveit_cmd) by extensions ['colcon_pkg']
[0.230s] Level 1:colcon.colcon_core.package_identification:_identify(roarm_moveit_cmd) by extension 'colcon_pkg'
[0.230s] Level 1:colcon.colcon_core.package_identification:_identify(roarm_moveit_cmd) by extensions ['colcon_meta']
[0.230s] Level 1:colcon.colcon_core.package_identification:_identify(roarm_moveit_cmd) by extension 'colcon_meta'
[0.230s] Level 1:colcon.colcon_core.package_identification:_identify(roarm_moveit_cmd) by extensions ['ros']
[0.230s] Level 1:colcon.colcon_core.package_identification:_identify(roarm_moveit_cmd) by extension 'ros'
[0.231s] DEBUG:colcon.colcon_core.package_identification:Package 'roarm_moveit_cmd' with type 'ros.ament_cmake' and name 'roarm_moveit_cmd'
[0.231s] Level 1:colcon.colcon_core.package_identification:_identify(roarm_moveit_ikfast_plugins) by extensions ['ignore', 'ignore_ament_install']
[0.231s] Level 1:colcon.colcon_core.package_identification:_identify(roarm_moveit_ikfast_plugins) by extension 'ignore'
[0.231s] Level 1:colcon.colcon_core.package_identification:_identify(roarm_moveit_ikfast_plugins) by extension 'ignore_ament_install'
[0.231s] Level 1:colcon.colcon_core.package_identification:_identify(roarm_moveit_ikfast_plugins) by extensions ['colcon_pkg']
[0.231s] Level 1:colcon.colcon_core.package_identification:_identify(roarm_moveit_ikfast_plugins) by extension 'colcon_pkg'
[0.231s] Level 1:colcon.colcon_core.package_identification:_identify(roarm_moveit_ikfast_plugins) by extensions ['colcon_meta']
[0.231s] Level 1:colcon.colcon_core.package_identification:_identify(roarm_moveit_ikfast_plugins) by extension 'colcon_meta'
[0.231s] Level 1:colcon.colcon_core.package_identification:_identify(roarm_moveit_ikfast_plugins) by extensions ['ros']
[0.231s] Level 1:colcon.colcon_core.package_identification:_identify(roarm_moveit_ikfast_plugins) by extension 'ros'
[0.232s] DEBUG:colcon.colcon_core.package_identification:Package 'roarm_moveit_ikfast_plugins' with type 'ros.ament_cmake' and name 'roarm_moveit_ikfast_plugins'
[0.232s] Level 1:colcon.colcon_core.package_identification:_identify(roarm_web_app) by extensions ['ignore', 'ignore_ament_install']
[0.232s] Level 1:colcon.colcon_core.package_identification:_identify(roarm_web_app) by extension 'ignore'
[0.232s] Level 1:colcon.colcon_core.package_identification:_identify(roarm_web_app) by extension 'ignore_ament_install'
[0.232s] Level 1:colcon.colcon_core.package_identification:_identify(roarm_web_app) by extensions ['colcon_pkg']
[0.232s] Level 1:colcon.colcon_core.package_identification:_identify(roarm_web_app) by extension 'colcon_pkg'
[0.232s] Level 1:colcon.colcon_core.package_identification:_identify(roarm_web_app) by extensions ['colcon_meta']
[0.232s] Level 1:colcon.colcon_core.package_identification:_identify(roarm_web_app) by extension 'colcon_meta'
[0.232s] Level 1:colcon.colcon_core.package_identification:_identify(roarm_web_app) by extensions ['ros']
[0.232s] Level 1:colcon.colcon_core.package_identification:_identify(roarm_web_app) by extension 'ros'
[0.232s] DEBUG:colcon.colcon_core.package_identification:Package 'roarm_web_app' with type 'ros.ament_python' and name 'roarm_web_app'
[0.232s] Level 1:colcon.colcon_core.package_discovery:discover_packages(recursive) using defaults
[0.232s] Level 1:colcon.colcon_core.package_discovery:discover_packages(ignore) discover
[0.232s] Level 1:colcon.colcon_core.package_discovery:discover_packages(ignore) using defaults
[0.232s] Level 1:colcon.colcon_core.package_discovery:discover_packages(path) discover
[0.232s] Level 1:colcon.colcon_core.package_discovery:discover_packages(path) using defaults
