[0.440s] Invoking command in '/home/ws/roarm_ws_em0/src/roarm_else/ros2web_app/examples/ros2web_widgets': AMENT_PREFIX_PATH=/home/ws/roarm_ws_em0/install/ros2web_app:/home/ws/roarm_ws_em0/install/ros2web:/home/ws/roarm_ws_em0/install/ros2web_interfaces:${AMENT_PREFIX_PATH} CMAKE_PREFIX_PATH=/home/ws/roarm_ws_em0/install/ros2web_interfaces LD_LIBRARY_PATH=/home/ws/roarm_ws_em0/install/ros2web_interfaces/lib:${LD_LIBRARY_PATH} PYTHONPATH=/home/ws/roarm_ws_em0/build/ros2web_widgets/prefix_override:/usr/lib/python3/dist-packages/colcon_core/task/python/colcon_distutils_commands:/home/ws/roarm_ws_em0/install/ros2web_widgets/lib/python3.10/site-packages:/home/ws/roarm_ws_em0/install/ros2web_app/lib/python3.10/site-packages:/home/ws/roarm_ws_em0/install/ros2web/lib/python3.10/site-packages:/home/ws/roarm_ws_em0/install/ros2web_interfaces/local/lib/python3.10/dist-packages:${PYTHONPATH} /usr/bin/python3 -W ignore:setup.py install is deprecated setup.py egg_info --egg-base ../../../../../build/ros2web_widgets build --build-base /home/ws/roarm_ws_em0/build/ros2web_widgets/build install --record /home/ws/roarm_ws_em0/build/ros2web_widgets/install.log --single-version-externally-managed install_data
[0.600s] running egg_info
[0.600s] creating ../../../../../build/ros2web_widgets/ros2web_widgets.egg-info
[0.601s] writing ../../../../../build/ros2web_widgets/ros2web_widgets.egg-info/PKG-INFO
[0.601s] writing dependency_links to ../../../../../build/ros2web_widgets/ros2web_widgets.egg-info/dependency_links.txt
[0.601s] writing entry points to ../../../../../build/ros2web_widgets/ros2web_widgets.egg-info/entry_points.txt
[0.601s] writing requirements to ../../../../../build/ros2web_widgets/ros2web_widgets.egg-info/requires.txt
[0.602s] writing top-level names to ../../../../../build/ros2web_widgets/ros2web_widgets.egg-info/top_level.txt
[0.602s] writing manifest file '../../../../../build/ros2web_widgets/ros2web_widgets.egg-info/SOURCES.txt'
[0.604s] reading manifest file '../../../../../build/ros2web_widgets/ros2web_widgets.egg-info/SOURCES.txt'
[0.605s] writing manifest file '../../../../../build/ros2web_widgets/ros2web_widgets.egg-info/SOURCES.txt'
[0.605s] running build
[0.605s] running build_py
[0.605s] creating /home/ws/roarm_ws_em0/build/ros2web_widgets/build
[0.605s] creating /home/ws/roarm_ws_em0/build/ros2web_widgets/build/lib
[0.605s] creating /home/ws/roarm_ws_em0/build/ros2web_widgets/build/lib/ros2web_widgets
[0.605s] copying ros2web_widgets/widgets.py -> /home/ws/roarm_ws_em0/build/ros2web_widgets/build/lib/ros2web_widgets
[0.605s] copying ros2web_widgets/__init__.py -> /home/ws/roarm_ws_em0/build/ros2web_widgets/build/lib/ros2web_widgets
[0.606s] running install
[0.606s] running install_lib
[0.607s] creating /home/ws/roarm_ws_em0/install/ros2web_widgets/lib/python3.10/site-packages/ros2web_widgets
[0.607s] copying /home/ws/roarm_ws_em0/build/ros2web_widgets/build/lib/ros2web_widgets/widgets.py -> /home/ws/roarm_ws_em0/install/ros2web_widgets/lib/python3.10/site-packages/ros2web_widgets
[0.607s] copying /home/ws/roarm_ws_em0/build/ros2web_widgets/build/lib/ros2web_widgets/__init__.py -> /home/ws/roarm_ws_em0/install/ros2web_widgets/lib/python3.10/site-packages/ros2web_widgets
[0.608s] byte-compiling /home/ws/roarm_ws_em0/install/ros2web_widgets/lib/python3.10/site-packages/ros2web_widgets/widgets.py to widgets.cpython-310.pyc
[0.608s] byte-compiling /home/ws/roarm_ws_em0/install/ros2web_widgets/lib/python3.10/site-packages/ros2web_widgets/__init__.py to __init__.cpython-310.pyc
[0.608s] running install_data
[0.609s] creating /home/ws/roarm_ws_em0/install/ros2web_widgets/share/ament_index
[0.609s] creating /home/ws/roarm_ws_em0/install/ros2web_widgets/share/ament_index/resource_index
[0.609s] creating /home/ws/roarm_ws_em0/install/ros2web_widgets/share/ament_index/resource_index/packages
[0.609s] copying resource/ros2web_widgets -> /home/ws/roarm_ws_em0/install/ros2web_widgets/share/ament_index/resource_index/packages
[0.609s] copying package.xml -> /home/ws/roarm_ws_em0/install/ros2web_widgets/share/ros2web_widgets
[0.609s] running install_egg_info
[0.612s] Copying ../../../../../build/ros2web_widgets/ros2web_widgets.egg-info to /home/ws/roarm_ws_em0/install/ros2web_widgets/lib/python3.10/site-packages/ros2web_widgets-0.0.0-py3.10.egg-info
[0.613s] running install_scripts
[0.635s] Installing widgets script to /home/ws/roarm_ws_em0/install/ros2web_widgets/lib/ros2web_widgets
[0.635s] writing list of installed files to '/home/ws/roarm_ws_em0/build/ros2web_widgets/install.log'
[0.653s] Invoked command in '/home/ws/roarm_ws_em0/src/roarm_else/ros2web_app/examples/ros2web_widgets' returned '0': AMENT_PREFIX_PATH=/home/ws/roarm_ws_em0/install/ros2web_app:/home/ws/roarm_ws_em0/install/ros2web:/home/ws/roarm_ws_em0/install/ros2web_interfaces:${AMENT_PREFIX_PATH} CMAKE_PREFIX_PATH=/home/ws/roarm_ws_em0/install/ros2web_interfaces LD_LIBRARY_PATH=/home/ws/roarm_ws_em0/install/ros2web_interfaces/lib:${LD_LIBRARY_PATH} PYTHONPATH=/home/ws/roarm_ws_em0/build/ros2web_widgets/prefix_override:/usr/lib/python3/dist-packages/colcon_core/task/python/colcon_distutils_commands:/home/ws/roarm_ws_em0/install/ros2web_widgets/lib/python3.10/site-packages:/home/ws/roarm_ws_em0/install/ros2web_app/lib/python3.10/site-packages:/home/ws/roarm_ws_em0/install/ros2web/lib/python3.10/site-packages:/home/ws/roarm_ws_em0/install/ros2web_interfaces/local/lib/python3.10/dist-packages:${PYTHONPATH} /usr/bin/python3 -W ignore:setup.py install is deprecated setup.py egg_info --egg-base ../../../../../build/ros2web_widgets build --build-base /home/ws/roarm_ws_em0/build/ros2web_widgets/build install --record /home/ws/roarm_ws_em0/build/ros2web_widgets/install.log --single-version-externally-managed install_data
