running egg_info
writing ../../../build/img_converter_pub/img_converter_pub.egg-info/PKG-INFO
writing dependency_links to ../../../build/img_converter_pub/img_converter_pub.egg-info/dependency_links.txt
writing entry points to ../../../build/img_converter_pub/img_converter_pub.egg-info/entry_points.txt
writing requirements to ../../../build/img_converter_pub/img_converter_pub.egg-info/requires.txt
writing top-level names to ../../../build/img_converter_pub/img_converter_pub.egg-info/top_level.txt
reading manifest file '../../../build/img_converter_pub/img_converter_pub.egg-info/SOURCES.txt'
adding license file 'LICENSE'
writing manifest file '../../../build/img_converter_pub/img_converter_pub.egg-info/SOURCES.txt'
running build
running build_py
running install
running install_lib
running install_data
running install_egg_info
removing '/home/ws/roarm_ws_em0/install/img_converter_pub/lib/python3.10/site-packages/img_converter_pub-0.0.0-py3.10.egg-info' (and everything under it)
Copying ../../../build/img_converter_pub/img_converter_pub.egg-info to /home/ws/roarm_ws_em0/install/img_converter_pub/lib/python3.10/site-packages/img_converter_pub-0.0.0-py3.10.egg-info
running install_scripts
Installing img_converter_pub script to /home/ws/roarm_ws_em0/install/img_converter_pub/lib/img_converter_pub
writing list of installed files to '/home/ws/roarm_ws_em0/build/img_converter_pub/install.log'
