[0.017s] Invoking command in '/home/ws/roarm_ws_em0/build/roarm_description': CMAKE_PREFIX_PATH=${CMAKE_PREFIX_PATH}:/opt/ros/humble /usr/bin/cmake /home/ws/roarm_ws_em0/src/roarm_main/roarm_description -DAMENT_CMAKE_SYMLINK_INSTALL=1 -DCMAKE_INSTALL_PREFIX=/home/ws/roarm_ws_em0/install/roarm_description
[0.026s] -- Found ament_cmake: 1.3.10 (/opt/ros/humble/share/ament_cmake/cmake)
[0.134s] -- Override CMake install command with custom implementation using symlinks instead of copying resources
[0.147s] -- Found ament_lint_auto: 0.12.11 (/opt/ros/humble/share/ament_lint_auto/cmake)
[0.203s] -- Added test 'flake8' to check Python code syntax and style conventions
[0.203s] -- Added test 'lint_cmake' to check CMake code style
[0.203s] -- Added test 'pep257' to check Python code against some of the docstring style conventions in PEP 257
[0.204s] -- Added test 'xmllint' to check XML markup files
[0.205s] -- Configuring done
[0.212s] -- Generating done
[0.215s] -- Build files have been written to: /home/ws/roarm_ws_em0/build/roarm_description
[0.217s] Invoked command in '/home/ws/roarm_ws_em0/build/roarm_description' returned '0': CMAKE_PREFIX_PATH=${CMAKE_PREFIX_PATH}:/opt/ros/humble /usr/bin/cmake /home/ws/roarm_ws_em0/src/roarm_main/roarm_description -DAMENT_CMAKE_SYMLINK_INSTALL=1 -DCMAKE_INSTALL_PREFIX=/home/ws/roarm_ws_em0/install/roarm_description
[0.220s] Invoking command in '/home/ws/roarm_ws_em0/build/roarm_description': CMAKE_PREFIX_PATH=${CMAKE_PREFIX_PATH}:/opt/ros/humble /usr/bin/cmake --build /home/ws/roarm_ws_em0/build/roarm_description -- -j4 -l4
[0.260s] Invoked command in '/home/ws/roarm_ws_em0/build/roarm_description' returned '0': CMAKE_PREFIX_PATH=${CMAKE_PREFIX_PATH}:/opt/ros/humble /usr/bin/cmake --build /home/ws/roarm_ws_em0/build/roarm_description -- -j4 -l4
[0.303s] Invoking command in '/home/ws/roarm_ws_em0/build/roarm_description': CMAKE_PREFIX_PATH=${CMAKE_PREFIX_PATH}:/opt/ros/humble /usr/bin/cmake --install /home/ws/roarm_ws_em0/build/roarm_description
[0.311s] -- Install configuration: ""
[0.311s] -- Execute custom install script
[0.312s] -- Symlinking: /home/ws/roarm_ws_em0/install/roarm_description/share/roarm_description/config/joint_names_roarm.yaml
[0.320s] -- Symlinking: /home/ws/roarm_ws_em0/install/roarm_description/share/roarm_description/config/roarm_description.rviz
[0.331s] -- Symlinking: /home/ws/roarm_ws_em0/install/roarm_description/share/roarm_description/launch/display.launch.py
[0.339s] -- Symlinking: /home/ws/roarm_ws_em0/install/roarm_description/share/roarm_description/meshes/base_link.STL
[0.347s] -- Symlinking: /home/ws/roarm_ws_em0/install/roarm_description/share/roarm_description/meshes/gripper_link.STL
[0.356s] -- Symlinking: /home/ws/roarm_ws_em0/install/roarm_description/share/roarm_description/meshes/link1.STL
[0.365s] -- Symlinking: /home/ws/roarm_ws_em0/install/roarm_description/share/roarm_description/meshes/link2.STL
[0.372s] -- Symlinking: /home/ws/roarm_ws_em0/install/roarm_description/share/roarm_description/meshes/link3.STL
[0.381s] -- Symlinking: /home/ws/roarm_ws_em0/install/roarm_description/share/roarm_description/urdf/roarm_description.csv
[0.389s] -- Symlinking: /home/ws/roarm_ws_em0/install/roarm_description/share/roarm_description/urdf/roarm_description.urdf
[0.409s] -- Symlinking: /home/ws/roarm_ws_em0/install/roarm_description/share/roarm_description/urdf/roarm_description_web_app.urdf
[0.413s] -- Symlinking: /home/ws/roarm_ws_em0/install/roarm_description/share/ament_index/resource_index/package_run_dependencies/roarm_description
[0.450s] -- Symlinking: /home/ws/roarm_ws_em0/install/roarm_description/share/ament_index/resource_index/parent_prefix_path/roarm_description
[0.461s] -- Symlinking: /home/ws/roarm_ws_em0/install/roarm_description/share/roarm_description/environment/ament_prefix_path.sh
[0.461s] -- Symlinking: /home/ws/roarm_ws_em0/install/roarm_description/share/roarm_description/environment/ament_prefix_path.dsv
[0.461s] -- Symlinking: /home/ws/roarm_ws_em0/install/roarm_description/share/roarm_description/environment/path.sh
[0.461s] -- Symlinking: /home/ws/roarm_ws_em0/install/roarm_description/share/roarm_description/environment/path.dsv
[0.470s] -- Symlinking: /home/ws/roarm_ws_em0/install/roarm_description/share/roarm_description/local_setup.bash
[0.479s] -- Symlinking: /home/ws/roarm_ws_em0/install/roarm_description/share/roarm_description/local_setup.sh
[0.500s] -- Symlinking: /home/ws/roarm_ws_em0/install/roarm_description/share/roarm_description/local_setup.zsh
[0.500s] -- Symlinking: /home/ws/roarm_ws_em0/install/roarm_description/share/roarm_description/local_setup.dsv
[0.508s] -- Symlinking: /home/ws/roarm_ws_em0/install/roarm_description/share/roarm_description/package.dsv
[0.519s] -- Symlinking: /home/ws/roarm_ws_em0/install/roarm_description/share/ament_index/resource_index/packages/roarm_description
[0.528s] -- Symlinking: /home/ws/roarm_ws_em0/install/roarm_description/share/roarm_description/cmake/roarm_descriptionConfig.cmake
[0.535s] -- Symlinking: /home/ws/roarm_ws_em0/install/roarm_description/share/roarm_description/cmake/roarm_descriptionConfig-version.cmake
[0.546s] -- Symlinking: /home/ws/roarm_ws_em0/install/roarm_description/share/roarm_description/package.xml
[0.558s] Invoked command in '/home/ws/roarm_ws_em0/build/roarm_description' returned '0': CMAKE_PREFIX_PATH=${CMAKE_PREFIX_PATH}:/opt/ros/humble /usr/bin/cmake --install /home/ws/roarm_ws_em0/build/roarm_description
