[0.022s] Invoking command in '/home/ws/roarm_ws_em0/build/roarm_moveit': CMAKE_PREFIX_PATH=/home/ws/roarm_ws_em0/install/roarm_description:/home/ws/roarm_ws_em0/install/manual_move_action:/home/ws/roarm_ws_em0/install/roarm_moveit:/opt/ros/humble /usr/bin/cmake /home/ws/roarm_ws_em0/src/roarm_main/roarm_moveit -DAMENT_CMAKE_SYMLINK_INSTALL=1 -DCMAKE_INSTALL_PREFIX=/home/ws/roarm_ws_em0/install/roarm_moveit
[0.082s] -- The C compiler identification is GNU 11.4.0
[0.133s] -- The CXX compiler identification is GNU 11.4.0
[0.140s] -- Detecting C compiler ABI info
[0.214s] -- Detecting C compiler ABI info - done
[0.219s] -- Check for working C compiler: /usr/bin/cc - skipped
[0.219s] -- Detecting C compile features
[0.219s] -- Detecting C compile features - done
[0.222s] -- Detecting CXX compiler ABI info
[0.304s] -- Detecting CXX compiler ABI info - done
[0.309s] -- Check for working CXX compiler: /usr/bin/c++ - skipped
[0.309s] -- Detecting CXX compile features
[0.310s] -- Detecting CXX compile features - done
[0.311s] -- Found ament_cmake: 1.3.10 (/opt/ros/humble/share/ament_cmake/cmake)
[0.423s] -- Found Python3: /usr/bin/python3 (found version "3.10.12") found components: Interpreter 
[0.478s] -- Override CMake install command with custom implementation using symlinks instead of copying resources
[0.500s] -- Found rosidl_default_generators: 1.2.0 (/opt/ros/humble/share/rosidl_default_generators/cmake)
[0.500s] -- Using all available rosidl_typesupport_c: rosidl_typesupport_fastrtps_c;rosidl_typesupport_introspection_c
[0.507s] -- Found rosidl_adapter: 3.1.5 (/opt/ros/humble/share/rosidl_adapter/cmake)
[0.527s] -- Using all available rosidl_typesupport_cpp: rosidl_typesupport_fastrtps_cpp;rosidl_typesupport_introspection_cpp
[0.734s] -- Found ament_cmake_ros: 0.10.0 (/opt/ros/humble/share/ament_cmake_ros/cmake)
[0.863s] -- Using all available rosidl_typesupport_c: rosidl_typesupport_fastrtps_c;rosidl_typesupport_introspection_c
[1.055s] -- Using all available rosidl_typesupport_cpp: rosidl_typesupport_fastrtps_cpp;rosidl_typesupport_introspection_cpp
[1.073s] -- Found PythonInterp: /usr/bin/python3 (found suitable version "3.10.12", minimum required is "3.6") 
[1.073s] -- Found python_cmake_module: 0.10.0 (/opt/ros/humble/share/python_cmake_module/cmake)
[1.092s] -- Found PythonLibs: /usr/lib/x86_64-linux-gnu/libpython3.10.so (found suitable version "3.10.12", minimum required is "3.5") 
[1.092s] -- Using PYTHON_EXECUTABLE: /usr/bin/python3
[1.093s] -- Using PYTHON_INCLUDE_DIRS: /usr/include/python3.10
[1.093s] -- Using PYTHON_LIBRARIES: /usr/lib/x86_64-linux-gnu/libpython3.10.so
[1.111s] -- Found PythonExtra: .so  
[1.146s] -- Configuring done
[1.170s] -- Generating done
[1.172s] -- Build files have been written to: /home/ws/roarm_ws_em0/build/roarm_moveit
[1.182s] Invoked command in '/home/ws/roarm_ws_em0/build/roarm_moveit' returned '0': CMAKE_PREFIX_PATH=/home/ws/roarm_ws_em0/install/roarm_description:/home/ws/roarm_ws_em0/install/manual_move_action:/home/ws/roarm_ws_em0/install/roarm_moveit:/opt/ros/humble /usr/bin/cmake /home/ws/roarm_ws_em0/src/roarm_main/roarm_moveit -DAMENT_CMAKE_SYMLINK_INSTALL=1 -DCMAKE_INSTALL_PREFIX=/home/ws/roarm_ws_em0/install/roarm_moveit
[1.182s] Invoking command in '/home/ws/roarm_ws_em0/build/roarm_moveit': CMAKE_PREFIX_PATH=/home/ws/roarm_ws_em0/install/roarm_description:/home/ws/roarm_ws_em0/install/manual_move_action:/home/ws/roarm_ws_em0/install/roarm_moveit:/opt/ros/humble /usr/bin/cmake --build /home/ws/roarm_ws_em0/build/roarm_moveit -- -j4 -l4
[1.223s] [  2%] [34m[1mGenerating C code for ROS interfaces[0m
[1.235s] [  4%] [34m[1mGenerating C++ code for ROS interfaces[0m
[1.245s] [  4%] Built target ament_cmake_python_symlink_roarm_moveit
[1.444s] running egg_info
[1.444s] creating roarm_moveit.egg-info
[1.445s] writing roarm_moveit.egg-info/PKG-INFO
[1.445s] writing dependency_links to roarm_moveit.egg-info/dependency_links.txt
[1.448s] writing top-level names to roarm_moveit.egg-info/top_level.txt
[1.448s] writing manifest file 'roarm_moveit.egg-info/SOURCES.txt'
[1.448s] reading manifest file 'roarm_moveit.egg-info/SOURCES.txt'
[1.448s] writing manifest file 'roarm_moveit.egg-info/SOURCES.txt'
[1.470s] [  4%] Built target ament_cmake_python_build_roarm_moveit_egg
[1.680s] [  6%] [32mBuilding C object CMakeFiles/roarm_moveit__rosidl_generator_c.dir/rosidl_generator_c/roarm_moveit/srv/detail/get_pose_cmd__functions.c.o[0m
[1.684s] [  8%] [32mBuilding C object CMakeFiles/roarm_moveit__rosidl_generator_c.dir/rosidl_generator_c/roarm_moveit/srv/detail/move_point_cmd__functions.c.o[0m
[1.688s] [ 10%] [32mBuilding C object CMakeFiles/roarm_moveit__rosidl_generator_c.dir/rosidl_generator_c/roarm_moveit/srv/detail/move_circle_cmd__functions.c.o[0m
[1.688s] [ 10%] Built target roarm_moveit__cpp
[1.712s] [ 12%] [34m[1mGenerating C++ type support dispatch for ROS interfaces[0m
[1.733s] [ 14%] [34m[1mGenerating C++ type support for eProsima Fast-RTPS[0m
[1.736s] [ 17%] [34m[1mGenerating C++ introspection for ROS interfaces[0m
[1.737s] [ 19%] [32m[1mLinking C shared library libroarm_moveit__rosidl_generator_c.so[0m
[1.778s] [ 19%] Built target roarm_moveit__rosidl_generator_c
[1.789s] [ 21%] [34m[1mGenerating C type support for eProsima Fast-RTPS[0m
[2.111s] [ 23%] [32mBuilding CXX object CMakeFiles/roarm_moveit__rosidl_typesupport_cpp.dir/rosidl_typesupport_cpp/roarm_moveit/srv/get_pose_cmd__type_support.cpp.o[0m
[2.180s] [ 25%] [32mBuilding CXX object CMakeFiles/roarm_moveit__rosidl_typesupport_fastrtps_cpp.dir/rosidl_typesupport_fastrtps_cpp/roarm_moveit/srv/detail/dds_fastrtps/get_pose_cmd__type_support.cpp.o[0m
[2.290s] [ 27%] [32mBuilding CXX object CMakeFiles/roarm_moveit__rosidl_typesupport_introspection_cpp.dir/rosidl_typesupport_introspection_cpp/roarm_moveit/srv/detail/get_pose_cmd__type_support.cpp.o[0m
[2.303s] [ 29%] [32mBuilding CXX object CMakeFiles/roarm_moveit__rosidl_typesupport_cpp.dir/rosidl_typesupport_cpp/roarm_moveit/srv/move_point_cmd__type_support.cpp.o[0m
[2.420s] [ 31%] [32mBuilding CXX object CMakeFiles/roarm_moveit__rosidl_typesupport_fastrtps_c.dir/rosidl_typesupport_fastrtps_c/roarm_moveit/srv/detail/get_pose_cmd__type_support_c.cpp.o[0m
[2.471s] [ 34%] [32mBuilding CXX object CMakeFiles/roarm_moveit__rosidl_typesupport_fastrtps_cpp.dir/rosidl_typesupport_fastrtps_cpp/roarm_moveit/srv/detail/dds_fastrtps/move_point_cmd__type_support.cpp.o[0m
[2.545s] [ 36%] [32mBuilding CXX object CMakeFiles/roarm_moveit__rosidl_typesupport_cpp.dir/rosidl_typesupport_cpp/roarm_moveit/srv/move_circle_cmd__type_support.cpp.o[0m
[2.588s] [ 38%] [32mBuilding CXX object CMakeFiles/roarm_moveit__rosidl_typesupport_introspection_cpp.dir/rosidl_typesupport_introspection_cpp/roarm_moveit/srv/detail/move_point_cmd__type_support.cpp.o[0m
[2.708s] [ 40%] [32mBuilding CXX object CMakeFiles/roarm_moveit__rosidl_typesupport_fastrtps_c.dir/rosidl_typesupport_fastrtps_c/roarm_moveit/srv/detail/move_point_cmd__type_support_c.cpp.o[0m
[2.830s] [ 42%] [32m[1mLinking CXX shared library libroarm_moveit__rosidl_typesupport_cpp.so[0m
[2.845s] [ 44%] [32mBuilding CXX object CMakeFiles/roarm_moveit__rosidl_typesupport_fastrtps_cpp.dir/rosidl_typesupport_fastrtps_cpp/roarm_moveit/srv/detail/dds_fastrtps/move_circle_cmd__type_support.cpp.o[0m
[2.972s] [ 46%] [32mBuilding CXX object CMakeFiles/roarm_moveit__rosidl_typesupport_introspection_cpp.dir/rosidl_typesupport_introspection_cpp/roarm_moveit/srv/detail/move_circle_cmd__type_support.cpp.o[0m
[3.000s] [ 46%] Built target roarm_moveit__rosidl_typesupport_cpp
[3.015s] [ 48%] [34m[1mGenerating C introspection for ROS interfaces[0m
[3.020s] [ 51%] [32mBuilding CXX object CMakeFiles/roarm_moveit__rosidl_typesupport_fastrtps_c.dir/rosidl_typesupport_fastrtps_c/roarm_moveit/srv/detail/move_circle_cmd__type_support_c.cpp.o[0m
[3.314s] [ 53%] [32m[1mLinking CXX shared library libroarm_moveit__rosidl_typesupport_fastrtps_cpp.so[0m
[3.315s] [ 55%] [32m[1mLinking CXX shared library libroarm_moveit__rosidl_typesupport_fastrtps_c.so[0m
[3.321s] [ 57%] [32m[1mLinking CXX shared library libroarm_moveit__rosidl_typesupport_introspection_cpp.so[0m
[3.404s] [ 57%] Built target roarm_moveit__rosidl_typesupport_fastrtps_c
[3.411s] [ 57%] Built target roarm_moveit__rosidl_typesupport_introspection_cpp
[3.414s] [ 57%] Built target roarm_moveit__rosidl_typesupport_fastrtps_cpp
[3.423s] [ 59%] [34m[1mGenerating C type support dispatch for ROS interfaces[0m
[3.485s] [ 61%] [32mBuilding C object CMakeFiles/roarm_moveit__rosidl_typesupport_introspection_c.dir/rosidl_typesupport_introspection_c/roarm_moveit/srv/detail/get_pose_cmd__type_support.c.o[0m
[3.486s] [ 63%] [32mBuilding C object CMakeFiles/roarm_moveit__rosidl_typesupport_introspection_c.dir/rosidl_typesupport_introspection_c/roarm_moveit/srv/detail/move_circle_cmd__type_support.c.o[0m
[3.494s] [ 65%] [32mBuilding C object CMakeFiles/roarm_moveit__rosidl_typesupport_introspection_c.dir/rosidl_typesupport_introspection_c/roarm_moveit/srv/detail/move_point_cmd__type_support.c.o[0m
[3.556s] [ 68%] [32m[1mLinking C shared library libroarm_moveit__rosidl_typesupport_introspection_c.so[0m
[3.596s] [ 68%] Built target roarm_moveit__rosidl_typesupport_introspection_c
[3.791s] [ 70%] [32mBuilding CXX object CMakeFiles/roarm_moveit__rosidl_typesupport_c.dir/rosidl_typesupport_c/roarm_moveit/srv/move_point_cmd__type_support.cpp.o[0m
[3.795s] [ 72%] [32mBuilding CXX object CMakeFiles/roarm_moveit__rosidl_typesupport_c.dir/rosidl_typesupport_c/roarm_moveit/srv/get_pose_cmd__type_support.cpp.o[0m
[3.815s] [ 74%] [32mBuilding CXX object CMakeFiles/roarm_moveit__rosidl_typesupport_c.dir/rosidl_typesupport_c/roarm_moveit/srv/move_circle_cmd__type_support.cpp.o[0m
[3.855s] [ 76%] [32m[1mLinking CXX shared library libroarm_moveit__rosidl_typesupport_c.so[0m
[3.895s] [ 76%] Built target roarm_moveit__rosidl_typesupport_c
[3.923s] [ 76%] Built target roarm_moveit
[3.942s] [ 78%] [34m[1mGenerating Python code for ROS interfaces[0m
[4.503s] [ 78%] Built target roarm_moveit__py
[4.523s] [ 80%] [32mBuilding C object CMakeFiles/roarm_moveit__rosidl_generator_py.dir/rosidl_generator_py/roarm_moveit/srv/_get_pose_cmd_s.c.o[0m
[4.524s] [ 82%] [32mBuilding C object CMakeFiles/roarm_moveit__rosidl_generator_py.dir/rosidl_generator_py/roarm_moveit/srv/_move_circle_cmd_s.c.o[0m
[4.524s] [ 85%] [32mBuilding C object CMakeFiles/roarm_moveit__rosidl_generator_py.dir/rosidl_generator_py/roarm_moveit/srv/_move_point_cmd_s.c.o[0m
[4.593s] [ 87%] [32m[1mLinking C shared library rosidl_generator_py/roarm_moveit/libroarm_moveit__rosidl_generator_py.so[0m
[4.626s] [ 87%] Built target roarm_moveit__rosidl_generator_py
[4.700s] [ 89%] [32mBuilding C object CMakeFiles/roarm_moveit__rosidl_typesupport_c__pyext.dir/rosidl_generator_py/roarm_moveit/_roarm_moveit_s.ep.rosidl_typesupport_c.c.o[0m
[4.700s] [ 91%] [32mBuilding C object CMakeFiles/roarm_moveit__rosidl_typesupport_fastrtps_c__pyext.dir/rosidl_generator_py/roarm_moveit/_roarm_moveit_s.ep.rosidl_typesupport_fastrtps_c.c.o[0m
[4.700s] [ 93%] [32mBuilding C object CMakeFiles/roarm_moveit__rosidl_typesupport_introspection_c__pyext.dir/rosidl_generator_py/roarm_moveit/_roarm_moveit_s.ep.rosidl_typesupport_introspection_c.c.o[0m
[4.718s] [ 97%] [32m[1mLinking C shared library rosidl_generator_py/roarm_moveit/roarm_moveit_s__rosidl_typesupport_introspection_c.cpython-310-x86_64-linux-gnu.so[0m
[4.719s] [ 97%] [32m[1mLinking C shared library rosidl_generator_py/roarm_moveit/roarm_moveit_s__rosidl_typesupport_c.cpython-310-x86_64-linux-gnu.so[0m
[4.719s] [100%] [32m[1mLinking C shared library rosidl_generator_py/roarm_moveit/roarm_moveit_s__rosidl_typesupport_fastrtps_c.cpython-310-x86_64-linux-gnu.so[0m
[4.777s] [100%] Built target roarm_moveit__rosidl_typesupport_introspection_c__pyext
[4.784s] [100%] Built target roarm_moveit__rosidl_typesupport_c__pyext
[4.787s] [100%] Built target roarm_moveit__rosidl_typesupport_fastrtps_c__pyext
[4.800s] Invoked command in '/home/ws/roarm_ws_em0/build/roarm_moveit' returned '0': CMAKE_PREFIX_PATH=/home/ws/roarm_ws_em0/install/roarm_description:/home/ws/roarm_ws_em0/install/manual_move_action:/home/ws/roarm_ws_em0/install/roarm_moveit:/opt/ros/humble /usr/bin/cmake --build /home/ws/roarm_ws_em0/build/roarm_moveit -- -j4 -l4
[4.987s] Invoking command in '/home/ws/roarm_ws_em0/build/roarm_moveit': CMAKE_PREFIX_PATH=/home/ws/roarm_ws_em0/install/roarm_description:/home/ws/roarm_ws_em0/install/manual_move_action:/home/ws/roarm_ws_em0/install/roarm_moveit:/opt/ros/humble /usr/bin/cmake --install /home/ws/roarm_ws_em0/build/roarm_moveit
[4.997s] -- Install configuration: ""
[4.998s] -- Execute custom install script
[4.998s] -- Symlinking: /home/ws/roarm_ws_em0/install/roarm_moveit/share/ament_index/resource_index/rosidl_interfaces/roarm_moveit
[5.006s] -- Symlinking: /home/ws/roarm_ws_em0/install/roarm_moveit/include/roarm_moveit/roarm_moveit/msg/rosidl_generator_c__visibility_control.h
[5.013s] -- Symlinking: /home/ws/roarm_ws_em0/install/roarm_moveit/include/roarm_moveit/roarm_moveit/srv/detail/get_pose_cmd__functions.h
[5.019s] -- Symlinking: /home/ws/roarm_ws_em0/install/roarm_moveit/include/roarm_moveit/roarm_moveit/srv/detail/get_pose_cmd__struct.h
[5.026s] -- Symlinking: /home/ws/roarm_ws_em0/install/roarm_moveit/include/roarm_moveit/roarm_moveit/srv/detail/get_pose_cmd__type_support.h
[5.033s] -- Symlinking: /home/ws/roarm_ws_em0/install/roarm_moveit/include/roarm_moveit/roarm_moveit/srv/detail/move_circle_cmd__functions.h
[5.045s] -- Symlinking: /home/ws/roarm_ws_em0/install/roarm_moveit/include/roarm_moveit/roarm_moveit/srv/detail/move_circle_cmd__struct.h
[5.053s] -- Symlinking: /home/ws/roarm_ws_em0/install/roarm_moveit/include/roarm_moveit/roarm_moveit/srv/detail/move_circle_cmd__type_support.h
[5.067s] -- Symlinking: /home/ws/roarm_ws_em0/install/roarm_moveit/include/roarm_moveit/roarm_moveit/srv/detail/move_point_cmd__functions.h
[5.067s] -- Symlinking: /home/ws/roarm_ws_em0/install/roarm_moveit/include/roarm_moveit/roarm_moveit/srv/detail/move_point_cmd__struct.h
[5.074s] -- Symlinking: /home/ws/roarm_ws_em0/install/roarm_moveit/include/roarm_moveit/roarm_moveit/srv/detail/move_point_cmd__type_support.h
[5.082s] -- Symlinking: /home/ws/roarm_ws_em0/install/roarm_moveit/include/roarm_moveit/roarm_moveit/srv/get_pose_cmd.h
[5.089s] -- Symlinking: /home/ws/roarm_ws_em0/install/roarm_moveit/include/roarm_moveit/roarm_moveit/srv/move_circle_cmd.h
[5.098s] -- Symlinking: /home/ws/roarm_ws_em0/install/roarm_moveit/include/roarm_moveit/roarm_moveit/srv/move_point_cmd.h
[5.110s] -- Symlinking: /home/ws/roarm_ws_em0/install/roarm_moveit/share/roarm_moveit/environment/library_path.sh
[5.117s] -- Symlinking: /home/ws/roarm_ws_em0/install/roarm_moveit/share/roarm_moveit/environment/library_path.dsv
[5.124s] -- Symlinking: /home/ws/roarm_ws_em0/install/roarm_moveit/include/roarm_moveit/roarm_moveit/msg/rosidl_typesupport_fastrtps_c__visibility_control.h
[5.130s] -- Symlinking: /home/ws/roarm_ws_em0/install/roarm_moveit/include/roarm_moveit/roarm_moveit/srv/detail/get_pose_cmd__rosidl_typesupport_fastrtps_c.h
[5.137s] -- Symlinking: /home/ws/roarm_ws_em0/install/roarm_moveit/include/roarm_moveit/roarm_moveit/srv/detail/move_circle_cmd__rosidl_typesupport_fastrtps_c.h
[5.143s] -- Symlinking: /home/ws/roarm_ws_em0/install/roarm_moveit/include/roarm_moveit/roarm_moveit/srv/detail/move_point_cmd__rosidl_typesupport_fastrtps_c.h
[5.151s] -- Symlinking: /home/ws/roarm_ws_em0/install/roarm_moveit/include/roarm_moveit/roarm_moveit/msg/rosidl_typesupport_introspection_c__visibility_control.h
[5.158s] -- Symlinking: /home/ws/roarm_ws_em0/install/roarm_moveit/include/roarm_moveit/roarm_moveit/srv/detail/get_pose_cmd__rosidl_typesupport_introspection_c.h
[5.168s] -- Symlinking: /home/ws/roarm_ws_em0/install/roarm_moveit/include/roarm_moveit/roarm_moveit/srv/detail/move_circle_cmd__rosidl_typesupport_introspection_c.h
[5.177s] -- Symlinking: /home/ws/roarm_ws_em0/install/roarm_moveit/include/roarm_moveit/roarm_moveit/srv/detail/move_point_cmd__rosidl_typesupport_introspection_c.h
[5.184s] -- Symlinking: /home/ws/roarm_ws_em0/install/roarm_moveit/include/roarm_moveit/roarm_moveit/srv/detail/get_pose_cmd__builder.hpp
[5.191s] -- Symlinking: /home/ws/roarm_ws_em0/install/roarm_moveit/include/roarm_moveit/roarm_moveit/srv/detail/get_pose_cmd__struct.hpp
[5.198s] -- Symlinking: /home/ws/roarm_ws_em0/install/roarm_moveit/include/roarm_moveit/roarm_moveit/srv/detail/get_pose_cmd__traits.hpp
[5.205s] -- Symlinking: /home/ws/roarm_ws_em0/install/roarm_moveit/include/roarm_moveit/roarm_moveit/srv/detail/move_circle_cmd__builder.hpp
[5.212s] -- Symlinking: /home/ws/roarm_ws_em0/install/roarm_moveit/include/roarm_moveit/roarm_moveit/srv/detail/move_circle_cmd__struct.hpp
[5.218s] -- Symlinking: /home/ws/roarm_ws_em0/install/roarm_moveit/include/roarm_moveit/roarm_moveit/srv/detail/move_circle_cmd__traits.hpp
[5.232s] -- Symlinking: /home/ws/roarm_ws_em0/install/roarm_moveit/include/roarm_moveit/roarm_moveit/srv/detail/move_point_cmd__builder.hpp
[5.241s] -- Symlinking: /home/ws/roarm_ws_em0/install/roarm_moveit/include/roarm_moveit/roarm_moveit/srv/detail/move_point_cmd__struct.hpp
[5.248s] -- Symlinking: /home/ws/roarm_ws_em0/install/roarm_moveit/include/roarm_moveit/roarm_moveit/srv/detail/move_point_cmd__traits.hpp
[5.254s] -- Symlinking: /home/ws/roarm_ws_em0/install/roarm_moveit/include/roarm_moveit/roarm_moveit/srv/get_pose_cmd.hpp
[5.261s] -- Symlinking: /home/ws/roarm_ws_em0/install/roarm_moveit/include/roarm_moveit/roarm_moveit/srv/move_circle_cmd.hpp
[5.267s] -- Symlinking: /home/ws/roarm_ws_em0/install/roarm_moveit/include/roarm_moveit/roarm_moveit/srv/move_point_cmd.hpp
[5.274s] -- Symlinking: /home/ws/roarm_ws_em0/install/roarm_moveit/include/roarm_moveit/roarm_moveit/msg/rosidl_typesupport_fastrtps_cpp__visibility_control.h
[5.284s] -- Symlinking: /home/ws/roarm_ws_em0/install/roarm_moveit/include/roarm_moveit/roarm_moveit/srv/detail/get_pose_cmd__rosidl_typesupport_fastrtps_cpp.hpp
[5.292s] -- Symlinking: /home/ws/roarm_ws_em0/install/roarm_moveit/include/roarm_moveit/roarm_moveit/srv/detail/move_circle_cmd__rosidl_typesupport_fastrtps_cpp.hpp
[5.301s] -- Symlinking: /home/ws/roarm_ws_em0/install/roarm_moveit/include/roarm_moveit/roarm_moveit/srv/detail/move_point_cmd__rosidl_typesupport_fastrtps_cpp.hpp
[5.309s] -- Symlinking: /home/ws/roarm_ws_em0/install/roarm_moveit/include/roarm_moveit/roarm_moveit/srv/detail/get_pose_cmd__rosidl_typesupport_introspection_cpp.hpp
[5.318s] -- Symlinking: /home/ws/roarm_ws_em0/install/roarm_moveit/include/roarm_moveit/roarm_moveit/srv/detail/move_circle_cmd__rosidl_typesupport_introspection_cpp.hpp
[5.330s] -- Symlinking: /home/ws/roarm_ws_em0/install/roarm_moveit/include/roarm_moveit/roarm_moveit/srv/detail/move_point_cmd__rosidl_typesupport_introspection_cpp.hpp
[5.339s] -- Symlinking: /home/ws/roarm_ws_em0/install/roarm_moveit/share/roarm_moveit/environment/pythonpath.sh
[5.346s] -- Symlinking: /home/ws/roarm_ws_em0/install/roarm_moveit/share/roarm_moveit/environment/pythonpath.dsv
[5.354s] -- Symlinking: /home/ws/roarm_ws_em0/install/roarm_moveit/local/lib/python3.10/dist-packages/roarm_moveit-0.3.0-py3.10.egg-info/PKG-INFO
[5.366s] -- Symlinking: /home/ws/roarm_ws_em0/install/roarm_moveit/local/lib/python3.10/dist-packages/roarm_moveit-0.3.0-py3.10.egg-info/SOURCES.txt
[5.372s] -- Symlinking: /home/ws/roarm_ws_em0/install/roarm_moveit/local/lib/python3.10/dist-packages/roarm_moveit-0.3.0-py3.10.egg-info/dependency_links.txt
[5.379s] -- Symlinking: /home/ws/roarm_ws_em0/install/roarm_moveit/local/lib/python3.10/dist-packages/roarm_moveit-0.3.0-py3.10.egg-info/top_level.txt
[5.386s] -- Symlinking: /home/ws/roarm_ws_em0/install/roarm_moveit/local/lib/python3.10/dist-packages/roarm_moveit/__init__.py
[5.392s] -- Symlinking: /home/ws/roarm_ws_em0/install/roarm_moveit/local/lib/python3.10/dist-packages/roarm_moveit/_roarm_moveit_s.ep.rosidl_typesupport_c.c
[5.399s] -- Symlinking: /home/ws/roarm_ws_em0/install/roarm_moveit/local/lib/python3.10/dist-packages/roarm_moveit/_roarm_moveit_s.ep.rosidl_typesupport_fastrtps_c.c
[5.406s] -- Symlinking: /home/ws/roarm_ws_em0/install/roarm_moveit/local/lib/python3.10/dist-packages/roarm_moveit/_roarm_moveit_s.ep.rosidl_typesupport_introspection_c.c
[5.413s] -- Symlinking: /home/ws/roarm_ws_em0/install/roarm_moveit/local/lib/python3.10/dist-packages/roarm_moveit/libroarm_moveit__rosidl_generator_py.so
[5.427s] -- Symlinking: /home/ws/roarm_ws_em0/install/roarm_moveit/local/lib/python3.10/dist-packages/roarm_moveit/roarm_moveit_s__rosidl_typesupport_c.cpython-310-x86_64-linux-gnu.so
[5.428s] -- Symlinking: /home/ws/roarm_ws_em0/install/roarm_moveit/local/lib/python3.10/dist-packages/roarm_moveit/roarm_moveit_s__rosidl_typesupport_fastrtps_c.cpython-310-x86_64-linux-gnu.so
[5.434s] -- Symlinking: /home/ws/roarm_ws_em0/install/roarm_moveit/local/lib/python3.10/dist-packages/roarm_moveit/roarm_moveit_s__rosidl_typesupport_introspection_c.cpython-310-x86_64-linux-gnu.so
[5.441s] -- Symlinking: /home/ws/roarm_ws_em0/install/roarm_moveit/local/lib/python3.10/dist-packages/roarm_moveit/srv/__init__.py
[5.448s] -- Symlinking: /home/ws/roarm_ws_em0/install/roarm_moveit/local/lib/python3.10/dist-packages/roarm_moveit/srv/_get_pose_cmd.py
[5.455s] -- Symlinking: /home/ws/roarm_ws_em0/install/roarm_moveit/local/lib/python3.10/dist-packages/roarm_moveit/srv/_get_pose_cmd_s.c
[5.462s] -- Symlinking: /home/ws/roarm_ws_em0/install/roarm_moveit/local/lib/python3.10/dist-packages/roarm_moveit/srv/_move_circle_cmd.py
[5.468s] -- Symlinking: /home/ws/roarm_ws_em0/install/roarm_moveit/local/lib/python3.10/dist-packages/roarm_moveit/srv/_move_circle_cmd_s.c
[5.475s] -- Symlinking: /home/ws/roarm_ws_em0/install/roarm_moveit/local/lib/python3.10/dist-packages/roarm_moveit/srv/_move_point_cmd.py
[5.481s] -- Symlinking: /home/ws/roarm_ws_em0/install/roarm_moveit/local/lib/python3.10/dist-packages/roarm_moveit/srv/_move_point_cmd_s.c
[5.494s] -- Up-to-date symlink: /home/ws/roarm_ws_em0/install/roarm_moveit/local/lib/python3.10/dist-packages/roarm_moveit/roarm_moveit_s__rosidl_typesupport_fastrtps_c.cpython-310-x86_64-linux-gnu.so
[5.494s] -- Up-to-date symlink: /home/ws/roarm_ws_em0/install/roarm_moveit/local/lib/python3.10/dist-packages/roarm_moveit/roarm_moveit_s__rosidl_typesupport_introspection_c.cpython-310-x86_64-linux-gnu.so
[5.494s] -- Up-to-date symlink: /home/ws/roarm_ws_em0/install/roarm_moveit/local/lib/python3.10/dist-packages/roarm_moveit/roarm_moveit_s__rosidl_typesupport_c.cpython-310-x86_64-linux-gnu.so
[5.494s] -- Symlinking: /home/ws/roarm_ws_em0/install/roarm_moveit/share/roarm_moveit/srv/GetPoseCmd.idl
[5.502s] -- Symlinking: /home/ws/roarm_ws_em0/install/roarm_moveit/share/roarm_moveit/srv/MovePointCmd.idl
[5.502s] -- Symlinking: /home/ws/roarm_ws_em0/install/roarm_moveit/share/roarm_moveit/srv/MoveCircleCmd.idl
[5.509s] -- Symlinking: /home/ws/roarm_ws_em0/install/roarm_moveit/share/roarm_moveit/srv/GetPoseCmd.srv
[5.515s] -- Symlinking: /home/ws/roarm_ws_em0/install/roarm_moveit/share/roarm_moveit/srv/GetPoseCmd_Request.msg
[5.522s] -- Symlinking: /home/ws/roarm_ws_em0/install/roarm_moveit/share/roarm_moveit/srv/GetPoseCmd_Response.msg
[5.528s] -- Symlinking: /home/ws/roarm_ws_em0/install/roarm_moveit/share/roarm_moveit/srv/MovePointCmd.srv
[5.534s] -- Symlinking: /home/ws/roarm_ws_em0/install/roarm_moveit/share/roarm_moveit/srv/MovePointCmd_Request.msg
[5.541s] -- Symlinking: /home/ws/roarm_ws_em0/install/roarm_moveit/share/roarm_moveit/srv/MovePointCmd_Response.msg
[5.548s] -- Symlinking: /home/ws/roarm_ws_em0/install/roarm_moveit/share/roarm_moveit/srv/MoveCircleCmd.srv
[5.554s] -- Symlinking: /home/ws/roarm_ws_em0/install/roarm_moveit/share/roarm_moveit/srv/MoveCircleCmd_Request.msg
[5.567s] -- Symlinking: /home/ws/roarm_ws_em0/install/roarm_moveit/share/roarm_moveit/srv/MoveCircleCmd_Response.msg
[5.568s] -- Symlinking: /home/ws/roarm_ws_em0/install/roarm_moveit/share/ament_index/resource_index/package_run_dependencies/roarm_moveit
[5.574s] -- Symlinking: /home/ws/roarm_ws_em0/install/roarm_moveit/share/ament_index/resource_index/parent_prefix_path/roarm_moveit
[5.581s] -- Symlinking: /home/ws/roarm_ws_em0/install/roarm_moveit/share/roarm_moveit/environment/ament_prefix_path.sh
[5.587s] -- Symlinking: /home/ws/roarm_ws_em0/install/roarm_moveit/share/roarm_moveit/environment/ament_prefix_path.dsv
[5.599s] -- Symlinking: /home/ws/roarm_ws_em0/install/roarm_moveit/share/roarm_moveit/environment/path.sh
[5.606s] -- Symlinking: /home/ws/roarm_ws_em0/install/roarm_moveit/share/roarm_moveit/environment/path.dsv
[5.613s] -- Symlinking: /home/ws/roarm_ws_em0/install/roarm_moveit/share/roarm_moveit/local_setup.bash
[5.614s] -- Symlinking: /home/ws/roarm_ws_em0/install/roarm_moveit/share/roarm_moveit/local_setup.sh
[5.627s] -- Symlinking: /home/ws/roarm_ws_em0/install/roarm_moveit/share/roarm_moveit/local_setup.zsh
[5.634s] -- Symlinking: /home/ws/roarm_ws_em0/install/roarm_moveit/share/roarm_moveit/local_setup.dsv
[5.640s] -- Symlinking: /home/ws/roarm_ws_em0/install/roarm_moveit/share/roarm_moveit/package.dsv
[5.641s] -- Symlinking: /home/ws/roarm_ws_em0/install/roarm_moveit/share/ament_index/resource_index/packages/roarm_moveit
[5.654s] -- Symlinking: /home/ws/roarm_ws_em0/install/roarm_moveit/share/roarm_moveit/cmake/rosidl_cmake-extras.cmake
[5.660s] -- Symlinking: /home/ws/roarm_ws_em0/install/roarm_moveit/share/roarm_moveit/cmake/ament_cmake_export_include_directories-extras.cmake
[5.662s] -- Symlinking: /home/ws/roarm_ws_em0/install/roarm_moveit/share/roarm_moveit/cmake/ament_cmake_export_libraries-extras.cmake
[5.675s] -- Symlinking: /home/ws/roarm_ws_em0/install/roarm_moveit/share/roarm_moveit/cmake/ament_cmake_export_targets-extras.cmake
[5.681s] -- Symlinking: /home/ws/roarm_ws_em0/install/roarm_moveit/share/roarm_moveit/cmake/rosidl_cmake_export_typesupport_targets-extras.cmake
[5.688s] -- Symlinking: /home/ws/roarm_ws_em0/install/roarm_moveit/share/roarm_moveit/cmake/ament_cmake_export_dependencies-extras.cmake
[5.695s] -- Symlinking: /home/ws/roarm_ws_em0/install/roarm_moveit/share/roarm_moveit/cmake/rosidl_cmake_export_typesupport_libraries-extras.cmake
[5.702s] -- Symlinking: /home/ws/roarm_ws_em0/install/roarm_moveit/share/roarm_moveit/cmake/roarm_moveitConfig.cmake
[5.703s] -- Symlinking: /home/ws/roarm_ws_em0/install/roarm_moveit/share/roarm_moveit/cmake/roarm_moveitConfig-version.cmake
[5.716s] -- Symlinking: /home/ws/roarm_ws_em0/install/roarm_moveit/share/roarm_moveit/package.xml
[5.717s] -- Symlinking: /home/ws/roarm_ws_em0/install/roarm_moveit/share/roarm_moveit/launch/command_control_moveit_rviz.launch.py
[5.730s] -- Symlinking: /home/ws/roarm_ws_em0/install/roarm_moveit/share/roarm_moveit/launch/demo.launch.py
[5.737s] -- Symlinking: /home/ws/roarm_ws_em0/install/roarm_moveit/share/roarm_moveit/launch/interact.launch.py
[5.744s] -- Symlinking: /home/ws/roarm_ws_em0/install/roarm_moveit/share/roarm_moveit/launch/interact_moveit_rviz.launch.py
[5.751s] -- Symlinking: /home/ws/roarm_ws_em0/install/roarm_moveit/share/roarm_moveit/launch/move_group.launch.py
[5.757s] -- Symlinking: /home/ws/roarm_ws_em0/install/roarm_moveit/share/roarm_moveit/launch/moveit_rviz.launch.py
[5.765s] -- Symlinking: /home/ws/roarm_ws_em0/install/roarm_moveit/share/roarm_moveit/launch/rsp.launch.py
[5.773s] -- Symlinking: /home/ws/roarm_ws_em0/install/roarm_moveit/share/roarm_moveit/launch/setup_assistant.launch.py
[5.780s] -- Symlinking: /home/ws/roarm_ws_em0/install/roarm_moveit/share/roarm_moveit/launch/spawn_controllers.launch.py
[5.781s] -- Symlinking: /home/ws/roarm_ws_em0/install/roarm_moveit/share/roarm_moveit/launch/static_virtual_joint_tfs.launch.py
[5.792s] -- Symlinking: /home/ws/roarm_ws_em0/install/roarm_moveit/share/roarm_moveit/launch/warehouse_db.launch.py
[5.795s] -- Symlinking: /home/ws/roarm_ws_em0/install/roarm_moveit/share/roarm_moveit/config/initial_positions.yaml
[5.800s] -- Symlinking: /home/ws/roarm_ws_em0/install/roarm_moveit/share/roarm_moveit/config/interact.rviz
[5.807s] -- Symlinking: /home/ws/roarm_ws_em0/install/roarm_moveit/share/roarm_moveit/config/joint_limits.yaml
[5.813s] -- Symlinking: /home/ws/roarm_ws_em0/install/roarm_moveit/share/roarm_moveit/config/kinematics.yaml
[5.819s] -- Symlinking: /home/ws/roarm_ws_em0/install/roarm_moveit/share/roarm_moveit/config/moveit.rviz
[5.832s] -- Symlinking: /home/ws/roarm_ws_em0/install/roarm_moveit/share/roarm_moveit/config/moveit_controllers.yaml
[5.833s] -- Symlinking: /home/ws/roarm_ws_em0/install/roarm_moveit/share/roarm_moveit/config/pilz_cartesian_limits.yaml
[5.839s] -- Symlinking: /home/ws/roarm_ws_em0/install/roarm_moveit/share/roarm_moveit/config/roarm_description.ros2_control.xacro
[5.846s] -- Symlinking: /home/ws/roarm_ws_em0/install/roarm_moveit/share/roarm_moveit/config/roarm_description.srdf
[5.852s] -- Symlinking: /home/ws/roarm_ws_em0/install/roarm_moveit/share/roarm_moveit/config/roarm_description.urdf.xacro
[5.859s] -- Symlinking: /home/ws/roarm_ws_em0/install/roarm_moveit/share/roarm_moveit/config/ros2_controllers.yaml
[5.865s] -- Symlinking: /home/ws/roarm_ws_em0/install/roarm_moveit/share/roarm_moveit/config/sensors_3d.yaml
[5.872s] -- Symlinking: /home/ws/roarm_ws_em0/install/roarm_moveit/share/roarm_moveit/.setup_assistant
[5.878s] -- Installing: /home/ws/roarm_ws_em0/install/roarm_moveit/lib/libroarm_moveit__rosidl_generator_c.so
[5.880s] -- Set runtime path of "/home/ws/roarm_ws_em0/install/roarm_moveit/lib/libroarm_moveit__rosidl_generator_c.so" to ""
[5.880s] -- Installing: /home/ws/roarm_ws_em0/install/roarm_moveit/lib/libroarm_moveit__rosidl_typesupport_fastrtps_c.so
[5.883s] -- Set runtime path of "/home/ws/roarm_ws_em0/install/roarm_moveit/lib/libroarm_moveit__rosidl_typesupport_fastrtps_c.so" to ""
[5.883s] -- Installing: /home/ws/roarm_ws_em0/install/roarm_moveit/lib/libroarm_moveit__rosidl_typesupport_introspection_c.so
[5.883s] -- Set runtime path of "/home/ws/roarm_ws_em0/install/roarm_moveit/lib/libroarm_moveit__rosidl_typesupport_introspection_c.so" to ""
[5.883s] -- Installing: /home/ws/roarm_ws_em0/install/roarm_moveit/lib/libroarm_moveit__rosidl_typesupport_c.so
[5.883s] -- Set runtime path of "/home/ws/roarm_ws_em0/install/roarm_moveit/lib/libroarm_moveit__rosidl_typesupport_c.so" to ""
[5.883s] -- Installing: /home/ws/roarm_ws_em0/install/roarm_moveit/lib/libroarm_moveit__rosidl_typesupport_fastrtps_cpp.so
[5.883s] -- Set runtime path of "/home/ws/roarm_ws_em0/install/roarm_moveit/lib/libroarm_moveit__rosidl_typesupport_fastrtps_cpp.so" to ""
[5.883s] -- Installing: /home/ws/roarm_ws_em0/install/roarm_moveit/lib/libroarm_moveit__rosidl_typesupport_introspection_cpp.so
[5.883s] -- Set runtime path of "/home/ws/roarm_ws_em0/install/roarm_moveit/lib/libroarm_moveit__rosidl_typesupport_introspection_cpp.so" to ""
[5.883s] -- Installing: /home/ws/roarm_ws_em0/install/roarm_moveit/lib/libroarm_moveit__rosidl_typesupport_cpp.so
[5.883s] -- Set runtime path of "/home/ws/roarm_ws_em0/install/roarm_moveit/lib/libroarm_moveit__rosidl_typesupport_cpp.so" to ""
[5.936s] Listing '/home/ws/roarm_ws_em0/install/roarm_moveit/local/lib/python3.10/dist-packages/roarm_moveit'...
[5.936s] Compiling '/home/ws/roarm_ws_em0/install/roarm_moveit/local/lib/python3.10/dist-packages/roarm_moveit/__init__.py'...
[5.936s] Listing '/home/ws/roarm_ws_em0/install/roarm_moveit/local/lib/python3.10/dist-packages/roarm_moveit/srv'...
[5.936s] Compiling '/home/ws/roarm_ws_em0/install/roarm_moveit/local/lib/python3.10/dist-packages/roarm_moveit/srv/__init__.py'...
[5.936s] Compiling '/home/ws/roarm_ws_em0/install/roarm_moveit/local/lib/python3.10/dist-packages/roarm_moveit/srv/_get_pose_cmd.py'...
[5.936s] Compiling '/home/ws/roarm_ws_em0/install/roarm_moveit/local/lib/python3.10/dist-packages/roarm_moveit/srv/_move_circle_cmd.py'...
[5.936s] Compiling '/home/ws/roarm_ws_em0/install/roarm_moveit/local/lib/python3.10/dist-packages/roarm_moveit/srv/_move_point_cmd.py'...
[5.938s] -- Installing: /home/ws/roarm_ws_em0/install/roarm_moveit/lib/libroarm_moveit__rosidl_generator_py.so
[5.938s] -- Set runtime path of "/home/ws/roarm_ws_em0/install/roarm_moveit/lib/libroarm_moveit__rosidl_generator_py.so" to ""
[5.938s] -- Installing: /home/ws/roarm_ws_em0/install/roarm_moveit/share/roarm_moveit/cmake/export_roarm_moveit__rosidl_generator_cExport.cmake
[5.938s] -- Installing: /home/ws/roarm_ws_em0/install/roarm_moveit/share/roarm_moveit/cmake/export_roarm_moveit__rosidl_generator_cExport-noconfig.cmake
[5.938s] -- Installing: /home/ws/roarm_ws_em0/install/roarm_moveit/share/roarm_moveit/cmake/export_roarm_moveit__rosidl_typesupport_fastrtps_cExport.cmake
[5.938s] -- Installing: /home/ws/roarm_ws_em0/install/roarm_moveit/share/roarm_moveit/cmake/export_roarm_moveit__rosidl_typesupport_fastrtps_cExport-noconfig.cmake
[5.939s] -- Installing: /home/ws/roarm_ws_em0/install/roarm_moveit/share/roarm_moveit/cmake/roarm_moveit__rosidl_typesupport_introspection_cExport.cmake
[5.939s] -- Installing: /home/ws/roarm_ws_em0/install/roarm_moveit/share/roarm_moveit/cmake/roarm_moveit__rosidl_typesupport_introspection_cExport-noconfig.cmake
[5.939s] -- Installing: /home/ws/roarm_ws_em0/install/roarm_moveit/share/roarm_moveit/cmake/roarm_moveit__rosidl_typesupport_cExport.cmake
[5.939s] -- Installing: /home/ws/roarm_ws_em0/install/roarm_moveit/share/roarm_moveit/cmake/roarm_moveit__rosidl_typesupport_cExport-noconfig.cmake
[5.939s] -- Installing: /home/ws/roarm_ws_em0/install/roarm_moveit/share/roarm_moveit/cmake/export_roarm_moveit__rosidl_generator_cppExport.cmake
[5.940s] -- Installing: /home/ws/roarm_ws_em0/install/roarm_moveit/share/roarm_moveit/cmake/export_roarm_moveit__rosidl_typesupport_fastrtps_cppExport.cmake
[5.940s] -- Installing: /home/ws/roarm_ws_em0/install/roarm_moveit/share/roarm_moveit/cmake/export_roarm_moveit__rosidl_typesupport_fastrtps_cppExport-noconfig.cmake
[5.940s] -- Installing: /home/ws/roarm_ws_em0/install/roarm_moveit/share/roarm_moveit/cmake/roarm_moveit__rosidl_typesupport_introspection_cppExport.cmake
[5.940s] -- Installing: /home/ws/roarm_ws_em0/install/roarm_moveit/share/roarm_moveit/cmake/roarm_moveit__rosidl_typesupport_introspection_cppExport-noconfig.cmake
[5.940s] -- Installing: /home/ws/roarm_ws_em0/install/roarm_moveit/share/roarm_moveit/cmake/roarm_moveit__rosidl_typesupport_cppExport.cmake
[5.940s] -- Installing: /home/ws/roarm_ws_em0/install/roarm_moveit/share/roarm_moveit/cmake/roarm_moveit__rosidl_typesupport_cppExport-noconfig.cmake
[5.940s] -- Installing: /home/ws/roarm_ws_em0/install/roarm_moveit/share/roarm_moveit/cmake/export_roarm_moveit__rosidl_generator_pyExport.cmake
[5.940s] -- Installing: /home/ws/roarm_ws_em0/install/roarm_moveit/share/roarm_moveit/cmake/export_roarm_moveit__rosidl_generator_pyExport-noconfig.cmake
[5.946s] Invoked command in '/home/ws/roarm_ws_em0/build/roarm_moveit' returned '0': CMAKE_PREFIX_PATH=/home/ws/roarm_ws_em0/install/roarm_description:/home/ws/roarm_ws_em0/install/manual_move_action:/home/ws/roarm_ws_em0/install/roarm_moveit:/opt/ros/humble /usr/bin/cmake --install /home/ws/roarm_ws_em0/build/roarm_moveit
