running develop
running egg_info
creating ros2web.egg-info
writing ros2web.egg-info/PKG-INFO
writing dependency_links to ros2web.egg-info/dependency_links.txt
writing entry points to ros2web.egg-info/entry_points.txt
writing requirements to ros2web.egg-info/requires.txt
writing top-level names to ros2web.egg-info/top_level.txt
writing manifest file 'ros2web.egg-info/SOURCES.txt'
reading manifest file 'ros2web.egg-info/SOURCES.txt'
writing manifest file 'ros2web.egg-info/SOURCES.txt'
running build_ext
Creating /home/ws/roarm_ws_em0/install/ros2web/lib/python3.10/site-packages/ros2web.egg-link (link to .)

Installed /home/ws/roarm_ws_em0/build/ros2web
running symlink_data
creating /home/ws/roarm_ws_em0/install/ros2web/share/ament_index
creating /home/ws/roarm_ws_em0/install/ros2web/share/ament_index/resource_index
creating /home/ws/roarm_ws_em0/install/ros2web/share/ament_index/resource_index/packages
symbolically linking /home/ws/roarm_ws_em0/build/ros2web/resource/ros2web -> /home/ws/roarm_ws_em0/install/ros2web/share/ament_index/resource_index/packages
symbolically linking /home/ws/roarm_ws_em0/build/ros2web/package.xml -> /home/ws/roarm_ws_em0/install/ros2web/share/ros2web
