[0.915s] Invoking command in '/home/ws/roarm_ws_em0/build/ros2web': AMENT_PREFIX_PATH=/home/ws/roarm_ws_em0/install/ros2web_interfaces:${AMENT_PREFIX_PATH} CMAKE_PREFIX_PATH=/home/ws/roarm_ws_em0/install/ros2web_interfaces:${CMAKE_PREFIX_PATH} LD_LIBRARY_PATH=/home/ws/roarm_ws_em0/install/ros2web_interfaces/lib:${LD_LIBRARY_PATH} PYTHONPATH=/home/ws/roarm_ws_em0/build/ros2web/prefix_override:/usr/lib/python3/dist-packages/colcon_core/task/python/colcon_distutils_commands:/home/ws/roarm_ws_em0/install/ros2web/lib/python3.10/site-packages:/home/ws/roarm_ws_em0/install/ros2web_interfaces/local/lib/python3.10/dist-packages:${PYTHONPATH} /usr/bin/python3 -W ignore:setup.py install is deprecated setup.py develop --editable --build-directory /home/ws/roarm_ws_em0/build/ros2web/build --no-deps symlink_data
[1.123s] running develop
[1.125s] /usr/lib/python3/dist-packages/setuptools/command/easy_install.py:158: EasyInstallDeprecationWarning: easy_install command is deprecated. Use build and pip and other standards-based tools.
[1.125s]   warnings.warn(
[1.241s] running egg_info
[1.241s] creating ros2web.egg-info
[1.241s] writing ros2web.egg-info/PKG-INFO
[1.242s] writing dependency_links to ros2web.egg-info/dependency_links.txt
[1.242s] writing entry points to ros2web.egg-info/entry_points.txt
[1.242s] writing requirements to ros2web.egg-info/requires.txt
[1.242s] writing top-level names to ros2web.egg-info/top_level.txt
[1.242s] writing manifest file 'ros2web.egg-info/SOURCES.txt'
[1.244s] reading manifest file 'ros2web.egg-info/SOURCES.txt'
[1.244s] writing manifest file 'ros2web.egg-info/SOURCES.txt'
[1.246s] running build_ext
[1.246s] Creating /home/ws/roarm_ws_em0/install/ros2web/lib/python3.10/site-packages/ros2web.egg-link (link to .)
[1.247s] 
[1.247s] Installed /home/ws/roarm_ws_em0/build/ros2web
[1.247s] running symlink_data
[1.248s] creating /home/ws/roarm_ws_em0/install/ros2web/share/ament_index
[1.248s] creating /home/ws/roarm_ws_em0/install/ros2web/share/ament_index/resource_index
[1.248s] creating /home/ws/roarm_ws_em0/install/ros2web/share/ament_index/resource_index/packages
[1.248s] symbolically linking /home/ws/roarm_ws_em0/build/ros2web/resource/ros2web -> /home/ws/roarm_ws_em0/install/ros2web/share/ament_index/resource_index/packages
[1.248s] symbolically linking /home/ws/roarm_ws_em0/build/ros2web/package.xml -> /home/ws/roarm_ws_em0/install/ros2web/share/ros2web
[1.276s] Invoked command in '/home/ws/roarm_ws_em0/build/ros2web' returned '0': AMENT_PREFIX_PATH=/home/ws/roarm_ws_em0/install/ros2web_interfaces:${AMENT_PREFIX_PATH} CMAKE_PREFIX_PATH=/home/ws/roarm_ws_em0/install/ros2web_interfaces:${CMAKE_PREFIX_PATH} LD_LIBRARY_PATH=/home/ws/roarm_ws_em0/install/ros2web_interfaces/lib:${LD_LIBRARY_PATH} PYTHONPATH=/home/ws/roarm_ws_em0/build/ros2web/prefix_override:/usr/lib/python3/dist-packages/colcon_core/task/python/colcon_distutils_commands:/home/ws/roarm_ws_em0/install/ros2web/lib/python3.10/site-packages:/home/ws/roarm_ws_em0/install/ros2web_interfaces/local/lib/python3.10/dist-packages:${PYTHONPATH} /usr/bin/python3 -W ignore:setup.py install is deprecated setup.py develop --editable --build-directory /home/ws/roarm_ws_em0/build/ros2web/build --no-deps symlink_data
