[0.044s] Invoking command in '/home/ws/roarm_ws_em0/build/moveit_servo': CMAKE_PREFIX_PATH=${CMAKE_PREFIX_PATH}:/home/ws/roarm_ws_em0/install/ros2web_widgets:/home/ws/roarm_ws_em0/install/ros2web_example_py:/home/ws/roarm_ws_em0/install/roarm_web_app:/home/ws/roarm_ws_em0/install/ros2web_app:/home/ws/roarm_ws_em0/install/ros2web:/home/ws/roarm_ws_em0/install/roarm_driver:/home/ws/roarm_ws_em0/install/launch_api:/opt/ros/humble /usr/bin/cmake --build /home/ws/roarm_ws_em0/build/moveit_servo -- -j4 -l4
[0.368s] [  6%] Built target gtest_main
[0.389s] [ 12%] Built target fake_command_publisher
[0.446s] [ 18%] Built target servo_controller_input
[0.446s] [ 24%] Built target gtest
[0.540s] [ 33%] Built target moveit_servo_lib_parameters
[0.633s] [ 39%] Built target test_servo_integration
[0.634s] [ 45%] Built target test_servo_collision
[0.660s] [ 63%] Built target moveit_servo_lib
[0.747s] [ 69%] Built target servo_calcs_unit_tests
[0.754s] [ 75%] Built target pose_tracking
[0.795s] [ 81%] Built target servo_node
[0.812s] [ 87%] Built target test_servo_pose_tracking
[0.820s] [ 93%] Built target servo_pose_tracking_demo
[0.874s] [100%] Built target servo_node_main
[0.892s] Invoked command in '/home/ws/roarm_ws_em0/build/moveit_servo' returned '0': CMAKE_PREFIX_PATH=${CMAKE_PREFIX_PATH}:/home/ws/roarm_ws_em0/install/ros2web_widgets:/home/ws/roarm_ws_em0/install/ros2web_example_py:/home/ws/roarm_ws_em0/install/roarm_web_app:/home/ws/roarm_ws_em0/install/ros2web_app:/home/ws/roarm_ws_em0/install/ros2web:/home/ws/roarm_ws_em0/install/roarm_driver:/home/ws/roarm_ws_em0/install/launch_api:/opt/ros/humble /usr/bin/cmake --build /home/ws/roarm_ws_em0/build/moveit_servo -- -j4 -l4
[1.113s] Invoking command in '/home/ws/roarm_ws_em0/build/moveit_servo': CMAKE_PREFIX_PATH=${CMAKE_PREFIX_PATH}:/home/ws/roarm_ws_em0/install/ros2web_widgets:/home/ws/roarm_ws_em0/install/ros2web_example_py:/home/ws/roarm_ws_em0/install/roarm_web_app:/home/ws/roarm_ws_em0/install/ros2web_app:/home/ws/roarm_ws_em0/install/ros2web:/home/ws/roarm_ws_em0/install/roarm_driver:/home/ws/roarm_ws_em0/install/launch_api:/opt/ros/humble /usr/bin/cmake --install /home/ws/roarm_ws_em0/build/moveit_servo
[1.136s] -- Install configuration: "Release"
[1.145s] -- Up-to-date: /home/ws/roarm_ws_em0/install/moveit_servo/lib/libmoveit_servo_lib.so.2.5.5
[1.146s] -- Up-to-date: /home/ws/roarm_ws_em0/install/moveit_servo/lib/libmoveit_servo_lib.so
[1.147s] -- Up-to-date: /home/ws/roarm_ws_em0/install/moveit_servo/lib/libmoveit_servo_lib_parameters.so.2.5.5
[1.149s] -- Up-to-date: /home/ws/roarm_ws_em0/install/moveit_servo/lib/libmoveit_servo_lib_parameters.so
[1.152s] -- Up-to-date: /home/ws/roarm_ws_em0/install/moveit_servo/lib/libpose_tracking.so
[1.156s] -- Up-to-date: /home/ws/roarm_ws_em0/install/moveit_servo/lib/libservo_node.so
[1.158s] -- Up-to-date: /home/ws/roarm_ws_em0/install/moveit_servo/lib/libservo_controller_input.so
[1.160s] -- Up-to-date: /home/ws/roarm_ws_em0/install/moveit_servo/lib/moveit_servo/servo_node_main
[1.164s] -- Up-to-date: /home/ws/roarm_ws_em0/install/moveit_servo/lib/moveit_servo/servo_pose_tracking_demo
[1.165s] -- Up-to-date: /home/ws/roarm_ws_em0/install/moveit_servo/lib/moveit_servo/fake_command_publisher
[1.166s] -- Up-to-date: /home/ws/roarm_ws_em0/install/moveit_servo/include
[1.166s] -- Up-to-date: /home/ws/roarm_ws_em0/install/moveit_servo/include/moveit_servo
[1.168s] -- Up-to-date: /home/ws/roarm_ws_em0/install/moveit_servo/include/moveit_servo/servo_node.h
[1.168s] -- Up-to-date: /home/ws/roarm_ws_em0/install/moveit_servo/include/moveit_servo/enforce_limits.hpp
[1.168s] -- Up-to-date: /home/ws/roarm_ws_em0/install/moveit_servo/include/moveit_servo/servo.h
[1.168s] -- Up-to-date: /home/ws/roarm_ws_em0/install/moveit_servo/include/moveit_servo/collision_check.h
[1.168s] -- Up-to-date: /home/ws/roarm_ws_em0/install/moveit_servo/include/moveit_servo/parameter_descriptor_builder.hpp
[1.168s] -- Up-to-date: /home/ws/roarm_ws_em0/install/moveit_servo/include/moveit_servo/status_codes.h
[1.168s] -- Up-to-date: /home/ws/roarm_ws_em0/install/moveit_servo/include/moveit_servo/servo_server.h
[1.168s] -- Up-to-date: /home/ws/roarm_ws_em0/install/moveit_servo/include/moveit_servo/servo_calcs.h
[1.168s] -- Up-to-date: /home/ws/roarm_ws_em0/install/moveit_servo/include/moveit_servo/make_shared_from_pool.h
[1.168s] -- Up-to-date: /home/ws/roarm_ws_em0/install/moveit_servo/include/moveit_servo/servo_parameters.h
[1.168s] -- Up-to-date: /home/ws/roarm_ws_em0/install/moveit_servo/include/moveit_servo/utilities.h
[1.168s] -- Up-to-date: /home/ws/roarm_ws_em0/install/moveit_servo/include/moveit_servo/pose_tracking.h
[1.169s] -- Up-to-date: /home/ws/roarm_ws_em0/install/moveit_servo/share/moveit_servo/launch
[1.170s] -- Up-to-date: /home/ws/roarm_ws_em0/install/moveit_servo/share/moveit_servo/launch/demo.launch.py
[1.170s] -- Up-to-date: /home/ws/roarm_ws_em0/install/moveit_servo/share/moveit_servo/launch/servo_control.launch.py
[1.170s] -- Up-to-date: /home/ws/roarm_ws_em0/install/moveit_servo/share/moveit_servo/config
[1.171s] -- Up-to-date: /home/ws/roarm_ws_em0/install/moveit_servo/share/moveit_servo/config/roarm_simulated_config.yaml
[1.171s] -- Up-to-date: /home/ws/roarm_ws_em0/install/moveit_servo/share/moveit_servo/config/demo.rviz
[1.171s] -- Up-to-date: /home/ws/roarm_ws_em0/install/moveit_servo/share/moveit_servo/config/servo_control.rviz
[1.171s] -- Up-to-date: /home/ws/roarm_ws_em0/install/moveit_servo/share/moveit_servo/environment/library_path.sh
[1.171s] -- Up-to-date: /home/ws/roarm_ws_em0/install/moveit_servo/share/moveit_servo/environment/library_path.dsv
[1.174s] -- Up-to-date: /home/ws/roarm_ws_em0/install/moveit_servo/share/ament_index/resource_index/package_run_dependencies/moveit_servo
[1.175s] -- Up-to-date: /home/ws/roarm_ws_em0/install/moveit_servo/share/ament_index/resource_index/parent_prefix_path/moveit_servo
[1.175s] -- Up-to-date: /home/ws/roarm_ws_em0/install/moveit_servo/share/moveit_servo/environment/ament_prefix_path.sh
[1.175s] -- Up-to-date: /home/ws/roarm_ws_em0/install/moveit_servo/share/moveit_servo/environment/ament_prefix_path.dsv
[1.175s] -- Up-to-date: /home/ws/roarm_ws_em0/install/moveit_servo/share/moveit_servo/environment/path.sh
[1.175s] -- Up-to-date: /home/ws/roarm_ws_em0/install/moveit_servo/share/moveit_servo/environment/path.dsv
[1.175s] -- Up-to-date: /home/ws/roarm_ws_em0/install/moveit_servo/share/moveit_servo/local_setup.bash
[1.175s] -- Up-to-date: /home/ws/roarm_ws_em0/install/moveit_servo/share/moveit_servo/local_setup.sh
[1.175s] -- Up-to-date: /home/ws/roarm_ws_em0/install/moveit_servo/share/moveit_servo/local_setup.zsh
[1.176s] -- Up-to-date: /home/ws/roarm_ws_em0/install/moveit_servo/share/moveit_servo/local_setup.dsv
[1.176s] -- Installing: /home/ws/roarm_ws_em0/install/moveit_servo/share/moveit_servo/package.dsv
[1.177s] -- Up-to-date: /home/ws/roarm_ws_em0/install/moveit_servo/share/ament_index/resource_index/packages/moveit_servo
[1.179s] -- Up-to-date: /home/ws/roarm_ws_em0/install/moveit_servo/share/ament_index/resource_index/rclcpp_components/moveit_servo
[1.188s] -- Up-to-date: /home/ws/roarm_ws_em0/install/moveit_servo/share/moveit_servo/cmake/export_moveit_servoExport.cmake
[1.188s] -- Up-to-date: /home/ws/roarm_ws_em0/install/moveit_servo/share/moveit_servo/cmake/export_moveit_servoExport-release.cmake
[1.188s] -- Up-to-date: /home/ws/roarm_ws_em0/install/moveit_servo/share/moveit_servo/cmake/ament_cmake_export_targets-extras.cmake
[1.188s] -- Up-to-date: /home/ws/roarm_ws_em0/install/moveit_servo/share/moveit_servo/cmake/ament_cmake_export_dependencies-extras.cmake
[1.188s] -- Up-to-date: /home/ws/roarm_ws_em0/install/moveit_servo/share/moveit_servo/cmake/moveit_servoConfig.cmake
[1.188s] -- Up-to-date: /home/ws/roarm_ws_em0/install/moveit_servo/share/moveit_servo/cmake/moveit_servoConfig-version.cmake
[1.188s] -- Up-to-date: /home/ws/roarm_ws_em0/install/moveit_servo/share/moveit_servo/package.xml
[1.189s] Invoked command in '/home/ws/roarm_ws_em0/build/moveit_servo' returned '0': CMAKE_PREFIX_PATH=${CMAKE_PREFIX_PATH}:/home/ws/roarm_ws_em0/install/ros2web_widgets:/home/ws/roarm_ws_em0/install/ros2web_example_py:/home/ws/roarm_ws_em0/install/roarm_web_app:/home/ws/roarm_ws_em0/install/ros2web_app:/home/ws/roarm_ws_em0/install/ros2web:/home/ws/roarm_ws_em0/install/roarm_driver:/home/ws/roarm_ws_em0/install/launch_api:/opt/ros/humble /usr/bin/cmake --install /home/ws/roarm_ws_em0/build/moveit_servo
