[100%] Built target roarm_description_hand_moveit_ikfast_plugin
-- Install configuration: ""
-- Up-to-date: /home/ws/roarm_ws_em0/install/roarm_moveit_ikfast_plugins/lib/libroarm_description_hand_moveit_ikfast_plugin.so
-- Up-to-date: /home/ws/roarm_ws_em0/install/roarm_moveit_ikfast_plugins/share/roarm_moveit_ikfast_plugins/roarm_description_hand_moveit_ikfast_plugin_description.xml
-- Up-to-date: /home/ws/roarm_ws_em0/install/roarm_moveit_ikfast_plugins/share/roarm_moveit_ikfast_plugins/environment/library_path.sh
-- Up-to-date: /home/ws/roarm_ws_em0/install/roarm_moveit_ikfast_plugins/share/roarm_moveit_ikfast_plugins/environment/library_path.dsv
-- Up-to-date: /home/ws/roarm_ws_em0/install/roarm_moveit_ikfast_plugins/share/ament_index/resource_index/package_run_dependencies/roarm_moveit_ikfast_plugins
-- Up-to-date: /home/ws/roarm_ws_em0/install/roarm_moveit_ikfast_plugins/share/ament_index/resource_index/parent_prefix_path/roarm_moveit_ikfast_plugins
-- Up-to-date: /home/ws/roarm_ws_em0/install/roarm_moveit_ikfast_plugins/share/roarm_moveit_ikfast_plugins/environment/ament_prefix_path.sh
-- Up-to-date: /home/ws/roarm_ws_em0/install/roarm_moveit_ikfast_plugins/share/roarm_moveit_ikfast_plugins/environment/ament_prefix_path.dsv
-- Up-to-date: /home/ws/roarm_ws_em0/install/roarm_moveit_ikfast_plugins/share/roarm_moveit_ikfast_plugins/environment/path.sh
-- Up-to-date: /home/ws/roarm_ws_em0/install/roarm_moveit_ikfast_plugins/share/roarm_moveit_ikfast_plugins/environment/path.dsv
-- Up-to-date: /home/ws/roarm_ws_em0/install/roarm_moveit_ikfast_plugins/share/roarm_moveit_ikfast_plugins/local_setup.bash
-- Up-to-date: /home/ws/roarm_ws_em0/install/roarm_moveit_ikfast_plugins/share/roarm_moveit_ikfast_plugins/local_setup.sh
-- Up-to-date: /home/ws/roarm_ws_em0/install/roarm_moveit_ikfast_plugins/share/roarm_moveit_ikfast_plugins/local_setup.zsh
-- Up-to-date: /home/ws/roarm_ws_em0/install/roarm_moveit_ikfast_plugins/share/roarm_moveit_ikfast_plugins/local_setup.dsv
-- Installing: /home/ws/roarm_ws_em0/install/roarm_moveit_ikfast_plugins/share/roarm_moveit_ikfast_plugins/package.dsv
-- Up-to-date: /home/ws/roarm_ws_em0/install/roarm_moveit_ikfast_plugins/share/ament_index/resource_index/packages/roarm_moveit_ikfast_plugins
-- Up-to-date: /home/ws/roarm_ws_em0/install/roarm_moveit_ikfast_plugins/share/ament_index/resource_index/moveit_core__pluginlib__plugin/roarm_moveit_ikfast_plugins
-- Up-to-date: /home/ws/roarm_ws_em0/install/roarm_moveit_ikfast_plugins/share/roarm_moveit_ikfast_plugins/cmake/export_roarm_moveit_ikfast_pluginsExport.cmake
-- Up-to-date: /home/ws/roarm_ws_em0/install/roarm_moveit_ikfast_plugins/share/roarm_moveit_ikfast_plugins/cmake/export_roarm_moveit_ikfast_pluginsExport-noconfig.cmake
-- Up-to-date: /home/ws/roarm_ws_em0/install/roarm_moveit_ikfast_plugins/share/roarm_moveit_ikfast_plugins/cmake/ament_cmake_export_targets-extras.cmake
-- Up-to-date: /home/ws/roarm_ws_em0/install/roarm_moveit_ikfast_plugins/share/roarm_moveit_ikfast_plugins/cmake/ament_cmake_export_dependencies-extras.cmake
-- Up-to-date: /home/ws/roarm_ws_em0/install/roarm_moveit_ikfast_plugins/share/roarm_moveit_ikfast_plugins/cmake/roarm_moveit_ikfast_pluginsConfig.cmake
-- Up-to-date: /home/ws/roarm_ws_em0/install/roarm_moveit_ikfast_plugins/share/roarm_moveit_ikfast_plugins/cmake/roarm_moveit_ikfast_pluginsConfig-version.cmake
-- Up-to-date: /home/ws/roarm_ws_em0/install/roarm_moveit_ikfast_plugins/share/roarm_moveit_ikfast_plugins/package.xml
