[0.608s] Invoking command in '/home/ws/roarm_ws_em0/src/roarm_else/ros2web_app/examples/ros2web_widgets': AMENT_PREFIX_PATH=/home/ws/roarm_ws_em0/install/ros2web_app:/home/ws/roarm_ws_em0/install/ros2web:/home/ws/roarm_ws_em0/install/ros2web_widgets:/home/ws/roarm_ws_em0/install/ros2web_example_py:/home/ws/roarm_ws_em0/install/roarm_web_app:/home/ws/roarm_ws_em0/install/ros2web_interfaces:/home/ws/roarm_ws_em0/install/roarm_moveit_ikfast_plugins:/home/ws/roarm_ws_em0/install/roarm_moveit_cmd:/home/ws/roarm_ws_em0/install/roarm_moveit:/home/ws/roarm_ws_em0/install/roarm_driver:/home/ws/roarm_ws_em0/install/roarm_description:/home/ws/roarm_ws_em0/install/moveit_servo:/home/ws/roarm_ws_em0/install/launch_api:/opt/ros/humble PYTHONPATH=/home/ws/roarm_ws_em0/build/ros2web_widgets/prefix_override:/usr/lib/python3/dist-packages/colcon_core/task/python/colcon_distutils_commands:/home/ws/roarm_ws_em0/install/ros2web_widgets/lib/python3.10/site-packages:/home/ws/roarm_ws_em0/install/ros2web_app/lib/python3.10/site-packages:/home/ws/roarm_ws_em0/install/ros2web/lib/python3.10/site-packages:/home/ws/roarm_ws_em0/install/ros2web_widgets/lib/python3.10/site-packages:/home/ws/roarm_ws_em0/install/ros2web_example_py/lib/python3.10/site-packages:/home/ws/roarm_ws_em0/install/roarm_web_app/lib/python3.10/site-packages:/home/ws/roarm_ws_em0/install/ros2web_interfaces/local/lib/python3.10/dist-packages:/home/ws/roarm_ws_em0/install/roarm_moveit/local/lib/python3.10/dist-packages:/home/ws/roarm_ws_em0/install/roarm_driver/lib/python3.10/site-packages:/home/ws/roarm_ws_em0/install/launch_api/lib/python3.10/site-packages:/opt/ros/humble/lib/python3.10/site-packages:/opt/ros/humble/local/lib/python3.10/dist-packages /usr/bin/python3 -W ignore:setup.py install is deprecated setup.py egg_info --egg-base ../../../../../build/ros2web_widgets build --build-base /home/ws/roarm_ws_em0/build/ros2web_widgets/build install --record /home/ws/roarm_ws_em0/build/ros2web_widgets/install.log --single-version-externally-managed install_data
[0.758s] running egg_info
[0.761s] writing ../../../../../build/ros2web_widgets/ros2web_widgets.egg-info/PKG-INFO
[0.762s] writing dependency_links to ../../../../../build/ros2web_widgets/ros2web_widgets.egg-info/dependency_links.txt
[0.762s] writing entry points to ../../../../../build/ros2web_widgets/ros2web_widgets.egg-info/entry_points.txt
[0.762s] writing requirements to ../../../../../build/ros2web_widgets/ros2web_widgets.egg-info/requires.txt
[0.763s] writing top-level names to ../../../../../build/ros2web_widgets/ros2web_widgets.egg-info/top_level.txt
[0.765s] reading manifest file '../../../../../build/ros2web_widgets/ros2web_widgets.egg-info/SOURCES.txt'
[0.766s] writing manifest file '../../../../../build/ros2web_widgets/ros2web_widgets.egg-info/SOURCES.txt'
[0.766s] running build
[0.767s] running build_py
[0.768s] running install
[0.768s] running install_lib
[0.770s] running install_data
[0.771s] running install_egg_info
[0.772s] removing '/home/ws/roarm_ws_em0/install/ros2web_widgets/lib/python3.10/site-packages/ros2web_widgets-0.0.0-py3.10.egg-info' (and everything under it)
[0.773s] Copying ../../../../../build/ros2web_widgets/ros2web_widgets.egg-info to /home/ws/roarm_ws_em0/install/ros2web_widgets/lib/python3.10/site-packages/ros2web_widgets-0.0.0-py3.10.egg-info
[0.774s] running install_scripts
[0.791s] Installing widgets script to /home/ws/roarm_ws_em0/install/ros2web_widgets/lib/ros2web_widgets
[0.792s] writing list of installed files to '/home/ws/roarm_ws_em0/build/ros2web_widgets/install.log'
[0.811s] Invoked command in '/home/ws/roarm_ws_em0/src/roarm_else/ros2web_app/examples/ros2web_widgets' returned '0': AMENT_PREFIX_PATH=/home/ws/roarm_ws_em0/install/ros2web_app:/home/ws/roarm_ws_em0/install/ros2web:/home/ws/roarm_ws_em0/install/ros2web_widgets:/home/ws/roarm_ws_em0/install/ros2web_example_py:/home/ws/roarm_ws_em0/install/roarm_web_app:/home/ws/roarm_ws_em0/install/ros2web_interfaces:/home/ws/roarm_ws_em0/install/roarm_moveit_ikfast_plugins:/home/ws/roarm_ws_em0/install/roarm_moveit_cmd:/home/ws/roarm_ws_em0/install/roarm_moveit:/home/ws/roarm_ws_em0/install/roarm_driver:/home/ws/roarm_ws_em0/install/roarm_description:/home/ws/roarm_ws_em0/install/moveit_servo:/home/ws/roarm_ws_em0/install/launch_api:/opt/ros/humble PYTHONPATH=/home/ws/roarm_ws_em0/build/ros2web_widgets/prefix_override:/usr/lib/python3/dist-packages/colcon_core/task/python/colcon_distutils_commands:/home/ws/roarm_ws_em0/install/ros2web_widgets/lib/python3.10/site-packages:/home/ws/roarm_ws_em0/install/ros2web_app/lib/python3.10/site-packages:/home/ws/roarm_ws_em0/install/ros2web/lib/python3.10/site-packages:/home/ws/roarm_ws_em0/install/ros2web_widgets/lib/python3.10/site-packages:/home/ws/roarm_ws_em0/install/ros2web_example_py/lib/python3.10/site-packages:/home/ws/roarm_ws_em0/install/roarm_web_app/lib/python3.10/site-packages:/home/ws/roarm_ws_em0/install/ros2web_interfaces/local/lib/python3.10/dist-packages:/home/ws/roarm_ws_em0/install/roarm_moveit/local/lib/python3.10/dist-packages:/home/ws/roarm_ws_em0/install/roarm_driver/lib/python3.10/site-packages:/home/ws/roarm_ws_em0/install/launch_api/lib/python3.10/site-packages:/opt/ros/humble/lib/python3.10/site-packages:/opt/ros/humble/local/lib/python3.10/dist-packages /usr/bin/python3 -W ignore:setup.py install is deprecated setup.py egg_info --egg-base ../../../../../build/ros2web_widgets build --build-base /home/ws/roarm_ws_em0/build/ros2web_widgets/build install --record /home/ws/roarm_ws_em0/build/ros2web_widgets/install.log --single-version-externally-managed install_data
