[0.005s] Invoking command in '/home/ws/roarm_ws_em0/build/roarm_moveit_ikfast_plugins': CMAKE_PREFIX_PATH=/opt/ros/humble /usr/bin/cmake /home/ws/roarm_ws_em0/src/roarm_main/roarm_moveit_ikfast_plugins -DCMAKE_INSTALL_PREFIX=/home/ws/roarm_ws_em0/install/roarm_moveit_ikfast_plugins
[0.052s] -- The C compiler identification is GNU 11.4.0
[0.095s] -- The CXX compiler identification is GNU 11.4.0
[0.099s] -- Detecting C compiler ABI info
[0.153s] -- Detecting C compiler ABI info - done
[0.160s] -- Check for working C compiler: /usr/bin/cc - skipped
[0.160s] -- Detecting C compile features
[0.162s] -- Detecting C compile features - done
[0.162s] -- Detecting CXX compiler ABI info
[0.224s] -- Detecting CXX compiler ABI info - done
[0.228s] -- Check for working CXX compiler: /usr/bin/c++ - skipped
[0.229s] -- Detecting CXX compile features
[0.229s] -- Detecting CXX compile features - done
[0.232s] -- Found ament_cmake: 1.3.10 (/opt/ros/humble/share/ament_cmake/cmake)
[0.352s] -- Found Python3: /usr/bin/python3 (found version "3.10.12") found components: Interpreter 
[0.431s] -- Found moveit_core: 2.5.5 (/opt/ros/humble/share/moveit_core/cmake)
[0.584s] -- Found Boost: /usr/lib/x86_64-linux-gnu/cmake/Boost-1.74.0/BoostConfig.cmake (found version "1.74.0") found components: chrono date_time filesystem iostreams program_options regex serialization system thread 
[0.597s] -- Found parameter_traits: 0.3.8 (/opt/ros/humble/share/parameter_traits/cmake)
[0.631s] -- Found rosidl_generator_c: 3.1.5 (/opt/ros/humble/share/rosidl_generator_c/cmake)
[0.634s] -- Found rosidl_adapter: 3.1.5 (/opt/ros/humble/share/rosidl_adapter/cmake)
[0.640s] -- Found rosidl_generator_cpp: 3.1.5 (/opt/ros/humble/share/rosidl_generator_cpp/cmake)
[0.650s] -- Using all available rosidl_typesupport_c: rosidl_typesupport_fastrtps_c;rosidl_typesupport_introspection_c
[0.663s] -- Using all available rosidl_typesupport_cpp: rosidl_typesupport_fastrtps_cpp;rosidl_typesupport_introspection_cpp
[0.700s] -- Found rmw_implementation_cmake: 6.1.2 (/opt/ros/humble/share/rmw_implementation_cmake/cmake)
[0.703s] -- Found rmw_fastrtps_cpp: 6.2.7 (/opt/ros/humble/share/rmw_fastrtps_cpp/cmake)
[0.816s] -- Found OpenSSL: /usr/lib/x86_64-linux-gnu/libcrypto.so (found version "3.0.2")  
[0.837s] -- Found FastRTPS: /opt/ros/humble/include  
[0.867s] -- Using RMW implementation 'rmw_fastrtps_cpp' as default
[0.874s] -- Found Threads: TRUE  
[0.931s] -- Found rclcpp_lifecycle: 16.0.10 (/opt/ros/humble/share/rclcpp_lifecycle/cmake)
[0.956s] -- Found Boost: /usr/lib/x86_64-linux-gnu/cmake/Boost-1.74.0/BoostConfig.cmake (found version "1.74.0") found components: filesystem 
[1.041s] -- library: /usr/lib/x86_64-linux-gnu/libcurl.so
[1.099s] -- Found Eigen3: TRUE (found version "3.4.0") 
[1.099s] -- Ensuring Eigen3 include directory is part of orocos-kdl CMake target
[1.331s] -- Found tf2_kdl: 0.25.7 (/opt/ros/humble/share/tf2_kdl/cmake)
[1.362s] -- Looking for sgemm_
[1.414s] -- Looking for sgemm_ - not found
[1.475s] -- Looking for sgemm_
[1.546s] -- Looking for sgemm_ - found
[1.546s] -- Found BLAS: /usr/lib/x86_64-linux-gnu/libblas.so  
[1.548s] -- Looking for cheev_
[1.615s] -- Looking for cheev_ - not found
[1.626s] -- Looking for cheev_
[1.680s] -- Looking for cheev_ - not found
[1.680s] -- Looking for cheev_
[1.767s] -- Looking for cheev_ - found
[1.767s] -- Found LAPACK: /usr/lib/x86_64-linux-gnu/liblapack.so;/usr/lib/x86_64-linux-gnu/libblas.so  
[1.818s] -- Configuring done
[1.835s] -- Generating done
[1.838s] -- Build files have been written to: /home/ws/roarm_ws_em0/build/roarm_moveit_ikfast_plugins
[1.848s] Invoked command in '/home/ws/roarm_ws_em0/build/roarm_moveit_ikfast_plugins' returned '0': CMAKE_PREFIX_PATH=/opt/ros/humble /usr/bin/cmake /home/ws/roarm_ws_em0/src/roarm_main/roarm_moveit_ikfast_plugins -DCMAKE_INSTALL_PREFIX=/home/ws/roarm_ws_em0/install/roarm_moveit_ikfast_plugins
[1.849s] Invoking command in '/home/ws/roarm_ws_em0/build/roarm_moveit_ikfast_plugins': CMAKE_PREFIX_PATH=/opt/ros/humble /usr/bin/cmake --build /home/ws/roarm_ws_em0/build/roarm_moveit_ikfast_plugins -- -j2 -l2
[1.897s] [ 50%] [32mBuilding CXX object CMakeFiles/roarm_description_hand_moveit_ikfast_plugin.dir/src/roarm_description_hand_ikfast_moveit_plugin.cpp.o[0m
[28.732s] [100%] [32m[1mLinking CXX shared library libroarm_description_hand_moveit_ikfast_plugin.so[0m
[28.950s] [100%] Built target roarm_description_hand_moveit_ikfast_plugin
[28.958s] Invoked command in '/home/ws/roarm_ws_em0/build/roarm_moveit_ikfast_plugins' returned '0': CMAKE_PREFIX_PATH=/opt/ros/humble /usr/bin/cmake --build /home/ws/roarm_ws_em0/build/roarm_moveit_ikfast_plugins -- -j2 -l2
[28.976s] Invoking command in '/home/ws/roarm_ws_em0/build/roarm_moveit_ikfast_plugins': CMAKE_PREFIX_PATH=/opt/ros/humble /usr/bin/cmake --install /home/ws/roarm_ws_em0/build/roarm_moveit_ikfast_plugins
[28.981s] -- Install configuration: ""
[28.983s] -- Installing: /home/ws/roarm_ws_em0/install/roarm_moveit_ikfast_plugins/lib/libroarm_description_hand_moveit_ikfast_plugin.so
[28.983s] -- Set runtime path of "/home/ws/roarm_ws_em0/install/roarm_moveit_ikfast_plugins/lib/libroarm_description_hand_moveit_ikfast_plugin.so" to ""
[28.983s] -- Installing: /home/ws/roarm_ws_em0/install/roarm_moveit_ikfast_plugins/share/roarm_moveit_ikfast_plugins/roarm_description_hand_moveit_ikfast_plugin_description.xml
[28.983s] -- Installing: /home/ws/roarm_ws_em0/install/roarm_moveit_ikfast_plugins/share/roarm_moveit_ikfast_plugins/environment/library_path.sh
[28.983s] -- Installing: /home/ws/roarm_ws_em0/install/roarm_moveit_ikfast_plugins/share/roarm_moveit_ikfast_plugins/environment/library_path.dsv
[28.983s] -- Installing: /home/ws/roarm_ws_em0/install/roarm_moveit_ikfast_plugins/share/ament_index/resource_index/package_run_dependencies/roarm_moveit_ikfast_plugins
[28.984s] -- Installing: /home/ws/roarm_ws_em0/install/roarm_moveit_ikfast_plugins/share/ament_index/resource_index/parent_prefix_path/roarm_moveit_ikfast_plugins
[28.984s] -- Installing: /home/ws/roarm_ws_em0/install/roarm_moveit_ikfast_plugins/share/roarm_moveit_ikfast_plugins/environment/ament_prefix_path.sh
[28.984s] -- Installing: /home/ws/roarm_ws_em0/install/roarm_moveit_ikfast_plugins/share/roarm_moveit_ikfast_plugins/environment/ament_prefix_path.dsv
[28.984s] -- Installing: /home/ws/roarm_ws_em0/install/roarm_moveit_ikfast_plugins/share/roarm_moveit_ikfast_plugins/environment/path.sh
[28.984s] -- Installing: /home/ws/roarm_ws_em0/install/roarm_moveit_ikfast_plugins/share/roarm_moveit_ikfast_plugins/environment/path.dsv
[28.984s] -- Installing: /home/ws/roarm_ws_em0/install/roarm_moveit_ikfast_plugins/share/roarm_moveit_ikfast_plugins/local_setup.bash
[28.985s] -- Installing: /home/ws/roarm_ws_em0/install/roarm_moveit_ikfast_plugins/share/roarm_moveit_ikfast_plugins/local_setup.sh
[28.985s] -- Installing: /home/ws/roarm_ws_em0/install/roarm_moveit_ikfast_plugins/share/roarm_moveit_ikfast_plugins/local_setup.zsh
[28.985s] -- Installing: /home/ws/roarm_ws_em0/install/roarm_moveit_ikfast_plugins/share/roarm_moveit_ikfast_plugins/local_setup.dsv
[28.985s] -- Installing: /home/ws/roarm_ws_em0/install/roarm_moveit_ikfast_plugins/share/roarm_moveit_ikfast_plugins/package.dsv
[28.985s] -- Installing: /home/ws/roarm_ws_em0/install/roarm_moveit_ikfast_plugins/share/ament_index/resource_index/packages/roarm_moveit_ikfast_plugins
[28.985s] -- Installing: /home/ws/roarm_ws_em0/install/roarm_moveit_ikfast_plugins/share/ament_index/resource_index/moveit_core__pluginlib__plugin/roarm_moveit_ikfast_plugins
[28.985s] -- Installing: /home/ws/roarm_ws_em0/install/roarm_moveit_ikfast_plugins/share/roarm_moveit_ikfast_plugins/cmake/export_roarm_moveit_ikfast_pluginsExport.cmake
[28.986s] -- Installing: /home/ws/roarm_ws_em0/install/roarm_moveit_ikfast_plugins/share/roarm_moveit_ikfast_plugins/cmake/export_roarm_moveit_ikfast_pluginsExport-noconfig.cmake
[28.986s] -- Installing: /home/ws/roarm_ws_em0/install/roarm_moveit_ikfast_plugins/share/roarm_moveit_ikfast_plugins/cmake/ament_cmake_export_targets-extras.cmake
[28.986s] -- Installing: /home/ws/roarm_ws_em0/install/roarm_moveit_ikfast_plugins/share/roarm_moveit_ikfast_plugins/cmake/ament_cmake_export_dependencies-extras.cmake
[28.986s] -- Installing: /home/ws/roarm_ws_em0/install/roarm_moveit_ikfast_plugins/share/roarm_moveit_ikfast_plugins/cmake/roarm_moveit_ikfast_pluginsConfig.cmake
[28.986s] -- Installing: /home/ws/roarm_ws_em0/install/roarm_moveit_ikfast_plugins/share/roarm_moveit_ikfast_plugins/cmake/roarm_moveit_ikfast_pluginsConfig-version.cmake
[28.987s] -- Installing: /home/ws/roarm_ws_em0/install/roarm_moveit_ikfast_plugins/share/roarm_moveit_ikfast_plugins/package.xml
[28.988s] Invoked command in '/home/ws/roarm_ws_em0/build/roarm_moveit_ikfast_plugins' returned '0': CMAKE_PREFIX_PATH=/opt/ros/humble /usr/bin/cmake --install /home/ws/roarm_ws_em0/build/roarm_moveit_ikfast_plugins
