[0.019s] Invoking command in '/home/ws/roarm_ws_em0/build/manual_move_action': CMAKE_PREFIX_PATH=/home/ws/roarm_ws_em0/install/roarm_moveit:/home/ws/roarm_ws_em0/install/roarm_description:/home/ws/roarm_ws_em0/install/ros2web_interfaces:/home/ws/roarm_ws_em0/install/roarm_moveit_ikfast_plugins:/home/ws/roarm_ws_em0/install/roarm_moveit_cmd:/home/ws/roarm_ws_em0/install/manual_move_action:/home/ws/roarm_ws_em0/install/moveit_servo:/home/ws/roarm_ws_em0/install/ros2web_widgets:/home/ws/roarm_ws_em0/install/ros2web_example_py:/home/ws/roarm_ws_em0/install/roarm_web_app:/home/ws/roarm_ws_em0/install/ros2web_app:/home/ws/roarm_ws_em0/install/ros2web:/home/ws/roarm_ws_em0/install/roarm_driver:/home/ws/roarm_ws_em0/install/launch_api:/opt/ros/humble LD_LIBRARY_PATH=/home/ws/roarm_ws_em0/install/roarm_moveit/lib:/home/ws/roarm_ws_em0/install/ros2web_interfaces/lib:/home/ws/roarm_ws_em0/install/roarm_moveit_ikfast_plugins/lib:/home/ws/roarm_ws_em0/install/manual_move_action/lib:/home/ws/roarm_ws_em0/install/moveit_servo/lib:/opt/ros/humble/opt/rviz_ogre_vendor/lib:/opt/ros/humble/lib/x86_64-linux-gnu:/opt/ros/humble/lib /usr/bin/cmake --build /home/ws/roarm_ws_em0/build/manual_move_action -- -j4 -l4
[0.084s] [  2%] Built target manual_move_action__cpp
[0.088s] [ 11%] Built target manual_move_action__rosidl_generator_c
[0.094s] [ 11%] Built target ament_cmake_python_symlink_manual_move_action
[0.110s] [ 20%] Built target manual_move_action__rosidl_typesupport_cpp
[0.113s] [ 28%] Built target manual_move_action__rosidl_typesupport_fastrtps_cpp
[0.134s] [ 37%] Built target manual_move_action__rosidl_typesupport_introspection_cpp
[0.139s] [ 45%] Built target manual_move_action__rosidl_typesupport_fastrtps_c
[0.160s] [ 54%] Built target manual_move_action__rosidl_typesupport_introspection_c
[0.164s] [ 62%] Built target manual_move_action__rosidl_typesupport_c
[0.165s] [35m[1mConsolidate compiler generated dependencies of target manual_move_client[0m
[0.182s] [35m[1mConsolidate compiler generated dependencies of target manual_move_server[0m
[0.204s] [ 68%] Built target manual_move_client
[0.217s] [ 68%] Built target manual_move_action
[0.219s] [ 74%] Built target manual_move_server
[0.251s] [ 77%] Built target manual_move_action__py
[0.282s] [ 82%] Built target manual_move_action__rosidl_generator_py
[0.313s] [ 88%] Built target manual_move_action__rosidl_typesupport_fastrtps_c__pyext
[0.316s] [ 94%] Built target manual_move_action__rosidl_typesupport_introspection_c__pyext
[0.337s] [100%] Built target manual_move_action__rosidl_typesupport_c__pyext
[0.348s] running egg_info
[0.349s] writing manual_move_action.egg-info/PKG-INFO
[0.350s] writing dependency_links to manual_move_action.egg-info/dependency_links.txt
[0.350s] writing top-level names to manual_move_action.egg-info/top_level.txt
[0.352s] reading manifest file 'manual_move_action.egg-info/SOURCES.txt'
[0.352s] writing manifest file 'manual_move_action.egg-info/SOURCES.txt'
[0.383s] [100%] Built target ament_cmake_python_build_manual_move_action_egg
[0.404s] Invoked command in '/home/ws/roarm_ws_em0/build/manual_move_action' returned '0': CMAKE_PREFIX_PATH=/home/ws/roarm_ws_em0/install/roarm_moveit:/home/ws/roarm_ws_em0/install/roarm_description:/home/ws/roarm_ws_em0/install/ros2web_interfaces:/home/ws/roarm_ws_em0/install/roarm_moveit_ikfast_plugins:/home/ws/roarm_ws_em0/install/roarm_moveit_cmd:/home/ws/roarm_ws_em0/install/manual_move_action:/home/ws/roarm_ws_em0/install/moveit_servo:/home/ws/roarm_ws_em0/install/ros2web_widgets:/home/ws/roarm_ws_em0/install/ros2web_example_py:/home/ws/roarm_ws_em0/install/roarm_web_app:/home/ws/roarm_ws_em0/install/ros2web_app:/home/ws/roarm_ws_em0/install/ros2web:/home/ws/roarm_ws_em0/install/roarm_driver:/home/ws/roarm_ws_em0/install/launch_api:/opt/ros/humble LD_LIBRARY_PATH=/home/ws/roarm_ws_em0/install/roarm_moveit/lib:/home/ws/roarm_ws_em0/install/ros2web_interfaces/lib:/home/ws/roarm_ws_em0/install/roarm_moveit_ikfast_plugins/lib:/home/ws/roarm_ws_em0/install/manual_move_action/lib:/home/ws/roarm_ws_em0/install/moveit_servo/lib:/opt/ros/humble/opt/rviz_ogre_vendor/lib:/opt/ros/humble/lib/x86_64-linux-gnu:/opt/ros/humble/lib /usr/bin/cmake --build /home/ws/roarm_ws_em0/build/manual_move_action -- -j4 -l4
[0.565s] Invoking command in '/home/ws/roarm_ws_em0/build/manual_move_action': CMAKE_PREFIX_PATH=/home/ws/roarm_ws_em0/install/roarm_moveit:/home/ws/roarm_ws_em0/install/roarm_description:/home/ws/roarm_ws_em0/install/ros2web_interfaces:/home/ws/roarm_ws_em0/install/roarm_moveit_ikfast_plugins:/home/ws/roarm_ws_em0/install/roarm_moveit_cmd:/home/ws/roarm_ws_em0/install/manual_move_action:/home/ws/roarm_ws_em0/install/moveit_servo:/home/ws/roarm_ws_em0/install/ros2web_widgets:/home/ws/roarm_ws_em0/install/ros2web_example_py:/home/ws/roarm_ws_em0/install/roarm_web_app:/home/ws/roarm_ws_em0/install/ros2web_app:/home/ws/roarm_ws_em0/install/ros2web:/home/ws/roarm_ws_em0/install/roarm_driver:/home/ws/roarm_ws_em0/install/launch_api:/opt/ros/humble LD_LIBRARY_PATH=/home/ws/roarm_ws_em0/install/roarm_moveit/lib:/home/ws/roarm_ws_em0/install/ros2web_interfaces/lib:/home/ws/roarm_ws_em0/install/roarm_moveit_ikfast_plugins/lib:/home/ws/roarm_ws_em0/install/manual_move_action/lib:/home/ws/roarm_ws_em0/install/moveit_servo/lib:/opt/ros/humble/opt/rviz_ogre_vendor/lib:/opt/ros/humble/lib/x86_64-linux-gnu:/opt/ros/humble/lib /usr/bin/cmake --install /home/ws/roarm_ws_em0/build/manual_move_action
[0.572s] -- Install configuration: ""
[0.572s] -- Execute custom install script
[0.573s] -- Up-to-date symlink: /home/ws/roarm_ws_em0/install/manual_move_action/share/ament_index/resource_index/rosidl_interfaces/manual_move_action
[0.573s] -- Up-to-date symlink: /home/ws/roarm_ws_em0/install/manual_move_action/include/manual_move_action/manual_move_action/action/detail/move_info__functions.h
[0.573s] -- Up-to-date symlink: /home/ws/roarm_ws_em0/install/manual_move_action/include/manual_move_action/manual_move_action/action/detail/move_info__struct.h
[0.573s] -- Up-to-date symlink: /home/ws/roarm_ws_em0/install/manual_move_action/include/manual_move_action/manual_move_action/action/detail/move_info__type_support.h
[0.573s] -- Up-to-date symlink: /home/ws/roarm_ws_em0/install/manual_move_action/include/manual_move_action/manual_move_action/action/move_info.h
[0.574s] -- Up-to-date symlink: /home/ws/roarm_ws_em0/install/manual_move_action/include/manual_move_action/manual_move_action/msg/rosidl_generator_c__visibility_control.h
[0.574s] -- Up-to-date symlink: /home/ws/roarm_ws_em0/install/manual_move_action/share/manual_move_action/environment/library_path.sh
[0.574s] -- Up-to-date symlink: /home/ws/roarm_ws_em0/install/manual_move_action/share/manual_move_action/environment/library_path.dsv
[0.575s] -- Up-to-date symlink: /home/ws/roarm_ws_em0/install/manual_move_action/include/manual_move_action/manual_move_action/action/detail/move_info__rosidl_typesupport_fastrtps_c.h
[0.575s] -- Up-to-date symlink: /home/ws/roarm_ws_em0/install/manual_move_action/include/manual_move_action/manual_move_action/msg/rosidl_typesupport_fastrtps_c__visibility_control.h
[0.575s] -- Up-to-date symlink: /home/ws/roarm_ws_em0/install/manual_move_action/include/manual_move_action/manual_move_action/action/detail/move_info__builder.hpp
[0.575s] -- Up-to-date symlink: /home/ws/roarm_ws_em0/install/manual_move_action/include/manual_move_action/manual_move_action/action/detail/move_info__struct.hpp
[0.575s] -- Up-to-date symlink: /home/ws/roarm_ws_em0/install/manual_move_action/include/manual_move_action/manual_move_action/action/detail/move_info__traits.hpp
[0.575s] -- Up-to-date symlink: /home/ws/roarm_ws_em0/install/manual_move_action/include/manual_move_action/manual_move_action/action/move_info.hpp
[0.575s] -- Up-to-date symlink: /home/ws/roarm_ws_em0/install/manual_move_action/include/manual_move_action/manual_move_action/action/detail/move_info__rosidl_typesupport_fastrtps_cpp.hpp
[0.575s] -- Up-to-date symlink: /home/ws/roarm_ws_em0/install/manual_move_action/include/manual_move_action/manual_move_action/msg/rosidl_typesupport_fastrtps_cpp__visibility_control.h
[0.575s] -- Up-to-date symlink: /home/ws/roarm_ws_em0/install/manual_move_action/include/manual_move_action/manual_move_action/action/detail/move_info__rosidl_typesupport_introspection_c.h
[0.575s] -- Up-to-date symlink: /home/ws/roarm_ws_em0/install/manual_move_action/include/manual_move_action/manual_move_action/msg/rosidl_typesupport_introspection_c__visibility_control.h
[0.575s] -- Up-to-date symlink: /home/ws/roarm_ws_em0/install/manual_move_action/include/manual_move_action/manual_move_action/action/detail/move_info__rosidl_typesupport_introspection_cpp.hpp
[0.575s] -- Up-to-date symlink: /home/ws/roarm_ws_em0/install/manual_move_action/share/manual_move_action/environment/pythonpath.sh
[0.575s] -- Up-to-date symlink: /home/ws/roarm_ws_em0/install/manual_move_action/share/manual_move_action/environment/pythonpath.dsv
[0.578s] -- Up-to-date symlink: /home/ws/roarm_ws_em0/install/manual_move_action/local/lib/python3.10/dist-packages/manual_move_action-0.0.0-py3.10.egg-info/PKG-INFO
[0.578s] -- Up-to-date symlink: /home/ws/roarm_ws_em0/install/manual_move_action/local/lib/python3.10/dist-packages/manual_move_action-0.0.0-py3.10.egg-info/SOURCES.txt
[0.578s] -- Up-to-date symlink: /home/ws/roarm_ws_em0/install/manual_move_action/local/lib/python3.10/dist-packages/manual_move_action-0.0.0-py3.10.egg-info/dependency_links.txt
[0.578s] -- Up-to-date symlink: /home/ws/roarm_ws_em0/install/manual_move_action/local/lib/python3.10/dist-packages/manual_move_action-0.0.0-py3.10.egg-info/top_level.txt
[0.578s] -- Up-to-date symlink: /home/ws/roarm_ws_em0/install/manual_move_action/local/lib/python3.10/dist-packages/manual_move_action/__init__.py
[0.578s] -- Up-to-date symlink: /home/ws/roarm_ws_em0/install/manual_move_action/local/lib/python3.10/dist-packages/manual_move_action/_manual_move_action_s.ep.rosidl_typesupport_c.c
[0.578s] -- Up-to-date symlink: /home/ws/roarm_ws_em0/install/manual_move_action/local/lib/python3.10/dist-packages/manual_move_action/_manual_move_action_s.ep.rosidl_typesupport_fastrtps_c.c
[0.578s] -- Up-to-date symlink: /home/ws/roarm_ws_em0/install/manual_move_action/local/lib/python3.10/dist-packages/manual_move_action/_manual_move_action_s.ep.rosidl_typesupport_introspection_c.c
[0.578s] -- Up-to-date symlink: /home/ws/roarm_ws_em0/install/manual_move_action/local/lib/python3.10/dist-packages/manual_move_action/action/__init__.py
[0.578s] -- Up-to-date symlink: /home/ws/roarm_ws_em0/install/manual_move_action/local/lib/python3.10/dist-packages/manual_move_action/action/_move_info.py
[0.578s] -- Up-to-date symlink: /home/ws/roarm_ws_em0/install/manual_move_action/local/lib/python3.10/dist-packages/manual_move_action/action/_move_info_s.c
[0.578s] -- Up-to-date symlink: /home/ws/roarm_ws_em0/install/manual_move_action/local/lib/python3.10/dist-packages/manual_move_action/libmanual_move_action__rosidl_generator_py.so
[0.578s] -- Up-to-date symlink: /home/ws/roarm_ws_em0/install/manual_move_action/local/lib/python3.10/dist-packages/manual_move_action/manual_move_action_s__rosidl_typesupport_c.cpython-310-x86_64-linux-gnu.so
[0.578s] -- Up-to-date symlink: /home/ws/roarm_ws_em0/install/manual_move_action/local/lib/python3.10/dist-packages/manual_move_action/manual_move_action_s__rosidl_typesupport_fastrtps_c.cpython-310-x86_64-linux-gnu.so
[0.578s] -- Up-to-date symlink: /home/ws/roarm_ws_em0/install/manual_move_action/local/lib/python3.10/dist-packages/manual_move_action/manual_move_action_s__rosidl_typesupport_introspection_c.cpython-310-x86_64-linux-gnu.so
[0.578s] -- Up-to-date symlink: /home/ws/roarm_ws_em0/install/manual_move_action/local/lib/python3.10/dist-packages/manual_move_action/manual_move_action_s__rosidl_typesupport_fastrtps_c.cpython-310-x86_64-linux-gnu.so
[0.578s] -- Up-to-date symlink: /home/ws/roarm_ws_em0/install/manual_move_action/local/lib/python3.10/dist-packages/manual_move_action/manual_move_action_s__rosidl_typesupport_introspection_c.cpython-310-x86_64-linux-gnu.so
[0.578s] -- Up-to-date symlink: /home/ws/roarm_ws_em0/install/manual_move_action/local/lib/python3.10/dist-packages/manual_move_action/manual_move_action_s__rosidl_typesupport_c.cpython-310-x86_64-linux-gnu.so
[0.579s] -- Up-to-date symlink: /home/ws/roarm_ws_em0/install/manual_move_action/share/manual_move_action/action/MoveInfo.idl
[0.579s] -- Up-to-date symlink: /home/ws/roarm_ws_em0/install/manual_move_action/share/manual_move_action/action/MoveInfo.action
[0.579s] -- Up-to-date symlink: /home/ws/roarm_ws_em0/install/manual_move_action/lib/manual_move_action/manual_move_client
[0.579s] -- Up-to-date symlink: /home/ws/roarm_ws_em0/install/manual_move_action/lib/manual_move_action/manual_move_server
[0.579s] -- Up-to-date symlink: /home/ws/roarm_ws_em0/install/manual_move_action/share/manual_move_action//launch/.vscode/c_cpp_properties.json
[0.579s] -- Up-to-date symlink: /home/ws/roarm_ws_em0/install/manual_move_action/share/manual_move_action//launch/.vscode/settings.json
[0.579s] -- Up-to-date symlink: /home/ws/roarm_ws_em0/install/manual_move_action/share/manual_move_action//launch/manual_move_action.launch.py
[0.579s] -- Up-to-date symlink: /home/ws/roarm_ws_em0/install/manual_move_action/share/ament_index/resource_index/package_run_dependencies/manual_move_action
[0.581s] -- Up-to-date symlink: /home/ws/roarm_ws_em0/install/manual_move_action/share/ament_index/resource_index/parent_prefix_path/manual_move_action
[0.581s] -- Up-to-date symlink: /home/ws/roarm_ws_em0/install/manual_move_action/share/manual_move_action/environment/ament_prefix_path.sh
[0.581s] -- Up-to-date symlink: /home/ws/roarm_ws_em0/install/manual_move_action/share/manual_move_action/environment/ament_prefix_path.dsv
[0.581s] -- Up-to-date symlink: /home/ws/roarm_ws_em0/install/manual_move_action/share/manual_move_action/environment/path.sh
[0.581s] -- Up-to-date symlink: /home/ws/roarm_ws_em0/install/manual_move_action/share/manual_move_action/environment/path.dsv
[0.581s] -- Up-to-date symlink: /home/ws/roarm_ws_em0/install/manual_move_action/share/manual_move_action/local_setup.bash
[0.581s] -- Up-to-date symlink: /home/ws/roarm_ws_em0/install/manual_move_action/share/manual_move_action/local_setup.sh
[0.581s] -- Up-to-date symlink: /home/ws/roarm_ws_em0/install/manual_move_action/share/manual_move_action/local_setup.zsh
[0.581s] -- Up-to-date symlink: /home/ws/roarm_ws_em0/install/manual_move_action/share/manual_move_action/local_setup.dsv
[0.581s] -- Symlinking: /home/ws/roarm_ws_em0/install/manual_move_action/share/manual_move_action/package.dsv
[0.591s] -- Up-to-date symlink: /home/ws/roarm_ws_em0/install/manual_move_action/share/ament_index/resource_index/packages/manual_move_action
[0.593s] -- Up-to-date symlink: /home/ws/roarm_ws_em0/install/manual_move_action/share/manual_move_action/cmake/rosidl_cmake-extras.cmake
[0.594s] -- Up-to-date symlink: /home/ws/roarm_ws_em0/install/manual_move_action/share/manual_move_action/cmake/ament_cmake_export_dependencies-extras.cmake
[0.594s] -- Up-to-date symlink: /home/ws/roarm_ws_em0/install/manual_move_action/share/manual_move_action/cmake/ament_cmake_export_include_directories-extras.cmake
[0.594s] -- Up-to-date symlink: /home/ws/roarm_ws_em0/install/manual_move_action/share/manual_move_action/cmake/ament_cmake_export_libraries-extras.cmake
[0.594s] -- Up-to-date symlink: /home/ws/roarm_ws_em0/install/manual_move_action/share/manual_move_action/cmake/ament_cmake_export_targets-extras.cmake
[0.594s] -- Up-to-date symlink: /home/ws/roarm_ws_em0/install/manual_move_action/share/manual_move_action/cmake/rosidl_cmake_export_typesupport_targets-extras.cmake
[0.594s] -- Up-to-date symlink: /home/ws/roarm_ws_em0/install/manual_move_action/share/manual_move_action/cmake/rosidl_cmake_export_typesupport_libraries-extras.cmake
[0.594s] -- Up-to-date symlink: /home/ws/roarm_ws_em0/install/manual_move_action/share/manual_move_action/cmake/manual_move_actionConfig.cmake
[0.594s] -- Up-to-date symlink: /home/ws/roarm_ws_em0/install/manual_move_action/share/manual_move_action/cmake/manual_move_actionConfig-version.cmake
[0.594s] -- Up-to-date symlink: /home/ws/roarm_ws_em0/install/manual_move_action/share/manual_move_action/package.xml
[0.594s] -- Up-to-date: /home/ws/roarm_ws_em0/install/manual_move_action/lib/libmanual_move_action__rosidl_generator_c.so
[0.594s] -- Up-to-date: /home/ws/roarm_ws_em0/install/manual_move_action/lib/libmanual_move_action__rosidl_typesupport_fastrtps_c.so
[0.594s] -- Up-to-date: /home/ws/roarm_ws_em0/install/manual_move_action/lib/libmanual_move_action__rosidl_typesupport_fastrtps_cpp.so
[0.594s] -- Up-to-date: /home/ws/roarm_ws_em0/install/manual_move_action/lib/libmanual_move_action__rosidl_typesupport_introspection_c.so
[0.594s] -- Up-to-date: /home/ws/roarm_ws_em0/install/manual_move_action/lib/libmanual_move_action__rosidl_typesupport_c.so
[0.594s] -- Up-to-date: /home/ws/roarm_ws_em0/install/manual_move_action/lib/libmanual_move_action__rosidl_typesupport_introspection_cpp.so
[0.594s] -- Up-to-date: /home/ws/roarm_ws_em0/install/manual_move_action/lib/libmanual_move_action__rosidl_typesupport_cpp.so
[0.622s] Listing '/home/ws/roarm_ws_em0/install/manual_move_action/local/lib/python3.10/dist-packages/manual_move_action'...
[0.622s] Listing '/home/ws/roarm_ws_em0/install/manual_move_action/local/lib/python3.10/dist-packages/manual_move_action/action'...
[0.626s] -- Up-to-date: /home/ws/roarm_ws_em0/install/manual_move_action/lib/libmanual_move_action__rosidl_generator_py.so
[0.626s] -- Up-to-date: /home/ws/roarm_ws_em0/install/manual_move_action/share/manual_move_action/cmake/export_manual_move_action__rosidl_generator_cExport.cmake
[0.627s] -- Up-to-date: /home/ws/roarm_ws_em0/install/manual_move_action/share/manual_move_action/cmake/export_manual_move_action__rosidl_generator_cExport-noconfig.cmake
[0.627s] -- Up-to-date: /home/ws/roarm_ws_em0/install/manual_move_action/share/manual_move_action/cmake/export_manual_move_action__rosidl_typesupport_fastrtps_cExport.cmake
[0.627s] -- Up-to-date: /home/ws/roarm_ws_em0/install/manual_move_action/share/manual_move_action/cmake/export_manual_move_action__rosidl_typesupport_fastrtps_cExport-noconfig.cmake
[0.627s] -- Up-to-date: /home/ws/roarm_ws_em0/install/manual_move_action/share/manual_move_action/cmake/export_manual_move_action__rosidl_generator_cppExport.cmake
[0.628s] -- Up-to-date: /home/ws/roarm_ws_em0/install/manual_move_action/share/manual_move_action/cmake/export_manual_move_action__rosidl_typesupport_fastrtps_cppExport.cmake
[0.628s] -- Up-to-date: /home/ws/roarm_ws_em0/install/manual_move_action/share/manual_move_action/cmake/export_manual_move_action__rosidl_typesupport_fastrtps_cppExport-noconfig.cmake
[0.628s] -- Up-to-date: /home/ws/roarm_ws_em0/install/manual_move_action/share/manual_move_action/cmake/manual_move_action__rosidl_typesupport_introspection_cExport.cmake
[0.628s] -- Up-to-date: /home/ws/roarm_ws_em0/install/manual_move_action/share/manual_move_action/cmake/manual_move_action__rosidl_typesupport_introspection_cExport-noconfig.cmake
[0.628s] -- Up-to-date: /home/ws/roarm_ws_em0/install/manual_move_action/share/manual_move_action/cmake/manual_move_action__rosidl_typesupport_cExport.cmake
[0.628s] -- Up-to-date: /home/ws/roarm_ws_em0/install/manual_move_action/share/manual_move_action/cmake/manual_move_action__rosidl_typesupport_cExport-noconfig.cmake
[0.628s] -- Up-to-date: /home/ws/roarm_ws_em0/install/manual_move_action/share/manual_move_action/cmake/manual_move_action__rosidl_typesupport_introspection_cppExport.cmake
[0.628s] -- Up-to-date: /home/ws/roarm_ws_em0/install/manual_move_action/share/manual_move_action/cmake/manual_move_action__rosidl_typesupport_introspection_cppExport-noconfig.cmake
[0.628s] -- Up-to-date: /home/ws/roarm_ws_em0/install/manual_move_action/share/manual_move_action/cmake/manual_move_action__rosidl_typesupport_cppExport.cmake
[0.628s] -- Up-to-date: /home/ws/roarm_ws_em0/install/manual_move_action/share/manual_move_action/cmake/manual_move_action__rosidl_typesupport_cppExport-noconfig.cmake
[0.628s] -- Up-to-date: /home/ws/roarm_ws_em0/install/manual_move_action/share/manual_move_action/cmake/export_manual_move_action__rosidl_generator_pyExport.cmake
[0.628s] -- Up-to-date: /home/ws/roarm_ws_em0/install/manual_move_action/share/manual_move_action/cmake/export_manual_move_action__rosidl_generator_pyExport-noconfig.cmake
[0.633s] Invoked command in '/home/ws/roarm_ws_em0/build/manual_move_action' returned '0': CMAKE_PREFIX_PATH=/home/ws/roarm_ws_em0/install/roarm_moveit:/home/ws/roarm_ws_em0/install/roarm_description:/home/ws/roarm_ws_em0/install/ros2web_interfaces:/home/ws/roarm_ws_em0/install/roarm_moveit_ikfast_plugins:/home/ws/roarm_ws_em0/install/roarm_moveit_cmd:/home/ws/roarm_ws_em0/install/manual_move_action:/home/ws/roarm_ws_em0/install/moveit_servo:/home/ws/roarm_ws_em0/install/ros2web_widgets:/home/ws/roarm_ws_em0/install/ros2web_example_py:/home/ws/roarm_ws_em0/install/roarm_web_app:/home/ws/roarm_ws_em0/install/ros2web_app:/home/ws/roarm_ws_em0/install/ros2web:/home/ws/roarm_ws_em0/install/roarm_driver:/home/ws/roarm_ws_em0/install/launch_api:/opt/ros/humble LD_LIBRARY_PATH=/home/ws/roarm_ws_em0/install/roarm_moveit/lib:/home/ws/roarm_ws_em0/install/ros2web_interfaces/lib:/home/ws/roarm_ws_em0/install/roarm_moveit_ikfast_plugins/lib:/home/ws/roarm_ws_em0/install/manual_move_action/lib:/home/ws/roarm_ws_em0/install/moveit_servo/lib:/opt/ros/humble/opt/rviz_ogre_vendor/lib:/opt/ros/humble/lib/x86_64-linux-gnu:/opt/ros/humble/lib /usr/bin/cmake --install /home/ws/roarm_ws_em0/build/manual_move_action
