running develop
Removing /home/ws/roarm_ws_em0/install/ros2web_example_py/lib/python3.10/site-packages/ros2web-example-py.egg-link (link to .)
running egg_info
writing ../../../../../build/ros2web_example_py/ros2web_example_py.egg-info/PKG-INFO
writing dependency_links to ../../../../../build/ros2web_example_py/ros2web_example_py.egg-info/dependency_links.txt
writing entry points to ../../../../../build/ros2web_example_py/ros2web_example_py.egg-info/entry_points.txt
writing requirements to ../../../../../build/ros2web_example_py/ros2web_example_py.egg-info/requires.txt
writing top-level names to ../../../../../build/ros2web_example_py/ros2web_example_py.egg-info/top_level.txt
reading manifest file '../../../../../build/ros2web_example_py/ros2web_example_py.egg-info/SOURCES.txt'
writing manifest file '../../../../../build/ros2web_example_py/ros2web_example_py.egg-info/SOURCES.txt'
running build
running build_py
running install
running install_lib
creating /home/ws/roarm_ws_em0/install/ros2web_example_py/lib/python3.10/site-packages/ros2web_example_py
copying /home/ws/roarm_ws_em0/build/ros2web_example_py/build/lib/ros2web_example_py/api.py -> /home/ws/roarm_ws_em0/install/ros2web_example_py/lib/python3.10/site-packages/ros2web_example_py
copying /home/ws/roarm_ws_em0/build/ros2web_example_py/build/lib/ros2web_example_py/__init__.py -> /home/ws/roarm_ws_em0/install/ros2web_example_py/lib/python3.10/site-packages/ros2web_example_py
copying /home/ws/roarm_ws_em0/build/ros2web_example_py/build/lib/ros2web_example_py/form.py -> /home/ws/roarm_ws_em0/install/ros2web_example_py/lib/python3.10/site-packages/ros2web_example_py
byte-compiling /home/ws/roarm_ws_em0/install/ros2web_example_py/lib/python3.10/site-packages/ros2web_example_py/api.py to api.cpython-310.pyc
byte-compiling /home/ws/roarm_ws_em0/install/ros2web_example_py/lib/python3.10/site-packages/ros2web_example_py/__init__.py to __init__.cpython-310.pyc
byte-compiling /home/ws/roarm_ws_em0/install/ros2web_example_py/lib/python3.10/site-packages/ros2web_example_py/form.py to form.cpython-310.pyc
running install_data
copying resource/ros2web_example_py -> /home/ws/roarm_ws_em0/install/ros2web_example_py/share/ament_index/resource_index/packages
copying package.xml -> /home/ws/roarm_ws_em0/install/ros2web_example_py/share/ros2web_example_py
running install_egg_info
Copying ../../../../../build/ros2web_example_py/ros2web_example_py.egg-info to /home/ws/roarm_ws_em0/install/ros2web_example_py/lib/python3.10/site-packages/ros2web_example_py-0.0.0-py3.10.egg-info
running install_scripts
Installing api script to /home/ws/roarm_ws_em0/install/ros2web_example_py/lib/ros2web_example_py
Installing form script to /home/ws/roarm_ws_em0/install/ros2web_example_py/lib/ros2web_example_py
writing list of installed files to '/home/ws/roarm_ws_em0/build/ros2web_example_py/install.log'
