[0.453s] Invoking command in '/home/ws/roarm_ws_em0/build/ros2web_widgets': AMENT_PREFIX_PATH=/home/ws/roarm_ws_em0/install/ros2web_app:/home/ws/roarm_ws_em0/install/ros2web:/home/ws/roarm_ws_em0/install/ros2web_interfaces:${AMENT_PREFIX_PATH} CMAKE_PREFIX_PATH=/home/ws/roarm_ws_em0/install/ros2web_interfaces LD_LIBRARY_PATH=/home/ws/roarm_ws_em0/install/ros2web_interfaces/lib:${LD_LIBRARY_PATH} PYTHONPATH=/home/ws/roarm_ws_em0/build/ros2web_widgets/prefix_override:/usr/lib/python3/dist-packages/colcon_core/task/python/colcon_distutils_commands:/home/ws/roarm_ws_em0/install/ros2web_widgets/lib/python3.10/site-packages:/home/ws/roarm_ws_em0/build/ros2web_app:/home/ws/roarm_ws_em0/install/ros2web_app/lib/python3.10/site-packages:/home/ws/roarm_ws_em0/build/ros2web:/home/ws/roarm_ws_em0/install/ros2web/lib/python3.10/site-packages:/home/ws/roarm_ws_em0/install/ros2web_interfaces/local/lib/python3.10/dist-packages:${PYTHONPATH} /usr/bin/python3 -W ignore:setup.py install is deprecated setup.py develop --editable --build-directory /home/ws/roarm_ws_em0/build/ros2web_widgets/build --no-deps symlink_data --force
[0.627s] running develop
[0.627s] /usr/lib/python3/dist-packages/setuptools/command/easy_install.py:158: EasyInstallDeprecationWarning: easy_install command is deprecated. Use build and pip and other standards-based tools.
[0.627s]   warnings.warn(
[0.722s] running egg_info
[0.722s] writing ros2web_widgets.egg-info/PKG-INFO
[0.723s] writing dependency_links to ros2web_widgets.egg-info/dependency_links.txt
[0.723s] writing entry points to ros2web_widgets.egg-info/entry_points.txt
[0.723s] writing requirements to ros2web_widgets.egg-info/requires.txt
[0.723s] writing top-level names to ros2web_widgets.egg-info/top_level.txt
[0.725s] reading manifest file 'ros2web_widgets.egg-info/SOURCES.txt'
[0.726s] writing manifest file 'ros2web_widgets.egg-info/SOURCES.txt'
[0.727s] running build_ext
[0.727s] Creating /home/ws/roarm_ws_em0/install/ros2web_widgets/lib/python3.10/site-packages/ros2web-widgets.egg-link (link to .)
[0.728s] Installing widgets script to /home/ws/roarm_ws_em0/install/ros2web_widgets/lib/ros2web_widgets
[0.728s] 
[0.728s] Installed /home/ws/roarm_ws_em0/build/ros2web_widgets
[0.728s] running symlink_data
[0.728s] symbolically linking /home/ws/roarm_ws_em0/build/ros2web_widgets/resource/ros2web_widgets -> /home/ws/roarm_ws_em0/install/ros2web_widgets/share/ament_index/resource_index/packages
[0.728s] symbolically linking /home/ws/roarm_ws_em0/build/ros2web_widgets/package.xml -> /home/ws/roarm_ws_em0/install/ros2web_widgets/share/ros2web_widgets
[0.747s] Invoked command in '/home/ws/roarm_ws_em0/build/ros2web_widgets' returned '0': AMENT_PREFIX_PATH=/home/ws/roarm_ws_em0/install/ros2web_app:/home/ws/roarm_ws_em0/install/ros2web:/home/ws/roarm_ws_em0/install/ros2web_interfaces:${AMENT_PREFIX_PATH} CMAKE_PREFIX_PATH=/home/ws/roarm_ws_em0/install/ros2web_interfaces LD_LIBRARY_PATH=/home/ws/roarm_ws_em0/install/ros2web_interfaces/lib:${LD_LIBRARY_PATH} PYTHONPATH=/home/ws/roarm_ws_em0/build/ros2web_widgets/prefix_override:/usr/lib/python3/dist-packages/colcon_core/task/python/colcon_distutils_commands:/home/ws/roarm_ws_em0/install/ros2web_widgets/lib/python3.10/site-packages:/home/ws/roarm_ws_em0/build/ros2web_app:/home/ws/roarm_ws_em0/install/ros2web_app/lib/python3.10/site-packages:/home/ws/roarm_ws_em0/build/ros2web:/home/ws/roarm_ws_em0/install/ros2web/lib/python3.10/site-packages:/home/ws/roarm_ws_em0/install/ros2web_interfaces/local/lib/python3.10/dist-packages:${PYTHONPATH} /usr/bin/python3 -W ignore:setup.py install is deprecated setup.py develop --editable --build-directory /home/ws/roarm_ws_em0/build/ros2web_widgets/build --no-deps symlink_data --force
