[0.576s] Invoking command in '/home/ws/roarm_ws_em0/build/ros2web_app': AMENT_PREFIX_PATH=/home/ws/roarm_ws_em0/install/ros2web:/home/ws/roarm_ws_em0/install/ros2web_widgets:/home/ws/roarm_ws_em0/install/ros2web_example_py:/home/ws/roarm_ws_em0/install/roarm_web_app:/home/ws/roarm_ws_em0/install/ros2web_app:/home/ws/roarm_ws_em0/install/ros2web_interfaces:/home/ws/roarm_ws_em0/install/roarm_moveit_ikfast_plugins:/home/ws/roarm_ws_em0/install/roarm_moveit_cmd:/home/ws/roarm_ws_em0/install/roarm_moveit:/home/ws/roarm_ws_em0/install/roarm_driver:/home/ws/roarm_ws_em0/install/roarm_description:/home/ws/roarm_ws_em0/install/moveit_servo:/home/ws/roarm_ws_em0/install/launch_api:/opt/ros/humble PYTHONPATH=/home/ws/roarm_ws_em0/build/ros2web_app/prefix_override:/usr/lib/python3/dist-packages/colcon_core/task/python/colcon_distutils_commands:/home/ws/roarm_ws_em0/install/ros2web_app/lib/python3.10/site-packages:/home/ws/roarm_ws_em0/install/ros2web/lib/python3.10/site-packages:/home/ws/roarm_ws_em0/build/ros2web_widgets:/home/ws/roarm_ws_em0/install/ros2web_widgets/lib/python3.10/site-packages:/home/ws/roarm_ws_em0/build/ros2web_example_py:/home/ws/roarm_ws_em0/install/ros2web_example_py/lib/python3.10/site-packages:/home/ws/roarm_ws_em0/build/roarm_web_app:/home/ws/roarm_ws_em0/install/roarm_web_app/lib/python3.10/site-packages:/home/ws/roarm_ws_em0/build/ros2web_app:/home/ws/roarm_ws_em0/install/ros2web_app/lib/python3.10/site-packages:/home/ws/roarm_ws_em0/build/ros2web:/home/ws/roarm_ws_em0/install/ros2web_interfaces/local/lib/python3.10/dist-packages:/home/ws/roarm_ws_em0/install/roarm_moveit/local/lib/python3.10/dist-packages:/home/ws/roarm_ws_em0/install/roarm_driver/lib/python3.10/site-packages:/home/ws/roarm_ws_em0/build/launch_api:/home/ws/roarm_ws_em0/install/launch_api/lib/python3.10/site-packages:/opt/ros/humble/lib/python3.10/site-packages:/opt/ros/humble/local/lib/python3.10/dist-packages /usr/bin/python3 -W ignore:setup.py install is deprecated setup.py develop --uninstall --editable --build-directory /home/ws/roarm_ws_em0/build/ros2web_app/build
[0.730s] running develop
[0.730s] /usr/lib/python3/dist-packages/setuptools/command/easy_install.py:158: EasyInstallDeprecationWarning: easy_install command is deprecated. Use build and pip and other standards-based tools.
[0.730s]   warnings.warn(
[0.863s] Removing /home/ws/roarm_ws_em0/install/ros2web_app/lib/python3.10/site-packages/ros2web-app.egg-link (link to .)
[0.877s] Invoked command in '/home/ws/roarm_ws_em0/build/ros2web_app' returned '0': AMENT_PREFIX_PATH=/home/ws/roarm_ws_em0/install/ros2web:/home/ws/roarm_ws_em0/install/ros2web_widgets:/home/ws/roarm_ws_em0/install/ros2web_example_py:/home/ws/roarm_ws_em0/install/roarm_web_app:/home/ws/roarm_ws_em0/install/ros2web_app:/home/ws/roarm_ws_em0/install/ros2web_interfaces:/home/ws/roarm_ws_em0/install/roarm_moveit_ikfast_plugins:/home/ws/roarm_ws_em0/install/roarm_moveit_cmd:/home/ws/roarm_ws_em0/install/roarm_moveit:/home/ws/roarm_ws_em0/install/roarm_driver:/home/ws/roarm_ws_em0/install/roarm_description:/home/ws/roarm_ws_em0/install/moveit_servo:/home/ws/roarm_ws_em0/install/launch_api:/opt/ros/humble PYTHONPATH=/home/ws/roarm_ws_em0/build/ros2web_app/prefix_override:/usr/lib/python3/dist-packages/colcon_core/task/python/colcon_distutils_commands:/home/ws/roarm_ws_em0/install/ros2web_app/lib/python3.10/site-packages:/home/ws/roarm_ws_em0/install/ros2web/lib/python3.10/site-packages:/home/ws/roarm_ws_em0/build/ros2web_widgets:/home/ws/roarm_ws_em0/install/ros2web_widgets/lib/python3.10/site-packages:/home/ws/roarm_ws_em0/build/ros2web_example_py:/home/ws/roarm_ws_em0/install/ros2web_example_py/lib/python3.10/site-packages:/home/ws/roarm_ws_em0/build/roarm_web_app:/home/ws/roarm_ws_em0/install/roarm_web_app/lib/python3.10/site-packages:/home/ws/roarm_ws_em0/build/ros2web_app:/home/ws/roarm_ws_em0/install/ros2web_app/lib/python3.10/site-packages:/home/ws/roarm_ws_em0/build/ros2web:/home/ws/roarm_ws_em0/install/ros2web_interfaces/local/lib/python3.10/dist-packages:/home/ws/roarm_ws_em0/install/roarm_moveit/local/lib/python3.10/dist-packages:/home/ws/roarm_ws_em0/install/roarm_driver/lib/python3.10/site-packages:/home/ws/roarm_ws_em0/build/launch_api:/home/ws/roarm_ws_em0/install/launch_api/lib/python3.10/site-packages:/opt/ros/humble/lib/python3.10/site-packages:/opt/ros/humble/local/lib/python3.10/dist-packages /usr/bin/python3 -W ignore:setup.py install is deprecated setup.py develop --uninstall --editable --build-directory /home/ws/roarm_ws_em0/build/ros2web_app/build
[0.878s] Invoking command in '/home/ws/roarm_ws_em0/src/roarm_else/ros2web_app/ros2web_app': AMENT_PREFIX_PATH=/home/ws/roarm_ws_em0/install/ros2web:/home/ws/roarm_ws_em0/install/ros2web_widgets:/home/ws/roarm_ws_em0/install/ros2web_example_py:/home/ws/roarm_ws_em0/install/roarm_web_app:/home/ws/roarm_ws_em0/install/ros2web_app:/home/ws/roarm_ws_em0/install/ros2web_interfaces:/home/ws/roarm_ws_em0/install/roarm_moveit_ikfast_plugins:/home/ws/roarm_ws_em0/install/roarm_moveit_cmd:/home/ws/roarm_ws_em0/install/roarm_moveit:/home/ws/roarm_ws_em0/install/roarm_driver:/home/ws/roarm_ws_em0/install/roarm_description:/home/ws/roarm_ws_em0/install/moveit_servo:/home/ws/roarm_ws_em0/install/launch_api:/opt/ros/humble PYTHONPATH=/home/ws/roarm_ws_em0/build/ros2web_app/prefix_override:/usr/lib/python3/dist-packages/colcon_core/task/python/colcon_distutils_commands:/home/ws/roarm_ws_em0/install/ros2web_app/lib/python3.10/site-packages:/home/ws/roarm_ws_em0/install/ros2web/lib/python3.10/site-packages:/home/ws/roarm_ws_em0/build/ros2web_widgets:/home/ws/roarm_ws_em0/install/ros2web_widgets/lib/python3.10/site-packages:/home/ws/roarm_ws_em0/build/ros2web_example_py:/home/ws/roarm_ws_em0/install/ros2web_example_py/lib/python3.10/site-packages:/home/ws/roarm_ws_em0/build/roarm_web_app:/home/ws/roarm_ws_em0/install/roarm_web_app/lib/python3.10/site-packages:/home/ws/roarm_ws_em0/build/ros2web_app:/home/ws/roarm_ws_em0/install/ros2web_app/lib/python3.10/site-packages:/home/ws/roarm_ws_em0/build/ros2web:/home/ws/roarm_ws_em0/install/ros2web_interfaces/local/lib/python3.10/dist-packages:/home/ws/roarm_ws_em0/install/roarm_moveit/local/lib/python3.10/dist-packages:/home/ws/roarm_ws_em0/install/roarm_driver/lib/python3.10/site-packages:/home/ws/roarm_ws_em0/build/launch_api:/home/ws/roarm_ws_em0/install/launch_api/lib/python3.10/site-packages:/opt/ros/humble/lib/python3.10/site-packages:/opt/ros/humble/local/lib/python3.10/dist-packages /usr/bin/python3 -W ignore:setup.py install is deprecated setup.py egg_info --egg-base ../../../../build/ros2web_app build --build-base /home/ws/roarm_ws_em0/build/ros2web_app/build install --record /home/ws/roarm_ws_em0/build/ros2web_app/install.log --single-version-externally-managed install_data --force
[1.036s] running egg_info
[1.036s] writing ../../../../build/ros2web_app/ros2web_app.egg-info/PKG-INFO
[1.038s] writing dependency_links to ../../../../build/ros2web_app/ros2web_app.egg-info/dependency_links.txt
[1.038s] writing entry points to ../../../../build/ros2web_app/ros2web_app.egg-info/entry_points.txt
[1.038s] writing requirements to ../../../../build/ros2web_app/ros2web_app.egg-info/requires.txt
[1.038s] writing top-level names to ../../../../build/ros2web_app/ros2web_app.egg-info/top_level.txt
[1.040s] reading manifest file '../../../../build/ros2web_app/ros2web_app.egg-info/SOURCES.txt'
[1.042s] writing manifest file '../../../../build/ros2web_app/ros2web_app.egg-info/SOURCES.txt'
[1.042s] running build
[1.042s] running build_py
[1.048s] running install
[1.049s] running install_lib
[1.049s] creating /home/ws/roarm_ws_em0/install/ros2web_app/lib/python3.10/site-packages/ros2web_app
[1.049s] creating /home/ws/roarm_ws_em0/install/ros2web_app/lib/python3.10/site-packages/ros2web_app/verb
[1.049s] copying /home/ws/roarm_ws_em0/build/ros2web_app/build/lib/ros2web_app/verb/__init__.py -> /home/ws/roarm_ws_em0/install/ros2web_app/lib/python3.10/site-packages/ros2web_app/verb
[1.049s] copying /home/ws/roarm_ws_em0/build/ros2web_app/build/lib/ros2web_app/verb/create.py -> /home/ws/roarm_ws_em0/install/ros2web_app/lib/python3.10/site-packages/ros2web_app/verb
[1.050s] creating /home/ws/roarm_ws_em0/install/ros2web_app/lib/python3.10/site-packages/ros2web_app/utilities
[1.052s] copying /home/ws/roarm_ws_em0/build/ros2web_app/build/lib/ros2web_app/utilities/__init__.py -> /home/ws/roarm_ws_em0/install/ros2web_app/lib/python3.10/site-packages/ros2web_app/utilities
[1.052s] copying /home/ws/roarm_ws_em0/build/ros2web_app/build/lib/ros2web_app/utilities/yaml.py -> /home/ws/roarm_ws_em0/install/ros2web_app/lib/python3.10/site-packages/ros2web_app/utilities
[1.053s] creating /home/ws/roarm_ws_em0/install/ros2web_app/lib/python3.10/site-packages/ros2web_app/utilities/ros
[1.053s] copying /home/ws/roarm_ws_em0/build/ros2web_app/build/lib/ros2web_app/utilities/ros/param.py -> /home/ws/roarm_ws_em0/install/ros2web_app/lib/python3.10/site-packages/ros2web_app/utilities/ros
[1.053s] copying /home/ws/roarm_ws_em0/build/ros2web_app/build/lib/ros2web_app/utilities/ros/__init__.py -> /home/ws/roarm_ws_em0/install/ros2web_app/lib/python3.10/site-packages/ros2web_app/utilities/ros
[1.053s] copying /home/ws/roarm_ws_em0/build/ros2web_app/build/lib/ros2web_app/utilities/ros/service.py -> /home/ws/roarm_ws_em0/install/ros2web_app/lib/python3.10/site-packages/ros2web_app/utilities/ros
[1.061s] copying /home/ws/roarm_ws_em0/build/ros2web_app/build/lib/ros2web_app/utilities/ros_node.py -> /home/ws/roarm_ws_em0/install/ros2web_app/lib/python3.10/site-packages/ros2web_app/utilities
[1.061s] creating /home/ws/roarm_ws_em0/install/ros2web_app/lib/python3.10/site-packages/ros2web_app/boilerplate
[1.061s] copying /home/ws/roarm_ws_em0/build/ros2web_app/build/lib/ros2web_app/boilerplate/template.py -> /home/ws/roarm_ws_em0/install/ros2web_app/lib/python3.10/site-packages/ros2web_app/boilerplate
[1.061s] copying /home/ws/roarm_ws_em0/build/ros2web_app/build/lib/ros2web_app/boilerplate/__init__.py -> /home/ws/roarm_ws_em0/install/ros2web_app/lib/python3.10/site-packages/ros2web_app/boilerplate
[1.062s] copying /home/ws/roarm_ws_em0/build/ros2web_app/build/lib/ros2web_app/app.py -> /home/ws/roarm_ws_em0/install/ros2web_app/lib/python3.10/site-packages/ros2web_app
[1.063s] creating /home/ws/roarm_ws_em0/install/ros2web_app/lib/python3.10/site-packages/ros2web_app/api
[1.063s] copying /home/ws/roarm_ws_em0/build/ros2web_app/build/lib/ros2web_app/api/app_base.py -> /home/ws/roarm_ws_em0/install/ros2web_app/lib/python3.10/site-packages/ros2web_app/api
[1.064s] copying /home/ws/roarm_ws_em0/build/ros2web_app/build/lib/ros2web_app/api/__init__.py -> /home/ws/roarm_ws_em0/install/ros2web_app/lib/python3.10/site-packages/ros2web_app/api
[1.065s] copying /home/ws/roarm_ws_em0/build/ros2web_app/build/lib/ros2web_app/api/state.py -> /home/ws/roarm_ws_em0/install/ros2web_app/lib/python3.10/site-packages/ros2web_app/api
[1.065s] copying /home/ws/roarm_ws_em0/build/ros2web_app/build/lib/ros2web_app/__init__.py -> /home/ws/roarm_ws_em0/install/ros2web_app/lib/python3.10/site-packages/ros2web_app
[1.066s] creating /home/ws/roarm_ws_em0/install/ros2web_app/lib/python3.10/site-packages/ros2web_app/data
[1.067s] copying /home/ws/roarm_ws_em0/build/ros2web_app/build/lib/ros2web_app/data/config.yml -> /home/ws/roarm_ws_em0/install/ros2web_app/lib/python3.10/site-packages/ros2web_app/data
[1.067s] creating /home/ws/roarm_ws_em0/install/ros2web_app/lib/python3.10/site-packages/ros2web_app/data/public
[1.067s] copying /home/ws/roarm_ws_em0/build/ros2web_app/build/lib/ros2web_app/data/public/index.html -> /home/ws/roarm_ws_em0/install/ros2web_app/lib/python3.10/site-packages/ros2web_app/data/public
[1.067s] creating /home/ws/roarm_ws_em0/install/ros2web_app/lib/python3.10/site-packages/ros2web_app/handler
[1.067s] copying /home/ws/roarm_ws_em0/build/ros2web_app/build/lib/ros2web_app/handler/web_rtc.py -> /home/ws/roarm_ws_em0/install/ros2web_app/lib/python3.10/site-packages/ros2web_app/handler
[1.068s] copying /home/ws/roarm_ws_em0/build/ros2web_app/build/lib/ros2web_app/handler/app.py -> /home/ws/roarm_ws_em0/install/ros2web_app/lib/python3.10/site-packages/ros2web_app/handler
[1.068s] copying /home/ws/roarm_ws_em0/build/ros2web_app/build/lib/ros2web_app/handler/__init__.py -> /home/ws/roarm_ws_em0/install/ros2web_app/lib/python3.10/site-packages/ros2web_app/handler
[1.068s] creating /home/ws/roarm_ws_em0/install/ros2web_app/lib/python3.10/site-packages/ros2web_app/handler/track
[1.068s] copying /home/ws/roarm_ws_em0/build/ros2web_app/build/lib/ros2web_app/handler/track/__init__.py -> /home/ws/roarm_ws_em0/install/ros2web_app/lib/python3.10/site-packages/ros2web_app/handler/track
[1.069s] copying /home/ws/roarm_ws_em0/build/ros2web_app/build/lib/ros2web_app/handler/track/image.py -> /home/ws/roarm_ws_em0/install/ros2web_app/lib/python3.10/site-packages/ros2web_app/handler/track
[1.070s] byte-compiling /home/ws/roarm_ws_em0/install/ros2web_app/lib/python3.10/site-packages/ros2web_app/verb/__init__.py to __init__.cpython-310.pyc
[1.070s] byte-compiling /home/ws/roarm_ws_em0/install/ros2web_app/lib/python3.10/site-packages/ros2web_app/verb/create.py to create.cpython-310.pyc
[1.070s] byte-compiling /home/ws/roarm_ws_em0/install/ros2web_app/lib/python3.10/site-packages/ros2web_app/utilities/__init__.py to __init__.cpython-310.pyc
[1.070s] byte-compiling /home/ws/roarm_ws_em0/install/ros2web_app/lib/python3.10/site-packages/ros2web_app/utilities/yaml.py to yaml.cpython-310.pyc
[1.071s] byte-compiling /home/ws/roarm_ws_em0/install/ros2web_app/lib/python3.10/site-packages/ros2web_app/utilities/ros/param.py to param.cpython-310.pyc
[1.072s] byte-compiling /home/ws/roarm_ws_em0/install/ros2web_app/lib/python3.10/site-packages/ros2web_app/utilities/ros/__init__.py to __init__.cpython-310.pyc
[1.072s] byte-compiling /home/ws/roarm_ws_em0/install/ros2web_app/lib/python3.10/site-packages/ros2web_app/utilities/ros/service.py to service.cpython-310.pyc
[1.073s] byte-compiling /home/ws/roarm_ws_em0/install/ros2web_app/lib/python3.10/site-packages/ros2web_app/utilities/ros_node.py to ros_node.cpython-310.pyc
[1.074s] byte-compiling /home/ws/roarm_ws_em0/install/ros2web_app/lib/python3.10/site-packages/ros2web_app/boilerplate/template.py to template.cpython-310.pyc
[1.074s] byte-compiling /home/ws/roarm_ws_em0/install/ros2web_app/lib/python3.10/site-packages/ros2web_app/boilerplate/__init__.py to __init__.cpython-310.pyc
[1.074s] byte-compiling /home/ws/roarm_ws_em0/install/ros2web_app/lib/python3.10/site-packages/ros2web_app/app.py to app.cpython-310.pyc
[1.074s] byte-compiling /home/ws/roarm_ws_em0/install/ros2web_app/lib/python3.10/site-packages/ros2web_app/api/app_base.py to app_base.cpython-310.pyc
[1.075s] byte-compiling /home/ws/roarm_ws_em0/install/ros2web_app/lib/python3.10/site-packages/ros2web_app/api/__init__.py to __init__.cpython-310.pyc
[1.075s] byte-compiling /home/ws/roarm_ws_em0/install/ros2web_app/lib/python3.10/site-packages/ros2web_app/api/state.py to state.cpython-310.pyc
[1.076s] byte-compiling /home/ws/roarm_ws_em0/install/ros2web_app/lib/python3.10/site-packages/ros2web_app/__init__.py to __init__.cpython-310.pyc
[1.077s] byte-compiling /home/ws/roarm_ws_em0/install/ros2web_app/lib/python3.10/site-packages/ros2web_app/handler/web_rtc.py to web_rtc.cpython-310.pyc
[1.077s] byte-compiling /home/ws/roarm_ws_em0/install/ros2web_app/lib/python3.10/site-packages/ros2web_app/handler/app.py to app.cpython-310.pyc
[1.078s] byte-compiling /home/ws/roarm_ws_em0/install/ros2web_app/lib/python3.10/site-packages/ros2web_app/handler/__init__.py to __init__.cpython-310.pyc
[1.078s] byte-compiling /home/ws/roarm_ws_em0/install/ros2web_app/lib/python3.10/site-packages/ros2web_app/handler/track/__init__.py to __init__.cpython-310.pyc
[1.079s] byte-compiling /home/ws/roarm_ws_em0/install/ros2web_app/lib/python3.10/site-packages/ros2web_app/handler/track/image.py to image.cpython-310.pyc
[1.079s] running install_data
[1.079s] copying resource/ros2web_app -> /home/ws/roarm_ws_em0/install/ros2web_app/share/ament_index/resource_index/packages
[1.080s] copying package.xml -> /home/ws/roarm_ws_em0/install/ros2web_app/share/ros2web_app
[1.081s] running install_egg_info
[1.083s] Copying ../../../../build/ros2web_app/ros2web_app.egg-info to /home/ws/roarm_ws_em0/install/ros2web_app/lib/python3.10/site-packages/ros2web_app-0.0.0-py3.10.egg-info
[1.089s] running install_scripts
[1.098s] writing list of installed files to '/home/ws/roarm_ws_em0/build/ros2web_app/install.log'
[1.120s] Invoked command in '/home/ws/roarm_ws_em0/src/roarm_else/ros2web_app/ros2web_app' returned '0': AMENT_PREFIX_PATH=/home/ws/roarm_ws_em0/install/ros2web:/home/ws/roarm_ws_em0/install/ros2web_widgets:/home/ws/roarm_ws_em0/install/ros2web_example_py:/home/ws/roarm_ws_em0/install/roarm_web_app:/home/ws/roarm_ws_em0/install/ros2web_app:/home/ws/roarm_ws_em0/install/ros2web_interfaces:/home/ws/roarm_ws_em0/install/roarm_moveit_ikfast_plugins:/home/ws/roarm_ws_em0/install/roarm_moveit_cmd:/home/ws/roarm_ws_em0/install/roarm_moveit:/home/ws/roarm_ws_em0/install/roarm_driver:/home/ws/roarm_ws_em0/install/roarm_description:/home/ws/roarm_ws_em0/install/moveit_servo:/home/ws/roarm_ws_em0/install/launch_api:/opt/ros/humble PYTHONPATH=/home/ws/roarm_ws_em0/build/ros2web_app/prefix_override:/usr/lib/python3/dist-packages/colcon_core/task/python/colcon_distutils_commands:/home/ws/roarm_ws_em0/install/ros2web_app/lib/python3.10/site-packages:/home/ws/roarm_ws_em0/install/ros2web/lib/python3.10/site-packages:/home/ws/roarm_ws_em0/build/ros2web_widgets:/home/ws/roarm_ws_em0/install/ros2web_widgets/lib/python3.10/site-packages:/home/ws/roarm_ws_em0/build/ros2web_example_py:/home/ws/roarm_ws_em0/install/ros2web_example_py/lib/python3.10/site-packages:/home/ws/roarm_ws_em0/build/roarm_web_app:/home/ws/roarm_ws_em0/install/roarm_web_app/lib/python3.10/site-packages:/home/ws/roarm_ws_em0/build/ros2web_app:/home/ws/roarm_ws_em0/install/ros2web_app/lib/python3.10/site-packages:/home/ws/roarm_ws_em0/build/ros2web:/home/ws/roarm_ws_em0/install/ros2web_interfaces/local/lib/python3.10/dist-packages:/home/ws/roarm_ws_em0/install/roarm_moveit/local/lib/python3.10/dist-packages:/home/ws/roarm_ws_em0/install/roarm_driver/lib/python3.10/site-packages:/home/ws/roarm_ws_em0/build/launch_api:/home/ws/roarm_ws_em0/install/launch_api/lib/python3.10/site-packages:/opt/ros/humble/lib/python3.10/site-packages:/opt/ros/humble/local/lib/python3.10/dist-packages /usr/bin/python3 -W ignore:setup.py install is deprecated setup.py egg_info --egg-base ../../../../build/ros2web_app build --build-base /home/ws/roarm_ws_em0/build/ros2web_app/build install --record /home/ws/roarm_ws_em0/build/ros2web_app/install.log --single-version-externally-managed install_data --force
