[0.546s] Invoking command in '/home/ws/roarm_ws_em0/src/roarm_main/roarm_driver': PYTHONPATH=/home/ws/roarm_ws_em0/build/roarm_driver/prefix_override:/usr/lib/python3/dist-packages/colcon_core/task/python/colcon_distutils_commands:/home/ws/roarm_ws_em0/install/roarm_driver/lib/python3.10/site-packages:${PYTHONPATH} /usr/bin/python3 -W ignore:setup.py install is deprecated setup.py egg_info --egg-base ../../../build/roarm_driver build --build-base /home/ws/roarm_ws_em0/build/roarm_driver/build install --record /home/ws/roarm_ws_em0/build/roarm_driver/install.log --single-version-externally-managed install_data
[0.770s] running egg_info
[0.771s] writing ../../../build/roarm_driver/roarm_driver.egg-info/PKG-INFO
[0.771s] writing dependency_links to ../../../build/roarm_driver/roarm_driver.egg-info/dependency_links.txt
[0.771s] writing entry points to ../../../build/roarm_driver/roarm_driver.egg-info/entry_points.txt
[0.772s] writing requirements to ../../../build/roarm_driver/roarm_driver.egg-info/requires.txt
[0.772s] writing top-level names to ../../../build/roarm_driver/roarm_driver.egg-info/top_level.txt
[0.774s] reading manifest file '../../../build/roarm_driver/roarm_driver.egg-info/SOURCES.txt'
[0.774s] writing manifest file '../../../build/roarm_driver/roarm_driver.egg-info/SOURCES.txt'
[0.774s] running build
[0.775s] running build_py
[0.775s] running install
[0.775s] running install_lib
[0.776s] running install_data
[0.776s] running install_egg_info
[0.778s] removing '/home/ws/roarm_ws_em0/install/roarm_driver/lib/python3.10/site-packages/roarm_driver-0.0.0-py3.10.egg-info' (and everything under it)
[0.778s] Copying ../../../build/roarm_driver/roarm_driver.egg-info to /home/ws/roarm_ws_em0/install/roarm_driver/lib/python3.10/site-packages/roarm_driver-0.0.0-py3.10.egg-info
[0.779s] running install_scripts
[0.794s] Installing roarm_driver script to /home/ws/roarm_ws_em0/install/roarm_driver/lib/roarm_driver
[0.795s] writing list of installed files to '/home/ws/roarm_ws_em0/build/roarm_driver/install.log'
[0.814s] Invoked command in '/home/ws/roarm_ws_em0/src/roarm_main/roarm_driver' returned '0': PYTHONPATH=/home/ws/roarm_ws_em0/build/roarm_driver/prefix_override:/usr/lib/python3/dist-packages/colcon_core/task/python/colcon_distutils_commands:/home/ws/roarm_ws_em0/install/roarm_driver/lib/python3.10/site-packages:${PYTHONPATH} /usr/bin/python3 -W ignore:setup.py install is deprecated setup.py egg_info --egg-base ../../../build/roarm_driver build --build-base /home/ws/roarm_ws_em0/build/roarm_driver/build install --record /home/ws/roarm_ws_em0/build/roarm_driver/install.log --single-version-externally-managed install_data
