[0.470s] Invoking command in '/home/ws/roarm_ws_em0/build/roarm_web_app': AMENT_PREFIX_PATH=/home/ws/roarm_ws_em0/install/ros2web_app:/home/ws/roarm_ws_em0/install/ros2web:/home/ws/roarm_ws_em0/install/ros2web_interfaces:${AMENT_PREFIX_PATH} CMAKE_PREFIX_PATH=/home/ws/roarm_ws_em0/install/ros2web_interfaces LD_LIBRARY_PATH=/home/ws/roarm_ws_em0/install/ros2web_interfaces/lib:${LD_LIBRARY_PATH} PYTHONPATH=/home/ws/roarm_ws_em0/build/roarm_web_app/prefix_override:/usr/lib/python3/dist-packages/colcon_core/task/python/colcon_distutils_commands:/home/ws/roarm_ws_em0/install/roarm_web_app/lib/python3.10/site-packages:/home/ws/roarm_ws_em0/build/ros2web_app:/home/ws/roarm_ws_em0/install/ros2web_app/lib/python3.10/site-packages:/home/ws/roarm_ws_em0/build/ros2web:/home/ws/roarm_ws_em0/install/ros2web/lib/python3.10/site-packages:/home/ws/roarm_ws_em0/install/ros2web_interfaces/local/lib/python3.10/dist-packages:${PYTHONPATH} /usr/bin/python3 -W ignore:setup.py install is deprecated setup.py develop --editable --build-directory /home/ws/roarm_ws_em0/build/roarm_web_app/build --no-deps symlink_data --force
[0.651s] running develop
[0.651s] /usr/lib/python3/dist-packages/setuptools/command/easy_install.py:158: EasyInstallDeprecationWarning: easy_install command is deprecated. Use build and pip and other standards-based tools.
[0.651s]   warnings.warn(
[0.752s] running egg_info
[0.752s] writing roarm_web_app.egg-info/PKG-INFO
[0.753s] writing dependency_links to roarm_web_app.egg-info/dependency_links.txt
[0.753s] writing entry points to roarm_web_app.egg-info/entry_points.txt
[0.755s] writing requirements to roarm_web_app.egg-info/requires.txt
[0.755s] writing top-level names to roarm_web_app.egg-info/top_level.txt
[0.756s] reading manifest file 'roarm_web_app.egg-info/SOURCES.txt'
[0.757s] writing manifest file 'roarm_web_app.egg-info/SOURCES.txt'
[0.758s] running build_ext
[0.758s] Creating /home/ws/roarm_ws_em0/install/roarm_web_app/lib/python3.10/site-packages/roarm-web-app.egg-link (link to .)
[0.758s] Installing roarm_web_app script to /home/ws/roarm_ws_em0/install/roarm_web_app/lib/roarm_web_app
[0.759s] 
[0.759s] Installed /home/ws/roarm_ws_em0/build/roarm_web_app
[0.759s] running symlink_data
[0.759s] symbolically linking /home/ws/roarm_ws_em0/build/roarm_web_app/resource/roarm_web_app -> /home/ws/roarm_ws_em0/install/roarm_web_app/share/ament_index/resource_index/packages
[0.759s] symbolically linking /home/ws/roarm_ws_em0/build/roarm_web_app/package.xml -> /home/ws/roarm_ws_em0/install/roarm_web_app/share/roarm_web_app
[0.786s] Invoked command in '/home/ws/roarm_ws_em0/build/roarm_web_app' returned '0': AMENT_PREFIX_PATH=/home/ws/roarm_ws_em0/install/ros2web_app:/home/ws/roarm_ws_em0/install/ros2web:/home/ws/roarm_ws_em0/install/ros2web_interfaces:${AMENT_PREFIX_PATH} CMAKE_PREFIX_PATH=/home/ws/roarm_ws_em0/install/ros2web_interfaces LD_LIBRARY_PATH=/home/ws/roarm_ws_em0/install/ros2web_interfaces/lib:${LD_LIBRARY_PATH} PYTHONPATH=/home/ws/roarm_ws_em0/build/roarm_web_app/prefix_override:/usr/lib/python3/dist-packages/colcon_core/task/python/colcon_distutils_commands:/home/ws/roarm_ws_em0/install/roarm_web_app/lib/python3.10/site-packages:/home/ws/roarm_ws_em0/build/ros2web_app:/home/ws/roarm_ws_em0/install/ros2web_app/lib/python3.10/site-packages:/home/ws/roarm_ws_em0/build/ros2web:/home/ws/roarm_ws_em0/install/ros2web/lib/python3.10/site-packages:/home/ws/roarm_ws_em0/install/ros2web_interfaces/local/lib/python3.10/dist-packages:${PYTHONPATH} /usr/bin/python3 -W ignore:setup.py install is deprecated setup.py develop --editable --build-directory /home/ws/roarm_ws_em0/build/roarm_web_app/build --no-deps symlink_data --force
