[0.006s] Invoking command in '/home/ws/roarm_ws_em0/build/moveit_servo': CMAKE_PREFIX_PATH=/opt/ros/humble /usr/bin/cmake /home/ws/roarm_ws_em0/src/roarm_main/moveit_servo -DCMAKE_INSTALL_PREFIX=/home/ws/roarm_ws_em0/install/moveit_servo
[0.049s] -- The C compiler identification is GNU 11.4.0
[0.088s] -- The CXX compiler identification is GNU 11.4.0
[0.093s] -- Detecting C compiler ABI info
[0.145s] -- Detecting C compiler ABI info - done
[0.151s] -- Check for working C compiler: /usr/bin/cc - skipped
[0.153s] -- Detecting C compile features
[0.153s] -- Detecting C compile features - done
[0.156s] -- Detecting CXX compiler ABI info
[0.217s] -- Detecting CXX compiler ABI info - done
[0.222s] -- Check for working CXX compiler: /usr/bin/c++ - skipped
[0.222s] -- Detecting CXX compile features
[0.222s] -- Detecting CXX compile features - done
[0.234s] -- Found moveit_common: 2.5.5 (/opt/ros/humble/share/moveit_common/cmake)
[0.236s] -- Found ament_cmake: 1.3.10 (/opt/ros/humble/share/ament_cmake/cmake)
[0.341s] -- Found Python3: /usr/bin/python3 (found version "3.10.12") found components: Interpreter 
[0.446s] [0mmoveit_servo: You did not request a specific build type: Choosing 'Release' for maximum performance[0m
[0.467s] -- Found eigen3_cmake_module: 0.1.1 (/opt/ros/humble/share/eigen3_cmake_module/cmake)
[0.512s] -- Found Eigen3: TRUE (found version "3.4.0") 
[0.512s] -- Found control_msgs: 4.6.0 (/opt/ros/humble/share/control_msgs/cmake)
[0.555s] -- Found rosidl_generator_c: 3.1.5 (/opt/ros/humble/share/rosidl_generator_c/cmake)
[0.558s] -- Found rosidl_adapter: 3.1.5 (/opt/ros/humble/share/rosidl_adapter/cmake)
[0.564s] -- Found rosidl_generator_cpp: 3.1.5 (/opt/ros/humble/share/rosidl_generator_cpp/cmake)
[0.571s] -- Using all available rosidl_typesupport_c: rosidl_typesupport_fastrtps_c;rosidl_typesupport_introspection_c
[0.586s] -- Using all available rosidl_typesupport_cpp: rosidl_typesupport_fastrtps_cpp;rosidl_typesupport_introspection_cpp
[0.950s] -- Found control_toolbox: 3.2.0 (/opt/ros/humble/share/control_toolbox/cmake)
[1.291s] -- Found rmw_implementation_cmake: 6.1.2 (/opt/ros/humble/share/rmw_implementation_cmake/cmake)
[1.295s] -- Found rmw_fastrtps_cpp: 6.2.7 (/opt/ros/humble/share/rmw_fastrtps_cpp/cmake)
[1.597s] -- Found OpenSSL: /usr/lib/x86_64-linux-gnu/libcrypto.so (found version "3.0.2")  
[1.671s] -- Found FastRTPS: /opt/ros/humble/include  
[1.724s] -- Using RMW implementation 'rmw_fastrtps_cpp' as default
[1.779s] -- Looking for pthread.h
[2.047s] -- Looking for pthread.h - found
[2.047s] -- Performing Test CMAKE_HAVE_LIBC_PTHREAD
[2.187s] -- Performing Test CMAKE_HAVE_LIBC_PTHREAD - Success
[2.188s] -- Found Threads: TRUE  
[2.416s] -- Found parameter_traits: 0.3.8 (/opt/ros/humble/share/parameter_traits/cmake)
[2.591s] -- Found rclcpp_lifecycle: 16.0.10 (/opt/ros/humble/share/rclcpp_lifecycle/cmake)
[2.866s] -- Found moveit_core: 2.5.5 (/opt/ros/humble/share/moveit_core/cmake)
[3.176s] -- Found Boost: /usr/lib/x86_64-linux-gnu/cmake/Boost-1.74.0/BoostConfig.cmake (found version "1.74.0") found components: chrono date_time filesystem iostreams program_options regex serialization system thread 
[3.436s] -- Found Boost: /usr/lib/x86_64-linux-gnu/cmake/Boost-1.74.0/BoostConfig.cmake (found version "1.74.0") found components: filesystem 
[3.779s] -- library: /usr/lib/x86_64-linux-gnu/libcurl.so
[4.102s] -- Ensuring Eigen3 include directory is part of orocos-kdl CMake target
[4.706s] -- Found moveit_ros_planning: 2.5.5 (/opt/ros/humble/share/moveit_ros_planning/cmake)
[4.718s] -- Found Boost: /usr/lib/x86_64-linux-gnu/cmake/Boost-1.74.0/BoostConfig.cmake (found version "1.74.0") found components: system filesystem date_time program_options thread chrono 
[4.787s] -- Found std_srvs: 4.2.4 (/opt/ros/humble/share/std_srvs/cmake)
[4.888s] -- Found ament_lint_auto: 0.12.11 (/opt/ros/humble/share/ament_lint_auto/cmake)
[4.894s] -- Found ament_cmake_gtest: 1.3.10 (/opt/ros/humble/share/ament_cmake_gtest/cmake)
[4.903s] -- Found Boost: /usr/lib/x86_64-linux-gnu/cmake/Boost-1.74.0/BoostConfig.cmake (found version "1.74.0") found components: filesystem 
[5.008s] -- Found gtest sources under '/opt/ros/humble/src/gtest_vendor': C++ tests using 'Google Test' will be built
[5.043s] -- Added test 'cppcheck' to perform static code analysis on C / C++ code
[5.044s] -- Configured cppcheck include dirs: /home/ws/roarm_ws_em0/src/roarm_main/moveit_servo/include
[5.044s] -- Configured cppcheck exclude dirs and/or files: 
[5.045s] -- Added test 'lint_cmake' to check CMake code style
[5.046s] -- Added test 'pep257' to check Python code against some of the docstring style conventions in PEP 257
[5.046s] -- Added test 'xmllint' to check XML markup files
[5.048s] -- Configuring done
[5.345s] -- Generating done
[5.350s] -- Build files have been written to: /home/ws/roarm_ws_em0/build/moveit_servo
[5.363s] Invoked command in '/home/ws/roarm_ws_em0/build/moveit_servo' returned '0': CMAKE_PREFIX_PATH=/opt/ros/humble /usr/bin/cmake /home/ws/roarm_ws_em0/src/roarm_main/moveit_servo -DCMAKE_INSTALL_PREFIX=/home/ws/roarm_ws_em0/install/moveit_servo
[5.364s] Invoking command in '/home/ws/roarm_ws_em0/build/moveit_servo': CMAKE_PREFIX_PATH=/opt/ros/humble /usr/bin/cmake --build /home/ws/roarm_ws_em0/build/moveit_servo -- -j2 -l2
[5.433s] [  3%] [32mBuilding CXX object CMakeFiles/moveit_servo_lib_parameters.dir/src/servo_parameters.cpp.o[0m
[5.433s] [  6%] [32mBuilding CXX object CMakeFiles/servo_controller_input.dir/src/teleop_demo/joystick_servo_example.cpp.o[0m
[43.297s] [  9%] [32m[1mLinking CXX shared library libservo_controller_input.so[0m
[45.603s] [ 12%] [32mBuilding CXX object CMakeFiles/moveit_servo_lib_parameters.dir/src/parameter_descriptor_builder.cpp.o[0m
[46.086s] [ 15%] [32m[1mLinking CXX shared library libmoveit_servo_lib_parameters.so[0m
[46.482s] [ 15%] Built target moveit_servo_lib_parameters
[46.664s] [ 15%] Built target servo_controller_input
[46.683s] [ 18%] [32mBuilding CXX object CMakeFiles/fake_command_publisher.dir/test/publish_fake_jog_commands.cpp.o[0m
[50.610s] [ 21%] [32m[1mLinking CXX executable fake_command_publisher[0m
[50.743s] [ 21%] Built target fake_command_publisher
[50.761s] [ 24%] [32mBuilding CXX object gtest/CMakeFiles/gtest_main.dir/src/gtest_main.cc.o[0m
[51.536s] [ 27%] [32m[1mLinking CXX static library libgtest_main.a[0m
[51.619s] [ 27%] Built target gtest_main
[51.634s] [ 30%] [32mBuilding CXX object gtest/CMakeFiles/gtest.dir/src/gtest-all.cc.o[0m
[57.885s] [ 33%] [32m[1mLinking CXX static library libgtest.a[0m
[57.916s] [ 33%] Built target gtest
[57.935s] [ 36%] [32mBuilding CXX object CMakeFiles/moveit_servo_lib.dir/src/collision_check.cpp.o[0m
[85.949s] [ 39%] [32mBuilding CXX object CMakeFiles/moveit_servo_lib.dir/src/enforce_limits.cpp.o[0m
[89.294s] [ 42%] [32mBuilding CXX object CMakeFiles/moveit_servo_lib.dir/src/servo.cpp.o[0m
[97.132s] [ 45%] [32mBuilding CXX object CMakeFiles/moveit_servo_lib.dir/src/servo_calcs.cpp.o[0m
[137.696s] [ 48%] [32mBuilding CXX object CMakeFiles/test_servo_integration.dir/test/test_servo_interface.cpp.o[0m
[173.692s] [ 51%] [32mBuilding CXX object CMakeFiles/moveit_servo_lib.dir/src/utilities.cpp.o[0m
[186.137s] [ 54%] [32m[1mLinking CXX shared library libmoveit_servo_lib.so[0m
[186.952s] [ 54%] Built target moveit_servo_lib
[188.099s] [ 57%] [32m[1mLinking CXX executable test_servo_integration[0m
[188.528s] [ 57%] Built target test_servo_integration
[188.547s] [ 60%] [32mBuilding CXX object CMakeFiles/test_servo_collision.dir/test/test_servo_collision.cpp.o[0m
[209.142s] [ 63%] [32m[1mLinking CXX executable test_servo_collision[0m
[209.431s] [ 63%] Built target test_servo_collision
[209.472s] [ 66%] [32mBuilding CXX object CMakeFiles/servo_calcs_unit_tests.dir/test/servo_calcs_unit_tests.cpp.o[0m
[212.480s] [ 69%] [32mBuilding CXX object CMakeFiles/pose_tracking.dir/src/pose_tracking.cpp.o[0m
[230.440s] [ 75%] [32m[1mLinking CXX shared library libpose_tracking.so[0m
[230.471s] [ 75%] [32m[1mLinking CXX executable servo_calcs_unit_tests[0m
[230.718s] [ 75%] Built target pose_tracking
[230.735s] [ 78%] [32mBuilding CXX object CMakeFiles/servo_node.dir/src/servo_node.cpp.o[0m
[230.838s] [ 78%] Built target servo_calcs_unit_tests
[230.870s] [ 81%] [32mBuilding CXX object CMakeFiles/servo_pose_tracking_demo.dir/src/cpp_interface_demo/pose_tracking_demo.cpp.o[0m
[240.320s] [ 84%] [32m[1mLinking CXX shared library libservo_node.so[0m
[240.508s] [ 84%] Built target servo_node
[245.478s] [ 87%] [32m[1mLinking CXX executable servo_pose_tracking_demo[0m
[245.767s] [ 87%] Built target servo_pose_tracking_demo
[245.783s] [ 93%] [32mBuilding CXX object CMakeFiles/servo_node_main.dir/src/servo_node_main.cpp.o[0m
[245.783s] [ 93%] [32mBuilding CXX object CMakeFiles/test_servo_pose_tracking.dir/test/pose_tracking_test.cpp.o[0m
[254.195s] [ 96%] [32m[1mLinking CXX executable servo_node_main[0m
[254.446s] [ 96%] Built target servo_node_main
[262.319s] [100%] [32m[1mLinking CXX executable test_servo_pose_tracking[0m
[262.656s] [100%] Built target test_servo_pose_tracking
[262.946s] Invoked command in '/home/ws/roarm_ws_em0/build/moveit_servo' returned '0': CMAKE_PREFIX_PATH=/opt/ros/humble /usr/bin/cmake --build /home/ws/roarm_ws_em0/build/moveit_servo -- -j2 -l2
[263.092s] Invoking command in '/home/ws/roarm_ws_em0/build/moveit_servo': CMAKE_PREFIX_PATH=/opt/ros/humble /usr/bin/cmake --install /home/ws/roarm_ws_em0/build/moveit_servo
[263.104s] -- Install configuration: "Release"
[263.126s] -- Installing: /home/ws/roarm_ws_em0/install/moveit_servo/lib/libmoveit_servo_lib.so.2.5.5
[263.131s] -- Set runtime path of "/home/ws/roarm_ws_em0/install/moveit_servo/lib/libmoveit_servo_lib.so.2.5.5" to ""
[263.131s] -- Installing: /home/ws/roarm_ws_em0/install/moveit_servo/lib/libmoveit_servo_lib.so
[263.131s] -- Installing: /home/ws/roarm_ws_em0/install/moveit_servo/lib/libmoveit_servo_lib_parameters.so.2.5.5
[263.139s] -- Set runtime path of "/home/ws/roarm_ws_em0/install/moveit_servo/lib/libmoveit_servo_lib_parameters.so.2.5.5" to ""
[263.140s] -- Installing: /home/ws/roarm_ws_em0/install/moveit_servo/lib/libmoveit_servo_lib_parameters.so
[263.140s] -- Installing: /home/ws/roarm_ws_em0/install/moveit_servo/lib/libpose_tracking.so
[263.140s] -- Set runtime path of "/home/ws/roarm_ws_em0/install/moveit_servo/lib/libpose_tracking.so" to ""
[263.140s] -- Installing: /home/ws/roarm_ws_em0/install/moveit_servo/lib/libservo_node.so
[263.141s] -- Set runtime path of "/home/ws/roarm_ws_em0/install/moveit_servo/lib/libservo_node.so" to ""
[263.141s] -- Installing: /home/ws/roarm_ws_em0/install/moveit_servo/lib/libservo_controller_input.so
[263.158s] -- Set runtime path of "/home/ws/roarm_ws_em0/install/moveit_servo/lib/libservo_controller_input.so" to ""
[263.159s] -- Installing: /home/ws/roarm_ws_em0/install/moveit_servo/lib/moveit_servo/servo_node_main
[263.159s] -- Set runtime path of "/home/ws/roarm_ws_em0/install/moveit_servo/lib/moveit_servo/servo_node_main" to ""
[263.159s] -- Installing: /home/ws/roarm_ws_em0/install/moveit_servo/lib/moveit_servo/servo_pose_tracking_demo
[263.159s] -- Set runtime path of "/home/ws/roarm_ws_em0/install/moveit_servo/lib/moveit_servo/servo_pose_tracking_demo" to ""
[263.159s] -- Installing: /home/ws/roarm_ws_em0/install/moveit_servo/lib/moveit_servo/fake_command_publisher
[263.165s] -- Set runtime path of "/home/ws/roarm_ws_em0/install/moveit_servo/lib/moveit_servo/fake_command_publisher" to ""
[263.165s] -- Installing: /home/ws/roarm_ws_em0/install/moveit_servo/include
[263.165s] -- Installing: /home/ws/roarm_ws_em0/install/moveit_servo/include/moveit_servo
[263.165s] -- Installing: /home/ws/roarm_ws_em0/install/moveit_servo/include/moveit_servo/servo_node.h
[263.165s] -- Installing: /home/ws/roarm_ws_em0/install/moveit_servo/include/moveit_servo/enforce_limits.hpp
[263.165s] -- Installing: /home/ws/roarm_ws_em0/install/moveit_servo/include/moveit_servo/servo.h
[263.166s] -- Installing: /home/ws/roarm_ws_em0/install/moveit_servo/include/moveit_servo/collision_check.h
[263.166s] -- Installing: /home/ws/roarm_ws_em0/install/moveit_servo/include/moveit_servo/parameter_descriptor_builder.hpp
[263.173s] -- Installing: /home/ws/roarm_ws_em0/install/moveit_servo/include/moveit_servo/status_codes.h
[263.173s] -- Installing: /home/ws/roarm_ws_em0/install/moveit_servo/include/moveit_servo/servo_server.h
[263.173s] -- Installing: /home/ws/roarm_ws_em0/install/moveit_servo/include/moveit_servo/servo_calcs.h
[263.173s] -- Installing: /home/ws/roarm_ws_em0/install/moveit_servo/include/moveit_servo/make_shared_from_pool.h
[263.173s] -- Installing: /home/ws/roarm_ws_em0/install/moveit_servo/include/moveit_servo/servo_parameters.h
[263.173s] -- Installing: /home/ws/roarm_ws_em0/install/moveit_servo/include/moveit_servo/utilities.h
[263.174s] -- Installing: /home/ws/roarm_ws_em0/install/moveit_servo/include/moveit_servo/pose_tracking.h
[263.174s] -- Installing: /home/ws/roarm_ws_em0/install/moveit_servo/share/moveit_servo/launch
[263.180s] -- Installing: /home/ws/roarm_ws_em0/install/moveit_servo/share/moveit_servo/launch/demo.launch.py
[263.180s] -- Installing: /home/ws/roarm_ws_em0/install/moveit_servo/share/moveit_servo/launch/servo_control.launch.py
[263.181s] -- Installing: /home/ws/roarm_ws_em0/install/moveit_servo/share/moveit_servo/config
[263.181s] -- Installing: /home/ws/roarm_ws_em0/install/moveit_servo/share/moveit_servo/config/roarm_simulated_config.yaml
[263.189s] -- Installing: /home/ws/roarm_ws_em0/install/moveit_servo/share/moveit_servo/config/demo.rviz
[263.190s] -- Installing: /home/ws/roarm_ws_em0/install/moveit_servo/share/moveit_servo/config/servo_control.rviz
[263.209s] -- Installing: /home/ws/roarm_ws_em0/install/moveit_servo/share/moveit_servo/environment/library_path.sh
[263.237s] -- Installing: /home/ws/roarm_ws_em0/install/moveit_servo/share/moveit_servo/environment/library_path.dsv
[263.251s] -- Installing: /home/ws/roarm_ws_em0/install/moveit_servo/share/ament_index/resource_index/package_run_dependencies/moveit_servo
[263.252s] -- Installing: /home/ws/roarm_ws_em0/install/moveit_servo/share/ament_index/resource_index/parent_prefix_path/moveit_servo
[263.269s] -- Installing: /home/ws/roarm_ws_em0/install/moveit_servo/share/moveit_servo/environment/ament_prefix_path.sh
[263.288s] -- Installing: /home/ws/roarm_ws_em0/install/moveit_servo/share/moveit_servo/environment/ament_prefix_path.dsv
[263.288s] -- Installing: /home/ws/roarm_ws_em0/install/moveit_servo/share/moveit_servo/environment/path.sh
[263.288s] -- Installing: /home/ws/roarm_ws_em0/install/moveit_servo/share/moveit_servo/environment/path.dsv
[263.289s] -- Installing: /home/ws/roarm_ws_em0/install/moveit_servo/share/moveit_servo/local_setup.bash
[263.289s] -- Installing: /home/ws/roarm_ws_em0/install/moveit_servo/share/moveit_servo/local_setup.sh
[263.289s] -- Installing: /home/ws/roarm_ws_em0/install/moveit_servo/share/moveit_servo/local_setup.zsh
[263.289s] -- Installing: /home/ws/roarm_ws_em0/install/moveit_servo/share/moveit_servo/local_setup.dsv
[263.290s] -- Installing: /home/ws/roarm_ws_em0/install/moveit_servo/share/moveit_servo/package.dsv
[263.290s] -- Installing: /home/ws/roarm_ws_em0/install/moveit_servo/share/ament_index/resource_index/packages/moveit_servo
[263.291s] -- Installing: /home/ws/roarm_ws_em0/install/moveit_servo/share/ament_index/resource_index/rclcpp_components/moveit_servo
[263.291s] -- Installing: /home/ws/roarm_ws_em0/install/moveit_servo/share/moveit_servo/cmake/export_moveit_servoExport.cmake
[263.292s] -- Installing: /home/ws/roarm_ws_em0/install/moveit_servo/share/moveit_servo/cmake/export_moveit_servoExport-release.cmake
[263.293s] -- Installing: /home/ws/roarm_ws_em0/install/moveit_servo/share/moveit_servo/cmake/ament_cmake_export_targets-extras.cmake
[263.293s] -- Installing: /home/ws/roarm_ws_em0/install/moveit_servo/share/moveit_servo/cmake/ament_cmake_export_dependencies-extras.cmake
[263.294s] -- Installing: /home/ws/roarm_ws_em0/install/moveit_servo/share/moveit_servo/cmake/moveit_servoConfig.cmake
[263.294s] -- Installing: /home/ws/roarm_ws_em0/install/moveit_servo/share/moveit_servo/cmake/moveit_servoConfig-version.cmake
[263.295s] -- Installing: /home/ws/roarm_ws_em0/install/moveit_servo/share/moveit_servo/package.xml
[263.298s] Invoked command in '/home/ws/roarm_ws_em0/build/moveit_servo' returned '0': CMAKE_PREFIX_PATH=/opt/ros/humble /usr/bin/cmake --install /home/ws/roarm_ws_em0/build/moveit_servo
