[0.020s] Invoking command in '/home/ws/roarm_ws_em0/build/moveit_servo': CMAKE_PREFIX_PATH=${CMAKE_PREFIX_PATH}:/home/ws/roarm_ws_em0/install/ros2web_widgets:/home/ws/roarm_ws_em0/install/ros2web_example_py:/home/ws/roarm_ws_em0/install/roarm_web_app:/home/ws/roarm_ws_em0/install/ros2web_app:/home/ws/roarm_ws_em0/install/ros2web:/home/ws/roarm_ws_em0/install/roarm_driver:/home/ws/roarm_ws_em0/install/launch_api:/opt/ros/humble /usr/bin/cmake --build /home/ws/roarm_ws_em0/build/moveit_servo -- -j4 -l4
[0.115s] [  6%] Built target fake_command_publisher
[0.140s] [ 12%] Built target gtest_main
[0.144s] [ 18%] Built target servo_controller_input
[0.153s] [ 27%] Built target moveit_servo_lib_parameters
[0.170s] [ 33%] Built target gtest
[0.245s] [ 39%] Built target test_servo_integration
[0.246s] [ 45%] Built target test_servo_collision
[0.256s] [ 63%] Built target moveit_servo_lib
[0.312s] [ 69%] Built target servo_calcs_unit_tests
[0.320s] [ 75%] Built target pose_tracking
[0.321s] [ 81%] Built target servo_node
[0.406s] [ 87%] Built target servo_pose_tracking_demo
[0.406s] [ 93%] Built target test_servo_pose_tracking
[0.439s] [100%] Built target servo_node_main
[0.451s] Invoked command in '/home/ws/roarm_ws_em0/build/moveit_servo' returned '0': CMAKE_PREFIX_PATH=${CMAKE_PREFIX_PATH}:/home/ws/roarm_ws_em0/install/ros2web_widgets:/home/ws/roarm_ws_em0/install/ros2web_example_py:/home/ws/roarm_ws_em0/install/roarm_web_app:/home/ws/roarm_ws_em0/install/ros2web_app:/home/ws/roarm_ws_em0/install/ros2web:/home/ws/roarm_ws_em0/install/roarm_driver:/home/ws/roarm_ws_em0/install/launch_api:/opt/ros/humble /usr/bin/cmake --build /home/ws/roarm_ws_em0/build/moveit_servo -- -j4 -l4
[0.692s] Invoking command in '/home/ws/roarm_ws_em0/build/moveit_servo': CMAKE_PREFIX_PATH=${CMAKE_PREFIX_PATH}:/home/ws/roarm_ws_em0/install/ros2web_widgets:/home/ws/roarm_ws_em0/install/ros2web_example_py:/home/ws/roarm_ws_em0/install/roarm_web_app:/home/ws/roarm_ws_em0/install/ros2web_app:/home/ws/roarm_ws_em0/install/ros2web:/home/ws/roarm_ws_em0/install/roarm_driver:/home/ws/roarm_ws_em0/install/launch_api:/opt/ros/humble /usr/bin/cmake --install /home/ws/roarm_ws_em0/build/moveit_servo
[0.704s] -- Install configuration: "Release"
[0.704s] -- Up-to-date: /home/ws/roarm_ws_em0/install/moveit_servo/lib/libmoveit_servo_lib.so.2.5.5
[0.704s] -- Up-to-date: /home/ws/roarm_ws_em0/install/moveit_servo/lib/libmoveit_servo_lib.so
[0.704s] -- Up-to-date: /home/ws/roarm_ws_em0/install/moveit_servo/lib/libmoveit_servo_lib_parameters.so.2.5.5
[0.704s] -- Up-to-date: /home/ws/roarm_ws_em0/install/moveit_servo/lib/libmoveit_servo_lib_parameters.so
[0.704s] -- Up-to-date: /home/ws/roarm_ws_em0/install/moveit_servo/lib/libpose_tracking.so
[0.705s] -- Up-to-date: /home/ws/roarm_ws_em0/install/moveit_servo/lib/libservo_node.so
[0.705s] -- Up-to-date: /home/ws/roarm_ws_em0/install/moveit_servo/lib/libservo_controller_input.so
[0.705s] -- Up-to-date: /home/ws/roarm_ws_em0/install/moveit_servo/lib/moveit_servo/servo_node_main
[0.711s] -- Up-to-date: /home/ws/roarm_ws_em0/install/moveit_servo/lib/moveit_servo/servo_pose_tracking_demo
[0.711s] -- Up-to-date: /home/ws/roarm_ws_em0/install/moveit_servo/lib/moveit_servo/fake_command_publisher
[0.711s] -- Up-to-date: /home/ws/roarm_ws_em0/install/moveit_servo/include
[0.711s] -- Up-to-date: /home/ws/roarm_ws_em0/install/moveit_servo/include/moveit_servo
[0.711s] -- Up-to-date: /home/ws/roarm_ws_em0/install/moveit_servo/include/moveit_servo/servo_node.h
[0.711s] -- Up-to-date: /home/ws/roarm_ws_em0/install/moveit_servo/include/moveit_servo/enforce_limits.hpp
[0.711s] -- Up-to-date: /home/ws/roarm_ws_em0/install/moveit_servo/include/moveit_servo/servo.h
[0.712s] -- Up-to-date: /home/ws/roarm_ws_em0/install/moveit_servo/include/moveit_servo/collision_check.h
[0.712s] -- Up-to-date: /home/ws/roarm_ws_em0/install/moveit_servo/include/moveit_servo/parameter_descriptor_builder.hpp
[0.712s] -- Up-to-date: /home/ws/roarm_ws_em0/install/moveit_servo/include/moveit_servo/status_codes.h
[0.712s] -- Up-to-date: /home/ws/roarm_ws_em0/install/moveit_servo/include/moveit_servo/servo_server.h
[0.712s] -- Up-to-date: /home/ws/roarm_ws_em0/install/moveit_servo/include/moveit_servo/servo_calcs.h
[0.712s] -- Up-to-date: /home/ws/roarm_ws_em0/install/moveit_servo/include/moveit_servo/make_shared_from_pool.h
[0.712s] -- Up-to-date: /home/ws/roarm_ws_em0/install/moveit_servo/include/moveit_servo/servo_parameters.h
[0.712s] -- Up-to-date: /home/ws/roarm_ws_em0/install/moveit_servo/include/moveit_servo/utilities.h
[0.712s] -- Up-to-date: /home/ws/roarm_ws_em0/install/moveit_servo/include/moveit_servo/pose_tracking.h
[0.712s] -- Up-to-date: /home/ws/roarm_ws_em0/install/moveit_servo/share/moveit_servo/launch
[0.712s] -- Up-to-date: /home/ws/roarm_ws_em0/install/moveit_servo/share/moveit_servo/launch/demo.launch.py
[0.712s] -- Up-to-date: /home/ws/roarm_ws_em0/install/moveit_servo/share/moveit_servo/launch/servo_control.launch.py
[0.712s] -- Up-to-date: /home/ws/roarm_ws_em0/install/moveit_servo/share/moveit_servo/config
[0.712s] -- Up-to-date: /home/ws/roarm_ws_em0/install/moveit_servo/share/moveit_servo/config/roarm_simulated_config.yaml
[0.712s] -- Up-to-date: /home/ws/roarm_ws_em0/install/moveit_servo/share/moveit_servo/config/demo.rviz
[0.712s] -- Up-to-date: /home/ws/roarm_ws_em0/install/moveit_servo/share/moveit_servo/config/servo_control.rviz
[0.712s] -- Up-to-date: /home/ws/roarm_ws_em0/install/moveit_servo/share/moveit_servo/environment/library_path.sh
[0.712s] -- Up-to-date: /home/ws/roarm_ws_em0/install/moveit_servo/share/moveit_servo/environment/library_path.dsv
[0.712s] -- Up-to-date: /home/ws/roarm_ws_em0/install/moveit_servo/share/ament_index/resource_index/package_run_dependencies/moveit_servo
[0.712s] -- Up-to-date: /home/ws/roarm_ws_em0/install/moveit_servo/share/ament_index/resource_index/parent_prefix_path/moveit_servo
[0.712s] -- Up-to-date: /home/ws/roarm_ws_em0/install/moveit_servo/share/moveit_servo/environment/ament_prefix_path.sh
[0.712s] -- Up-to-date: /home/ws/roarm_ws_em0/install/moveit_servo/share/moveit_servo/environment/ament_prefix_path.dsv
[0.712s] -- Up-to-date: /home/ws/roarm_ws_em0/install/moveit_servo/share/moveit_servo/environment/path.sh
[0.712s] -- Up-to-date: /home/ws/roarm_ws_em0/install/moveit_servo/share/moveit_servo/environment/path.dsv
[0.712s] -- Up-to-date: /home/ws/roarm_ws_em0/install/moveit_servo/share/moveit_servo/local_setup.bash
[0.712s] -- Up-to-date: /home/ws/roarm_ws_em0/install/moveit_servo/share/moveit_servo/local_setup.sh
[0.712s] -- Up-to-date: /home/ws/roarm_ws_em0/install/moveit_servo/share/moveit_servo/local_setup.zsh
[0.713s] -- Up-to-date: /home/ws/roarm_ws_em0/install/moveit_servo/share/moveit_servo/local_setup.dsv
[0.715s] -- Installing: /home/ws/roarm_ws_em0/install/moveit_servo/share/moveit_servo/package.dsv
[0.715s] -- Up-to-date: /home/ws/roarm_ws_em0/install/moveit_servo/share/ament_index/resource_index/packages/moveit_servo
[0.715s] -- Up-to-date: /home/ws/roarm_ws_em0/install/moveit_servo/share/ament_index/resource_index/rclcpp_components/moveit_servo
[0.715s] -- Up-to-date: /home/ws/roarm_ws_em0/install/moveit_servo/share/moveit_servo/cmake/export_moveit_servoExport.cmake
[0.715s] -- Up-to-date: /home/ws/roarm_ws_em0/install/moveit_servo/share/moveit_servo/cmake/export_moveit_servoExport-release.cmake
[0.715s] -- Up-to-date: /home/ws/roarm_ws_em0/install/moveit_servo/share/moveit_servo/cmake/ament_cmake_export_targets-extras.cmake
[0.715s] -- Up-to-date: /home/ws/roarm_ws_em0/install/moveit_servo/share/moveit_servo/cmake/ament_cmake_export_dependencies-extras.cmake
[0.715s] -- Up-to-date: /home/ws/roarm_ws_em0/install/moveit_servo/share/moveit_servo/cmake/moveit_servoConfig.cmake
[0.716s] -- Up-to-date: /home/ws/roarm_ws_em0/install/moveit_servo/share/moveit_servo/cmake/moveit_servoConfig-version.cmake
[0.716s] -- Up-to-date: /home/ws/roarm_ws_em0/install/moveit_servo/share/moveit_servo/package.xml
[0.719s] Invoked command in '/home/ws/roarm_ws_em0/build/moveit_servo' returned '0': CMAKE_PREFIX_PATH=${CMAKE_PREFIX_PATH}:/home/ws/roarm_ws_em0/install/ros2web_widgets:/home/ws/roarm_ws_em0/install/ros2web_example_py:/home/ws/roarm_ws_em0/install/roarm_web_app:/home/ws/roarm_ws_em0/install/ros2web_app:/home/ws/roarm_ws_em0/install/ros2web:/home/ws/roarm_ws_em0/install/roarm_driver:/home/ws/roarm_ws_em0/install/launch_api:/opt/ros/humble /usr/bin/cmake --install /home/ws/roarm_ws_em0/build/moveit_servo
