[0.065s] Invoking command in '/home/ws/roarm_ws_em0/build/moveit_servo': CMAKE_PREFIX_PATH=${CMAKE_PREFIX_PATH}:/opt/ros/humble /usr/bin/cmake --build /home/ws/roarm_ws_em0/build/moveit_servo -- -j4 -l4
[0.219s] [  6%] Built target fake_command_publisher
[0.222s] [ 12%] Built target gtest_main
[0.222s] [ 18%] Built target servo_controller_input
[0.231s] [ 27%] Built target moveit_servo_lib_parameters
[0.281s] [ 33%] Built target gtest
[0.291s] [ 51%] Built target moveit_servo_lib
[0.328s] [35m[1mConsolidate compiler generated dependencies of target servo_node[0m
[0.329s] [35m[1mConsolidate compiler generated dependencies of target pose_tracking[0m
[0.346s] [ 57%] Built target test_servo_integration
[0.348s] [ 63%] Built target test_servo_collision
[0.368s] [ 69%] Built target pose_tracking
[0.368s] [35m[1mConsolidate compiler generated dependencies of target servo_calcs_unit_tests[0m
[0.371s] [ 75%] Built target servo_node
[0.406s] [35m[1mConsolidate compiler generated dependencies of target test_servo_pose_tracking[0m
[0.422s] [35m[1mConsolidate compiler generated dependencies of target servo_pose_tracking_demo[0m
[0.463s] [ 81%] Built target servo_calcs_unit_tests
[0.479s] [ 87%] Built target test_servo_pose_tracking
[0.492s] [ 93%] Built target servo_pose_tracking_demo
[0.500s] [35m[1mConsolidate compiler generated dependencies of target servo_node_main[0m
[0.532s] [100%] Built target servo_node_main
[0.549s] Invoked command in '/home/ws/roarm_ws_em0/build/moveit_servo' returned '0': CMAKE_PREFIX_PATH=${CMAKE_PREFIX_PATH}:/opt/ros/humble /usr/bin/cmake --build /home/ws/roarm_ws_em0/build/moveit_servo -- -j4 -l4
[0.835s] Invoking command in '/home/ws/roarm_ws_em0/build/moveit_servo': CMAKE_PREFIX_PATH=${CMAKE_PREFIX_PATH}:/opt/ros/humble /usr/bin/cmake --install /home/ws/roarm_ws_em0/build/moveit_servo
[0.858s] -- Install configuration: "Release"
[0.858s] -- Execute custom install script
[0.859s] -- Up-to-date symlink: /home/ws/roarm_ws_em0/install/moveit_servo/lib/moveit_servo/servo_node_main
[0.859s] -- Up-to-date symlink: /home/ws/roarm_ws_em0/install/moveit_servo/lib/moveit_servo/servo_pose_tracking_demo
[0.859s] -- Up-to-date symlink: /home/ws/roarm_ws_em0/install/moveit_servo/lib/moveit_servo/fake_command_publisher
[0.859s] -- Up-to-date symlink: /home/ws/roarm_ws_em0/install/moveit_servo/include/moveit_servo/collision_check.h
[0.859s] -- Up-to-date symlink: /home/ws/roarm_ws_em0/install/moveit_servo/include/moveit_servo/enforce_limits.hpp
[0.859s] -- Up-to-date symlink: /home/ws/roarm_ws_em0/install/moveit_servo/include/moveit_servo/make_shared_from_pool.h
[0.859s] -- Up-to-date symlink: /home/ws/roarm_ws_em0/install/moveit_servo/include/moveit_servo/parameter_descriptor_builder.hpp
[0.859s] -- Up-to-date symlink: /home/ws/roarm_ws_em0/install/moveit_servo/include/moveit_servo/pose_tracking.h
[0.859s] -- Up-to-date symlink: /home/ws/roarm_ws_em0/install/moveit_servo/include/moveit_servo/servo.h
[0.859s] -- Up-to-date symlink: /home/ws/roarm_ws_em0/install/moveit_servo/include/moveit_servo/servo_calcs.h
[0.859s] -- Up-to-date symlink: /home/ws/roarm_ws_em0/install/moveit_servo/include/moveit_servo/servo_node.h
[0.859s] -- Up-to-date symlink: /home/ws/roarm_ws_em0/install/moveit_servo/include/moveit_servo/servo_parameters.h
[0.859s] -- Up-to-date symlink: /home/ws/roarm_ws_em0/install/moveit_servo/include/moveit_servo/servo_server.h
[0.859s] -- Up-to-date symlink: /home/ws/roarm_ws_em0/install/moveit_servo/include/moveit_servo/status_codes.h
[0.859s] -- Up-to-date symlink: /home/ws/roarm_ws_em0/install/moveit_servo/include/moveit_servo/utilities.h
[0.859s] -- Up-to-date symlink: /home/ws/roarm_ws_em0/install/moveit_servo/share/moveit_servo/launch/demo.launch.py
[0.865s] -- Up-to-date symlink: /home/ws/roarm_ws_em0/install/moveit_servo/share/moveit_servo/launch/servo_control.launch.py
[0.865s] -- Up-to-date symlink: /home/ws/roarm_ws_em0/install/moveit_servo/share/moveit_servo/config/demo.rviz
[0.865s] -- Up-to-date symlink: /home/ws/roarm_ws_em0/install/moveit_servo/share/moveit_servo/config/roarm_simulated_config.yaml
[0.865s] -- Up-to-date symlink: /home/ws/roarm_ws_em0/install/moveit_servo/share/moveit_servo/config/servo_control.rviz
[0.866s] -- Up-to-date symlink: /home/ws/roarm_ws_em0/install/moveit_servo/share/moveit_servo/environment/library_path.sh
[0.866s] -- Up-to-date symlink: /home/ws/roarm_ws_em0/install/moveit_servo/share/moveit_servo/environment/library_path.dsv
[0.866s] -- Up-to-date symlink: /home/ws/roarm_ws_em0/install/moveit_servo/share/ament_index/resource_index/package_run_dependencies/moveit_servo
[0.867s] -- Up-to-date symlink: /home/ws/roarm_ws_em0/install/moveit_servo/share/ament_index/resource_index/parent_prefix_path/moveit_servo
[0.867s] -- Up-to-date symlink: /home/ws/roarm_ws_em0/install/moveit_servo/share/moveit_servo/environment/ament_prefix_path.sh
[0.867s] -- Up-to-date symlink: /home/ws/roarm_ws_em0/install/moveit_servo/share/moveit_servo/environment/ament_prefix_path.dsv
[0.867s] -- Up-to-date symlink: /home/ws/roarm_ws_em0/install/moveit_servo/share/moveit_servo/environment/path.sh
[0.867s] -- Up-to-date symlink: /home/ws/roarm_ws_em0/install/moveit_servo/share/moveit_servo/environment/path.dsv
[0.867s] -- Up-to-date symlink: /home/ws/roarm_ws_em0/install/moveit_servo/share/moveit_servo/local_setup.bash
[0.867s] -- Up-to-date symlink: /home/ws/roarm_ws_em0/install/moveit_servo/share/moveit_servo/local_setup.sh
[0.867s] -- Up-to-date symlink: /home/ws/roarm_ws_em0/install/moveit_servo/share/moveit_servo/local_setup.zsh
[0.867s] -- Up-to-date symlink: /home/ws/roarm_ws_em0/install/moveit_servo/share/moveit_servo/local_setup.dsv
[0.867s] -- Symlinking: /home/ws/roarm_ws_em0/install/moveit_servo/share/moveit_servo/package.dsv
[0.869s] -- Up-to-date symlink: /home/ws/roarm_ws_em0/install/moveit_servo/share/ament_index/resource_index/packages/moveit_servo
[0.869s] -- Up-to-date symlink: /home/ws/roarm_ws_em0/install/moveit_servo/share/ament_index/resource_index/rclcpp_components/moveit_servo
[0.872s] -- Up-to-date symlink: /home/ws/roarm_ws_em0/install/moveit_servo/share/moveit_servo/cmake/ament_cmake_export_targets-extras.cmake
[0.872s] -- Up-to-date symlink: /home/ws/roarm_ws_em0/install/moveit_servo/share/moveit_servo/cmake/ament_cmake_export_dependencies-extras.cmake
[0.872s] -- Up-to-date symlink: /home/ws/roarm_ws_em0/install/moveit_servo/share/moveit_servo/cmake/moveit_servoConfig.cmake
[0.872s] -- Up-to-date symlink: /home/ws/roarm_ws_em0/install/moveit_servo/share/moveit_servo/cmake/moveit_servoConfig-version.cmake
[0.872s] -- Up-to-date symlink: /home/ws/roarm_ws_em0/install/moveit_servo/share/moveit_servo/package.xml
[0.872s] -- Up-to-date: /home/ws/roarm_ws_em0/install/moveit_servo/lib/libmoveit_servo_lib.so.2.5.5
[0.872s] -- Up-to-date: /home/ws/roarm_ws_em0/install/moveit_servo/lib/libmoveit_servo_lib.so
[0.873s] -- Up-to-date: /home/ws/roarm_ws_em0/install/moveit_servo/lib/libmoveit_servo_lib_parameters.so.2.5.5
[0.873s] -- Up-to-date: /home/ws/roarm_ws_em0/install/moveit_servo/lib/libmoveit_servo_lib_parameters.so
[0.873s] -- Up-to-date: /home/ws/roarm_ws_em0/install/moveit_servo/lib/libpose_tracking.so
[0.874s] -- Up-to-date: /home/ws/roarm_ws_em0/install/moveit_servo/lib/libservo_node.so
[0.874s] -- Up-to-date: /home/ws/roarm_ws_em0/install/moveit_servo/lib/libservo_controller_input.so
[0.874s] -- Up-to-date: /home/ws/roarm_ws_em0/install/moveit_servo/share/moveit_servo/cmake/export_moveit_servoExport.cmake
[0.874s] -- Up-to-date: /home/ws/roarm_ws_em0/install/moveit_servo/share/moveit_servo/cmake/export_moveit_servoExport-release.cmake
[0.883s] Invoked command in '/home/ws/roarm_ws_em0/build/moveit_servo' returned '0': CMAKE_PREFIX_PATH=${CMAKE_PREFIX_PATH}:/opt/ros/humble /usr/bin/cmake --install /home/ws/roarm_ws_em0/build/moveit_servo
