[0.017s] Invoking command in '/home/ws/roarm_ws_em0/build/roarm_moveit_cmd': CMAKE_PREFIX_PATH=/home/ws/roarm_ws_em0/install/roarm_moveit:/home/ws/roarm_ws_em0/install/roarm_description:/home/ws/roarm_ws_em0/install/moveit_servo:/home/ws/roarm_ws_em0/install/ros2web_interfaces:/home/ws/roarm_ws_em0/install/roarm_moveit_ikfast_plugins:/home/ws/roarm_ws_em0/install/roarm_moveit_cmd:/home/ws/roarm_ws_em0/install/ros2web_widgets:/home/ws/roarm_ws_em0/install/ros2web_example_py:/home/ws/roarm_ws_em0/install/roarm_web_app:/home/ws/roarm_ws_em0/install/ros2web_app:/home/ws/roarm_ws_em0/install/ros2web:/home/ws/roarm_ws_em0/install/roarm_driver:/home/ws/roarm_ws_em0/install/launch_api:/opt/ros/humble LD_LIBRARY_PATH=/home/ws/roarm_ws_em0/install/roarm_moveit/lib:/home/ws/roarm_ws_em0/install/moveit_servo/lib:/home/ws/roarm_ws_em0/install/ros2web_interfaces/lib:/home/ws/roarm_ws_em0/install/roarm_moveit_ikfast_plugins/lib:/opt/ros/humble/opt/rviz_ogre_vendor/lib:/opt/ros/humble/lib/x86_64-linux-gnu:/opt/ros/humble/lib /usr/bin/cmake --build /home/ws/roarm_ws_em0/build/roarm_moveit_cmd -- -j4 -l4
[0.096s] [ 14%] Built target getposecmd_tf2
[0.104s] [ 28%] Built target movepointcmd
[0.121s] [ 42%] Built target getposecmd
[0.135s] [ 57%] Built target keyboardcontrol
[0.152s] [ 71%] Built target movecirclecmd
[0.152s] [ 85%] Built target webappcontrol
[0.168s] [100%] Built target setgrippercmd
[0.179s] Invoked command in '/home/ws/roarm_ws_em0/build/roarm_moveit_cmd' returned '0': CMAKE_PREFIX_PATH=/home/ws/roarm_ws_em0/install/roarm_moveit:/home/ws/roarm_ws_em0/install/roarm_description:/home/ws/roarm_ws_em0/install/moveit_servo:/home/ws/roarm_ws_em0/install/ros2web_interfaces:/home/ws/roarm_ws_em0/install/roarm_moveit_ikfast_plugins:/home/ws/roarm_ws_em0/install/roarm_moveit_cmd:/home/ws/roarm_ws_em0/install/ros2web_widgets:/home/ws/roarm_ws_em0/install/ros2web_example_py:/home/ws/roarm_ws_em0/install/roarm_web_app:/home/ws/roarm_ws_em0/install/ros2web_app:/home/ws/roarm_ws_em0/install/ros2web:/home/ws/roarm_ws_em0/install/roarm_driver:/home/ws/roarm_ws_em0/install/launch_api:/opt/ros/humble LD_LIBRARY_PATH=/home/ws/roarm_ws_em0/install/roarm_moveit/lib:/home/ws/roarm_ws_em0/install/moveit_servo/lib:/home/ws/roarm_ws_em0/install/ros2web_interfaces/lib:/home/ws/roarm_ws_em0/install/roarm_moveit_ikfast_plugins/lib:/opt/ros/humble/opt/rviz_ogre_vendor/lib:/opt/ros/humble/lib/x86_64-linux-gnu:/opt/ros/humble/lib /usr/bin/cmake --build /home/ws/roarm_ws_em0/build/roarm_moveit_cmd -- -j4 -l4
[0.451s] Invoking command in '/home/ws/roarm_ws_em0/build/roarm_moveit_cmd': CMAKE_PREFIX_PATH=/home/ws/roarm_ws_em0/install/roarm_moveit:/home/ws/roarm_ws_em0/install/roarm_description:/home/ws/roarm_ws_em0/install/moveit_servo:/home/ws/roarm_ws_em0/install/ros2web_interfaces:/home/ws/roarm_ws_em0/install/roarm_moveit_ikfast_plugins:/home/ws/roarm_ws_em0/install/roarm_moveit_cmd:/home/ws/roarm_ws_em0/install/ros2web_widgets:/home/ws/roarm_ws_em0/install/ros2web_example_py:/home/ws/roarm_ws_em0/install/roarm_web_app:/home/ws/roarm_ws_em0/install/ros2web_app:/home/ws/roarm_ws_em0/install/ros2web:/home/ws/roarm_ws_em0/install/roarm_driver:/home/ws/roarm_ws_em0/install/launch_api:/opt/ros/humble LD_LIBRARY_PATH=/home/ws/roarm_ws_em0/install/roarm_moveit/lib:/home/ws/roarm_ws_em0/install/moveit_servo/lib:/home/ws/roarm_ws_em0/install/ros2web_interfaces/lib:/home/ws/roarm_ws_em0/install/roarm_moveit_ikfast_plugins/lib:/opt/ros/humble/opt/rviz_ogre_vendor/lib:/opt/ros/humble/lib/x86_64-linux-gnu:/opt/ros/humble/lib /usr/bin/cmake --install /home/ws/roarm_ws_em0/build/roarm_moveit_cmd
[0.470s] -- Install configuration: "Release"
[0.470s] -- Up-to-date: /home/ws/roarm_ws_em0/install/roarm_moveit_cmd/lib/roarm_moveit_cmd/getposecmd
[0.470s] -- Up-to-date: /home/ws/roarm_ws_em0/install/roarm_moveit_cmd/lib/roarm_moveit_cmd/getposecmd_tf2
[0.470s] -- Up-to-date: /home/ws/roarm_ws_em0/install/roarm_moveit_cmd/lib/roarm_moveit_cmd/keyboardcontrol
[0.470s] -- Up-to-date: /home/ws/roarm_ws_em0/install/roarm_moveit_cmd/lib/roarm_moveit_cmd/movepointcmd
[0.472s] -- Up-to-date: /home/ws/roarm_ws_em0/install/roarm_moveit_cmd/lib/roarm_moveit_cmd/movecirclecmd
[0.472s] -- Up-to-date: /home/ws/roarm_ws_em0/install/roarm_moveit_cmd/lib/roarm_moveit_cmd/webappcontrol
[0.472s] -- Up-to-date: /home/ws/roarm_ws_em0/install/roarm_moveit_cmd/lib/roarm_moveit_cmd/setgrippercmd
[0.472s] -- Up-to-date: /home/ws/roarm_ws_em0/install/roarm_moveit_cmd/share/roarm_moveit_cmd/launch
[0.472s] -- Up-to-date: /home/ws/roarm_ws_em0/install/roarm_moveit_cmd/share/roarm_moveit_cmd/launch/command_control.launch.py
[0.474s] -- Up-to-date: /home/ws/roarm_ws_em0/install/roarm_moveit_cmd/share/roarm_moveit_cmd/config
[0.474s] -- Up-to-date: /home/ws/roarm_ws_em0/install/roarm_moveit_cmd/share/roarm_moveit_cmd/config/command_control.rviz
[0.474s] -- Up-to-date: /home/ws/roarm_ws_em0/install/roarm_moveit_cmd/share/ament_index/resource_index/package_run_dependencies/roarm_moveit_cmd
[0.474s] -- Up-to-date: /home/ws/roarm_ws_em0/install/roarm_moveit_cmd/share/ament_index/resource_index/parent_prefix_path/roarm_moveit_cmd
[0.474s] -- Up-to-date: /home/ws/roarm_ws_em0/install/roarm_moveit_cmd/share/roarm_moveit_cmd/environment/ament_prefix_path.sh
[0.474s] -- Up-to-date: /home/ws/roarm_ws_em0/install/roarm_moveit_cmd/share/roarm_moveit_cmd/environment/ament_prefix_path.dsv
[0.474s] -- Up-to-date: /home/ws/roarm_ws_em0/install/roarm_moveit_cmd/share/roarm_moveit_cmd/environment/path.sh
[0.474s] -- Up-to-date: /home/ws/roarm_ws_em0/install/roarm_moveit_cmd/share/roarm_moveit_cmd/environment/path.dsv
[0.475s] -- Up-to-date: /home/ws/roarm_ws_em0/install/roarm_moveit_cmd/share/roarm_moveit_cmd/local_setup.bash
[0.475s] -- Up-to-date: /home/ws/roarm_ws_em0/install/roarm_moveit_cmd/share/roarm_moveit_cmd/local_setup.sh
[0.475s] -- Up-to-date: /home/ws/roarm_ws_em0/install/roarm_moveit_cmd/share/roarm_moveit_cmd/local_setup.zsh
[0.475s] -- Up-to-date: /home/ws/roarm_ws_em0/install/roarm_moveit_cmd/share/roarm_moveit_cmd/local_setup.dsv
[0.475s] -- Installing: /home/ws/roarm_ws_em0/install/roarm_moveit_cmd/share/roarm_moveit_cmd/package.dsv
[0.475s] -- Up-to-date: /home/ws/roarm_ws_em0/install/roarm_moveit_cmd/share/ament_index/resource_index/packages/roarm_moveit_cmd
[0.476s] -- Up-to-date: /home/ws/roarm_ws_em0/install/roarm_moveit_cmd/share/roarm_moveit_cmd/cmake/ament_cmake_export_dependencies-extras.cmake
[0.476s] -- Up-to-date: /home/ws/roarm_ws_em0/install/roarm_moveit_cmd/share/roarm_moveit_cmd/cmake/ament_cmake_export_include_directories-extras.cmake
[0.476s] -- Up-to-date: /home/ws/roarm_ws_em0/install/roarm_moveit_cmd/share/roarm_moveit_cmd/cmake/roarm_moveit_cmdConfig.cmake
[0.476s] -- Up-to-date: /home/ws/roarm_ws_em0/install/roarm_moveit_cmd/share/roarm_moveit_cmd/cmake/roarm_moveit_cmdConfig-version.cmake
[0.477s] -- Up-to-date: /home/ws/roarm_ws_em0/install/roarm_moveit_cmd/share/roarm_moveit_cmd/package.xml
[0.478s] Invoked command in '/home/ws/roarm_ws_em0/build/roarm_moveit_cmd' returned '0': CMAKE_PREFIX_PATH=/home/ws/roarm_ws_em0/install/roarm_moveit:/home/ws/roarm_ws_em0/install/roarm_description:/home/ws/roarm_ws_em0/install/moveit_servo:/home/ws/roarm_ws_em0/install/ros2web_interfaces:/home/ws/roarm_ws_em0/install/roarm_moveit_ikfast_plugins:/home/ws/roarm_ws_em0/install/roarm_moveit_cmd:/home/ws/roarm_ws_em0/install/ros2web_widgets:/home/ws/roarm_ws_em0/install/ros2web_example_py:/home/ws/roarm_ws_em0/install/roarm_web_app:/home/ws/roarm_ws_em0/install/ros2web_app:/home/ws/roarm_ws_em0/install/ros2web:/home/ws/roarm_ws_em0/install/roarm_driver:/home/ws/roarm_ws_em0/install/launch_api:/opt/ros/humble LD_LIBRARY_PATH=/home/ws/roarm_ws_em0/install/roarm_moveit/lib:/home/ws/roarm_ws_em0/install/moveit_servo/lib:/home/ws/roarm_ws_em0/install/ros2web_interfaces/lib:/home/ws/roarm_ws_em0/install/roarm_moveit_ikfast_plugins/lib:/opt/ros/humble/opt/rviz_ogre_vendor/lib:/opt/ros/humble/lib/x86_64-linux-gnu:/opt/ros/humble/lib /usr/bin/cmake --install /home/ws/roarm_ws_em0/build/roarm_moveit_cmd
