[0.442s] Invoking command in '/home/ws/roarm_ws_em0/build/ros2web': PYTHONPATH=/home/ws/roarm_ws_em0/build/ros2web/prefix_override:/usr/lib/python3/dist-packages/colcon_core/task/python/colcon_distutils_commands:/home/ws/roarm_ws_em0/install/ros2web/lib/python3.10/site-packages:${PYTHONPATH} /usr/bin/python3 -W ignore:setup.py install is deprecated setup.py develop --uninstall --editable --build-directory /home/ws/roarm_ws_em0/build/ros2web/build
[0.615s] /usr/lib/python3/dist-packages/setuptools/command/easy_install.py:158: EasyInstallDeprecationWarning: easy_install command is deprecated. Use build and pip and other standards-based tools.
[0.615s]   warnings.warn(
[0.615s] running develop
[0.711s] Removing /home/ws/roarm_ws_em0/install/ros2web/lib/python3.10/site-packages/ros2web.egg-link (link to .)
[0.724s] Invoked command in '/home/ws/roarm_ws_em0/build/ros2web' returned '0': PYTHONPATH=/home/ws/roarm_ws_em0/build/ros2web/prefix_override:/usr/lib/python3/dist-packages/colcon_core/task/python/colcon_distutils_commands:/home/ws/roarm_ws_em0/install/ros2web/lib/python3.10/site-packages:${PYTHONPATH} /usr/bin/python3 -W ignore:setup.py install is deprecated setup.py develop --uninstall --editable --build-directory /home/ws/roarm_ws_em0/build/ros2web/build
[0.726s] Invoking command in '/home/ws/roarm_ws_em0/src/roarm_else/ros2web-ros2/ros2web': PYTHONPATH=/home/ws/roarm_ws_em0/build/ros2web/prefix_override:/usr/lib/python3/dist-packages/colcon_core/task/python/colcon_distutils_commands:/home/ws/roarm_ws_em0/install/ros2web/lib/python3.10/site-packages:${PYTHONPATH} /usr/bin/python3 -W ignore:setup.py install is deprecated setup.py egg_info --egg-base ../../../../build/ros2web build --build-base /home/ws/roarm_ws_em0/build/ros2web/build install --record /home/ws/roarm_ws_em0/build/ros2web/install.log --single-version-externally-managed install_data --force
[0.872s] running egg_info
[0.872s] writing ../../../../build/ros2web/ros2web.egg-info/PKG-INFO
[0.872s] writing dependency_links to ../../../../build/ros2web/ros2web.egg-info/dependency_links.txt
[0.872s] writing entry points to ../../../../build/ros2web/ros2web.egg-info/entry_points.txt
[0.873s] writing requirements to ../../../../build/ros2web/ros2web.egg-info/requires.txt
[0.873s] writing top-level names to ../../../../build/ros2web/ros2web.egg-info/top_level.txt
[0.874s] reading manifest file '../../../../build/ros2web/ros2web.egg-info/SOURCES.txt'
[0.884s] writing manifest file '../../../../build/ros2web/ros2web.egg-info/SOURCES.txt'
[0.885s] running build
[0.885s] running build_py
[0.889s] running install
[0.889s] running install_lib
[0.890s] creating /home/ws/roarm_ws_em0/install/ros2web/lib/python3.10/site-packages/ros2web
[0.890s] creating /home/ws/roarm_ws_em0/install/ros2web/lib/python3.10/site-packages/ros2web/verb
[0.890s] copying /home/ws/roarm_ws_em0/build/ros2web/build/lib/ros2web/verb/__init__.py -> /home/ws/roarm_ws_em0/install/ros2web/lib/python3.10/site-packages/ros2web/verb
[0.891s] copying /home/ws/roarm_ws_em0/build/ros2web/build/lib/ros2web/verb/server.py -> /home/ws/roarm_ws_em0/install/ros2web/lib/python3.10/site-packages/ros2web/verb
[0.891s] creating /home/ws/roarm_ws_em0/install/ros2web/lib/python3.10/site-packages/ros2web/utilities
[0.891s] copying /home/ws/roarm_ws_em0/build/ros2web/build/lib/ros2web/utilities/msg.py -> /home/ws/roarm_ws_em0/install/ros2web/lib/python3.10/site-packages/ros2web/utilities
[0.892s] copying /home/ws/roarm_ws_em0/build/ros2web/build/lib/ros2web/utilities/__init__.py -> /home/ws/roarm_ws_em0/install/ros2web/lib/python3.10/site-packages/ros2web/utilities
[0.893s] copying /home/ws/roarm_ws_em0/build/ros2web/build/lib/ros2web/utilities/socket.py -> /home/ws/roarm_ws_em0/install/ros2web/lib/python3.10/site-packages/ros2web/utilities
[0.893s] creating /home/ws/roarm_ws_em0/install/ros2web/lib/python3.10/site-packages/ros2web/command
[0.893s] copying /home/ws/roarm_ws_em0/build/ros2web/build/lib/ros2web/command/web.py -> /home/ws/roarm_ws_em0/install/ros2web/lib/python3.10/site-packages/ros2web/command
[0.894s] copying /home/ws/roarm_ws_em0/build/ros2web/build/lib/ros2web/command/__init__.py -> /home/ws/roarm_ws_em0/install/ros2web/lib/python3.10/site-packages/ros2web/command
[0.894s] creating /home/ws/roarm_ws_em0/install/ros2web/lib/python3.10/site-packages/ros2web/api
[0.894s] copying /home/ws/roarm_ws_em0/build/ros2web/build/lib/ros2web/api/handler.py -> /home/ws/roarm_ws_em0/install/ros2web/lib/python3.10/site-packages/ros2web/api
[0.895s] copying /home/ws/roarm_ws_em0/build/ros2web/build/lib/ros2web/api/ros_executor.py -> /home/ws/roarm_ws_em0/install/ros2web/lib/python3.10/site-packages/ros2web/api
[0.896s] copying /home/ws/roarm_ws_em0/build/ros2web/build/lib/ros2web/api/__init__.py -> /home/ws/roarm_ws_em0/install/ros2web/lib/python3.10/site-packages/ros2web/api
[0.896s] copying /home/ws/roarm_ws_em0/build/ros2web/build/lib/ros2web/api/ws_client.py -> /home/ws/roarm_ws_em0/install/ros2web/lib/python3.10/site-packages/ros2web/api
[0.896s] copying /home/ws/roarm_ws_em0/build/ros2web/build/lib/ros2web/__init__.py -> /home/ws/roarm_ws_em0/install/ros2web/lib/python3.10/site-packages/ros2web
[0.896s] creating /home/ws/roarm_ws_em0/install/ros2web/lib/python3.10/site-packages/ros2web/handler
[0.896s] copying /home/ws/roarm_ws_em0/build/ros2web/build/lib/ros2web/handler/__init__.py -> /home/ws/roarm_ws_em0/install/ros2web/lib/python3.10/site-packages/ros2web/handler
[0.897s] byte-compiling /home/ws/roarm_ws_em0/install/ros2web/lib/python3.10/site-packages/ros2web/verb/__init__.py to __init__.cpython-310.pyc
[0.897s] byte-compiling /home/ws/roarm_ws_em0/install/ros2web/lib/python3.10/site-packages/ros2web/verb/server.py to server.cpython-310.pyc
[0.899s] byte-compiling /home/ws/roarm_ws_em0/install/ros2web/lib/python3.10/site-packages/ros2web/utilities/msg.py to msg.cpython-310.pyc
[0.900s] byte-compiling /home/ws/roarm_ws_em0/install/ros2web/lib/python3.10/site-packages/ros2web/utilities/__init__.py to __init__.cpython-310.pyc
[0.900s] byte-compiling /home/ws/roarm_ws_em0/install/ros2web/lib/python3.10/site-packages/ros2web/utilities/socket.py to socket.cpython-310.pyc
[0.900s] byte-compiling /home/ws/roarm_ws_em0/install/ros2web/lib/python3.10/site-packages/ros2web/command/web.py to web.cpython-310.pyc
[0.900s] byte-compiling /home/ws/roarm_ws_em0/install/ros2web/lib/python3.10/site-packages/ros2web/command/__init__.py to __init__.cpython-310.pyc
[0.901s] byte-compiling /home/ws/roarm_ws_em0/install/ros2web/lib/python3.10/site-packages/ros2web/api/handler.py to handler.cpython-310.pyc
[0.902s] byte-compiling /home/ws/roarm_ws_em0/install/ros2web/lib/python3.10/site-packages/ros2web/api/ros_executor.py to ros_executor.cpython-310.pyc
[0.902s] byte-compiling /home/ws/roarm_ws_em0/install/ros2web/lib/python3.10/site-packages/ros2web/api/__init__.py to __init__.cpython-310.pyc
[0.902s] byte-compiling /home/ws/roarm_ws_em0/install/ros2web/lib/python3.10/site-packages/ros2web/api/ws_client.py to ws_client.cpython-310.pyc
[0.903s] byte-compiling /home/ws/roarm_ws_em0/install/ros2web/lib/python3.10/site-packages/ros2web/__init__.py to __init__.cpython-310.pyc
[0.903s] byte-compiling /home/ws/roarm_ws_em0/install/ros2web/lib/python3.10/site-packages/ros2web/handler/__init__.py to __init__.cpython-310.pyc
[0.903s] running install_data
[0.903s] copying resource/ros2web -> /home/ws/roarm_ws_em0/install/ros2web/share/ament_index/resource_index/packages
[0.905s] copying package.xml -> /home/ws/roarm_ws_em0/install/ros2web/share/ros2web
[0.905s] running install_egg_info
[0.906s] Copying ../../../../build/ros2web/ros2web.egg-info to /home/ws/roarm_ws_em0/install/ros2web/lib/python3.10/site-packages/ros2web-0.0.1-py3.10.egg-info
[0.907s] running install_scripts
[0.920s] writing list of installed files to '/home/ws/roarm_ws_em0/build/ros2web/install.log'
[0.936s] Invoked command in '/home/ws/roarm_ws_em0/src/roarm_else/ros2web-ros2/ros2web' returned '0': PYTHONPATH=/home/ws/roarm_ws_em0/build/ros2web/prefix_override:/usr/lib/python3/dist-packages/colcon_core/task/python/colcon_distutils_commands:/home/ws/roarm_ws_em0/install/ros2web/lib/python3.10/site-packages:${PYTHONPATH} /usr/bin/python3 -W ignore:setup.py install is deprecated setup.py egg_info --egg-base ../../../../build/ros2web build --build-base /home/ws/roarm_ws_em0/build/ros2web/build install --record /home/ws/roarm_ws_em0/build/ros2web/install.log --single-version-externally-managed install_data --force
