-- The C compiler identification is GNU 11.4.0
-- The CXX compiler identification is GNU 11.4.0
-- Detecting C compiler ABI info
-- Detecting C compiler ABI info - done
-- Check for working C compiler: /usr/bin/cc - skipped
-- Detecting C compile features
-- Detecting C compile features - done
-- Detecting CXX compiler ABI info
-- Detecting CXX compiler ABI info - done
-- Check for working CXX compiler: /usr/bin/c++ - skipped
-- Detecting CXX compile features
-- Detecting CXX compile features - done
-- Found ament_cmake: 1.3.10 (/opt/ros/humble/share/ament_cmake/cmake)
-- Found Python3: /usr/bin/python3 (found version "3.10.12") found components: Interpreter 
-- Override CMake install command with custom implementation using symlinks instead of copying resources
-- Found rosidl_default_generators: 1.2.0 (/opt/ros/humble/share/rosidl_default_generators/cmake)
-- Using all available rosidl_typesupport_c: rosidl_typesupport_fastrtps_c;rosidl_typesupport_introspection_c
-- Found rosidl_adapter: 3.1.5 (/opt/ros/humble/share/rosidl_adapter/cmake)
-- Using all available rosidl_typesupport_cpp: rosidl_typesupport_fastrtps_cpp;rosidl_typesupport_introspection_cpp
-- Found ament_cmake_ros: 0.10.0 (/opt/ros/humble/share/ament_cmake_ros/cmake)
-- Using all available rosidl_typesupport_c: rosidl_typesupport_fastrtps_c;rosidl_typesupport_introspection_c
-- Using all available rosidl_typesupport_cpp: rosidl_typesupport_fastrtps_cpp;rosidl_typesupport_introspection_cpp
-- Found PythonInterp: /usr/bin/python3 (found suitable version "3.10.12", minimum required is "3.6") 
-- Found python_cmake_module: 0.10.0 (/opt/ros/humble/share/python_cmake_module/cmake)
-- Found PythonLibs: /usr/lib/x86_64-linux-gnu/libpython3.10.so (found suitable version "3.10.12", minimum required is "3.5") 
-- Using PYTHON_EXECUTABLE: /usr/bin/python3
-- Using PYTHON_INCLUDE_DIRS: /usr/include/python3.10
-- Using PYTHON_LIBRARIES: /usr/lib/x86_64-linux-gnu/libpython3.10.so
-- Found PythonExtra: .so  
-- Configuring done
-- Generating done
-- Build files have been written to: /home/ws/roarm_ws_em0/build/ros2web_interfaces
[  1%] [34m[1mGenerating C code for ROS interfaces[0m
[  2%] [34m[1mGenerating C++ code for ROS interfaces[0m
[  2%] Built target ament_cmake_python_symlink_ros2web_interfaces
running egg_info
creating ros2web_interfaces.egg-info
writing ros2web_interfaces.egg-info/PKG-INFO
writing dependency_links to ros2web_interfaces.egg-info/dependency_links.txt
writing top-level names to ros2web_interfaces.egg-info/top_level.txt
writing manifest file 'ros2web_interfaces.egg-info/SOURCES.txt'
reading manifest file 'ros2web_interfaces.egg-info/SOURCES.txt'
writing manifest file 'ros2web_interfaces.egg-info/SOURCES.txt'
[  2%] Built target ament_cmake_python_build_ros2web_interfaces_egg
[  2%] Built target ros2web_interfaces__cpp
[  3%] [34m[1mGenerating C++ type support dispatch for ROS interfaces[0m
[  5%] [34m[1mGenerating C++ type support for eProsima Fast-RTPS[0m
[  5%] [34m[1mGenerating C++ introspection for ROS interfaces[0m
[  6%] [32mBuilding C object CMakeFiles/ros2web_interfaces__rosidl_generator_c.dir/rosidl_generator_c/ros2web_interfaces/msg/detail/body_part__functions.c.o[0m
[  8%] [32mBuilding C object CMakeFiles/ros2web_interfaces__rosidl_generator_c.dir/rosidl_generator_c/ros2web_interfaces/msg/detail/content_type__functions.c.o[0m
[  9%] [32mBuilding C object CMakeFiles/ros2web_interfaces__rosidl_generator_c.dir/rosidl_generator_c/ros2web_interfaces/msg/detail/http_status_code__functions.c.o[0m
[ 10%] [32mBuilding C object CMakeFiles/ros2web_interfaces__rosidl_generator_c.dir/rosidl_generator_c/ros2web_interfaces/msg/detail/ws_msg_data__functions.c.o[0m
[ 11%] [32mBuilding C object CMakeFiles/ros2web_interfaces__rosidl_generator_c.dir/rosidl_generator_c/ros2web_interfaces/msg/detail/ws_msg_type__functions.c.o[0m
[ 12%] [32mBuilding C object CMakeFiles/ros2web_interfaces__rosidl_generator_c.dir/rosidl_generator_c/ros2web_interfaces/msg/detail/ws_msg__functions.c.o[0m
[ 13%] [32mBuilding C object CMakeFiles/ros2web_interfaces__rosidl_generator_c.dir/rosidl_generator_c/ros2web_interfaces/srv/detail/http__functions.c.o[0m
[ 14%] [32mBuilding C object CMakeFiles/ros2web_interfaces__rosidl_generator_c.dir/rosidl_generator_c/ros2web_interfaces/srv/detail/ws__functions.c.o[0m
[ 16%] [32m[1mLinking C shared library libros2web_interfaces__rosidl_generator_c.so[0m
[ 16%] Built target ros2web_interfaces__rosidl_generator_c
[ 17%] [34m[1mGenerating C type support for eProsima Fast-RTPS[0m
[ 18%] [32mBuilding CXX object CMakeFiles/ros2web_interfaces__rosidl_typesupport_cpp.dir/rosidl_typesupport_cpp/ros2web_interfaces/msg/body_part__type_support.cpp.o[0m
[ 19%] [32mBuilding CXX object CMakeFiles/ros2web_interfaces__rosidl_typesupport_introspection_cpp.dir/rosidl_typesupport_introspection_cpp/ros2web_interfaces/msg/detail/body_part__type_support.cpp.o[0m
[ 20%] [32mBuilding CXX object CMakeFiles/ros2web_interfaces__rosidl_typesupport_fastrtps_cpp.dir/rosidl_typesupport_fastrtps_cpp/ros2web_interfaces/msg/detail/dds_fastrtps/body_part__type_support.cpp.o[0m
[ 21%] [32mBuilding CXX object CMakeFiles/ros2web_interfaces__rosidl_typesupport_cpp.dir/rosidl_typesupport_cpp/ros2web_interfaces/msg/content_type__type_support.cpp.o[0m
[ 22%] [32mBuilding CXX object CMakeFiles/ros2web_interfaces__rosidl_typesupport_cpp.dir/rosidl_typesupport_cpp/ros2web_interfaces/msg/http_status_code__type_support.cpp.o[0m
[ 24%] [32mBuilding CXX object CMakeFiles/ros2web_interfaces__rosidl_typesupport_introspection_cpp.dir/rosidl_typesupport_introspection_cpp/ros2web_interfaces/msg/detail/content_type__type_support.cpp.o[0m
[ 25%] [32mBuilding CXX object CMakeFiles/ros2web_interfaces__rosidl_typesupport_fastrtps_cpp.dir/rosidl_typesupport_fastrtps_cpp/ros2web_interfaces/msg/detail/dds_fastrtps/content_type__type_support.cpp.o[0m
[ 26%] [32mBuilding CXX object CMakeFiles/ros2web_interfaces__rosidl_typesupport_cpp.dir/rosidl_typesupport_cpp/ros2web_interfaces/msg/ws_msg_data__type_support.cpp.o[0m
[ 27%] [32mBuilding CXX object CMakeFiles/ros2web_interfaces__rosidl_typesupport_introspection_cpp.dir/rosidl_typesupport_introspection_cpp/ros2web_interfaces/msg/detail/http_status_code__type_support.cpp.o[0m
[ 28%] [32mBuilding CXX object CMakeFiles/ros2web_interfaces__rosidl_typesupport_cpp.dir/rosidl_typesupport_cpp/ros2web_interfaces/msg/ws_msg_type__type_support.cpp.o[0m
[ 29%] [32mBuilding CXX object CMakeFiles/ros2web_interfaces__rosidl_typesupport_fastrtps_c.dir/rosidl_typesupport_fastrtps_c/ros2web_interfaces/msg/detail/body_part__type_support_c.cpp.o[0m
[ 31%] [32mBuilding CXX object CMakeFiles/ros2web_interfaces__rosidl_typesupport_fastrtps_cpp.dir/rosidl_typesupport_fastrtps_cpp/ros2web_interfaces/msg/detail/dds_fastrtps/http_status_code__type_support.cpp.o[0m
[ 32%] [32mBuilding CXX object CMakeFiles/ros2web_interfaces__rosidl_typesupport_introspection_cpp.dir/rosidl_typesupport_introspection_cpp/ros2web_interfaces/msg/detail/ws_msg_data__type_support.cpp.o[0m
[ 33%] [32mBuilding CXX object CMakeFiles/ros2web_interfaces__rosidl_typesupport_cpp.dir/rosidl_typesupport_cpp/ros2web_interfaces/msg/ws_msg__type_support.cpp.o[0m
[ 34%] [32mBuilding CXX object CMakeFiles/ros2web_interfaces__rosidl_typesupport_cpp.dir/rosidl_typesupport_cpp/ros2web_interfaces/srv/http__type_support.cpp.o[0m
[ 35%] [32mBuilding CXX object CMakeFiles/ros2web_interfaces__rosidl_typesupport_fastrtps_c.dir/rosidl_typesupport_fastrtps_c/ros2web_interfaces/msg/detail/content_type__type_support_c.cpp.o[0m
[ 36%] [32mBuilding CXX object CMakeFiles/ros2web_interfaces__rosidl_typesupport_fastrtps_cpp.dir/rosidl_typesupport_fastrtps_cpp/ros2web_interfaces/msg/detail/dds_fastrtps/ws_msg_data__type_support.cpp.o[0m
[ 37%] [32mBuilding CXX object CMakeFiles/ros2web_interfaces__rosidl_typesupport_introspection_cpp.dir/rosidl_typesupport_introspection_cpp/ros2web_interfaces/msg/detail/ws_msg_type__type_support.cpp.o[0m
[ 40%] [32mBuilding CXX object CMakeFiles/ros2web_interfaces__rosidl_typesupport_cpp.dir/rosidl_typesupport_cpp/ros2web_interfaces/srv/ws__type_support.cpp.o[0m
[ 40%] [32mBuilding CXX object CMakeFiles/ros2web_interfaces__rosidl_typesupport_fastrtps_c.dir/rosidl_typesupport_fastrtps_c/ros2web_interfaces/msg/detail/http_status_code__type_support_c.cpp.o[0m
[ 41%] [32m[1mLinking CXX shared library libros2web_interfaces__rosidl_typesupport_cpp.so[0m
[ 42%] [32mBuilding CXX object CMakeFiles/ros2web_interfaces__rosidl_typesupport_introspection_cpp.dir/rosidl_typesupport_introspection_cpp/ros2web_interfaces/msg/detail/ws_msg__type_support.cpp.o[0m
[ 42%] Built target ros2web_interfaces__rosidl_typesupport_cpp
[ 44%] [34m[1mGenerating C introspection for ROS interfaces[0m
[ 44%] [32mBuilding CXX object CMakeFiles/ros2web_interfaces__rosidl_typesupport_fastrtps_c.dir/rosidl_typesupport_fastrtps_c/ros2web_interfaces/msg/detail/ws_msg_data__type_support_c.cpp.o[0m
[ 45%] [32mBuilding CXX object CMakeFiles/ros2web_interfaces__rosidl_typesupport_fastrtps_cpp.dir/rosidl_typesupport_fastrtps_cpp/ros2web_interfaces/msg/detail/dds_fastrtps/ws_msg_type__type_support.cpp.o[0m
[ 47%] [32mBuilding CXX object CMakeFiles/ros2web_interfaces__rosidl_typesupport_fastrtps_c.dir/rosidl_typesupport_fastrtps_c/ros2web_interfaces/msg/detail/ws_msg_type__type_support_c.cpp.o[0m
[ 48%] [32mBuilding CXX object CMakeFiles/ros2web_interfaces__rosidl_typesupport_introspection_cpp.dir/rosidl_typesupport_introspection_cpp/ros2web_interfaces/srv/detail/http__type_support.cpp.o[0m
[ 49%] [32mBuilding CXX object CMakeFiles/ros2web_interfaces__rosidl_typesupport_fastrtps_cpp.dir/rosidl_typesupport_fastrtps_cpp/ros2web_interfaces/msg/detail/dds_fastrtps/ws_msg__type_support.cpp.o[0m
[ 50%] [32mBuilding CXX object CMakeFiles/ros2web_interfaces__rosidl_typesupport_fastrtps_c.dir/rosidl_typesupport_fastrtps_c/ros2web_interfaces/msg/detail/ws_msg__type_support_c.cpp.o[0m
[ 51%] [32mBuilding CXX object CMakeFiles/ros2web_interfaces__rosidl_typesupport_introspection_cpp.dir/rosidl_typesupport_introspection_cpp/ros2web_interfaces/srv/detail/ws__type_support.cpp.o[0m
[ 52%] [32mBuilding CXX object CMakeFiles/ros2web_interfaces__rosidl_typesupport_fastrtps_c.dir/rosidl_typesupport_fastrtps_c/ros2web_interfaces/srv/detail/http__type_support_c.cpp.o[0m
[ 54%] [32mBuilding CXX object CMakeFiles/ros2web_interfaces__rosidl_typesupport_fastrtps_cpp.dir/rosidl_typesupport_fastrtps_cpp/ros2web_interfaces/srv/detail/dds_fastrtps/http__type_support.cpp.o[0m
[ 55%] [32m[1mLinking CXX shared library libros2web_interfaces__rosidl_typesupport_introspection_cpp.so[0m
[ 56%] [32mBuilding CXX object CMakeFiles/ros2web_interfaces__rosidl_typesupport_fastrtps_c.dir/rosidl_typesupport_fastrtps_c/ros2web_interfaces/srv/detail/ws__type_support_c.cpp.o[0m
[ 57%] [32mBuilding C object CMakeFiles/ros2web_interfaces__rosidl_typesupport_introspection_c.dir/rosidl_typesupport_introspection_c/ros2web_interfaces/msg/detail/body_part__type_support.c.o[0m
[ 58%] [32mBuilding C object CMakeFiles/ros2web_interfaces__rosidl_typesupport_introspection_c.dir/rosidl_typesupport_introspection_c/ros2web_interfaces/msg/detail/content_type__type_support.c.o[0m
[ 58%] Built target ros2web_interfaces__rosidl_typesupport_introspection_cpp
[ 59%] [32mBuilding C object CMakeFiles/ros2web_interfaces__rosidl_typesupport_introspection_c.dir/rosidl_typesupport_introspection_c/ros2web_interfaces/msg/detail/http_status_code__type_support.c.o[0m
[ 60%] [32mBuilding C object CMakeFiles/ros2web_interfaces__rosidl_typesupport_introspection_c.dir/rosidl_typesupport_introspection_c/ros2web_interfaces/msg/detail/ws_msg_data__type_support.c.o[0m
[ 62%] [32mBuilding CXX object CMakeFiles/ros2web_interfaces__rosidl_typesupport_fastrtps_cpp.dir/rosidl_typesupport_fastrtps_cpp/ros2web_interfaces/srv/detail/dds_fastrtps/ws__type_support.cpp.o[0m
[ 63%] [32mBuilding C object CMakeFiles/ros2web_interfaces__rosidl_typesupport_introspection_c.dir/rosidl_typesupport_introspection_c/ros2web_interfaces/msg/detail/ws_msg_type__type_support.c.o[0m
[ 64%] [34m[1mGenerating C type support dispatch for ROS interfaces[0m
[ 65%] [32m[1mLinking CXX shared library libros2web_interfaces__rosidl_typesupport_fastrtps_c.so[0m
[ 65%] Built target ros2web_interfaces__rosidl_typesupport_fastrtps_c
[ 66%] [32mBuilding C object CMakeFiles/ros2web_interfaces__rosidl_typesupport_introspection_c.dir/rosidl_typesupport_introspection_c/ros2web_interfaces/msg/detail/ws_msg__type_support.c.o[0m
[ 67%] [32mBuilding C object CMakeFiles/ros2web_interfaces__rosidl_typesupport_introspection_c.dir/rosidl_typesupport_introspection_c/ros2web_interfaces/srv/detail/ws__type_support.c.o[0m
[ 68%] [32mBuilding C object CMakeFiles/ros2web_interfaces__rosidl_typesupport_introspection_c.dir/rosidl_typesupport_introspection_c/ros2web_interfaces/srv/detail/http__type_support.c.o[0m
[ 70%] [32m[1mLinking C shared library libros2web_interfaces__rosidl_typesupport_introspection_c.so[0m
[ 71%] [32m[1mLinking CXX shared library libros2web_interfaces__rosidl_typesupport_fastrtps_cpp.so[0m
[ 71%] Built target ros2web_interfaces__rosidl_typesupport_introspection_c
[ 71%] Built target ros2web_interfaces__rosidl_typesupport_fastrtps_cpp
[ 72%] [32mBuilding CXX object CMakeFiles/ros2web_interfaces__rosidl_typesupport_c.dir/rosidl_typesupport_c/ros2web_interfaces/msg/body_part__type_support.cpp.o[0m
[ 73%] [32mBuilding CXX object CMakeFiles/ros2web_interfaces__rosidl_typesupport_c.dir/rosidl_typesupport_c/ros2web_interfaces/msg/ws_msg_data__type_support.cpp.o[0m
[ 74%] [32mBuilding CXX object CMakeFiles/ros2web_interfaces__rosidl_typesupport_c.dir/rosidl_typesupport_c/ros2web_interfaces/msg/content_type__type_support.cpp.o[0m
[ 75%] [32mBuilding CXX object CMakeFiles/ros2web_interfaces__rosidl_typesupport_c.dir/rosidl_typesupport_c/ros2web_interfaces/msg/http_status_code__type_support.cpp.o[0m
[ 77%] [32mBuilding CXX object CMakeFiles/ros2web_interfaces__rosidl_typesupport_c.dir/rosidl_typesupport_c/ros2web_interfaces/msg/ws_msg_type__type_support.cpp.o[0m
[ 78%] [32mBuilding CXX object CMakeFiles/ros2web_interfaces__rosidl_typesupport_c.dir/rosidl_typesupport_c/ros2web_interfaces/msg/ws_msg__type_support.cpp.o[0m
[ 79%] [32mBuilding CXX object CMakeFiles/ros2web_interfaces__rosidl_typesupport_c.dir/rosidl_typesupport_c/ros2web_interfaces/srv/http__type_support.cpp.o[0m
[ 80%] [32mBuilding CXX object CMakeFiles/ros2web_interfaces__rosidl_typesupport_c.dir/rosidl_typesupport_c/ros2web_interfaces/srv/ws__type_support.cpp.o[0m
[ 81%] [32m[1mLinking CXX shared library libros2web_interfaces__rosidl_typesupport_c.so[0m
[ 81%] Built target ros2web_interfaces__rosidl_typesupport_c
[ 81%] Built target ros2web_interfaces
[ 82%] [34m[1mGenerating Python code for ROS interfaces[0m
[ 82%] Built target ros2web_interfaces__py
[ 83%] [32mBuilding C object CMakeFiles/ros2web_interfaces__rosidl_generator_py.dir/rosidl_generator_py/ros2web_interfaces/msg/_http_status_code_s.c.o[0m
[ 85%] [32mBuilding C object CMakeFiles/ros2web_interfaces__rosidl_generator_py.dir/rosidl_generator_py/ros2web_interfaces/msg/_body_part_s.c.o[0m
[ 86%] [32mBuilding C object CMakeFiles/ros2web_interfaces__rosidl_generator_py.dir/rosidl_generator_py/ros2web_interfaces/msg/_content_type_s.c.o[0m
[ 87%] [32mBuilding C object CMakeFiles/ros2web_interfaces__rosidl_generator_py.dir/rosidl_generator_py/ros2web_interfaces/msg/_ws_msg_data_s.c.o[0m
[ 88%] [32mBuilding C object CMakeFiles/ros2web_interfaces__rosidl_generator_py.dir/rosidl_generator_py/ros2web_interfaces/msg/_ws_msg_type_s.c.o[0m
[ 89%] [32mBuilding C object CMakeFiles/ros2web_interfaces__rosidl_generator_py.dir/rosidl_generator_py/ros2web_interfaces/msg/_ws_msg_s.c.o[0m
[ 90%] [32mBuilding C object CMakeFiles/ros2web_interfaces__rosidl_generator_py.dir/rosidl_generator_py/ros2web_interfaces/srv/_http_s.c.o[0m
[ 91%] [32mBuilding C object CMakeFiles/ros2web_interfaces__rosidl_generator_py.dir/rosidl_generator_py/ros2web_interfaces/srv/_ws_s.c.o[0m
[ 93%] [32m[1mLinking C shared library rosidl_generator_py/ros2web_interfaces/libros2web_interfaces__rosidl_generator_py.so[0m
[ 93%] Built target ros2web_interfaces__rosidl_generator_py
[ 94%] [32mBuilding C object CMakeFiles/ros2web_interfaces__rosidl_typesupport_fastrtps_c__pyext.dir/rosidl_generator_py/ros2web_interfaces/_ros2web_interfaces_s.ep.rosidl_typesupport_fastrtps_c.c.o[0m
[ 95%] [32mBuilding C object CMakeFiles/ros2web_interfaces__rosidl_typesupport_c__pyext.dir/rosidl_generator_py/ros2web_interfaces/_ros2web_interfaces_s.ep.rosidl_typesupport_c.c.o[0m
[ 96%] [32mBuilding C object CMakeFiles/ros2web_interfaces__rosidl_typesupport_introspection_c__pyext.dir/rosidl_generator_py/ros2web_interfaces/_ros2web_interfaces_s.ep.rosidl_typesupport_introspection_c.c.o[0m
[ 97%] [32m[1mLinking C shared library rosidl_generator_py/ros2web_interfaces/ros2web_interfaces_s__rosidl_typesupport_c.cpython-310-x86_64-linux-gnu.so[0m
[ 98%] [32m[1mLinking C shared library rosidl_generator_py/ros2web_interfaces/ros2web_interfaces_s__rosidl_typesupport_introspection_c.cpython-310-x86_64-linux-gnu.so[0m
[100%] [32m[1mLinking C shared library rosidl_generator_py/ros2web_interfaces/ros2web_interfaces_s__rosidl_typesupport_fastrtps_c.cpython-310-x86_64-linux-gnu.so[0m
[100%] Built target ros2web_interfaces__rosidl_typesupport_c__pyext
[100%] Built target ros2web_interfaces__rosidl_typesupport_introspection_c__pyext
[100%] Built target ros2web_interfaces__rosidl_typesupport_fastrtps_c__pyext
