[0.055s] Invoking command in '/home/ws/roarm_ws_em0/build/roarm_description': CMAKE_PREFIX_PATH=/opt/ros/humble /usr/bin/cmake /home/ws/roarm_ws_em0/src/roarm_main/roarm_description -DCMAKE_INSTALL_PREFIX=/home/ws/roarm_ws_em0/install/roarm_description
[1.251s] -- The C compiler identification is GNU 11.4.0
[1.709s] -- The CXX compiler identification is GNU 11.4.0
[1.736s] -- Detecting C compiler ABI info
[2.009s] -- Detecting C compiler ABI info - done
[2.013s] -- Check for working C compiler: /usr/bin/cc - skipped
[2.013s] -- Detecting C compile features
[2.041s] -- Detecting C compile features - done
[2.045s] -- Detecting CXX compiler ABI info
[2.146s] -- Detecting CXX compiler ABI info - done
[2.151s] -- Check for working CXX compiler: /usr/bin/c++ - skipped
[2.151s] -- Detecting CXX compile features
[2.152s] -- Detecting CXX compile features - done
[2.220s] -- Found ament_cmake: 1.3.10 (/opt/ros/humble/share/ament_cmake/cmake)
[2.438s] -- Found Python3: /usr/bin/python3 (found version "3.10.12") found components: Interpreter 
[2.620s] -- Found ament_lint_auto: 0.12.11 (/opt/ros/humble/share/ament_lint_auto/cmake)
[2.848s] -- Added test 'flake8' to check Python code syntax and style conventions
[2.849s] -- Added test 'lint_cmake' to check CMake code style
[2.850s] -- Added test 'pep257' to check Python code against some of the docstring style conventions in PEP 257
[2.851s] -- Added test 'xmllint' to check XML markup files
[2.852s] -- Configuring done
[2.854s] -- Generating done
[2.855s] -- Build files have been written to: /home/ws/roarm_ws_em0/build/roarm_description
[2.859s] Invoked command in '/home/ws/roarm_ws_em0/build/roarm_description' returned '0': CMAKE_PREFIX_PATH=/opt/ros/humble /usr/bin/cmake /home/ws/roarm_ws_em0/src/roarm_main/roarm_description -DCMAKE_INSTALL_PREFIX=/home/ws/roarm_ws_em0/install/roarm_description
[2.859s] Invoking command in '/home/ws/roarm_ws_em0/build/roarm_description': CMAKE_PREFIX_PATH=/opt/ros/humble /usr/bin/cmake --build /home/ws/roarm_ws_em0/build/roarm_description -- -j2 -l2
[2.888s] Invoked command in '/home/ws/roarm_ws_em0/build/roarm_description' returned '0': CMAKE_PREFIX_PATH=/opt/ros/humble /usr/bin/cmake --build /home/ws/roarm_ws_em0/build/roarm_description -- -j2 -l2
[2.915s] Invoking command in '/home/ws/roarm_ws_em0/build/roarm_description': CMAKE_PREFIX_PATH=/opt/ros/humble /usr/bin/cmake --install /home/ws/roarm_ws_em0/build/roarm_description
[2.921s] -- Install configuration: ""
[2.921s] -- Installing: /home/ws/roarm_ws_em0/install/roarm_description/share/roarm_description/config
[2.921s] -- Installing: /home/ws/roarm_ws_em0/install/roarm_description/share/roarm_description/config/joint_names_roarm.yaml
[2.921s] -- Installing: /home/ws/roarm_ws_em0/install/roarm_description/share/roarm_description/config/roarm_description.rviz
[2.921s] -- Installing: /home/ws/roarm_ws_em0/install/roarm_description/share/roarm_description/launch
[2.921s] -- Installing: /home/ws/roarm_ws_em0/install/roarm_description/share/roarm_description/launch/display.launch.py
[2.921s] -- Installing: /home/ws/roarm_ws_em0/install/roarm_description/share/roarm_description/meshes
[2.921s] -- Installing: /home/ws/roarm_ws_em0/install/roarm_description/share/roarm_description/meshes/gripper_link.STL
[2.921s] -- Installing: /home/ws/roarm_ws_em0/install/roarm_description/share/roarm_description/meshes/link2.STL
[2.921s] -- Installing: /home/ws/roarm_ws_em0/install/roarm_description/share/roarm_description/meshes/base_link.STL
[2.922s] -- Installing: /home/ws/roarm_ws_em0/install/roarm_description/share/roarm_description/meshes/link3.STL
[2.922s] -- Installing: /home/ws/roarm_ws_em0/install/roarm_description/share/roarm_description/meshes/link1.STL
[2.922s] -- Installing: /home/ws/roarm_ws_em0/install/roarm_description/share/roarm_description/urdf
[2.922s] -- Installing: /home/ws/roarm_ws_em0/install/roarm_description/share/roarm_description/urdf/roarm_description.csv
[2.922s] -- Installing: /home/ws/roarm_ws_em0/install/roarm_description/share/roarm_description/urdf/roarm_description.urdf
[2.922s] -- Installing: /home/ws/roarm_ws_em0/install/roarm_description/share/roarm_description/urdf/roarm_description_web_app.urdf
[2.922s] -- Installing: /home/ws/roarm_ws_em0/install/roarm_description/share/ament_index/resource_index/package_run_dependencies/roarm_description
[2.922s] -- Installing: /home/ws/roarm_ws_em0/install/roarm_description/share/ament_index/resource_index/parent_prefix_path/roarm_description
[2.922s] -- Installing: /home/ws/roarm_ws_em0/install/roarm_description/share/roarm_description/environment/ament_prefix_path.sh
[2.922s] -- Installing: /home/ws/roarm_ws_em0/install/roarm_description/share/roarm_description/environment/ament_prefix_path.dsv
[2.923s] -- Installing: /home/ws/roarm_ws_em0/install/roarm_description/share/roarm_description/environment/path.sh
[2.923s] -- Installing: /home/ws/roarm_ws_em0/install/roarm_description/share/roarm_description/environment/path.dsv
[2.923s] -- Installing: /home/ws/roarm_ws_em0/install/roarm_description/share/roarm_description/local_setup.bash
[2.923s] -- Installing: /home/ws/roarm_ws_em0/install/roarm_description/share/roarm_description/local_setup.sh
[2.923s] -- Installing: /home/ws/roarm_ws_em0/install/roarm_description/share/roarm_description/local_setup.zsh
[2.923s] -- Installing: /home/ws/roarm_ws_em0/install/roarm_description/share/roarm_description/local_setup.dsv
[2.923s] -- Installing: /home/ws/roarm_ws_em0/install/roarm_description/share/roarm_description/package.dsv
[2.923s] -- Installing: /home/ws/roarm_ws_em0/install/roarm_description/share/ament_index/resource_index/packages/roarm_description
[2.923s] -- Installing: /home/ws/roarm_ws_em0/install/roarm_description/share/roarm_description/cmake/roarm_descriptionConfig.cmake
[2.923s] -- Installing: /home/ws/roarm_ws_em0/install/roarm_description/share/roarm_description/cmake/roarm_descriptionConfig-version.cmake
[2.923s] -- Installing: /home/ws/roarm_ws_em0/install/roarm_description/share/roarm_description/package.xml
[2.925s] Invoked command in '/home/ws/roarm_ws_em0/build/roarm_description' returned '0': CMAKE_PREFIX_PATH=/opt/ros/humble /usr/bin/cmake --install /home/ws/roarm_ws_em0/build/roarm_description
