-- The C compiler identification is GNU 11.4.0
-- The CXX compiler identification is GNU 11.4.0
-- Detecting C compiler ABI info
-- Detecting C compiler ABI info - done
-- Check for working C compiler: /usr/bin/cc - skipped
-- Detecting C compile features
-- Detecting C compile features - done
-- Detecting CXX compiler ABI info
-- Detecting CXX compiler ABI info - done
-- Check for working CXX compiler: /usr/bin/c++ - skipped
-- Detecting CXX compile features
-- Detecting CXX compile features - done
-- Found ament_cmake: 1.3.10 (/opt/ros/humble/share/ament_cmake/cmake)
-- Found Python3: /usr/bin/python3 (found version "3.10.12") found components: Interpreter 
-- Found rclcpp: 16.0.10 (/opt/ros/humble/share/rclcpp/cmake)
-- Found rosidl_generator_c: 3.1.5 (/opt/ros/humble/share/rosidl_generator_c/cmake)
-- Found rosidl_adapter: 3.1.5 (/opt/ros/humble/share/rosidl_adapter/cmake)
-- Found rosidl_generator_cpp: 3.1.5 (/opt/ros/humble/share/rosidl_generator_cpp/cmake)
-- Using all available rosidl_typesupport_c: rosidl_typesupport_fastrtps_c;rosidl_typesupport_introspection_c
-- Using all available rosidl_typesupport_cpp: rosidl_typesupport_fastrtps_cpp;rosidl_typesupport_introspection_cpp
-- Found rmw_implementation_cmake: 6.1.2 (/opt/ros/humble/share/rmw_implementation_cmake/cmake)
-- Found rmw_fastrtps_cpp: 6.2.7 (/opt/ros/humble/share/rmw_fastrtps_cpp/cmake)
-- Found OpenSSL: /usr/lib/x86_64-linux-gnu/libcrypto.so (found version "3.0.2")  
-- Found FastRTPS: /opt/ros/humble/include  
-- Using RMW implementation 'rmw_fastrtps_cpp' as default
-- Looking for pthread.h
-- Looking for pthread.h - found
-- Performing Test CMAKE_HAVE_LIBC_PTHREAD
-- Performing Test CMAKE_HAVE_LIBC_PTHREAD - Success
-- Found Threads: TRUE  
-- Found rclcpp_action: 16.0.10 (/opt/ros/humble/share/rclcpp_action/cmake)
-- Found rclcpp_components: 16.0.10 (/opt/ros/humble/share/rclcpp_components/cmake)
-- Found roarm_moveit: 0.3.0 (/home/ws/roarm_ws_em0/install/roarm_moveit/share/roarm_moveit/cmake)
-- Found std_srvs: 4.2.4 (/opt/ros/humble/share/std_srvs/cmake)
-- Found rosidl_default_generators: 1.2.0 (/opt/ros/humble/share/rosidl_default_generators/cmake)
-- Found ament_cmake_ros: 0.10.0 (/opt/ros/humble/share/ament_cmake_ros/cmake)
-- Using all available rosidl_typesupport_c: rosidl_typesupport_fastrtps_c;rosidl_typesupport_introspection_c
-- Using all available rosidl_typesupport_cpp: rosidl_typesupport_fastrtps_cpp;rosidl_typesupport_introspection_cpp
-- Found PythonInterp: /usr/bin/python3 (found suitable version "3.10.12", minimum required is "3.6") 
-- Found python_cmake_module: 0.10.0 (/opt/ros/humble/share/python_cmake_module/cmake)
-- Found PythonLibs: /usr/lib/x86_64-linux-gnu/libpython3.10.so (found suitable version "3.10.12", minimum required is "3.5") 
-- Using PYTHON_EXECUTABLE: /usr/bin/python3
-- Using PYTHON_INCLUDE_DIRS: /usr/include/python3.10
-- Using PYTHON_LIBRARIES: /usr/lib/x86_64-linux-gnu/libpython3.10.so
-- Found PythonExtra: .so  
-- Found ament_lint_auto: 0.12.11 (/opt/ros/humble/share/ament_lint_auto/cmake)
-- Added test 'copyright' to check source files copyright and LICENSE
-- Added test 'cppcheck' to perform static code analysis on C / C++ code
-- Configured cppcheck include dirs: 
-- Configured cppcheck exclude dirs and/or files: 
-- Added test 'cpplint' to check C / C++ code against the Google style
-- Configured cpplint exclude dirs and/or files: 
-- Added test 'flake8' to check Python code syntax and style conventions
-- Added test 'lint_cmake' to check CMake code style
-- Added test 'pep257' to check Python code against some of the docstring style conventions in PEP 257
-- Added test 'uncrustify' to check C / C++ code style
-- Configured uncrustify additional arguments: 
-- Added test 'xmllint' to check XML markup files
-- Configuring done
-- Generating done
-- Build files have been written to: /home/ws/roarm_ws_em0/build/manual_move_action
[35m[1mConsolidate compiler generated dependencies of target manual_move_action__rosidl_generator_c[0m
[  2%] Built target manual_move_action__cpp
[ 11%] Built target manual_move_action__rosidl_generator_c
[ 11%] Built target ament_cmake_python_copy_manual_move_action
[35m[1mConsolidate compiler generated dependencies of target manual_move_action__rosidl_typesupport_cpp[0m
[35m[1mConsolidate compiler generated dependencies of target manual_move_action__rosidl_typesupport_fastrtps_cpp[0m
[35m[1mConsolidate compiler generated dependencies of target manual_move_action__rosidl_typesupport_introspection_cpp[0m
[ 20%] Built target manual_move_action__rosidl_typesupport_cpp
[35m[1mConsolidate compiler generated dependencies of target manual_move_action__rosidl_typesupport_fastrtps_c[0m
[ 28%] Built target manual_move_action__rosidl_typesupport_introspection_cpp
[ 37%] Built target manual_move_action__rosidl_typesupport_fastrtps_cpp
[35m[1mConsolidate compiler generated dependencies of target manual_move_action__rosidl_typesupport_introspection_c[0m
[ 45%] Built target manual_move_action__rosidl_typesupport_fastrtps_c
[35m[1mConsolidate compiler generated dependencies of target manual_move_action__rosidl_typesupport_c[0m
[ 54%] Built target manual_move_action__rosidl_typesupport_introspection_c
[35m[1mConsolidate compiler generated dependencies of target manual_move_client[0m
[ 62%] Built target manual_move_action__rosidl_typesupport_c
[35m[1mConsolidate compiler generated dependencies of target manual_move_server[0m
[ 68%] Built target manual_move_client
[ 68%] Built target manual_move_action
[ 74%] Built target manual_move_server
[ 77%] Built target manual_move_action__py
[35m[1mConsolidate compiler generated dependencies of target manual_move_action__rosidl_generator_py[0m
[ 82%] Built target manual_move_action__rosidl_generator_py
[35m[1mConsolidate compiler generated dependencies of target manual_move_action__rosidl_typesupport_introspection_c__pyext[0m
[35m[1mConsolidate compiler generated dependencies of target manual_move_action__rosidl_typesupport_fastrtps_c__pyext[0m
[35m[1mConsolidate compiler generated dependencies of target manual_move_action__rosidl_typesupport_c__pyext[0m
[ 88%] Built target manual_move_action__rosidl_typesupport_fastrtps_c__pyext
[ 94%] Built target manual_move_action__rosidl_typesupport_introspection_c__pyext
[100%] Built target manual_move_action__rosidl_typesupport_c__pyext
running egg_info
writing manual_move_action.egg-info/PKG-INFO
writing dependency_links to manual_move_action.egg-info/dependency_links.txt
writing top-level names to manual_move_action.egg-info/top_level.txt
reading manifest file 'manual_move_action.egg-info/SOURCES.txt'
writing manifest file 'manual_move_action.egg-info/SOURCES.txt'
[100%] Built target ament_cmake_python_build_manual_move_action_egg
-- Install configuration: ""
-- Up-to-date: /home/ws/roarm_ws_em0/install/manual_move_action/share/ament_index/resource_index/rosidl_interfaces/manual_move_action
-- Up-to-date: /home/ws/roarm_ws_em0/install/manual_move_action/include/manual_move_action/manual_move_action
-- Up-to-date: /home/ws/roarm_ws_em0/install/manual_move_action/include/manual_move_action/manual_move_action/action
-- Up-to-date: /home/ws/roarm_ws_em0/install/manual_move_action/include/manual_move_action/manual_move_action/action/detail
-- Up-to-date: /home/ws/roarm_ws_em0/install/manual_move_action/include/manual_move_action/manual_move_action/action/detail/move_info__type_support.h
-- Up-to-date: /home/ws/roarm_ws_em0/install/manual_move_action/include/manual_move_action/manual_move_action/action/detail/move_info__struct.h
-- Up-to-date: /home/ws/roarm_ws_em0/install/manual_move_action/include/manual_move_action/manual_move_action/action/detail/move_info__functions.h
-- Up-to-date: /home/ws/roarm_ws_em0/install/manual_move_action/include/manual_move_action/manual_move_action/action/detail/move_info__functions.c
-- Up-to-date: /home/ws/roarm_ws_em0/install/manual_move_action/include/manual_move_action/manual_move_action/action/move_info.h
-- Up-to-date: /home/ws/roarm_ws_em0/install/manual_move_action/include/manual_move_action/manual_move_action/msg
-- Up-to-date: /home/ws/roarm_ws_em0/install/manual_move_action/include/manual_move_action/manual_move_action/msg/rosidl_generator_c__visibility_control.h
-- Up-to-date: /home/ws/roarm_ws_em0/install/manual_move_action/share/manual_move_action/environment/library_path.sh
-- Installing: /home/ws/roarm_ws_em0/install/manual_move_action/share/manual_move_action/environment/library_path.dsv
-- Up-to-date: /home/ws/roarm_ws_em0/install/manual_move_action/lib/libmanual_move_action__rosidl_generator_c.so
-- Up-to-date: /home/ws/roarm_ws_em0/install/manual_move_action/include/manual_move_action/manual_move_action
-- Up-to-date: /home/ws/roarm_ws_em0/install/manual_move_action/include/manual_move_action/manual_move_action/action
-- Up-to-date: /home/ws/roarm_ws_em0/install/manual_move_action/include/manual_move_action/manual_move_action/action/detail
-- Up-to-date: /home/ws/roarm_ws_em0/install/manual_move_action/include/manual_move_action/manual_move_action/action/detail/move_info__rosidl_typesupport_fastrtps_c.h
-- Up-to-date: /home/ws/roarm_ws_em0/install/manual_move_action/include/manual_move_action/manual_move_action/msg
-- Up-to-date: /home/ws/roarm_ws_em0/install/manual_move_action/include/manual_move_action/manual_move_action/msg/rosidl_typesupport_fastrtps_c__visibility_control.h
-- Up-to-date: /home/ws/roarm_ws_em0/install/manual_move_action/lib/libmanual_move_action__rosidl_typesupport_fastrtps_c.so
-- Up-to-date: /home/ws/roarm_ws_em0/install/manual_move_action/include/manual_move_action/manual_move_action
-- Up-to-date: /home/ws/roarm_ws_em0/install/manual_move_action/include/manual_move_action/manual_move_action/action
-- Up-to-date: /home/ws/roarm_ws_em0/install/manual_move_action/include/manual_move_action/manual_move_action/action/move_info.hpp
-- Up-to-date: /home/ws/roarm_ws_em0/install/manual_move_action/include/manual_move_action/manual_move_action/action/detail
-- Up-to-date: /home/ws/roarm_ws_em0/install/manual_move_action/include/manual_move_action/manual_move_action/action/detail/move_info__builder.hpp
-- Up-to-date: /home/ws/roarm_ws_em0/install/manual_move_action/include/manual_move_action/manual_move_action/action/detail/move_info__traits.hpp
-- Up-to-date: /home/ws/roarm_ws_em0/install/manual_move_action/include/manual_move_action/manual_move_action/action/detail/move_info__struct.hpp
-- Up-to-date: /home/ws/roarm_ws_em0/install/manual_move_action/include/manual_move_action/manual_move_action
-- Up-to-date: /home/ws/roarm_ws_em0/install/manual_move_action/include/manual_move_action/manual_move_action/action
-- Up-to-date: /home/ws/roarm_ws_em0/install/manual_move_action/include/manual_move_action/manual_move_action/action/detail
-- Up-to-date: /home/ws/roarm_ws_em0/install/manual_move_action/include/manual_move_action/manual_move_action/action/detail/move_info__rosidl_typesupport_fastrtps_cpp.hpp
-- Up-to-date: /home/ws/roarm_ws_em0/install/manual_move_action/include/manual_move_action/manual_move_action/action/detail/dds_fastrtps
-- Up-to-date: /home/ws/roarm_ws_em0/install/manual_move_action/include/manual_move_action/manual_move_action/msg
-- Up-to-date: /home/ws/roarm_ws_em0/install/manual_move_action/include/manual_move_action/manual_move_action/msg/rosidl_typesupport_fastrtps_cpp__visibility_control.h
-- Up-to-date: /home/ws/roarm_ws_em0/install/manual_move_action/lib/libmanual_move_action__rosidl_typesupport_fastrtps_cpp.so
-- Up-to-date: /home/ws/roarm_ws_em0/install/manual_move_action/include/manual_move_action/manual_move_action
-- Up-to-date: /home/ws/roarm_ws_em0/install/manual_move_action/include/manual_move_action/manual_move_action/action
-- Up-to-date: /home/ws/roarm_ws_em0/install/manual_move_action/include/manual_move_action/manual_move_action/action/detail
-- Up-to-date: /home/ws/roarm_ws_em0/install/manual_move_action/include/manual_move_action/manual_move_action/action/detail/move_info__type_support.c
-- Up-to-date: /home/ws/roarm_ws_em0/install/manual_move_action/include/manual_move_action/manual_move_action/action/detail/move_info__rosidl_typesupport_introspection_c.h
-- Up-to-date: /home/ws/roarm_ws_em0/install/manual_move_action/include/manual_move_action/manual_move_action/msg
-- Up-to-date: /home/ws/roarm_ws_em0/install/manual_move_action/include/manual_move_action/manual_move_action/msg/rosidl_typesupport_introspection_c__visibility_control.h
-- Up-to-date: /home/ws/roarm_ws_em0/install/manual_move_action/lib/libmanual_move_action__rosidl_typesupport_introspection_c.so
-- Up-to-date: /home/ws/roarm_ws_em0/install/manual_move_action/lib/libmanual_move_action__rosidl_typesupport_c.so
-- Up-to-date: /home/ws/roarm_ws_em0/install/manual_move_action/include/manual_move_action/manual_move_action
-- Up-to-date: /home/ws/roarm_ws_em0/install/manual_move_action/include/manual_move_action/manual_move_action/action
-- Up-to-date: /home/ws/roarm_ws_em0/install/manual_move_action/include/manual_move_action/manual_move_action/action/detail
-- Up-to-date: /home/ws/roarm_ws_em0/install/manual_move_action/include/manual_move_action/manual_move_action/action/detail/move_info__type_support.cpp
-- Up-to-date: /home/ws/roarm_ws_em0/install/manual_move_action/include/manual_move_action/manual_move_action/action/detail/move_info__rosidl_typesupport_introspection_cpp.hpp
-- Up-to-date: /home/ws/roarm_ws_em0/install/manual_move_action/lib/libmanual_move_action__rosidl_typesupport_introspection_cpp.so
-- Up-to-date: /home/ws/roarm_ws_em0/install/manual_move_action/lib/libmanual_move_action__rosidl_typesupport_cpp.so
-- Up-to-date: /home/ws/roarm_ws_em0/install/manual_move_action/share/manual_move_action/environment/pythonpath.sh
-- Installing: /home/ws/roarm_ws_em0/install/manual_move_action/share/manual_move_action/environment/pythonpath.dsv
-- Up-to-date: /home/ws/roarm_ws_em0/install/manual_move_action/local/lib/python3.10/dist-packages/manual_move_action-0.0.0-py3.10.egg-info
-- Installing: /home/ws/roarm_ws_em0/install/manual_move_action/local/lib/python3.10/dist-packages/manual_move_action-0.0.0-py3.10.egg-info/SOURCES.txt
-- Installing: /home/ws/roarm_ws_em0/install/manual_move_action/local/lib/python3.10/dist-packages/manual_move_action-0.0.0-py3.10.egg-info/top_level.txt
-- Installing: /home/ws/roarm_ws_em0/install/manual_move_action/local/lib/python3.10/dist-packages/manual_move_action-0.0.0-py3.10.egg-info/dependency_links.txt
-- Installing: /home/ws/roarm_ws_em0/install/manual_move_action/local/lib/python3.10/dist-packages/manual_move_action-0.0.0-py3.10.egg-info/PKG-INFO
-- Up-to-date: /home/ws/roarm_ws_em0/install/manual_move_action/local/lib/python3.10/dist-packages/manual_move_action
-- Up-to-date: /home/ws/roarm_ws_em0/install/manual_move_action/local/lib/python3.10/dist-packages/manual_move_action/action
-- Up-to-date: /home/ws/roarm_ws_em0/install/manual_move_action/local/lib/python3.10/dist-packages/manual_move_action/action/_move_info.py
-- Up-to-date: /home/ws/roarm_ws_em0/install/manual_move_action/local/lib/python3.10/dist-packages/manual_move_action/action/__init__.py
-- Up-to-date: /home/ws/roarm_ws_em0/install/manual_move_action/local/lib/python3.10/dist-packages/manual_move_action/action/_move_info_s.c
-- Up-to-date: /home/ws/roarm_ws_em0/install/manual_move_action/local/lib/python3.10/dist-packages/manual_move_action/_manual_move_action_s.ep.rosidl_typesupport_introspection_c.c
-- Up-to-date: /home/ws/roarm_ws_em0/install/manual_move_action/local/lib/python3.10/dist-packages/manual_move_action/manual_move_action_s__rosidl_typesupport_introspection_c.cpython-310-x86_64-linux-gnu.so
-- Up-to-date: /home/ws/roarm_ws_em0/install/manual_move_action/local/lib/python3.10/dist-packages/manual_move_action/manual_move_action_s__rosidl_typesupport_fastrtps_c.cpython-310-x86_64-linux-gnu.so
-- Installing: /home/ws/roarm_ws_em0/install/manual_move_action/local/lib/python3.10/dist-packages/manual_move_action/__init__.py
-- Up-to-date: /home/ws/roarm_ws_em0/install/manual_move_action/local/lib/python3.10/dist-packages/manual_move_action/_manual_move_action_s.ep.rosidl_typesupport_c.c
-- Up-to-date: /home/ws/roarm_ws_em0/install/manual_move_action/local/lib/python3.10/dist-packages/manual_move_action/manual_move_action_s__rosidl_typesupport_c.cpython-310-x86_64-linux-gnu.so
-- Up-to-date: /home/ws/roarm_ws_em0/install/manual_move_action/local/lib/python3.10/dist-packages/manual_move_action/_manual_move_action_s.ep.rosidl_typesupport_fastrtps_c.c
-- Up-to-date: /home/ws/roarm_ws_em0/install/manual_move_action/local/lib/python3.10/dist-packages/manual_move_action/libmanual_move_action__rosidl_generator_py.so
Listing '/home/ws/roarm_ws_em0/install/manual_move_action/local/lib/python3.10/dist-packages/manual_move_action'...
Compiling '/home/ws/roarm_ws_em0/install/manual_move_action/local/lib/python3.10/dist-packages/manual_move_action/__init__.py'...
Listing '/home/ws/roarm_ws_em0/install/manual_move_action/local/lib/python3.10/dist-packages/manual_move_action/action'...
-- Up-to-date: /home/ws/roarm_ws_em0/install/manual_move_action/local/lib/python3.10/dist-packages/manual_move_action/manual_move_action_s__rosidl_typesupport_fastrtps_c.cpython-310-x86_64-linux-gnu.so
-- Up-to-date: /home/ws/roarm_ws_em0/install/manual_move_action/local/lib/python3.10/dist-packages/manual_move_action/manual_move_action_s__rosidl_typesupport_introspection_c.cpython-310-x86_64-linux-gnu.so
-- Up-to-date: /home/ws/roarm_ws_em0/install/manual_move_action/local/lib/python3.10/dist-packages/manual_move_action/manual_move_action_s__rosidl_typesupport_c.cpython-310-x86_64-linux-gnu.so
-- Up-to-date: /home/ws/roarm_ws_em0/install/manual_move_action/lib/libmanual_move_action__rosidl_generator_py.so
-- Up-to-date: /home/ws/roarm_ws_em0/install/manual_move_action/share/manual_move_action/action/MoveInfo.idl
-- Up-to-date: /home/ws/roarm_ws_em0/install/manual_move_action/share/manual_move_action/action/MoveInfo.action
-- Up-to-date: /home/ws/roarm_ws_em0/install/manual_move_action/lib/manual_move_action/manual_move_client
-- Up-to-date: /home/ws/roarm_ws_em0/install/manual_move_action/lib/manual_move_action/manual_move_server
-- Up-to-date: /home/ws/roarm_ws_em0/install/manual_move_action/share/manual_move_action//launch
-- Up-to-date: /home/ws/roarm_ws_em0/install/manual_move_action/share/manual_move_action//launch/manual_move_action.launch.py
-- Up-to-date: /home/ws/roarm_ws_em0/install/manual_move_action/share/manual_move_action//launch/.vscode
-- Up-to-date: /home/ws/roarm_ws_em0/install/manual_move_action/share/manual_move_action//launch/.vscode/c_cpp_properties.json
-- Up-to-date: /home/ws/roarm_ws_em0/install/manual_move_action/share/manual_move_action//launch/.vscode/settings.json
-- Up-to-date: /home/ws/roarm_ws_em0/install/manual_move_action/share/ament_index/resource_index/package_run_dependencies/manual_move_action
-- Up-to-date: /home/ws/roarm_ws_em0/install/manual_move_action/share/ament_index/resource_index/parent_prefix_path/manual_move_action
-- Up-to-date: /home/ws/roarm_ws_em0/install/manual_move_action/share/manual_move_action/environment/ament_prefix_path.sh
-- Installing: /home/ws/roarm_ws_em0/install/manual_move_action/share/manual_move_action/environment/ament_prefix_path.dsv
-- Up-to-date: /home/ws/roarm_ws_em0/install/manual_move_action/share/manual_move_action/environment/path.sh
-- Installing: /home/ws/roarm_ws_em0/install/manual_move_action/share/manual_move_action/environment/path.dsv
-- Up-to-date: /home/ws/roarm_ws_em0/install/manual_move_action/share/manual_move_action/local_setup.bash
-- Up-to-date: /home/ws/roarm_ws_em0/install/manual_move_action/share/manual_move_action/local_setup.sh
-- Up-to-date: /home/ws/roarm_ws_em0/install/manual_move_action/share/manual_move_action/local_setup.zsh
-- Installing: /home/ws/roarm_ws_em0/install/manual_move_action/share/manual_move_action/local_setup.dsv
-- Installing: /home/ws/roarm_ws_em0/install/manual_move_action/share/manual_move_action/package.dsv
-- Up-to-date: /home/ws/roarm_ws_em0/install/manual_move_action/share/ament_index/resource_index/packages/manual_move_action
-- Up-to-date: /home/ws/roarm_ws_em0/install/manual_move_action/share/manual_move_action/cmake/export_manual_move_action__rosidl_generator_cExport.cmake
-- Up-to-date: /home/ws/roarm_ws_em0/install/manual_move_action/share/manual_move_action/cmake/export_manual_move_action__rosidl_generator_cExport-noconfig.cmake
-- Up-to-date: /home/ws/roarm_ws_em0/install/manual_move_action/share/manual_move_action/cmake/export_manual_move_action__rosidl_typesupport_fastrtps_cExport.cmake
-- Up-to-date: /home/ws/roarm_ws_em0/install/manual_move_action/share/manual_move_action/cmake/export_manual_move_action__rosidl_typesupport_fastrtps_cExport-noconfig.cmake
-- Up-to-date: /home/ws/roarm_ws_em0/install/manual_move_action/share/manual_move_action/cmake/export_manual_move_action__rosidl_generator_cppExport.cmake
-- Up-to-date: /home/ws/roarm_ws_em0/install/manual_move_action/share/manual_move_action/cmake/export_manual_move_action__rosidl_typesupport_fastrtps_cppExport.cmake
-- Up-to-date: /home/ws/roarm_ws_em0/install/manual_move_action/share/manual_move_action/cmake/export_manual_move_action__rosidl_typesupport_fastrtps_cppExport-noconfig.cmake
-- Up-to-date: /home/ws/roarm_ws_em0/install/manual_move_action/share/manual_move_action/cmake/manual_move_action__rosidl_typesupport_introspection_cExport.cmake
-- Up-to-date: /home/ws/roarm_ws_em0/install/manual_move_action/share/manual_move_action/cmake/manual_move_action__rosidl_typesupport_introspection_cExport-noconfig.cmake
-- Up-to-date: /home/ws/roarm_ws_em0/install/manual_move_action/share/manual_move_action/cmake/manual_move_action__rosidl_typesupport_cExport.cmake
-- Up-to-date: /home/ws/roarm_ws_em0/install/manual_move_action/share/manual_move_action/cmake/manual_move_action__rosidl_typesupport_cExport-noconfig.cmake
-- Up-to-date: /home/ws/roarm_ws_em0/install/manual_move_action/share/manual_move_action/cmake/manual_move_action__rosidl_typesupport_introspection_cppExport.cmake
-- Up-to-date: /home/ws/roarm_ws_em0/install/manual_move_action/share/manual_move_action/cmake/manual_move_action__rosidl_typesupport_introspection_cppExport-noconfig.cmake
-- Up-to-date: /home/ws/roarm_ws_em0/install/manual_move_action/share/manual_move_action/cmake/manual_move_action__rosidl_typesupport_cppExport.cmake
-- Up-to-date: /home/ws/roarm_ws_em0/install/manual_move_action/share/manual_move_action/cmake/manual_move_action__rosidl_typesupport_cppExport-noconfig.cmake
-- Up-to-date: /home/ws/roarm_ws_em0/install/manual_move_action/share/manual_move_action/cmake/export_manual_move_action__rosidl_generator_pyExport.cmake
-- Up-to-date: /home/ws/roarm_ws_em0/install/manual_move_action/share/manual_move_action/cmake/export_manual_move_action__rosidl_generator_pyExport-noconfig.cmake
-- Up-to-date: /home/ws/roarm_ws_em0/install/manual_move_action/share/manual_move_action/cmake/rosidl_cmake-extras.cmake
-- Up-to-date: /home/ws/roarm_ws_em0/install/manual_move_action/share/manual_move_action/cmake/ament_cmake_export_dependencies-extras.cmake
-- Up-to-date: /home/ws/roarm_ws_em0/install/manual_move_action/share/manual_move_action/cmake/ament_cmake_export_include_directories-extras.cmake
-- Up-to-date: /home/ws/roarm_ws_em0/install/manual_move_action/share/manual_move_action/cmake/ament_cmake_export_libraries-extras.cmake
-- Up-to-date: /home/ws/roarm_ws_em0/install/manual_move_action/share/manual_move_action/cmake/ament_cmake_export_targets-extras.cmake
-- Up-to-date: /home/ws/roarm_ws_em0/install/manual_move_action/share/manual_move_action/cmake/rosidl_cmake_export_typesupport_targets-extras.cmake
-- Up-to-date: /home/ws/roarm_ws_em0/install/manual_move_action/share/manual_move_action/cmake/rosidl_cmake_export_typesupport_libraries-extras.cmake
-- Up-to-date: /home/ws/roarm_ws_em0/install/manual_move_action/share/manual_move_action/cmake/manual_move_actionConfig.cmake
-- Up-to-date: /home/ws/roarm_ws_em0/install/manual_move_action/share/manual_move_action/cmake/manual_move_actionConfig-version.cmake
-- Up-to-date: /home/ws/roarm_ws_em0/install/manual_move_action/share/manual_move_action/package.xml
