[3.388s] Invoking command in '/home/ws/roarm_ws_em0/src/roarm_else/ros2web-ros2/ros2web': AMENT_PREFIX_PATH=/home/ws/roarm_ws_em0/install/ros2web_interfaces:${AMENT_PREFIX_PATH} CMAKE_PREFIX_PATH=/home/ws/roarm_ws_em0/install/ros2web_interfaces LD_LIBRARY_PATH=/home/ws/roarm_ws_em0/install/ros2web_interfaces/lib:${LD_LIBRARY_PATH} PYTHONPATH=/home/ws/roarm_ws_em0/build/ros2web/prefix_override:/usr/lib/python3/dist-packages/colcon_core/task/python/colcon_distutils_commands:/home/ws/roarm_ws_em0/install/ros2web/lib/python3.10/site-packages:/home/ws/roarm_ws_em0/install/ros2web_interfaces/local/lib/python3.10/dist-packages:${PYTHONPATH} /usr/bin/python3 -W ignore:setup.py install is deprecated setup.py egg_info --egg-base ../../../../build/ros2web build --build-base /home/ws/roarm_ws_em0/build/ros2web/build install --record /home/ws/roarm_ws_em0/build/ros2web/install.log --single-version-externally-managed install_data
[3.569s] running egg_info
[3.571s] creating ../../../../build/ros2web/ros2web.egg-info
[3.571s] writing ../../../../build/ros2web/ros2web.egg-info/PKG-INFO
[3.571s] writing dependency_links to ../../../../build/ros2web/ros2web.egg-info/dependency_links.txt
[3.571s] writing entry points to ../../../../build/ros2web/ros2web.egg-info/entry_points.txt
[3.571s] writing requirements to ../../../../build/ros2web/ros2web.egg-info/requires.txt
[3.571s] writing top-level names to ../../../../build/ros2web/ros2web.egg-info/top_level.txt
[3.571s] writing manifest file '../../../../build/ros2web/ros2web.egg-info/SOURCES.txt'
[3.573s] reading manifest file '../../../../build/ros2web/ros2web.egg-info/SOURCES.txt'
[3.574s] writing manifest file '../../../../build/ros2web/ros2web.egg-info/SOURCES.txt'
[3.574s] running build
[3.574s] running build_py
[3.574s] creating /home/ws/roarm_ws_em0/build/ros2web/build
[3.574s] creating /home/ws/roarm_ws_em0/build/ros2web/build/lib
[3.574s] creating /home/ws/roarm_ws_em0/build/ros2web/build/lib/ros2web
[3.574s] copying ros2web/__init__.py -> /home/ws/roarm_ws_em0/build/ros2web/build/lib/ros2web
[3.575s] creating /home/ws/roarm_ws_em0/build/ros2web/build/lib/ros2web/verb
[3.575s] copying ros2web/verb/__init__.py -> /home/ws/roarm_ws_em0/build/ros2web/build/lib/ros2web/verb
[3.575s] copying ros2web/verb/server.py -> /home/ws/roarm_ws_em0/build/ros2web/build/lib/ros2web/verb
[3.575s] creating /home/ws/roarm_ws_em0/build/ros2web/build/lib/ros2web/utilities
[3.575s] copying ros2web/utilities/msg.py -> /home/ws/roarm_ws_em0/build/ros2web/build/lib/ros2web/utilities
[3.576s] copying ros2web/utilities/__init__.py -> /home/ws/roarm_ws_em0/build/ros2web/build/lib/ros2web/utilities
[3.576s] copying ros2web/utilities/socket.py -> /home/ws/roarm_ws_em0/build/ros2web/build/lib/ros2web/utilities
[3.576s] creating /home/ws/roarm_ws_em0/build/ros2web/build/lib/ros2web/command
[3.576s] copying ros2web/command/web.py -> /home/ws/roarm_ws_em0/build/ros2web/build/lib/ros2web/command
[3.576s] copying ros2web/command/__init__.py -> /home/ws/roarm_ws_em0/build/ros2web/build/lib/ros2web/command
[3.576s] creating /home/ws/roarm_ws_em0/build/ros2web/build/lib/ros2web/api
[3.576s] copying ros2web/api/handler.py -> /home/ws/roarm_ws_em0/build/ros2web/build/lib/ros2web/api
[3.577s] copying ros2web/api/ros_executor.py -> /home/ws/roarm_ws_em0/build/ros2web/build/lib/ros2web/api
[3.577s] copying ros2web/api/__init__.py -> /home/ws/roarm_ws_em0/build/ros2web/build/lib/ros2web/api
[3.577s] copying ros2web/api/ws_client.py -> /home/ws/roarm_ws_em0/build/ros2web/build/lib/ros2web/api
[3.577s] creating /home/ws/roarm_ws_em0/build/ros2web/build/lib/ros2web/handler
[3.578s] copying ros2web/handler/__init__.py -> /home/ws/roarm_ws_em0/build/ros2web/build/lib/ros2web/handler
[3.579s] running install
[3.579s] running install_lib
[3.579s] creating /home/ws/roarm_ws_em0/install/ros2web/lib/python3.10/site-packages/ros2web
[3.580s] creating /home/ws/roarm_ws_em0/install/ros2web/lib/python3.10/site-packages/ros2web/verb
[3.580s] copying /home/ws/roarm_ws_em0/build/ros2web/build/lib/ros2web/verb/__init__.py -> /home/ws/roarm_ws_em0/install/ros2web/lib/python3.10/site-packages/ros2web/verb
[3.580s] copying /home/ws/roarm_ws_em0/build/ros2web/build/lib/ros2web/verb/server.py -> /home/ws/roarm_ws_em0/install/ros2web/lib/python3.10/site-packages/ros2web/verb
[3.580s] creating /home/ws/roarm_ws_em0/install/ros2web/lib/python3.10/site-packages/ros2web/utilities
[3.580s] copying /home/ws/roarm_ws_em0/build/ros2web/build/lib/ros2web/utilities/msg.py -> /home/ws/roarm_ws_em0/install/ros2web/lib/python3.10/site-packages/ros2web/utilities
[3.580s] copying /home/ws/roarm_ws_em0/build/ros2web/build/lib/ros2web/utilities/__init__.py -> /home/ws/roarm_ws_em0/install/ros2web/lib/python3.10/site-packages/ros2web/utilities
[3.580s] copying /home/ws/roarm_ws_em0/build/ros2web/build/lib/ros2web/utilities/socket.py -> /home/ws/roarm_ws_em0/install/ros2web/lib/python3.10/site-packages/ros2web/utilities
[3.581s] creating /home/ws/roarm_ws_em0/install/ros2web/lib/python3.10/site-packages/ros2web/command
[3.581s] copying /home/ws/roarm_ws_em0/build/ros2web/build/lib/ros2web/command/web.py -> /home/ws/roarm_ws_em0/install/ros2web/lib/python3.10/site-packages/ros2web/command
[3.581s] copying /home/ws/roarm_ws_em0/build/ros2web/build/lib/ros2web/command/__init__.py -> /home/ws/roarm_ws_em0/install/ros2web/lib/python3.10/site-packages/ros2web/command
[3.581s] creating /home/ws/roarm_ws_em0/install/ros2web/lib/python3.10/site-packages/ros2web/api
[3.581s] copying /home/ws/roarm_ws_em0/build/ros2web/build/lib/ros2web/api/handler.py -> /home/ws/roarm_ws_em0/install/ros2web/lib/python3.10/site-packages/ros2web/api
[3.581s] copying /home/ws/roarm_ws_em0/build/ros2web/build/lib/ros2web/api/ros_executor.py -> /home/ws/roarm_ws_em0/install/ros2web/lib/python3.10/site-packages/ros2web/api
[3.582s] copying /home/ws/roarm_ws_em0/build/ros2web/build/lib/ros2web/api/__init__.py -> /home/ws/roarm_ws_em0/install/ros2web/lib/python3.10/site-packages/ros2web/api
[3.582s] copying /home/ws/roarm_ws_em0/build/ros2web/build/lib/ros2web/api/ws_client.py -> /home/ws/roarm_ws_em0/install/ros2web/lib/python3.10/site-packages/ros2web/api
[3.582s] copying /home/ws/roarm_ws_em0/build/ros2web/build/lib/ros2web/__init__.py -> /home/ws/roarm_ws_em0/install/ros2web/lib/python3.10/site-packages/ros2web
[3.582s] creating /home/ws/roarm_ws_em0/install/ros2web/lib/python3.10/site-packages/ros2web/handler
[3.582s] copying /home/ws/roarm_ws_em0/build/ros2web/build/lib/ros2web/handler/__init__.py -> /home/ws/roarm_ws_em0/install/ros2web/lib/python3.10/site-packages/ros2web/handler
[3.583s] byte-compiling /home/ws/roarm_ws_em0/install/ros2web/lib/python3.10/site-packages/ros2web/verb/__init__.py to __init__.cpython-310.pyc
[3.585s] byte-compiling /home/ws/roarm_ws_em0/install/ros2web/lib/python3.10/site-packages/ros2web/verb/server.py to server.cpython-310.pyc
[3.585s] byte-compiling /home/ws/roarm_ws_em0/install/ros2web/lib/python3.10/site-packages/ros2web/utilities/msg.py to msg.cpython-310.pyc
[3.586s] byte-compiling /home/ws/roarm_ws_em0/install/ros2web/lib/python3.10/site-packages/ros2web/utilities/__init__.py to __init__.cpython-310.pyc
[3.586s] byte-compiling /home/ws/roarm_ws_em0/install/ros2web/lib/python3.10/site-packages/ros2web/utilities/socket.py to socket.cpython-310.pyc
[3.586s] byte-compiling /home/ws/roarm_ws_em0/install/ros2web/lib/python3.10/site-packages/ros2web/command/web.py to web.cpython-310.pyc
[3.587s] byte-compiling /home/ws/roarm_ws_em0/install/ros2web/lib/python3.10/site-packages/ros2web/command/__init__.py to __init__.cpython-310.pyc
[3.587s] byte-compiling /home/ws/roarm_ws_em0/install/ros2web/lib/python3.10/site-packages/ros2web/api/handler.py to handler.cpython-310.pyc
[3.589s] byte-compiling /home/ws/roarm_ws_em0/install/ros2web/lib/python3.10/site-packages/ros2web/api/ros_executor.py to ros_executor.cpython-310.pyc
[3.589s] byte-compiling /home/ws/roarm_ws_em0/install/ros2web/lib/python3.10/site-packages/ros2web/api/__init__.py to __init__.cpython-310.pyc
[3.589s] byte-compiling /home/ws/roarm_ws_em0/install/ros2web/lib/python3.10/site-packages/ros2web/api/ws_client.py to ws_client.cpython-310.pyc
[3.591s] byte-compiling /home/ws/roarm_ws_em0/install/ros2web/lib/python3.10/site-packages/ros2web/__init__.py to __init__.cpython-310.pyc
[3.591s] byte-compiling /home/ws/roarm_ws_em0/install/ros2web/lib/python3.10/site-packages/ros2web/handler/__init__.py to __init__.cpython-310.pyc
[3.592s] running install_data
[3.592s] creating /home/ws/roarm_ws_em0/install/ros2web/share/ament_index
[3.592s] creating /home/ws/roarm_ws_em0/install/ros2web/share/ament_index/resource_index
[3.592s] creating /home/ws/roarm_ws_em0/install/ros2web/share/ament_index/resource_index/packages
[3.592s] copying resource/ros2web -> /home/ws/roarm_ws_em0/install/ros2web/share/ament_index/resource_index/packages
[3.592s] copying package.xml -> /home/ws/roarm_ws_em0/install/ros2web/share/ros2web
[3.593s] running install_egg_info
[3.594s] Copying ../../../../build/ros2web/ros2web.egg-info to /home/ws/roarm_ws_em0/install/ros2web/lib/python3.10/site-packages/ros2web-0.0.1-py3.10.egg-info
[3.596s] running install_scripts
[3.610s] writing list of installed files to '/home/ws/roarm_ws_em0/build/ros2web/install.log'
[3.630s] Invoked command in '/home/ws/roarm_ws_em0/src/roarm_else/ros2web-ros2/ros2web' returned '0': AMENT_PREFIX_PATH=/home/ws/roarm_ws_em0/install/ros2web_interfaces:${AMENT_PREFIX_PATH} CMAKE_PREFIX_PATH=/home/ws/roarm_ws_em0/install/ros2web_interfaces LD_LIBRARY_PATH=/home/ws/roarm_ws_em0/install/ros2web_interfaces/lib:${LD_LIBRARY_PATH} PYTHONPATH=/home/ws/roarm_ws_em0/build/ros2web/prefix_override:/usr/lib/python3/dist-packages/colcon_core/task/python/colcon_distutils_commands:/home/ws/roarm_ws_em0/install/ros2web/lib/python3.10/site-packages:/home/ws/roarm_ws_em0/install/ros2web_interfaces/local/lib/python3.10/dist-packages:${PYTHONPATH} /usr/bin/python3 -W ignore:setup.py install is deprecated setup.py egg_info --egg-base ../../../../build/ros2web build --build-base /home/ws/roarm_ws_em0/build/ros2web/build install --record /home/ws/roarm_ws_em0/build/ros2web/install.log --single-version-externally-managed install_data
