[0.043s] Invoking command in '/home/ws/roarm_ws_em0/build/ros2web_interfaces': CMAKE_PREFIX_PATH=${CMAKE_PREFIX_PATH}:/home/ws/roarm_ws_em0/install/ros2web_widgets:/home/ws/roarm_ws_em0/install/ros2web_example_py:/home/ws/roarm_ws_em0/install/roarm_web_app:/home/ws/roarm_ws_em0/install/ros2web_app:/home/ws/roarm_ws_em0/install/ros2web:/home/ws/roarm_ws_em0/install/roarm_driver:/home/ws/roarm_ws_em0/install/launch_api:/opt/ros/humble /usr/bin/cmake --build /home/ws/roarm_ws_em0/build/ros2web_interfaces -- -j4 -l4
[0.282s] [35m[1mConsolidate compiler generated dependencies of target ros2web_interfaces__rosidl_generator_c[0m
[0.291s] [  1%] Built target ros2web_interfaces__cpp
[0.318s] [ 12%] Built target ros2web_interfaces__rosidl_generator_c
[0.329s] [ 12%] Built target ament_cmake_python_copy_ros2web_interfaces
[0.382s] [35m[1mConsolidate compiler generated dependencies of target ros2web_interfaces__rosidl_typesupport_fastrtps_c[0m
[0.382s] [35m[1mConsolidate compiler generated dependencies of target ros2web_interfaces__rosidl_typesupport_fastrtps_cpp[0m
[0.382s] [35m[1mConsolidate compiler generated dependencies of target ros2web_interfaces__rosidl_typesupport_cpp[0m
[0.402s] [35m[1mConsolidate compiler generated dependencies of target ros2web_interfaces__rosidl_typesupport_introspection_cpp[0m
[0.415s] [ 24%] Built target ros2web_interfaces__rosidl_typesupport_fastrtps_cpp
[0.416s] [ 35%] Built target ros2web_interfaces__rosidl_typesupport_cpp
[0.428s] [ 49%] Built target ros2web_interfaces__rosidl_typesupport_fastrtps_c
[0.436s] [ 58%] Built target ros2web_interfaces__rosidl_typesupport_introspection_cpp
[0.470s] [35m[1mConsolidate compiler generated dependencies of target ros2web_interfaces__rosidl_typesupport_introspection_c[0m
[0.470s] [35m[1mConsolidate compiler generated dependencies of target ros2web_interfaces__rosidl_typesupport_c[0m
[0.479s] [ 70%] Built target ros2web_interfaces__rosidl_typesupport_c
[0.480s] [ 81%] Built target ros2web_interfaces__rosidl_typesupport_introspection_c
[0.507s] [ 81%] Built target ros2web_interfaces
[0.533s] [ 82%] Built target ros2web_interfaces__py
[0.571s] [35m[1mConsolidate compiler generated dependencies of target ros2web_interfaces__rosidl_generator_py[0m
[0.599s] [ 93%] Built target ros2web_interfaces__rosidl_generator_py
[0.664s] [35m[1mConsolidate compiler generated dependencies of target ros2web_interfaces__rosidl_typesupport_c__pyext[0m
[0.664s] [35m[1mConsolidate compiler generated dependencies of target ros2web_interfaces__rosidl_typesupport_fastrtps_c__pyext[0m
[0.665s] [35m[1mConsolidate compiler generated dependencies of target ros2web_interfaces__rosidl_typesupport_introspection_c__pyext[0m
[0.695s] [ 95%] Built target ros2web_interfaces__rosidl_typesupport_fastrtps_c__pyext
[0.695s] [ 97%] Built target ros2web_interfaces__rosidl_typesupport_c__pyext
[0.699s] [100%] Built target ros2web_interfaces__rosidl_typesupport_introspection_c__pyext
[0.715s] running egg_info
[0.715s] writing ros2web_interfaces.egg-info/PKG-INFO
[0.716s] writing dependency_links to ros2web_interfaces.egg-info/dependency_links.txt
[0.716s] writing top-level names to ros2web_interfaces.egg-info/top_level.txt
[0.721s] reading manifest file 'ros2web_interfaces.egg-info/SOURCES.txt'
[0.722s] writing manifest file 'ros2web_interfaces.egg-info/SOURCES.txt'
[0.783s] [100%] Built target ament_cmake_python_build_ros2web_interfaces_egg
[0.824s] Invoked command in '/home/ws/roarm_ws_em0/build/ros2web_interfaces' returned '0': CMAKE_PREFIX_PATH=${CMAKE_PREFIX_PATH}:/home/ws/roarm_ws_em0/install/ros2web_widgets:/home/ws/roarm_ws_em0/install/ros2web_example_py:/home/ws/roarm_ws_em0/install/roarm_web_app:/home/ws/roarm_ws_em0/install/ros2web_app:/home/ws/roarm_ws_em0/install/ros2web:/home/ws/roarm_ws_em0/install/roarm_driver:/home/ws/roarm_ws_em0/install/launch_api:/opt/ros/humble /usr/bin/cmake --build /home/ws/roarm_ws_em0/build/ros2web_interfaces -- -j4 -l4
[1.359s] Invoking command in '/home/ws/roarm_ws_em0/build/ros2web_interfaces': CMAKE_PREFIX_PATH=${CMAKE_PREFIX_PATH}:/home/ws/roarm_ws_em0/install/ros2web_widgets:/home/ws/roarm_ws_em0/install/ros2web_example_py:/home/ws/roarm_ws_em0/install/roarm_web_app:/home/ws/roarm_ws_em0/install/ros2web_app:/home/ws/roarm_ws_em0/install/ros2web:/home/ws/roarm_ws_em0/install/roarm_driver:/home/ws/roarm_ws_em0/install/launch_api:/opt/ros/humble /usr/bin/cmake --install /home/ws/roarm_ws_em0/build/ros2web_interfaces
[1.372s] -- Install configuration: ""
[1.373s] -- Up-to-date: /home/ws/roarm_ws_em0/install/ros2web_interfaces/share/ament_index/resource_index/rosidl_interfaces/ros2web_interfaces
[1.374s] -- Up-to-date: /home/ws/roarm_ws_em0/install/ros2web_interfaces/include/ros2web_interfaces/ros2web_interfaces
[1.376s] -- Up-to-date: /home/ws/roarm_ws_em0/install/ros2web_interfaces/include/ros2web_interfaces/ros2web_interfaces/srv
[1.376s] -- Up-to-date: /home/ws/roarm_ws_em0/install/ros2web_interfaces/include/ros2web_interfaces/ros2web_interfaces/srv/detail
[1.376s] -- Up-to-date: /home/ws/roarm_ws_em0/install/ros2web_interfaces/include/ros2web_interfaces/ros2web_interfaces/srv/detail/ws__functions.h
[1.376s] -- Up-to-date: /home/ws/roarm_ws_em0/install/ros2web_interfaces/include/ros2web_interfaces/ros2web_interfaces/srv/detail/ws__type_support.h
[1.376s] -- Up-to-date: /home/ws/roarm_ws_em0/install/ros2web_interfaces/include/ros2web_interfaces/ros2web_interfaces/srv/detail/http__type_support.h
[1.377s] -- Up-to-date: /home/ws/roarm_ws_em0/install/ros2web_interfaces/include/ros2web_interfaces/ros2web_interfaces/srv/detail/ws__functions.c
[1.377s] -- Up-to-date: /home/ws/roarm_ws_em0/install/ros2web_interfaces/include/ros2web_interfaces/ros2web_interfaces/srv/detail/http__functions.c
[1.377s] -- Up-to-date: /home/ws/roarm_ws_em0/install/ros2web_interfaces/include/ros2web_interfaces/ros2web_interfaces/srv/detail/ws__struct.h
[1.377s] -- Up-to-date: /home/ws/roarm_ws_em0/install/ros2web_interfaces/include/ros2web_interfaces/ros2web_interfaces/srv/detail/http__struct.h
[1.378s] -- Up-to-date: /home/ws/roarm_ws_em0/install/ros2web_interfaces/include/ros2web_interfaces/ros2web_interfaces/srv/detail/http__functions.h
[1.378s] -- Up-to-date: /home/ws/roarm_ws_em0/install/ros2web_interfaces/include/ros2web_interfaces/ros2web_interfaces/srv/ws.h
[1.378s] -- Up-to-date: /home/ws/roarm_ws_em0/install/ros2web_interfaces/include/ros2web_interfaces/ros2web_interfaces/srv/http.h
[1.378s] -- Up-to-date: /home/ws/roarm_ws_em0/install/ros2web_interfaces/include/ros2web_interfaces/ros2web_interfaces/msg
[1.378s] -- Up-to-date: /home/ws/roarm_ws_em0/install/ros2web_interfaces/include/ros2web_interfaces/ros2web_interfaces/msg/http_status_code.h
[1.378s] -- Up-to-date: /home/ws/roarm_ws_em0/install/ros2web_interfaces/include/ros2web_interfaces/ros2web_interfaces/msg/ws_msg_data.h
[1.378s] -- Up-to-date: /home/ws/roarm_ws_em0/install/ros2web_interfaces/include/ros2web_interfaces/ros2web_interfaces/msg/detail
[1.378s] -- Up-to-date: /home/ws/roarm_ws_em0/install/ros2web_interfaces/include/ros2web_interfaces/ros2web_interfaces/msg/detail/http_status_code__type_support.h
[1.378s] -- Up-to-date: /home/ws/roarm_ws_em0/install/ros2web_interfaces/include/ros2web_interfaces/ros2web_interfaces/msg/detail/content_type__type_support.h
[1.378s] -- Up-to-date: /home/ws/roarm_ws_em0/install/ros2web_interfaces/include/ros2web_interfaces/ros2web_interfaces/msg/detail/ws_msg_data__functions.c
[1.379s] -- Up-to-date: /home/ws/roarm_ws_em0/install/ros2web_interfaces/include/ros2web_interfaces/ros2web_interfaces/msg/detail/ws_msg_type__struct.h
[1.379s] -- Up-to-date: /home/ws/roarm_ws_em0/install/ros2web_interfaces/include/ros2web_interfaces/ros2web_interfaces/msg/detail/ws_msg__struct.h
[1.379s] -- Up-to-date: /home/ws/roarm_ws_em0/install/ros2web_interfaces/include/ros2web_interfaces/ros2web_interfaces/msg/detail/body_part__type_support.h
[1.379s] -- Up-to-date: /home/ws/roarm_ws_em0/install/ros2web_interfaces/include/ros2web_interfaces/ros2web_interfaces/msg/detail/ws_msg_type__functions.c
[1.379s] -- Up-to-date: /home/ws/roarm_ws_em0/install/ros2web_interfaces/include/ros2web_interfaces/ros2web_interfaces/msg/detail/content_type__functions.h
[1.380s] -- Up-to-date: /home/ws/roarm_ws_em0/install/ros2web_interfaces/include/ros2web_interfaces/ros2web_interfaces/msg/detail/ws_msg_data__functions.h
[1.380s] -- Up-to-date: /home/ws/roarm_ws_em0/install/ros2web_interfaces/include/ros2web_interfaces/ros2web_interfaces/msg/detail/body_part__functions.h
[1.381s] -- Up-to-date: /home/ws/roarm_ws_em0/install/ros2web_interfaces/include/ros2web_interfaces/ros2web_interfaces/msg/detail/body_part__struct.h
[1.381s] -- Up-to-date: /home/ws/roarm_ws_em0/install/ros2web_interfaces/include/ros2web_interfaces/ros2web_interfaces/msg/detail/ws_msg_data__struct.h
[1.382s] -- Up-to-date: /home/ws/roarm_ws_em0/install/ros2web_interfaces/include/ros2web_interfaces/ros2web_interfaces/msg/detail/http_status_code__functions.h
[1.382s] -- Up-to-date: /home/ws/roarm_ws_em0/install/ros2web_interfaces/include/ros2web_interfaces/ros2web_interfaces/msg/detail/ws_msg__functions.c
[1.383s] -- Up-to-date: /home/ws/roarm_ws_em0/install/ros2web_interfaces/include/ros2web_interfaces/ros2web_interfaces/msg/detail/content_type__functions.c
[1.384s] -- Up-to-date: /home/ws/roarm_ws_em0/install/ros2web_interfaces/include/ros2web_interfaces/ros2web_interfaces/msg/detail/ws_msg__functions.h
[1.384s] -- Up-to-date: /home/ws/roarm_ws_em0/install/ros2web_interfaces/include/ros2web_interfaces/ros2web_interfaces/msg/detail/ws_msg_type__type_support.h
[1.384s] -- Up-to-date: /home/ws/roarm_ws_em0/install/ros2web_interfaces/include/ros2web_interfaces/ros2web_interfaces/msg/detail/ws_msg_type__functions.h
[1.384s] -- Up-to-date: /home/ws/roarm_ws_em0/install/ros2web_interfaces/include/ros2web_interfaces/ros2web_interfaces/msg/detail/content_type__struct.h
[1.384s] -- Up-to-date: /home/ws/roarm_ws_em0/install/ros2web_interfaces/include/ros2web_interfaces/ros2web_interfaces/msg/detail/http_status_code__struct.h
[1.384s] -- Up-to-date: /home/ws/roarm_ws_em0/install/ros2web_interfaces/include/ros2web_interfaces/ros2web_interfaces/msg/detail/http_status_code__functions.c
[1.384s] -- Up-to-date: /home/ws/roarm_ws_em0/install/ros2web_interfaces/include/ros2web_interfaces/ros2web_interfaces/msg/detail/ws_msg_data__type_support.h
[1.384s] -- Up-to-date: /home/ws/roarm_ws_em0/install/ros2web_interfaces/include/ros2web_interfaces/ros2web_interfaces/msg/detail/ws_msg__type_support.h
[1.384s] -- Up-to-date: /home/ws/roarm_ws_em0/install/ros2web_interfaces/include/ros2web_interfaces/ros2web_interfaces/msg/detail/body_part__functions.c
[1.384s] -- Up-to-date: /home/ws/roarm_ws_em0/install/ros2web_interfaces/include/ros2web_interfaces/ros2web_interfaces/msg/body_part.h
[1.384s] -- Up-to-date: /home/ws/roarm_ws_em0/install/ros2web_interfaces/include/ros2web_interfaces/ros2web_interfaces/msg/content_type.h
[1.385s] -- Up-to-date: /home/ws/roarm_ws_em0/install/ros2web_interfaces/include/ros2web_interfaces/ros2web_interfaces/msg/ws_msg_type.h
[1.385s] -- Up-to-date: /home/ws/roarm_ws_em0/install/ros2web_interfaces/include/ros2web_interfaces/ros2web_interfaces/msg/rosidl_generator_c__visibility_control.h
[1.385s] -- Up-to-date: /home/ws/roarm_ws_em0/install/ros2web_interfaces/include/ros2web_interfaces/ros2web_interfaces/msg/ws_msg.h
[1.385s] -- Up-to-date: /home/ws/roarm_ws_em0/install/ros2web_interfaces/share/ros2web_interfaces/environment/library_path.sh
[1.385s] -- Up-to-date: /home/ws/roarm_ws_em0/install/ros2web_interfaces/share/ros2web_interfaces/environment/library_path.dsv
[1.385s] -- Up-to-date: /home/ws/roarm_ws_em0/install/ros2web_interfaces/lib/libros2web_interfaces__rosidl_generator_c.so
[1.386s] -- Up-to-date: /home/ws/roarm_ws_em0/install/ros2web_interfaces/include/ros2web_interfaces/ros2web_interfaces
[1.386s] -- Up-to-date: /home/ws/roarm_ws_em0/install/ros2web_interfaces/include/ros2web_interfaces/ros2web_interfaces/srv
[1.386s] -- Up-to-date: /home/ws/roarm_ws_em0/install/ros2web_interfaces/include/ros2web_interfaces/ros2web_interfaces/srv/detail
[1.386s] -- Up-to-date: /home/ws/roarm_ws_em0/install/ros2web_interfaces/include/ros2web_interfaces/ros2web_interfaces/srv/detail/ws__rosidl_typesupport_fastrtps_c.h
[1.386s] -- Up-to-date: /home/ws/roarm_ws_em0/install/ros2web_interfaces/include/ros2web_interfaces/ros2web_interfaces/srv/detail/http__rosidl_typesupport_fastrtps_c.h
[1.386s] -- Up-to-date: /home/ws/roarm_ws_em0/install/ros2web_interfaces/include/ros2web_interfaces/ros2web_interfaces/msg
[1.386s] -- Up-to-date: /home/ws/roarm_ws_em0/install/ros2web_interfaces/include/ros2web_interfaces/ros2web_interfaces/msg/detail
[1.386s] -- Up-to-date: /home/ws/roarm_ws_em0/install/ros2web_interfaces/include/ros2web_interfaces/ros2web_interfaces/msg/detail/ws_msg_data__rosidl_typesupport_fastrtps_c.h
[1.386s] -- Up-to-date: /home/ws/roarm_ws_em0/install/ros2web_interfaces/include/ros2web_interfaces/ros2web_interfaces/msg/detail/ws_msg_type__rosidl_typesupport_fastrtps_c.h
[1.386s] -- Up-to-date: /home/ws/roarm_ws_em0/install/ros2web_interfaces/include/ros2web_interfaces/ros2web_interfaces/msg/detail/ws_msg__rosidl_typesupport_fastrtps_c.h
[1.387s] -- Up-to-date: /home/ws/roarm_ws_em0/install/ros2web_interfaces/include/ros2web_interfaces/ros2web_interfaces/msg/detail/body_part__rosidl_typesupport_fastrtps_c.h
[1.387s] -- Up-to-date: /home/ws/roarm_ws_em0/install/ros2web_interfaces/include/ros2web_interfaces/ros2web_interfaces/msg/detail/content_type__rosidl_typesupport_fastrtps_c.h
[1.387s] -- Up-to-date: /home/ws/roarm_ws_em0/install/ros2web_interfaces/include/ros2web_interfaces/ros2web_interfaces/msg/detail/http_status_code__rosidl_typesupport_fastrtps_c.h
[1.387s] -- Up-to-date: /home/ws/roarm_ws_em0/install/ros2web_interfaces/include/ros2web_interfaces/ros2web_interfaces/msg/rosidl_typesupport_fastrtps_c__visibility_control.h
[1.387s] -- Up-to-date: /home/ws/roarm_ws_em0/install/ros2web_interfaces/lib/libros2web_interfaces__rosidl_typesupport_fastrtps_c.so
[1.387s] -- Up-to-date: /home/ws/roarm_ws_em0/install/ros2web_interfaces/include/ros2web_interfaces/ros2web_interfaces
[1.387s] -- Up-to-date: /home/ws/roarm_ws_em0/install/ros2web_interfaces/include/ros2web_interfaces/ros2web_interfaces/srv
[1.387s] -- Up-to-date: /home/ws/roarm_ws_em0/install/ros2web_interfaces/include/ros2web_interfaces/ros2web_interfaces/srv/detail
[1.387s] -- Up-to-date: /home/ws/roarm_ws_em0/install/ros2web_interfaces/include/ros2web_interfaces/ros2web_interfaces/srv/detail/ws__type_support.c
[1.387s] -- Up-to-date: /home/ws/roarm_ws_em0/install/ros2web_interfaces/include/ros2web_interfaces/ros2web_interfaces/srv/detail/http__rosidl_typesupport_introspection_c.h
[1.387s] -- Up-to-date: /home/ws/roarm_ws_em0/install/ros2web_interfaces/include/ros2web_interfaces/ros2web_interfaces/srv/detail/http__type_support.c
[1.387s] -- Up-to-date: /home/ws/roarm_ws_em0/install/ros2web_interfaces/include/ros2web_interfaces/ros2web_interfaces/srv/detail/ws__rosidl_typesupport_introspection_c.h
[1.387s] -- Up-to-date: /home/ws/roarm_ws_em0/install/ros2web_interfaces/include/ros2web_interfaces/ros2web_interfaces/msg
[1.387s] -- Up-to-date: /home/ws/roarm_ws_em0/install/ros2web_interfaces/include/ros2web_interfaces/ros2web_interfaces/msg/rosidl_typesupport_introspection_c__visibility_control.h
[1.389s] -- Up-to-date: /home/ws/roarm_ws_em0/install/ros2web_interfaces/include/ros2web_interfaces/ros2web_interfaces/msg/detail
[1.389s] -- Up-to-date: /home/ws/roarm_ws_em0/install/ros2web_interfaces/include/ros2web_interfaces/ros2web_interfaces/msg/detail/body_part__rosidl_typesupport_introspection_c.h
[1.390s] -- Up-to-date: /home/ws/roarm_ws_em0/install/ros2web_interfaces/include/ros2web_interfaces/ros2web_interfaces/msg/detail/ws_msg__type_support.c
[1.390s] -- Up-to-date: /home/ws/roarm_ws_em0/install/ros2web_interfaces/include/ros2web_interfaces/ros2web_interfaces/msg/detail/ws_msg__rosidl_typesupport_introspection_c.h
[1.390s] -- Up-to-date: /home/ws/roarm_ws_em0/install/ros2web_interfaces/include/ros2web_interfaces/ros2web_interfaces/msg/detail/ws_msg_data__rosidl_typesupport_introspection_c.h
[1.390s] -- Up-to-date: /home/ws/roarm_ws_em0/install/ros2web_interfaces/include/ros2web_interfaces/ros2web_interfaces/msg/detail/body_part__type_support.c
[1.390s] -- Up-to-date: /home/ws/roarm_ws_em0/install/ros2web_interfaces/include/ros2web_interfaces/ros2web_interfaces/msg/detail/http_status_code__rosidl_typesupport_introspection_c.h
[1.390s] -- Up-to-date: /home/ws/roarm_ws_em0/install/ros2web_interfaces/include/ros2web_interfaces/ros2web_interfaces/msg/detail/ws_msg_type__type_support.c
[1.390s] -- Up-to-date: /home/ws/roarm_ws_em0/install/ros2web_interfaces/include/ros2web_interfaces/ros2web_interfaces/msg/detail/content_type__rosidl_typesupport_introspection_c.h
[1.390s] -- Up-to-date: /home/ws/roarm_ws_em0/install/ros2web_interfaces/include/ros2web_interfaces/ros2web_interfaces/msg/detail/ws_msg_data__type_support.c
[1.390s] -- Up-to-date: /home/ws/roarm_ws_em0/install/ros2web_interfaces/include/ros2web_interfaces/ros2web_interfaces/msg/detail/ws_msg_type__rosidl_typesupport_introspection_c.h
[1.390s] -- Up-to-date: /home/ws/roarm_ws_em0/install/ros2web_interfaces/include/ros2web_interfaces/ros2web_interfaces/msg/detail/content_type__type_support.c
[1.390s] -- Up-to-date: /home/ws/roarm_ws_em0/install/ros2web_interfaces/include/ros2web_interfaces/ros2web_interfaces/msg/detail/http_status_code__type_support.c
[1.393s] -- Up-to-date: /home/ws/roarm_ws_em0/install/ros2web_interfaces/lib/libros2web_interfaces__rosidl_typesupport_introspection_c.so
[1.393s] -- Up-to-date: /home/ws/roarm_ws_em0/install/ros2web_interfaces/lib/libros2web_interfaces__rosidl_typesupport_c.so
[1.394s] -- Up-to-date: /home/ws/roarm_ws_em0/install/ros2web_interfaces/include/ros2web_interfaces/ros2web_interfaces
[1.394s] -- Up-to-date: /home/ws/roarm_ws_em0/install/ros2web_interfaces/include/ros2web_interfaces/ros2web_interfaces/srv
[1.394s] -- Up-to-date: /home/ws/roarm_ws_em0/install/ros2web_interfaces/include/ros2web_interfaces/ros2web_interfaces/srv/detail
[1.394s] -- Up-to-date: /home/ws/roarm_ws_em0/install/ros2web_interfaces/include/ros2web_interfaces/ros2web_interfaces/srv/detail/ws__struct.hpp
[1.395s] -- Up-to-date: /home/ws/roarm_ws_em0/install/ros2web_interfaces/include/ros2web_interfaces/ros2web_interfaces/srv/detail/http__traits.hpp
[1.395s] -- Up-to-date: /home/ws/roarm_ws_em0/install/ros2web_interfaces/include/ros2web_interfaces/ros2web_interfaces/srv/detail/http__builder.hpp
[1.395s] -- Up-to-date: /home/ws/roarm_ws_em0/install/ros2web_interfaces/include/ros2web_interfaces/ros2web_interfaces/srv/detail/ws__builder.hpp
[1.395s] -- Up-to-date: /home/ws/roarm_ws_em0/install/ros2web_interfaces/include/ros2web_interfaces/ros2web_interfaces/srv/detail/ws__traits.hpp
[1.395s] -- Up-to-date: /home/ws/roarm_ws_em0/install/ros2web_interfaces/include/ros2web_interfaces/ros2web_interfaces/srv/detail/http__struct.hpp
[1.395s] -- Up-to-date: /home/ws/roarm_ws_em0/install/ros2web_interfaces/include/ros2web_interfaces/ros2web_interfaces/srv/http.hpp
[1.395s] -- Up-to-date: /home/ws/roarm_ws_em0/install/ros2web_interfaces/include/ros2web_interfaces/ros2web_interfaces/srv/ws.hpp
[1.396s] -- Up-to-date: /home/ws/roarm_ws_em0/install/ros2web_interfaces/include/ros2web_interfaces/ros2web_interfaces/msg
[1.396s] -- Up-to-date: /home/ws/roarm_ws_em0/install/ros2web_interfaces/include/ros2web_interfaces/ros2web_interfaces/msg/detail
[1.398s] -- Up-to-date: /home/ws/roarm_ws_em0/install/ros2web_interfaces/include/ros2web_interfaces/ros2web_interfaces/msg/detail/ws_msg_type__builder.hpp
[1.398s] -- Up-to-date: /home/ws/roarm_ws_em0/install/ros2web_interfaces/include/ros2web_interfaces/ros2web_interfaces/msg/detail/http_status_code__builder.hpp
[1.398s] -- Up-to-date: /home/ws/roarm_ws_em0/install/ros2web_interfaces/include/ros2web_interfaces/ros2web_interfaces/msg/detail/ws_msg__traits.hpp
[1.398s] -- Up-to-date: /home/ws/roarm_ws_em0/install/ros2web_interfaces/include/ros2web_interfaces/ros2web_interfaces/msg/detail/ws_msg_type__traits.hpp
[1.398s] -- Up-to-date: /home/ws/roarm_ws_em0/install/ros2web_interfaces/include/ros2web_interfaces/ros2web_interfaces/msg/detail/body_part__builder.hpp
[1.398s] -- Up-to-date: /home/ws/roarm_ws_em0/install/ros2web_interfaces/include/ros2web_interfaces/ros2web_interfaces/msg/detail/ws_msg_data__builder.hpp
[1.398s] -- Up-to-date: /home/ws/roarm_ws_em0/install/ros2web_interfaces/include/ros2web_interfaces/ros2web_interfaces/msg/detail/ws_msg__struct.hpp
[1.398s] -- Up-to-date: /home/ws/roarm_ws_em0/install/ros2web_interfaces/include/ros2web_interfaces/ros2web_interfaces/msg/detail/ws_msg_type__struct.hpp
[1.398s] -- Up-to-date: /home/ws/roarm_ws_em0/install/ros2web_interfaces/include/ros2web_interfaces/ros2web_interfaces/msg/detail/content_type__builder.hpp
[1.398s] -- Up-to-date: /home/ws/roarm_ws_em0/install/ros2web_interfaces/include/ros2web_interfaces/ros2web_interfaces/msg/detail/content_type__traits.hpp
[1.398s] -- Up-to-date: /home/ws/roarm_ws_em0/install/ros2web_interfaces/include/ros2web_interfaces/ros2web_interfaces/msg/detail/http_status_code__struct.hpp
[1.398s] -- Up-to-date: /home/ws/roarm_ws_em0/install/ros2web_interfaces/include/ros2web_interfaces/ros2web_interfaces/msg/detail/body_part__struct.hpp
[1.399s] -- Up-to-date: /home/ws/roarm_ws_em0/install/ros2web_interfaces/include/ros2web_interfaces/ros2web_interfaces/msg/detail/body_part__traits.hpp
[1.400s] -- Up-to-date: /home/ws/roarm_ws_em0/install/ros2web_interfaces/include/ros2web_interfaces/ros2web_interfaces/msg/detail/ws_msg__builder.hpp
[1.400s] -- Up-to-date: /home/ws/roarm_ws_em0/install/ros2web_interfaces/include/ros2web_interfaces/ros2web_interfaces/msg/detail/http_status_code__traits.hpp
[1.400s] -- Up-to-date: /home/ws/roarm_ws_em0/install/ros2web_interfaces/include/ros2web_interfaces/ros2web_interfaces/msg/detail/ws_msg_data__struct.hpp
[1.400s] -- Up-to-date: /home/ws/roarm_ws_em0/install/ros2web_interfaces/include/ros2web_interfaces/ros2web_interfaces/msg/detail/content_type__struct.hpp
[1.401s] -- Up-to-date: /home/ws/roarm_ws_em0/install/ros2web_interfaces/include/ros2web_interfaces/ros2web_interfaces/msg/detail/ws_msg_data__traits.hpp
[1.401s] -- Up-to-date: /home/ws/roarm_ws_em0/install/ros2web_interfaces/include/ros2web_interfaces/ros2web_interfaces/msg/body_part.hpp
[1.401s] -- Up-to-date: /home/ws/roarm_ws_em0/install/ros2web_interfaces/include/ros2web_interfaces/ros2web_interfaces/msg/ws_msg_type.hpp
[1.401s] -- Up-to-date: /home/ws/roarm_ws_em0/install/ros2web_interfaces/include/ros2web_interfaces/ros2web_interfaces/msg/ws_msg.hpp
[1.402s] -- Up-to-date: /home/ws/roarm_ws_em0/install/ros2web_interfaces/include/ros2web_interfaces/ros2web_interfaces/msg/ws_msg_data.hpp
[1.402s] -- Up-to-date: /home/ws/roarm_ws_em0/install/ros2web_interfaces/include/ros2web_interfaces/ros2web_interfaces/msg/content_type.hpp
[1.402s] -- Up-to-date: /home/ws/roarm_ws_em0/install/ros2web_interfaces/include/ros2web_interfaces/ros2web_interfaces/msg/http_status_code.hpp
[1.402s] -- Up-to-date: /home/ws/roarm_ws_em0/install/ros2web_interfaces/include/ros2web_interfaces/ros2web_interfaces
[1.402s] -- Up-to-date: /home/ws/roarm_ws_em0/install/ros2web_interfaces/include/ros2web_interfaces/ros2web_interfaces/srv
[1.402s] -- Up-to-date: /home/ws/roarm_ws_em0/install/ros2web_interfaces/include/ros2web_interfaces/ros2web_interfaces/srv/detail
[1.402s] -- Up-to-date: /home/ws/roarm_ws_em0/install/ros2web_interfaces/include/ros2web_interfaces/ros2web_interfaces/srv/detail/http__rosidl_typesupport_fastrtps_cpp.hpp
[1.406s] -- Up-to-date: /home/ws/roarm_ws_em0/install/ros2web_interfaces/include/ros2web_interfaces/ros2web_interfaces/srv/detail/dds_fastrtps
[1.406s] -- Up-to-date: /home/ws/roarm_ws_em0/install/ros2web_interfaces/include/ros2web_interfaces/ros2web_interfaces/srv/detail/ws__rosidl_typesupport_fastrtps_cpp.hpp
[1.406s] -- Up-to-date: /home/ws/roarm_ws_em0/install/ros2web_interfaces/include/ros2web_interfaces/ros2web_interfaces/msg
[1.406s] -- Up-to-date: /home/ws/roarm_ws_em0/install/ros2web_interfaces/include/ros2web_interfaces/ros2web_interfaces/msg/rosidl_typesupport_fastrtps_cpp__visibility_control.h
[1.406s] -- Up-to-date: /home/ws/roarm_ws_em0/install/ros2web_interfaces/include/ros2web_interfaces/ros2web_interfaces/msg/detail
[1.406s] -- Up-to-date: /home/ws/roarm_ws_em0/install/ros2web_interfaces/include/ros2web_interfaces/ros2web_interfaces/msg/detail/ws_msg__rosidl_typesupport_fastrtps_cpp.hpp
[1.406s] -- Up-to-date: /home/ws/roarm_ws_em0/install/ros2web_interfaces/include/ros2web_interfaces/ros2web_interfaces/msg/detail/body_part__rosidl_typesupport_fastrtps_cpp.hpp
[1.407s] -- Up-to-date: /home/ws/roarm_ws_em0/install/ros2web_interfaces/include/ros2web_interfaces/ros2web_interfaces/msg/detail/content_type__rosidl_typesupport_fastrtps_cpp.hpp
[1.407s] -- Up-to-date: /home/ws/roarm_ws_em0/install/ros2web_interfaces/include/ros2web_interfaces/ros2web_interfaces/msg/detail/http_status_code__rosidl_typesupport_fastrtps_cpp.hpp
[1.407s] -- Up-to-date: /home/ws/roarm_ws_em0/install/ros2web_interfaces/include/ros2web_interfaces/ros2web_interfaces/msg/detail/ws_msg_type__rosidl_typesupport_fastrtps_cpp.hpp
[1.407s] -- Up-to-date: /home/ws/roarm_ws_em0/install/ros2web_interfaces/include/ros2web_interfaces/ros2web_interfaces/msg/detail/ws_msg_data__rosidl_typesupport_fastrtps_cpp.hpp
[1.407s] -- Up-to-date: /home/ws/roarm_ws_em0/install/ros2web_interfaces/include/ros2web_interfaces/ros2web_interfaces/msg/detail/dds_fastrtps
[1.407s] -- Up-to-date: /home/ws/roarm_ws_em0/install/ros2web_interfaces/lib/libros2web_interfaces__rosidl_typesupport_fastrtps_cpp.so
[1.408s] -- Up-to-date: /home/ws/roarm_ws_em0/install/ros2web_interfaces/include/ros2web_interfaces/ros2web_interfaces
[1.408s] -- Up-to-date: /home/ws/roarm_ws_em0/install/ros2web_interfaces/include/ros2web_interfaces/ros2web_interfaces/srv
[1.408s] -- Up-to-date: /home/ws/roarm_ws_em0/install/ros2web_interfaces/include/ros2web_interfaces/ros2web_interfaces/srv/detail
[1.408s] -- Up-to-date: /home/ws/roarm_ws_em0/install/ros2web_interfaces/include/ros2web_interfaces/ros2web_interfaces/srv/detail/ws__type_support.cpp
[1.408s] -- Up-to-date: /home/ws/roarm_ws_em0/install/ros2web_interfaces/include/ros2web_interfaces/ros2web_interfaces/srv/detail/http__type_support.cpp
[1.408s] -- Up-to-date: /home/ws/roarm_ws_em0/install/ros2web_interfaces/include/ros2web_interfaces/ros2web_interfaces/srv/detail/http__rosidl_typesupport_introspection_cpp.hpp
[1.408s] -- Up-to-date: /home/ws/roarm_ws_em0/install/ros2web_interfaces/include/ros2web_interfaces/ros2web_interfaces/srv/detail/ws__rosidl_typesupport_introspection_cpp.hpp
[1.408s] -- Up-to-date: /home/ws/roarm_ws_em0/install/ros2web_interfaces/include/ros2web_interfaces/ros2web_interfaces/msg
[1.408s] -- Up-to-date: /home/ws/roarm_ws_em0/install/ros2web_interfaces/include/ros2web_interfaces/ros2web_interfaces/msg/detail
[1.408s] -- Up-to-date: /home/ws/roarm_ws_em0/install/ros2web_interfaces/include/ros2web_interfaces/ros2web_interfaces/msg/detail/http_status_code__rosidl_typesupport_introspection_cpp.hpp
[1.408s] -- Up-to-date: /home/ws/roarm_ws_em0/install/ros2web_interfaces/include/ros2web_interfaces/ros2web_interfaces/msg/detail/ws_msg_data__rosidl_typesupport_introspection_cpp.hpp
[1.408s] -- Up-to-date: /home/ws/roarm_ws_em0/install/ros2web_interfaces/include/ros2web_interfaces/ros2web_interfaces/msg/detail/ws_msg_data__type_support.cpp
[1.408s] -- Up-to-date: /home/ws/roarm_ws_em0/install/ros2web_interfaces/include/ros2web_interfaces/ros2web_interfaces/msg/detail/ws_msg__type_support.cpp
[1.408s] -- Up-to-date: /home/ws/roarm_ws_em0/install/ros2web_interfaces/include/ros2web_interfaces/ros2web_interfaces/msg/detail/body_part__type_support.cpp
[1.408s] -- Up-to-date: /home/ws/roarm_ws_em0/install/ros2web_interfaces/include/ros2web_interfaces/ros2web_interfaces/msg/detail/http_status_code__type_support.cpp
[1.408s] -- Up-to-date: /home/ws/roarm_ws_em0/install/ros2web_interfaces/include/ros2web_interfaces/ros2web_interfaces/msg/detail/ws_msg__rosidl_typesupport_introspection_cpp.hpp
[1.408s] -- Up-to-date: /home/ws/roarm_ws_em0/install/ros2web_interfaces/include/ros2web_interfaces/ros2web_interfaces/msg/detail/content_type__type_support.cpp
[1.409s] -- Up-to-date: /home/ws/roarm_ws_em0/install/ros2web_interfaces/include/ros2web_interfaces/ros2web_interfaces/msg/detail/body_part__rosidl_typesupport_introspection_cpp.hpp
[1.409s] -- Up-to-date: /home/ws/roarm_ws_em0/install/ros2web_interfaces/include/ros2web_interfaces/ros2web_interfaces/msg/detail/ws_msg_type__type_support.cpp
[1.409s] -- Up-to-date: /home/ws/roarm_ws_em0/install/ros2web_interfaces/include/ros2web_interfaces/ros2web_interfaces/msg/detail/content_type__rosidl_typesupport_introspection_cpp.hpp
[1.409s] -- Up-to-date: /home/ws/roarm_ws_em0/install/ros2web_interfaces/include/ros2web_interfaces/ros2web_interfaces/msg/detail/ws_msg_type__rosidl_typesupport_introspection_cpp.hpp
[1.409s] -- Up-to-date: /home/ws/roarm_ws_em0/install/ros2web_interfaces/lib/libros2web_interfaces__rosidl_typesupport_introspection_cpp.so
[1.409s] -- Up-to-date: /home/ws/roarm_ws_em0/install/ros2web_interfaces/lib/libros2web_interfaces__rosidl_typesupport_cpp.so
[1.409s] -- Up-to-date: /home/ws/roarm_ws_em0/install/ros2web_interfaces/share/ros2web_interfaces/environment/pythonpath.sh
[1.409s] -- Up-to-date: /home/ws/roarm_ws_em0/install/ros2web_interfaces/share/ros2web_interfaces/environment/pythonpath.dsv
[1.409s] -- Up-to-date: /home/ws/roarm_ws_em0/install/ros2web_interfaces/local/lib/python3.10/dist-packages/ros2web_interfaces-0.1.0-py3.10.egg-info
[1.409s] -- Installing: /home/ws/roarm_ws_em0/install/ros2web_interfaces/local/lib/python3.10/dist-packages/ros2web_interfaces-0.1.0-py3.10.egg-info/SOURCES.txt
[1.409s] -- Installing: /home/ws/roarm_ws_em0/install/ros2web_interfaces/local/lib/python3.10/dist-packages/ros2web_interfaces-0.1.0-py3.10.egg-info/top_level.txt
[1.409s] -- Installing: /home/ws/roarm_ws_em0/install/ros2web_interfaces/local/lib/python3.10/dist-packages/ros2web_interfaces-0.1.0-py3.10.egg-info/dependency_links.txt
[1.410s] -- Installing: /home/ws/roarm_ws_em0/install/ros2web_interfaces/local/lib/python3.10/dist-packages/ros2web_interfaces-0.1.0-py3.10.egg-info/PKG-INFO
[1.410s] -- Up-to-date: /home/ws/roarm_ws_em0/install/ros2web_interfaces/local/lib/python3.10/dist-packages/ros2web_interfaces
[1.410s] -- Up-to-date: /home/ws/roarm_ws_em0/install/ros2web_interfaces/local/lib/python3.10/dist-packages/ros2web_interfaces/ros2web_interfaces_s__rosidl_typesupport_c.cpython-310-x86_64-linux-gnu.so
[1.410s] -- Up-to-date: /home/ws/roarm_ws_em0/install/ros2web_interfaces/local/lib/python3.10/dist-packages/ros2web_interfaces/srv
[1.410s] -- Up-to-date: /home/ws/roarm_ws_em0/install/ros2web_interfaces/local/lib/python3.10/dist-packages/ros2web_interfaces/srv/_http_s.c
[1.410s] -- Up-to-date: /home/ws/roarm_ws_em0/install/ros2web_interfaces/local/lib/python3.10/dist-packages/ros2web_interfaces/srv/__init__.py
[1.410s] -- Up-to-date: /home/ws/roarm_ws_em0/install/ros2web_interfaces/local/lib/python3.10/dist-packages/ros2web_interfaces/srv/_ws.py
[1.410s] -- Up-to-date: /home/ws/roarm_ws_em0/install/ros2web_interfaces/local/lib/python3.10/dist-packages/ros2web_interfaces/srv/_http.py
[1.410s] -- Up-to-date: /home/ws/roarm_ws_em0/install/ros2web_interfaces/local/lib/python3.10/dist-packages/ros2web_interfaces/srv/_ws_s.c
[1.410s] -- Up-to-date: /home/ws/roarm_ws_em0/install/ros2web_interfaces/local/lib/python3.10/dist-packages/ros2web_interfaces/libros2web_interfaces__rosidl_generator_py.so
[1.410s] -- Up-to-date: /home/ws/roarm_ws_em0/install/ros2web_interfaces/local/lib/python3.10/dist-packages/ros2web_interfaces/_ros2web_interfaces_s.ep.rosidl_typesupport_introspection_c.c
[1.410s] -- Up-to-date: /home/ws/roarm_ws_em0/install/ros2web_interfaces/local/lib/python3.10/dist-packages/ros2web_interfaces/_ros2web_interfaces_s.ep.rosidl_typesupport_c.c
[1.410s] -- Up-to-date: /home/ws/roarm_ws_em0/install/ros2web_interfaces/local/lib/python3.10/dist-packages/ros2web_interfaces/ros2web_interfaces_s__rosidl_typesupport_introspection_c.cpython-310-x86_64-linux-gnu.so
[1.410s] -- Up-to-date: /home/ws/roarm_ws_em0/install/ros2web_interfaces/local/lib/python3.10/dist-packages/ros2web_interfaces/__init__.py
[1.410s] -- Up-to-date: /home/ws/roarm_ws_em0/install/ros2web_interfaces/local/lib/python3.10/dist-packages/ros2web_interfaces/ros2web_interfaces_s__rosidl_typesupport_fastrtps_c.cpython-310-x86_64-linux-gnu.so
[1.410s] -- Up-to-date: /home/ws/roarm_ws_em0/install/ros2web_interfaces/local/lib/python3.10/dist-packages/ros2web_interfaces/msg
[1.410s] -- Up-to-date: /home/ws/roarm_ws_em0/install/ros2web_interfaces/local/lib/python3.10/dist-packages/ros2web_interfaces/msg/_body_part.py
[1.410s] -- Up-to-date: /home/ws/roarm_ws_em0/install/ros2web_interfaces/local/lib/python3.10/dist-packages/ros2web_interfaces/msg/_ws_msg.py
[1.410s] -- Up-to-date: /home/ws/roarm_ws_em0/install/ros2web_interfaces/local/lib/python3.10/dist-packages/ros2web_interfaces/msg/_content_type.py
[1.411s] -- Up-to-date: /home/ws/roarm_ws_em0/install/ros2web_interfaces/local/lib/python3.10/dist-packages/ros2web_interfaces/msg/_ws_msg_s.c
[1.411s] -- Up-to-date: /home/ws/roarm_ws_em0/install/ros2web_interfaces/local/lib/python3.10/dist-packages/ros2web_interfaces/msg/_http_status_code.py
[1.411s] -- Up-to-date: /home/ws/roarm_ws_em0/install/ros2web_interfaces/local/lib/python3.10/dist-packages/ros2web_interfaces/msg/_ws_msg_data_s.c
[1.411s] -- Up-to-date: /home/ws/roarm_ws_em0/install/ros2web_interfaces/local/lib/python3.10/dist-packages/ros2web_interfaces/msg/_http_status_code_s.c
[1.411s] -- Up-to-date: /home/ws/roarm_ws_em0/install/ros2web_interfaces/local/lib/python3.10/dist-packages/ros2web_interfaces/msg/_ws_msg_type_s.c
[1.411s] -- Up-to-date: /home/ws/roarm_ws_em0/install/ros2web_interfaces/local/lib/python3.10/dist-packages/ros2web_interfaces/msg/_body_part_s.c
[1.411s] -- Up-to-date: /home/ws/roarm_ws_em0/install/ros2web_interfaces/local/lib/python3.10/dist-packages/ros2web_interfaces/msg/__init__.py
[1.411s] -- Up-to-date: /home/ws/roarm_ws_em0/install/ros2web_interfaces/local/lib/python3.10/dist-packages/ros2web_interfaces/msg/_content_type_s.c
[1.411s] -- Up-to-date: /home/ws/roarm_ws_em0/install/ros2web_interfaces/local/lib/python3.10/dist-packages/ros2web_interfaces/msg/_ws_msg_type.py
[1.411s] -- Up-to-date: /home/ws/roarm_ws_em0/install/ros2web_interfaces/local/lib/python3.10/dist-packages/ros2web_interfaces/msg/_ws_msg_data.py
[1.411s] -- Up-to-date: /home/ws/roarm_ws_em0/install/ros2web_interfaces/local/lib/python3.10/dist-packages/ros2web_interfaces/_ros2web_interfaces_s.ep.rosidl_typesupport_fastrtps_c.c
[1.448s] Listing '/home/ws/roarm_ws_em0/install/ros2web_interfaces/local/lib/python3.10/dist-packages/ros2web_interfaces'...
[1.448s] Listing '/home/ws/roarm_ws_em0/install/ros2web_interfaces/local/lib/python3.10/dist-packages/ros2web_interfaces/msg'...
[1.448s] Listing '/home/ws/roarm_ws_em0/install/ros2web_interfaces/local/lib/python3.10/dist-packages/ros2web_interfaces/srv'...
[1.569s] -- Up-to-date: /home/ws/roarm_ws_em0/install/ros2web_interfaces/local/lib/python3.10/dist-packages/ros2web_interfaces/ros2web_interfaces_s__rosidl_typesupport_fastrtps_c.cpython-310-x86_64-linux-gnu.so
[1.583s] -- Up-to-date: /home/ws/roarm_ws_em0/install/ros2web_interfaces/local/lib/python3.10/dist-packages/ros2web_interfaces/ros2web_interfaces_s__rosidl_typesupport_introspection_c.cpython-310-x86_64-linux-gnu.so
[1.587s] -- Up-to-date: /home/ws/roarm_ws_em0/install/ros2web_interfaces/local/lib/python3.10/dist-packages/ros2web_interfaces/ros2web_interfaces_s__rosidl_typesupport_c.cpython-310-x86_64-linux-gnu.so
[1.587s] -- Up-to-date: /home/ws/roarm_ws_em0/install/ros2web_interfaces/lib/libros2web_interfaces__rosidl_generator_py.so
[1.588s] -- Up-to-date: /home/ws/roarm_ws_em0/install/ros2web_interfaces/share/ros2web_interfaces/msg/BodyPart.idl
[1.588s] -- Up-to-date: /home/ws/roarm_ws_em0/install/ros2web_interfaces/share/ros2web_interfaces/msg/ContentType.idl
[1.588s] -- Up-to-date: /home/ws/roarm_ws_em0/install/ros2web_interfaces/share/ros2web_interfaces/msg/HTTPStatusCode.idl
[1.588s] -- Up-to-date: /home/ws/roarm_ws_em0/install/ros2web_interfaces/share/ros2web_interfaces/msg/WSMsgData.idl
[1.590s] -- Up-to-date: /home/ws/roarm_ws_em0/install/ros2web_interfaces/share/ros2web_interfaces/msg/WSMsgType.idl
[1.590s] -- Up-to-date: /home/ws/roarm_ws_em0/install/ros2web_interfaces/share/ros2web_interfaces/msg/WSMsg.idl
[1.592s] -- Up-to-date: /home/ws/roarm_ws_em0/install/ros2web_interfaces/share/ros2web_interfaces/srv/HTTP.idl
[1.592s] -- Up-to-date: /home/ws/roarm_ws_em0/install/ros2web_interfaces/share/ros2web_interfaces/srv/WS.idl
[1.592s] -- Up-to-date: /home/ws/roarm_ws_em0/install/ros2web_interfaces/share/ros2web_interfaces/msg/BodyPart.msg
[1.592s] -- Up-to-date: /home/ws/roarm_ws_em0/install/ros2web_interfaces/share/ros2web_interfaces/msg/ContentType.msg
[1.592s] -- Up-to-date: /home/ws/roarm_ws_em0/install/ros2web_interfaces/share/ros2web_interfaces/msg/HTTPStatusCode.msg
[1.592s] -- Up-to-date: /home/ws/roarm_ws_em0/install/ros2web_interfaces/share/ros2web_interfaces/msg/WSMsgData.msg
[1.593s] -- Up-to-date: /home/ws/roarm_ws_em0/install/ros2web_interfaces/share/ros2web_interfaces/msg/WSMsgType.msg
[1.593s] -- Up-to-date: /home/ws/roarm_ws_em0/install/ros2web_interfaces/share/ros2web_interfaces/msg/WSMsg.msg
[1.593s] -- Up-to-date: /home/ws/roarm_ws_em0/install/ros2web_interfaces/share/ros2web_interfaces/srv/HTTP.srv
[1.593s] -- Up-to-date: /home/ws/roarm_ws_em0/install/ros2web_interfaces/share/ros2web_interfaces/srv/HTTP_Request.msg
[1.593s] -- Up-to-date: /home/ws/roarm_ws_em0/install/ros2web_interfaces/share/ros2web_interfaces/srv/HTTP_Response.msg
[1.593s] -- Up-to-date: /home/ws/roarm_ws_em0/install/ros2web_interfaces/share/ros2web_interfaces/srv/WS.srv
[1.593s] -- Up-to-date: /home/ws/roarm_ws_em0/install/ros2web_interfaces/share/ros2web_interfaces/srv/WS_Request.msg
[1.593s] -- Up-to-date: /home/ws/roarm_ws_em0/install/ros2web_interfaces/share/ros2web_interfaces/srv/WS_Response.msg
[1.593s] -- Up-to-date: /home/ws/roarm_ws_em0/install/ros2web_interfaces/share/ament_index/resource_index/package_run_dependencies/ros2web_interfaces
[1.596s] -- Up-to-date: /home/ws/roarm_ws_em0/install/ros2web_interfaces/share/ament_index/resource_index/parent_prefix_path/ros2web_interfaces
[1.596s] -- Up-to-date: /home/ws/roarm_ws_em0/install/ros2web_interfaces/share/ros2web_interfaces/environment/ament_prefix_path.sh
[1.596s] -- Up-to-date: /home/ws/roarm_ws_em0/install/ros2web_interfaces/share/ros2web_interfaces/environment/ament_prefix_path.dsv
[1.596s] -- Up-to-date: /home/ws/roarm_ws_em0/install/ros2web_interfaces/share/ros2web_interfaces/environment/path.sh
[1.596s] -- Up-to-date: /home/ws/roarm_ws_em0/install/ros2web_interfaces/share/ros2web_interfaces/environment/path.dsv
[1.597s] -- Up-to-date: /home/ws/roarm_ws_em0/install/ros2web_interfaces/share/ros2web_interfaces/local_setup.bash
[1.597s] -- Up-to-date: /home/ws/roarm_ws_em0/install/ros2web_interfaces/share/ros2web_interfaces/local_setup.sh
[1.597s] -- Up-to-date: /home/ws/roarm_ws_em0/install/ros2web_interfaces/share/ros2web_interfaces/local_setup.zsh
[1.597s] -- Up-to-date: /home/ws/roarm_ws_em0/install/ros2web_interfaces/share/ros2web_interfaces/local_setup.dsv
[1.597s] -- Installing: /home/ws/roarm_ws_em0/install/ros2web_interfaces/share/ros2web_interfaces/package.dsv
[1.598s] -- Up-to-date: /home/ws/roarm_ws_em0/install/ros2web_interfaces/share/ament_index/resource_index/packages/ros2web_interfaces
[1.600s] -- Up-to-date: /home/ws/roarm_ws_em0/install/ros2web_interfaces/share/ros2web_interfaces/cmake/export_ros2web_interfaces__rosidl_generator_cExport.cmake
[1.600s] -- Up-to-date: /home/ws/roarm_ws_em0/install/ros2web_interfaces/share/ros2web_interfaces/cmake/export_ros2web_interfaces__rosidl_generator_cExport-noconfig.cmake
[1.601s] -- Up-to-date: /home/ws/roarm_ws_em0/install/ros2web_interfaces/share/ros2web_interfaces/cmake/export_ros2web_interfaces__rosidl_typesupport_fastrtps_cExport.cmake
[1.601s] -- Up-to-date: /home/ws/roarm_ws_em0/install/ros2web_interfaces/share/ros2web_interfaces/cmake/export_ros2web_interfaces__rosidl_typesupport_fastrtps_cExport-noconfig.cmake
[1.603s] -- Up-to-date: /home/ws/roarm_ws_em0/install/ros2web_interfaces/share/ros2web_interfaces/cmake/ros2web_interfaces__rosidl_typesupport_introspection_cExport.cmake
[1.603s] -- Up-to-date: /home/ws/roarm_ws_em0/install/ros2web_interfaces/share/ros2web_interfaces/cmake/ros2web_interfaces__rosidl_typesupport_introspection_cExport-noconfig.cmake
[1.604s] -- Up-to-date: /home/ws/roarm_ws_em0/install/ros2web_interfaces/share/ros2web_interfaces/cmake/ros2web_interfaces__rosidl_typesupport_cExport.cmake
[1.604s] -- Up-to-date: /home/ws/roarm_ws_em0/install/ros2web_interfaces/share/ros2web_interfaces/cmake/ros2web_interfaces__rosidl_typesupport_cExport-noconfig.cmake
[1.605s] -- Up-to-date: /home/ws/roarm_ws_em0/install/ros2web_interfaces/share/ros2web_interfaces/cmake/export_ros2web_interfaces__rosidl_generator_cppExport.cmake
[1.606s] -- Up-to-date: /home/ws/roarm_ws_em0/install/ros2web_interfaces/share/ros2web_interfaces/cmake/export_ros2web_interfaces__rosidl_typesupport_fastrtps_cppExport.cmake
[1.606s] -- Up-to-date: /home/ws/roarm_ws_em0/install/ros2web_interfaces/share/ros2web_interfaces/cmake/export_ros2web_interfaces__rosidl_typesupport_fastrtps_cppExport-noconfig.cmake
[1.607s] -- Up-to-date: /home/ws/roarm_ws_em0/install/ros2web_interfaces/share/ros2web_interfaces/cmake/ros2web_interfaces__rosidl_typesupport_introspection_cppExport.cmake
[1.607s] -- Up-to-date: /home/ws/roarm_ws_em0/install/ros2web_interfaces/share/ros2web_interfaces/cmake/ros2web_interfaces__rosidl_typesupport_introspection_cppExport-noconfig.cmake
[1.608s] -- Up-to-date: /home/ws/roarm_ws_em0/install/ros2web_interfaces/share/ros2web_interfaces/cmake/ros2web_interfaces__rosidl_typesupport_cppExport.cmake
[1.608s] -- Up-to-date: /home/ws/roarm_ws_em0/install/ros2web_interfaces/share/ros2web_interfaces/cmake/ros2web_interfaces__rosidl_typesupport_cppExport-noconfig.cmake
[1.609s] -- Up-to-date: /home/ws/roarm_ws_em0/install/ros2web_interfaces/share/ros2web_interfaces/cmake/export_ros2web_interfaces__rosidl_generator_pyExport.cmake
[1.609s] -- Up-to-date: /home/ws/roarm_ws_em0/install/ros2web_interfaces/share/ros2web_interfaces/cmake/export_ros2web_interfaces__rosidl_generator_pyExport-noconfig.cmake
[1.609s] -- Up-to-date: /home/ws/roarm_ws_em0/install/ros2web_interfaces/share/ros2web_interfaces/cmake/rosidl_cmake-extras.cmake
[1.609s] -- Up-to-date: /home/ws/roarm_ws_em0/install/ros2web_interfaces/share/ros2web_interfaces/cmake/ament_cmake_export_include_directories-extras.cmake
[1.612s] -- Up-to-date: /home/ws/roarm_ws_em0/install/ros2web_interfaces/share/ros2web_interfaces/cmake/ament_cmake_export_libraries-extras.cmake
[1.613s] -- Up-to-date: /home/ws/roarm_ws_em0/install/ros2web_interfaces/share/ros2web_interfaces/cmake/ament_cmake_export_targets-extras.cmake
[1.613s] -- Up-to-date: /home/ws/roarm_ws_em0/install/ros2web_interfaces/share/ros2web_interfaces/cmake/rosidl_cmake_export_typesupport_targets-extras.cmake
[1.613s] -- Up-to-date: /home/ws/roarm_ws_em0/install/ros2web_interfaces/share/ros2web_interfaces/cmake/ament_cmake_export_dependencies-extras.cmake
[1.613s] -- Up-to-date: /home/ws/roarm_ws_em0/install/ros2web_interfaces/share/ros2web_interfaces/cmake/rosidl_cmake_export_typesupport_libraries-extras.cmake
[1.613s] -- Up-to-date: /home/ws/roarm_ws_em0/install/ros2web_interfaces/share/ros2web_interfaces/cmake/ros2web_interfacesConfig.cmake
[1.613s] -- Up-to-date: /home/ws/roarm_ws_em0/install/ros2web_interfaces/share/ros2web_interfaces/cmake/ros2web_interfacesConfig-version.cmake
[1.613s] -- Up-to-date: /home/ws/roarm_ws_em0/install/ros2web_interfaces/share/ros2web_interfaces/package.xml
[1.618s] Invoked command in '/home/ws/roarm_ws_em0/build/ros2web_interfaces' returned '0': CMAKE_PREFIX_PATH=${CMAKE_PREFIX_PATH}:/home/ws/roarm_ws_em0/install/ros2web_widgets:/home/ws/roarm_ws_em0/install/ros2web_example_py:/home/ws/roarm_ws_em0/install/roarm_web_app:/home/ws/roarm_ws_em0/install/ros2web_app:/home/ws/roarm_ws_em0/install/ros2web:/home/ws/roarm_ws_em0/install/roarm_driver:/home/ws/roarm_ws_em0/install/launch_api:/opt/ros/humble /usr/bin/cmake --install /home/ws/roarm_ws_em0/build/ros2web_interfaces
