-- The C compiler identification is GNU 11.4.0
-- The CXX compiler identification is GNU 11.4.0
-- Detecting C compiler ABI info
-- Detecting C compiler ABI info - done
-- Check for working C compiler: /usr/bin/cc - skipped
-- Detecting C compile features
-- Detecting C compile features - done
-- Detecting CXX compiler ABI info
-- Detecting CXX compiler ABI info - done
-- Check for working CXX compiler: /usr/bin/c++ - skipped
-- Detecting CXX compile features
-- Detecting CXX compile features - done
-- Found ament_cmake: 1.3.10 (/opt/ros/humble/share/ament_cmake/cmake)
-- Found Python3: /usr/bin/python3 (found version "3.10.12") found components: Interpreter 
-- Found rclcpp: 16.0.10 (/opt/ros/humble/share/rclcpp/cmake)
-- Found rosidl_generator_c: 3.1.5 (/opt/ros/humble/share/rosidl_generator_c/cmake)
-- Found rosidl_adapter: 3.1.5 (/opt/ros/humble/share/rosidl_adapter/cmake)
-- Found rosidl_generator_cpp: 3.1.5 (/opt/ros/humble/share/rosidl_generator_cpp/cmake)
-- Using all available rosidl_typesupport_c: rosidl_typesupport_fastrtps_c;rosidl_typesupport_introspection_c
-- Using all available rosidl_typesupport_cpp: rosidl_typesupport_fastrtps_cpp;rosidl_typesupport_introspection_cpp
-- Found rmw_implementation_cmake: 6.1.2 (/opt/ros/humble/share/rmw_implementation_cmake/cmake)
-- Found rmw_fastrtps_cpp: 6.2.7 (/opt/ros/humble/share/rmw_fastrtps_cpp/cmake)
-- Found OpenSSL: /usr/lib/x86_64-linux-gnu/libcrypto.so (found version "3.0.2")  
-- Found FastRTPS: /opt/ros/humble/include  
-- Using RMW implementation 'rmw_fastrtps_cpp' as default
-- Looking for pthread.h
-- Looking for pthread.h - found
-- Performing Test CMAKE_HAVE_LIBC_PTHREAD
-- Performing Test CMAKE_HAVE_LIBC_PTHREAD - Success
-- Found Threads: TRUE  
-- Found rclcpp_action: 16.0.10 (/opt/ros/humble/share/rclcpp_action/cmake)
-- Found rclcpp_components: 16.0.10 (/opt/ros/humble/share/rclcpp_components/cmake)
-- Found roarm_moveit: 0.3.0 (/home/ws/roarm_ws_em0/install/roarm_moveit/share/roarm_moveit/cmake)
-- Found rosidl_default_generators: 1.2.0 (/opt/ros/humble/share/rosidl_default_generators/cmake)
-- Found ament_cmake_ros: 0.10.0 (/opt/ros/humble/share/ament_cmake_ros/cmake)
-- Using all available rosidl_typesupport_c: rosidl_typesupport_fastrtps_c;rosidl_typesupport_introspection_c
-- Using all available rosidl_typesupport_cpp: rosidl_typesupport_fastrtps_cpp;rosidl_typesupport_introspection_cpp
-- Found PythonInterp: /usr/bin/python3 (found suitable version "3.10.12", minimum required is "3.6") 
-- Found python_cmake_module: 0.10.0 (/opt/ros/humble/share/python_cmake_module/cmake)
-- Found PythonLibs: /usr/lib/x86_64-linux-gnu/libpython3.10.so (found suitable version "3.10.12", minimum required is "3.5") 
-- Using PYTHON_EXECUTABLE: /usr/bin/python3
-- Using PYTHON_INCLUDE_DIRS: /usr/include/python3.10
-- Using PYTHON_LIBRARIES: /usr/lib/x86_64-linux-gnu/libpython3.10.so
-- Found PythonExtra: .so  
-- Found ament_lint_auto: 0.12.11 (/opt/ros/humble/share/ament_lint_auto/cmake)
-- Added test 'copyright' to check source files copyright and LICENSE
-- Added test 'cppcheck' to perform static code analysis on C / C++ code
-- Configured cppcheck include dirs: 
-- Configured cppcheck exclude dirs and/or files: 
-- Added test 'cpplint' to check C / C++ code against the Google style
-- Configured cpplint exclude dirs and/or files: 
-- Added test 'flake8' to check Python code syntax and style conventions
-- Added test 'lint_cmake' to check CMake code style
-- Added test 'pep257' to check Python code against some of the docstring style conventions in PEP 257
-- Added test 'uncrustify' to check C / C++ code style
-- Configured uncrustify additional arguments: 
-- Added test 'xmllint' to check XML markup files
-- Configuring done
-- Generating done
-- Build files have been written to: /home/ws/roarm_ws_em0/build/manual_move_action
[35m[1mConsolidate compiler generated dependencies of target manual_move_action__rosidl_generator_c[0m
[  2%] Built target manual_move_action__cpp
[ 11%] Built target manual_move_action__rosidl_generator_c
[ 11%] Built target ament_cmake_python_copy_manual_move_action
[35m[1mConsolidate compiler generated dependencies of target manual_move_action__rosidl_typesupport_cpp[0m
[35m[1mConsolidate compiler generated dependencies of target manual_move_action__rosidl_typesupport_introspection_c[0m
[35m[1mConsolidate compiler generated dependencies of target manual_move_action__rosidl_typesupport_fastrtps_cpp[0m
[35m[1mConsolidate compiler generated dependencies of target manual_move_action__rosidl_typesupport_c[0m
[ 20%] Built target manual_move_action__rosidl_typesupport_fastrtps_cpp
[ 37%] Built target manual_move_action__rosidl_typesupport_cpp
[ 37%] Built target manual_move_action__rosidl_typesupport_introspection_c
[ 45%] Built target manual_move_action__rosidl_typesupport_c
[35m[1mConsolidate compiler generated dependencies of target manual_move_action__rosidl_typesupport_introspection_cpp[0m
[35m[1mConsolidate compiler generated dependencies of target manual_move_client[0m
[ 48%] [32mBuilding CXX object CMakeFiles/manual_move_client.dir/src/manual_move_client.cpp.o[0m
[ 57%] Built target manual_move_action__rosidl_typesupport_introspection_cpp
[ 60%] [32mBuilding CXX object CMakeFiles/manual_move_server.dir/src/manual_move_server.cpp.o[0m
[35m[1mConsolidate compiler generated dependencies of target manual_move_action__rosidl_typesupport_fastrtps_c[0m
running egg_info
writing manual_move_action.egg-info/PKG-INFO
writing dependency_links to manual_move_action.egg-info/dependency_links.txt
writing top-level names to manual_move_action.egg-info/top_level.txt
reading manifest file 'manual_move_action.egg-info/SOURCES.txt'
writing manifest file 'manual_move_action.egg-info/SOURCES.txt'
[ 68%] Built target manual_move_action__rosidl_typesupport_fastrtps_c
[ 68%] Built target ament_cmake_python_build_manual_move_action_egg
[ 68%] Built target manual_move_action
[ 71%] Built target manual_move_action__py
[ 74%] [32mBuilding C object CMakeFiles/manual_move_action__rosidl_generator_py.dir/rosidl_generator_py/manual_move_action/action/_move_info_s.c.o[0m
[ 77%] [32m[1mLinking C shared library rosidl_generator_py/manual_move_action/libmanual_move_action__rosidl_generator_py.so[0m
[ 77%] Built target manual_move_action__rosidl_generator_py
[ 80%] [32mBuilding C object CMakeFiles/manual_move_action__rosidl_typesupport_fastrtps_c__pyext.dir/rosidl_generator_py/manual_move_action/_manual_move_action_s.ep.rosidl_typesupport_fastrtps_c.c.o[0m
[ 82%] [32mBuilding C object CMakeFiles/manual_move_action__rosidl_typesupport_introspection_c__pyext.dir/rosidl_generator_py/manual_move_action/_manual_move_action_s.ep.rosidl_typesupport_introspection_c.c.o[0m
[ 85%] [32m[1mLinking C shared library rosidl_generator_py/manual_move_action/manual_move_action_s__rosidl_typesupport_fastrtps_c.cpython-310-x86_64-linux-gnu.so[0m
[ 88%] [32m[1mLinking C shared library rosidl_generator_py/manual_move_action/manual_move_action_s__rosidl_typesupport_introspection_c.cpython-310-x86_64-linux-gnu.so[0m
[ 88%] Built target manual_move_action__rosidl_typesupport_fastrtps_c__pyext
[ 91%] [32mBuilding C object CMakeFiles/manual_move_action__rosidl_typesupport_c__pyext.dir/rosidl_generator_py/manual_move_action/_manual_move_action_s.ep.rosidl_typesupport_c.c.o[0m
[ 91%] Built target manual_move_action__rosidl_typesupport_introspection_c__pyext
[ 94%] [32m[1mLinking C shared library rosidl_generator_py/manual_move_action/manual_move_action_s__rosidl_typesupport_c.cpython-310-x86_64-linux-gnu.so[0m
[ 94%] Built target manual_move_action__rosidl_typesupport_c__pyext
[ 97%] [32m[1mLinking CXX executable manual_move_client[0m
[ 97%] Built target manual_move_client
