[1.391s] Invoking command in '/home/ws/roarm_ws_em0/build/launch_api': PYTHONPATH=/home/ws/roarm_ws_em0/build/launch_api/prefix_override:/usr/lib/python3/dist-packages/colcon_core/task/python/colcon_distutils_commands:/home/ws/roarm_ws_em0/install/launch_api/lib/python3.10/site-packages:${PYTHONPATH} /usr/bin/python3 -W ignore:setup.py install is deprecated setup.py develop --uninstall --editable --build-directory /home/ws/roarm_ws_em0/build/launch_api/build
[1.584s] running develop
[1.584s] /usr/lib/python3/dist-packages/setuptools/command/easy_install.py:158: EasyInstallDeprecationWarning: easy_install command is deprecated. Use build and pip and other standards-based tools.
[1.584s]   warnings.warn(
[1.682s] Removing /home/ws/roarm_ws_em0/install/launch_api/lib/python3.10/site-packages/launch-api.egg-link (link to .)
[1.708s] Invoked command in '/home/ws/roarm_ws_em0/build/launch_api' returned '0': PYTHONPATH=/home/ws/roarm_ws_em0/build/launch_api/prefix_override:/usr/lib/python3/dist-packages/colcon_core/task/python/colcon_distutils_commands:/home/ws/roarm_ws_em0/install/launch_api/lib/python3.10/site-packages:${PYTHONPATH} /usr/bin/python3 -W ignore:setup.py install is deprecated setup.py develop --uninstall --editable --build-directory /home/ws/roarm_ws_em0/build/launch_api/build
[1.708s] Invoking command in '/home/ws/roarm_ws_em0/src/roarm_else/launch_api': PYTHONPATH=/home/ws/roarm_ws_em0/build/launch_api/prefix_override:/usr/lib/python3/dist-packages/colcon_core/task/python/colcon_distutils_commands:/home/ws/roarm_ws_em0/install/launch_api/lib/python3.10/site-packages:${PYTHONPATH} /usr/bin/python3 -W ignore:setup.py install is deprecated setup.py egg_info --egg-base ../../../build/launch_api build --build-base /home/ws/roarm_ws_em0/build/launch_api/build install --record /home/ws/roarm_ws_em0/build/launch_api/install.log --single-version-externally-managed install_data --force
[1.858s] running egg_info
[1.858s] writing ../../../build/launch_api/launch_api.egg-info/PKG-INFO
[1.858s] writing dependency_links to ../../../build/launch_api/launch_api.egg-info/dependency_links.txt
[1.858s] writing entry points to ../../../build/launch_api/launch_api.egg-info/entry_points.txt
[1.858s] writing requirements to ../../../build/launch_api/launch_api.egg-info/requires.txt
[1.858s] writing top-level names to ../../../build/launch_api/launch_api.egg-info/top_level.txt
[1.860s] reading manifest file '../../../build/launch_api/launch_api.egg-info/SOURCES.txt'
[1.860s] adding license file 'LICENSE'
[1.860s] writing manifest file '../../../build/launch_api/launch_api.egg-info/SOURCES.txt'
[1.860s] running build
[1.860s] running build_py
[1.863s] running install
[1.863s] running install_lib
[1.865s] creating /home/ws/roarm_ws_em0/install/launch_api/lib/python3.10/site-packages/launch_api
[1.865s] creating /home/ws/roarm_ws_em0/install/launch_api/lib/python3.10/site-packages/launch_api/utilities
[1.865s] copying /home/ws/roarm_ws_em0/build/launch_api/build/lib/launch_api/utilities/node_wrapper.py -> /home/ws/roarm_ws_em0/install/launch_api/lib/python3.10/site-packages/launch_api/utilities
[1.868s] copying /home/ws/roarm_ws_em0/build/launch_api/build/lib/launch_api/utilities/__init__.py -> /home/ws/roarm_ws_em0/install/launch_api/lib/python3.10/site-packages/launch_api/utilities
[1.868s] copying /home/ws/roarm_ws_em0/build/launch_api/build/lib/launch_api/utilities/logger.py -> /home/ws/roarm_ws_em0/install/launch_api/lib/python3.10/site-packages/launch_api/utilities
[1.868s] creating /home/ws/roarm_ws_em0/install/launch_api/lib/python3.10/site-packages/launch_api/events
[1.868s] copying /home/ws/roarm_ws_em0/build/launch_api/build/lib/launch_api/events/__init__.py -> /home/ws/roarm_ws_em0/install/launch_api/lib/python3.10/site-packages/launch_api/events
[1.868s] copying /home/ws/roarm_ws_em0/build/launch_api/build/lib/launch_api/events/execution_process.py -> /home/ws/roarm_ws_em0/install/launch_api/lib/python3.10/site-packages/launch_api/events
[1.869s] copying /home/ws/roarm_ws_em0/build/launch_api/build/lib/launch_api/process_proxy.py -> /home/ws/roarm_ws_em0/install/launch_api/lib/python3.10/site-packages/launch_api
[1.869s] creating /home/ws/roarm_ws_em0/install/launch_api/lib/python3.10/site-packages/launch_api/actions
[1.869s] copying /home/ws/roarm_ws_em0/build/launch_api/build/lib/launch_api/actions/__init__.py -> /home/ws/roarm_ws_em0/install/launch_api/lib/python3.10/site-packages/launch_api/actions
[1.869s] copying /home/ws/roarm_ws_em0/build/launch_api/build/lib/launch_api/actions/process.py -> /home/ws/roarm_ws_em0/install/launch_api/lib/python3.10/site-packages/launch_api/actions
[1.870s] copying /home/ws/roarm_ws_em0/build/launch_api/build/lib/launch_api/actions/process_manager.py -> /home/ws/roarm_ws_em0/install/launch_api/lib/python3.10/site-packages/launch_api/actions
[1.870s] copying /home/ws/roarm_ws_em0/build/launch_api/build/lib/launch_api/__init__.py -> /home/ws/roarm_ws_em0/install/launch_api/lib/python3.10/site-packages/launch_api
[1.870s] copying /home/ws/roarm_ws_em0/build/launch_api/build/lib/launch_api/service.py -> /home/ws/roarm_ws_em0/install/launch_api/lib/python3.10/site-packages/launch_api
[1.879s] byte-compiling /home/ws/roarm_ws_em0/install/launch_api/lib/python3.10/site-packages/launch_api/utilities/node_wrapper.py to node_wrapper.cpython-310.pyc
[1.879s] byte-compiling /home/ws/roarm_ws_em0/install/launch_api/lib/python3.10/site-packages/launch_api/utilities/__init__.py to __init__.cpython-310.pyc
[1.879s] byte-compiling /home/ws/roarm_ws_em0/install/launch_api/lib/python3.10/site-packages/launch_api/utilities/logger.py to logger.cpython-310.pyc
[1.879s] byte-compiling /home/ws/roarm_ws_em0/install/launch_api/lib/python3.10/site-packages/launch_api/events/__init__.py to __init__.cpython-310.pyc
[1.880s] byte-compiling /home/ws/roarm_ws_em0/install/launch_api/lib/python3.10/site-packages/launch_api/events/execution_process.py to execution_process.cpython-310.pyc
[1.880s] byte-compiling /home/ws/roarm_ws_em0/install/launch_api/lib/python3.10/site-packages/launch_api/process_proxy.py to process_proxy.cpython-310.pyc
[1.880s] byte-compiling /home/ws/roarm_ws_em0/install/launch_api/lib/python3.10/site-packages/launch_api/actions/__init__.py to __init__.cpython-310.pyc
[1.880s] byte-compiling /home/ws/roarm_ws_em0/install/launch_api/lib/python3.10/site-packages/launch_api/actions/process.py to process.cpython-310.pyc
[1.881s] byte-compiling /home/ws/roarm_ws_em0/install/launch_api/lib/python3.10/site-packages/launch_api/actions/process_manager.py to process_manager.cpython-310.pyc
[1.882s] byte-compiling /home/ws/roarm_ws_em0/install/launch_api/lib/python3.10/site-packages/launch_api/__init__.py to __init__.cpython-310.pyc
[1.882s] byte-compiling /home/ws/roarm_ws_em0/install/launch_api/lib/python3.10/site-packages/launch_api/service.py to service.cpython-310.pyc
[1.885s] running install_data
[1.885s] copying resource/launch_api -> /home/ws/roarm_ws_em0/install/launch_api/share/ament_index/resource_index/packages
[1.886s] copying package.xml -> /home/ws/roarm_ws_em0/install/launch_api/share/launch_api
[1.886s] running install_egg_info
[1.890s] Copying ../../../build/launch_api/launch_api.egg-info to /home/ws/roarm_ws_em0/install/launch_api/lib/python3.10/site-packages/launch_api-0.0.0-py3.10.egg-info
[1.890s] running install_scripts
[1.905s] writing list of installed files to '/home/ws/roarm_ws_em0/build/launch_api/install.log'
[1.925s] Invoked command in '/home/ws/roarm_ws_em0/src/roarm_else/launch_api' returned '0': PYTHONPATH=/home/ws/roarm_ws_em0/build/launch_api/prefix_override:/usr/lib/python3/dist-packages/colcon_core/task/python/colcon_distutils_commands:/home/ws/roarm_ws_em0/install/launch_api/lib/python3.10/site-packages:${PYTHONPATH} /usr/bin/python3 -W ignore:setup.py install is deprecated setup.py egg_info --egg-base ../../../build/launch_api build --build-base /home/ws/roarm_ws_em0/build/launch_api/build install --record /home/ws/roarm_ws_em0/build/launch_api/install.log --single-version-externally-managed install_data --force
