-- The C compiler identification is GNU 11.4.0
-- The CXX compiler identification is GNU 11.4.0
-- Detecting C compiler ABI info
-- Detecting C compiler ABI info - done
-- Check for working C compiler: /usr/bin/cc - skipped
-- Detecting C compile features
-- Detecting C compile features - done
-- Detecting CXX compiler ABI info
-- Detecting CXX compiler ABI info - done
-- Check for working CXX compiler: /usr/bin/c++ - skipped
-- Detecting CXX compile features
-- Detecting CXX compile features - done
-- Found ament_cmake: 1.3.10 (/opt/ros/humble/share/ament_cmake/cmake)
-- Found Python3: /usr/bin/python3 (found version "3.10.12") found components: Interpreter 
-- Found rclcpp: 16.0.10 (/opt/ros/humble/share/rclcpp/cmake)
-- Found rosidl_generator_c: 3.1.5 (/opt/ros/humble/share/rosidl_generator_c/cmake)
-- Found rosidl_adapter: 3.1.5 (/opt/ros/humble/share/rosidl_adapter/cmake)
-- Found rosidl_generator_cpp: 3.1.5 (/opt/ros/humble/share/rosidl_generator_cpp/cmake)
-- Using all available rosidl_typesupport_c: rosidl_typesupport_fastrtps_c;rosidl_typesupport_introspection_c
-- Using all available rosidl_typesupport_cpp: rosidl_typesupport_fastrtps_cpp;rosidl_typesupport_introspection_cpp
-- Found rmw_implementation_cmake: 6.1.2 (/opt/ros/humble/share/rmw_implementation_cmake/cmake)
-- Found rmw_fastrtps_cpp: 6.2.7 (/opt/ros/humble/share/rmw_fastrtps_cpp/cmake)
-- Found OpenSSL: /usr/lib/x86_64-linux-gnu/libcrypto.so (found version "3.0.2")  
-- Found FastRTPS: /opt/ros/humble/include  
-- Using RMW implementation 'rmw_fastrtps_cpp' as default
-- Looking for pthread.h
-- Looking for pthread.h - found
-- Performing Test CMAKE_HAVE_LIBC_PTHREAD
-- Performing Test CMAKE_HAVE_LIBC_PTHREAD - Success
-- Found Threads: TRUE  
-- Found rclcpp_action: 16.0.10 (/opt/ros/humble/share/rclcpp_action/cmake)
-- Found rclcpp_components: 16.0.10 (/opt/ros/humble/share/rclcpp_components/cmake)
-- Found rosidl_default_generators: 1.2.0 (/opt/ros/humble/share/rosidl_default_generators/cmake)
-- Found ament_cmake_ros: 0.10.0 (/opt/ros/humble/share/ament_cmake_ros/cmake)
-- Using all available rosidl_typesupport_c: rosidl_typesupport_fastrtps_c;rosidl_typesupport_introspection_c
-- Using all available rosidl_typesupport_cpp: rosidl_typesupport_fastrtps_cpp;rosidl_typesupport_introspection_cpp
-- Found PythonInterp: /usr/bin/python3 (found suitable version "3.10.12", minimum required is "3.6") 
-- Found python_cmake_module: 0.10.0 (/opt/ros/humble/share/python_cmake_module/cmake)
-- Found PythonLibs: /usr/lib/x86_64-linux-gnu/libpython3.10.so (found suitable version "3.10.12", minimum required is "3.5") 
-- Using PYTHON_EXECUTABLE: /usr/bin/python3
-- Using PYTHON_INCLUDE_DIRS: /usr/include/python3.10
-- Using PYTHON_LIBRARIES: /usr/lib/x86_64-linux-gnu/libpython3.10.so
-- Found PythonExtra: .so  
-- Found ament_lint_auto: 0.12.11 (/opt/ros/humble/share/ament_lint_auto/cmake)
-- Added test 'copyright' to check source files copyright and LICENSE
-- Added test 'cppcheck' to perform static code analysis on C / C++ code
-- Configured cppcheck include dirs: 
-- Configured cppcheck exclude dirs and/or files: 
-- Added test 'cpplint' to check C / C++ code against the Google style
-- Configured cpplint exclude dirs and/or files: 
-- Added test 'flake8' to check Python code syntax and style conventions
-- Added test 'lint_cmake' to check CMake code style
-- Added test 'pep257' to check Python code against some of the docstring style conventions in PEP 257
-- Added test 'uncrustify' to check C / C++ code style
-- Configured uncrustify additional arguments: 
-- Added test 'xmllint' to check XML markup files
-- Configuring done
-- Generating done
-- Build files have been written to: /home/ws/roarm_ws_em0/build/manual_move_action
[  2%] [34m[1mGenerating C code for ROS interfaces[0m
[  5%] [34m[1mGenerating C++ code for ROS interfaces[0m
[  5%] Built target ament_cmake_python_copy_manual_move_action
running egg_info
creating manual_move_action.egg-info
writing manual_move_action.egg-info/PKG-INFO
writing dependency_links to manual_move_action.egg-info/dependency_links.txt
writing top-level names to manual_move_action.egg-info/top_level.txt
writing manifest file 'manual_move_action.egg-info/SOURCES.txt'
reading manifest file 'manual_move_action.egg-info/SOURCES.txt'
writing manifest file 'manual_move_action.egg-info/SOURCES.txt'
[  5%] Built target ament_cmake_python_build_manual_move_action_egg
[  5%] Built target manual_move_action__cpp
[  8%] [34m[1mGenerating C++ type support for eProsima Fast-RTPS[0m
[ 11%] [34m[1mGenerating C++ introspection for ROS interfaces[0m
[ 14%] [34m[1mGenerating C++ type support dispatch for ROS interfaces[0m
[ 17%] [32mBuilding C object CMakeFiles/manual_move_action__rosidl_generator_c.dir/rosidl_generator_c/manual_move_action/action/detail/move_info__functions.c.o[0m
[ 20%] [32m[1mLinking C shared library libmanual_move_action__rosidl_generator_c.so[0m
[ 22%] [32mBuilding CXX object CMakeFiles/manual_move_action__rosidl_typesupport_cpp.dir/rosidl_typesupport_cpp/manual_move_action/action/move_info__type_support.cpp.o[0m
[ 22%] Built target manual_move_action__rosidl_generator_c
[ 25%] [34m[1mGenerating C type support for eProsima Fast-RTPS[0m
[ 28%] [32mBuilding CXX object CMakeFiles/manual_move_action__rosidl_typesupport_introspection_cpp.dir/rosidl_typesupport_introspection_cpp/manual_move_action/action/detail/move_info__type_support.cpp.o[0m
[ 31%] [32mBuilding CXX object CMakeFiles/manual_move_action__rosidl_typesupport_fastrtps_cpp.dir/rosidl_typesupport_fastrtps_cpp/manual_move_action/action/detail/dds_fastrtps/move_info__type_support.cpp.o[0m
[ 34%] [32m[1mLinking CXX shared library libmanual_move_action__rosidl_typesupport_cpp.so[0m
[ 34%] Built target manual_move_action__rosidl_typesupport_cpp
[ 37%] [34m[1mGenerating C introspection for ROS interfaces[0m
[ 40%] [32m[1mLinking CXX shared library libmanual_move_action__rosidl_typesupport_introspection_cpp.so[0m
[ 42%] [32mBuilding CXX object CMakeFiles/manual_move_action__rosidl_typesupport_fastrtps_c.dir/rosidl_typesupport_fastrtps_c/manual_move_action/action/detail/move_info__type_support_c.cpp.o[0m
[ 42%] Built target manual_move_action__rosidl_typesupport_introspection_cpp
[ 48%] [32m[1mLinking CXX shared library libmanual_move_action__rosidl_typesupport_fastrtps_cpp.so[0m
[ 48%] [34m[1mGenerating C type support dispatch for ROS interfaces[0m
[ 51%] [32mBuilding C object CMakeFiles/manual_move_action__rosidl_typesupport_introspection_c.dir/rosidl_typesupport_introspection_c/manual_move_action/action/detail/move_info__type_support.c.o[0m
[ 51%] Built target manual_move_action__rosidl_typesupport_fastrtps_cpp
[ 54%] [32m[1mLinking C shared library libmanual_move_action__rosidl_typesupport_introspection_c.so[0m
[ 57%] [32mBuilding CXX object CMakeFiles/manual_move_action__rosidl_typesupport_c.dir/rosidl_typesupport_c/manual_move_action/action/move_info__type_support.cpp.o[0m
[ 60%] [32mBuilding CXX object CMakeFiles/manual_move_client.dir/src/manual_move_client.cpp.o[0m
[ 60%] Built target manual_move_action__rosidl_typesupport_introspection_c
[ 62%] [32m[1mLinking CXX shared library libmanual_move_action__rosidl_typesupport_c.so[0m
[ 65%] [32m[1mLinking CXX shared library libmanual_move_action__rosidl_typesupport_fastrtps_c.so[0m
[ 68%] [32mBuilding CXX object CMakeFiles/manual_move_server.dir/src/manual_move_server.cpp.o[0m
[ 68%] Built target manual_move_action__rosidl_typesupport_c
[ 68%] Built target manual_move_action__rosidl_typesupport_fastrtps_c
