[0.137s] DEBUG:colcon:Command line arguments: ['/usr/bin/colcon', 'build', '--packages-select', 'manual_move_action']
[0.137s] DEBUG:colcon:Parsed command line arguments: Namespace(log_base=None, log_level=None, verb_name='build', build_base='build', install_base='install', merge_install=False, symlink_install=False, test_result_base=None, continue_on_error=False, executor='parallel', parallel_workers=4, event_handlers=None, ignore_user_meta=False, metas=['./colcon.meta'], base_paths=['.'], packages_ignore=None, packages_ignore_regex=None, paths=None, packages_up_to=None, packages_up_to_regex=None, packages_above=None, packages_above_and_dependencies=None, packages_above_depth=None, packages_select_by_dep=None, packages_skip_by_dep=None, packages_skip_up_to=None, packages_select_build_failed=False, packages_skip_build_finished=False, packages_select_test_failures=False, packages_skip_test_passed=False, packages_select=['manual_move_action'], packages_skip=None, packages_select_regex=None, packages_skip_regex=None, packages_start=None, packages_end=None, allow_overriding=[], cmake_args=None, cmake_target=None, cmake_target_skip_unavailable=False, cmake_clean_cache=False, cmake_clean_first=False, cmake_force_configure=False, ament_cmake_args=None, catkin_cmake_args=None, catkin_skip_building_tests=False, mixin_files=None, mixin=None, verb_parser=<colcon_mixin.mixin.mixin_argument.MixinArgumentDecorator object at 0x7fbbd3374370>, verb_extension=<colcon_core.verb.build.BuildVerb object at 0x7fbbd333bbb0>, main=<bound method BuildVerb.main of <colcon_core.verb.build.BuildVerb object at 0x7fbbd333bbb0>>, mixin_verb=('build',))
[0.286s] Level 1:colcon.colcon_core.package_discovery:discover_packages(colcon_meta) check parameters
[0.286s] Level 1:colcon.colcon_core.package_discovery:discover_packages(recursive) check parameters
[0.286s] Level 1:colcon.colcon_core.package_discovery:discover_packages(ignore) check parameters
[0.286s] Level 1:colcon.colcon_core.package_discovery:discover_packages(path) check parameters
[0.286s] Level 1:colcon.colcon_core.package_discovery:discover_packages(colcon_meta) discover
[0.286s] Level 1:colcon.colcon_core.package_discovery:discover_packages(recursive) discover
[0.286s] INFO:colcon.colcon_core.package_discovery:Crawling recursively for packages in '/home/ws/roarm_ws_em0'
[0.287s] Level 1:colcon.colcon_core.package_identification:_identify(.) by extensions ['ignore', 'ignore_ament_install']
[0.287s] Level 1:colcon.colcon_core.package_identification:_identify(.) by extension 'ignore'
[0.287s] Level 1:colcon.colcon_core.package_identification:_identify(.) by extension 'ignore_ament_install'
[0.287s] Level 1:colcon.colcon_core.package_identification:_identify(.) by extensions ['colcon_pkg']
[0.288s] Level 1:colcon.colcon_core.package_identification:_identify(.) by extension 'colcon_pkg'
[0.288s] Level 1:colcon.colcon_core.package_identification:_identify(.) by extensions ['colcon_meta']
[0.288s] Level 1:colcon.colcon_core.package_identification:_identify(.) by extension 'colcon_meta'
[0.288s] Level 1:colcon.colcon_core.package_identification:_identify(.) by extensions ['ros']
[0.288s] Level 1:colcon.colcon_core.package_identification:_identify(.) by extension 'ros'
[0.298s] Level 1:colcon.colcon_core.package_identification:_identify(.) by extensions ['cmake', 'python']
[0.298s] Level 1:colcon.colcon_core.package_identification:_identify(.) by extension 'cmake'
[0.299s] Level 1:colcon.colcon_core.package_identification:_identify(.) by extension 'python'
[0.299s] Level 1:colcon.colcon_core.package_identification:_identify(.) by extensions ['python_setup_py']
[0.299s] Level 1:colcon.colcon_core.package_identification:_identify(.) by extension 'python_setup_py'
[0.299s] Level 1:colcon.colcon_core.package_identification:_identify(build) by extensions ['ignore', 'ignore_ament_install']
[0.299s] Level 1:colcon.colcon_core.package_identification:_identify(build) by extension 'ignore'
[0.300s] Level 1:colcon.colcon_core.package_identification:_identify(build) ignored
[0.300s] Level 1:colcon.colcon_core.package_identification:_identify(images) by extensions ['ignore', 'ignore_ament_install']
[0.300s] Level 1:colcon.colcon_core.package_identification:_identify(images) by extension 'ignore'
[0.300s] Level 1:colcon.colcon_core.package_identification:_identify(images) by extension 'ignore_ament_install'
[0.300s] Level 1:colcon.colcon_core.package_identification:_identify(images) by extensions ['colcon_pkg']
[0.300s] Level 1:colcon.colcon_core.package_identification:_identify(images) by extension 'colcon_pkg'
[0.300s] Level 1:colcon.colcon_core.package_identification:_identify(images) by extensions ['colcon_meta']
[0.300s] Level 1:colcon.colcon_core.package_identification:_identify(images) by extension 'colcon_meta'
[0.300s] Level 1:colcon.colcon_core.package_identification:_identify(images) by extensions ['ros']
[0.300s] Level 1:colcon.colcon_core.package_identification:_identify(images) by extension 'ros'
[0.300s] Level 1:colcon.colcon_core.package_identification:_identify(images) by extensions ['cmake', 'python']
[0.300s] Level 1:colcon.colcon_core.package_identification:_identify(images) by extension 'cmake'
[0.300s] Level 1:colcon.colcon_core.package_identification:_identify(images) by extension 'python'
[0.300s] Level 1:colcon.colcon_core.package_identification:_identify(images) by extensions ['python_setup_py']
[0.300s] Level 1:colcon.colcon_core.package_identification:_identify(images) by extension 'python_setup_py'
[0.300s] Level 1:colcon.colcon_core.package_identification:_identify(install) by extensions ['ignore', 'ignore_ament_install']
[0.300s] Level 1:colcon.colcon_core.package_identification:_identify(install) by extension 'ignore'
[0.300s] Level 1:colcon.colcon_core.package_identification:_identify(install) ignored
[0.300s] Level 1:colcon.colcon_core.package_identification:_identify(log) by extensions ['ignore', 'ignore_ament_install']
[0.300s] Level 1:colcon.colcon_core.package_identification:_identify(log) by extension 'ignore'
[0.300s] Level 1:colcon.colcon_core.package_identification:_identify(log) ignored
[0.300s] Level 1:colcon.colcon_core.package_identification:_identify(src) by extensions ['ignore', 'ignore_ament_install']
[0.300s] Level 1:colcon.colcon_core.package_identification:_identify(src) by extension 'ignore'
[0.300s] Level 1:colcon.colcon_core.package_identification:_identify(src) by extension 'ignore_ament_install'
[0.300s] Level 1:colcon.colcon_core.package_identification:_identify(src) by extensions ['colcon_pkg']
[0.300s] Level 1:colcon.colcon_core.package_identification:_identify(src) by extension 'colcon_pkg'
[0.301s] Level 1:colcon.colcon_core.package_identification:_identify(src) by extensions ['colcon_meta']
[0.301s] Level 1:colcon.colcon_core.package_identification:_identify(src) by extension 'colcon_meta'
[0.301s] Level 1:colcon.colcon_core.package_identification:_identify(src) by extensions ['ros']
[0.301s] Level 1:colcon.colcon_core.package_identification:_identify(src) by extension 'ros'
[0.301s] Level 1:colcon.colcon_core.package_identification:_identify(src) by extensions ['cmake', 'python']
[0.301s] Level 1:colcon.colcon_core.package_identification:_identify(src) by extension 'cmake'
[0.301s] Level 1:colcon.colcon_core.package_identification:_identify(src) by extension 'python'
[0.301s] Level 1:colcon.colcon_core.package_identification:_identify(src) by extensions ['python_setup_py']
[0.301s] Level 1:colcon.colcon_core.package_identification:_identify(src) by extension 'python_setup_py'
[0.301s] Level 1:colcon.colcon_core.package_identification:_identify(src/roarm_else) by extensions ['ignore', 'ignore_ament_install']
[0.301s] Level 1:colcon.colcon_core.package_identification:_identify(src/roarm_else) by extension 'ignore'
[0.301s] Level 1:colcon.colcon_core.package_identification:_identify(src/roarm_else) by extension 'ignore_ament_install'
[0.301s] Level 1:colcon.colcon_core.package_identification:_identify(src/roarm_else) by extensions ['colcon_pkg']
[0.301s] Level 1:colcon.colcon_core.package_identification:_identify(src/roarm_else) by extension 'colcon_pkg'
[0.301s] Level 1:colcon.colcon_core.package_identification:_identify(src/roarm_else) by extensions ['colcon_meta']
[0.301s] Level 1:colcon.colcon_core.package_identification:_identify(src/roarm_else) by extension 'colcon_meta'
[0.301s] Level 1:colcon.colcon_core.package_identification:_identify(src/roarm_else) by extensions ['ros']
[0.301s] Level 1:colcon.colcon_core.package_identification:_identify(src/roarm_else) by extension 'ros'
[0.301s] Level 1:colcon.colcon_core.package_identification:_identify(src/roarm_else) by extensions ['cmake', 'python']
[0.301s] Level 1:colcon.colcon_core.package_identification:_identify(src/roarm_else) by extension 'cmake'
[0.301s] Level 1:colcon.colcon_core.package_identification:_identify(src/roarm_else) by extension 'python'
[0.301s] Level 1:colcon.colcon_core.package_identification:_identify(src/roarm_else) by extensions ['python_setup_py']
[0.301s] Level 1:colcon.colcon_core.package_identification:_identify(src/roarm_else) by extension 'python_setup_py'
[0.301s] Level 1:colcon.colcon_core.package_identification:_identify(src/roarm_else/launch_api) by extensions ['ignore', 'ignore_ament_install']
[0.301s] Level 1:colcon.colcon_core.package_identification:_identify(src/roarm_else/launch_api) by extension 'ignore'
[0.301s] Level 1:colcon.colcon_core.package_identification:_identify(src/roarm_else/launch_api) by extension 'ignore_ament_install'
[0.301s] Level 1:colcon.colcon_core.package_identification:_identify(src/roarm_else/launch_api) by extensions ['colcon_pkg']
[0.301s] Level 1:colcon.colcon_core.package_identification:_identify(src/roarm_else/launch_api) by extension 'colcon_pkg'
[0.301s] Level 1:colcon.colcon_core.package_identification:_identify(src/roarm_else/launch_api) by extensions ['colcon_meta']
[0.301s] Level 1:colcon.colcon_core.package_identification:_identify(src/roarm_else/launch_api) by extension 'colcon_meta'
[0.301s] Level 1:colcon.colcon_core.package_identification:_identify(src/roarm_else/launch_api) by extensions ['ros']
[0.301s] Level 1:colcon.colcon_core.package_identification:_identify(src/roarm_else/launch_api) by extension 'ros'
[0.305s] DEBUG:colcon.colcon_core.package_identification:Package 'src/roarm_else/launch_api' with type 'ros.ament_python' and name 'launch_api'
[0.305s] Level 1:colcon.colcon_core.package_identification:_identify(src/roarm_else/ros2web-ros2) by extensions ['ignore', 'ignore_ament_install']
[0.305s] Level 1:colcon.colcon_core.package_identification:_identify(src/roarm_else/ros2web-ros2) by extension 'ignore'
[0.305s] Level 1:colcon.colcon_core.package_identification:_identify(src/roarm_else/ros2web-ros2) by extension 'ignore_ament_install'
[0.305s] Level 1:colcon.colcon_core.package_identification:_identify(src/roarm_else/ros2web-ros2) by extensions ['colcon_pkg']
[0.305s] Level 1:colcon.colcon_core.package_identification:_identify(src/roarm_else/ros2web-ros2) by extension 'colcon_pkg'
[0.305s] Level 1:colcon.colcon_core.package_identification:_identify(src/roarm_else/ros2web-ros2) by extensions ['colcon_meta']
[0.305s] Level 1:colcon.colcon_core.package_identification:_identify(src/roarm_else/ros2web-ros2) by extension 'colcon_meta'
[0.305s] Level 1:colcon.colcon_core.package_identification:_identify(src/roarm_else/ros2web-ros2) by extensions ['ros']
[0.305s] Level 1:colcon.colcon_core.package_identification:_identify(src/roarm_else/ros2web-ros2) by extension 'ros'
[0.305s] Level 1:colcon.colcon_core.package_identification:_identify(src/roarm_else/ros2web-ros2) by extensions ['cmake', 'python']
[0.305s] Level 1:colcon.colcon_core.package_identification:_identify(src/roarm_else/ros2web-ros2) by extension 'cmake'
[0.305s] Level 1:colcon.colcon_core.package_identification:_identify(src/roarm_else/ros2web-ros2) by extension 'python'
[0.305s] Level 1:colcon.colcon_core.package_identification:_identify(src/roarm_else/ros2web-ros2) by extensions ['python_setup_py']
[0.305s] Level 1:colcon.colcon_core.package_identification:_identify(src/roarm_else/ros2web-ros2) by extension 'python_setup_py'
[0.305s] Level 1:colcon.colcon_core.package_identification:_identify(src/roarm_else/ros2web-ros2/examples) by extensions ['ignore', 'ignore_ament_install']
[0.305s] Level 1:colcon.colcon_core.package_identification:_identify(src/roarm_else/ros2web-ros2/examples) by extension 'ignore'
[0.305s] Level 1:colcon.colcon_core.package_identification:_identify(src/roarm_else/ros2web-ros2/examples) by extension 'ignore_ament_install'
[0.305s] Level 1:colcon.colcon_core.package_identification:_identify(src/roarm_else/ros2web-ros2/examples) by extensions ['colcon_pkg']
[0.305s] Level 1:colcon.colcon_core.package_identification:_identify(src/roarm_else/ros2web-ros2/examples) by extension 'colcon_pkg'
[0.306s] Level 1:colcon.colcon_core.package_identification:_identify(src/roarm_else/ros2web-ros2/examples) by extensions ['colcon_meta']
[0.306s] Level 1:colcon.colcon_core.package_identification:_identify(src/roarm_else/ros2web-ros2/examples) by extension 'colcon_meta'
[0.306s] Level 1:colcon.colcon_core.package_identification:_identify(src/roarm_else/ros2web-ros2/examples) by extensions ['ros']
[0.306s] Level 1:colcon.colcon_core.package_identification:_identify(src/roarm_else/ros2web-ros2/examples) by extension 'ros'
[0.306s] Level 1:colcon.colcon_core.package_identification:_identify(src/roarm_else/ros2web-ros2/examples) by extensions ['cmake', 'python']
[0.306s] Level 1:colcon.colcon_core.package_identification:_identify(src/roarm_else/ros2web-ros2/examples) by extension 'cmake'
[0.306s] Level 1:colcon.colcon_core.package_identification:_identify(src/roarm_else/ros2web-ros2/examples) by extension 'python'
[0.306s] Level 1:colcon.colcon_core.package_identification:_identify(src/roarm_else/ros2web-ros2/examples) by extensions ['python_setup_py']
[0.306s] Level 1:colcon.colcon_core.package_identification:_identify(src/roarm_else/ros2web-ros2/examples) by extension 'python_setup_py'
[0.306s] Level 1:colcon.colcon_core.package_identification:_identify(src/roarm_else/ros2web-ros2/examples/ros2web_example_cpp) by extensions ['ignore', 'ignore_ament_install']
[0.306s] Level 1:colcon.colcon_core.package_identification:_identify(src/roarm_else/ros2web-ros2/examples/ros2web_example_cpp) by extension 'ignore'
[0.306s] Level 1:colcon.colcon_core.package_identification:_identify(src/roarm_else/ros2web-ros2/examples/ros2web_example_cpp) ignored
[0.306s] Level 1:colcon.colcon_core.package_identification:_identify(src/roarm_else/ros2web-ros2/examples/ros2web_example_py) by extensions ['ignore', 'ignore_ament_install']
[0.306s] Level 1:colcon.colcon_core.package_identification:_identify(src/roarm_else/ros2web-ros2/examples/ros2web_example_py) by extension 'ignore'
[0.306s] Level 1:colcon.colcon_core.package_identification:_identify(src/roarm_else/ros2web-ros2/examples/ros2web_example_py) by extension 'ignore_ament_install'
[0.306s] Level 1:colcon.colcon_core.package_identification:_identify(src/roarm_else/ros2web-ros2/examples/ros2web_example_py) by extensions ['colcon_pkg']
[0.306s] Level 1:colcon.colcon_core.package_identification:_identify(src/roarm_else/ros2web-ros2/examples/ros2web_example_py) by extension 'colcon_pkg'
[0.306s] Level 1:colcon.colcon_core.package_identification:_identify(src/roarm_else/ros2web-ros2/examples/ros2web_example_py) by extensions ['colcon_meta']
[0.306s] Level 1:colcon.colcon_core.package_identification:_identify(src/roarm_else/ros2web-ros2/examples/ros2web_example_py) by extension 'colcon_meta'
[0.306s] Level 1:colcon.colcon_core.package_identification:_identify(src/roarm_else/ros2web-ros2/examples/ros2web_example_py) by extensions ['ros']
[0.306s] Level 1:colcon.colcon_core.package_identification:_identify(src/roarm_else/ros2web-ros2/examples/ros2web_example_py) by extension 'ros'
[0.307s] DEBUG:colcon.colcon_core.package_identification:Package 'src/roarm_else/ros2web-ros2/examples/ros2web_example_py' with type 'ros.ament_python' and name 'ros2web_example_py'
[0.307s] Level 1:colcon.colcon_core.package_identification:_identify(src/roarm_else/ros2web-ros2/ros2web) by extensions ['ignore', 'ignore_ament_install']
[0.308s] Level 1:colcon.colcon_core.package_identification:_identify(src/roarm_else/ros2web-ros2/ros2web) by extension 'ignore'
[0.308s] Level 1:colcon.colcon_core.package_identification:_identify(src/roarm_else/ros2web-ros2/ros2web) by extension 'ignore_ament_install'
[0.308s] Level 1:colcon.colcon_core.package_identification:_identify(src/roarm_else/ros2web-ros2/ros2web) by extensions ['colcon_pkg']
[0.308s] Level 1:colcon.colcon_core.package_identification:_identify(src/roarm_else/ros2web-ros2/ros2web) by extension 'colcon_pkg'
[0.308s] Level 1:colcon.colcon_core.package_identification:_identify(src/roarm_else/ros2web-ros2/ros2web) by extensions ['colcon_meta']
[0.308s] Level 1:colcon.colcon_core.package_identification:_identify(src/roarm_else/ros2web-ros2/ros2web) by extension 'colcon_meta'
[0.308s] Level 1:colcon.colcon_core.package_identification:_identify(src/roarm_else/ros2web-ros2/ros2web) by extensions ['ros']
[0.308s] Level 1:colcon.colcon_core.package_identification:_identify(src/roarm_else/ros2web-ros2/ros2web) by extension 'ros'
[0.309s] DEBUG:colcon.colcon_core.package_identification:Package 'src/roarm_else/ros2web-ros2/ros2web' with type 'ros.ament_python' and name 'ros2web'
[0.309s] Level 1:colcon.colcon_core.package_identification:_identify(src/roarm_else/ros2web-ros2/ros2web_interfaces) by extensions ['ignore', 'ignore_ament_install']
[0.309s] Level 1:colcon.colcon_core.package_identification:_identify(src/roarm_else/ros2web-ros2/ros2web_interfaces) by extension 'ignore'
[0.309s] Level 1:colcon.colcon_core.package_identification:_identify(src/roarm_else/ros2web-ros2/ros2web_interfaces) by extension 'ignore_ament_install'
[0.310s] Level 1:colcon.colcon_core.package_identification:_identify(src/roarm_else/ros2web-ros2/ros2web_interfaces) by extensions ['colcon_pkg']
[0.310s] Level 1:colcon.colcon_core.package_identification:_identify(src/roarm_else/ros2web-ros2/ros2web_interfaces) by extension 'colcon_pkg'
[0.310s] Level 1:colcon.colcon_core.package_identification:_identify(src/roarm_else/ros2web-ros2/ros2web_interfaces) by extensions ['colcon_meta']
[0.310s] Level 1:colcon.colcon_core.package_identification:_identify(src/roarm_else/ros2web-ros2/ros2web_interfaces) by extension 'colcon_meta'
[0.310s] Level 1:colcon.colcon_core.package_identification:_identify(src/roarm_else/ros2web-ros2/ros2web_interfaces) by extensions ['ros']
[0.310s] Level 1:colcon.colcon_core.package_identification:_identify(src/roarm_else/ros2web-ros2/ros2web_interfaces) by extension 'ros'
[0.311s] DEBUG:colcon.colcon_core.package_identification:Package 'src/roarm_else/ros2web-ros2/ros2web_interfaces' with type 'ros.ament_cmake' and name 'ros2web_interfaces'
[0.311s] Level 1:colcon.colcon_core.package_identification:_identify(src/roarm_else/ros2web_app) by extensions ['ignore', 'ignore_ament_install']
[0.311s] Level 1:colcon.colcon_core.package_identification:_identify(src/roarm_else/ros2web_app) by extension 'ignore'
[0.311s] Level 1:colcon.colcon_core.package_identification:_identify(src/roarm_else/ros2web_app) by extension 'ignore_ament_install'
[0.311s] Level 1:colcon.colcon_core.package_identification:_identify(src/roarm_else/ros2web_app) by extensions ['colcon_pkg']
[0.311s] Level 1:colcon.colcon_core.package_identification:_identify(src/roarm_else/ros2web_app) by extension 'colcon_pkg'
[0.311s] Level 1:colcon.colcon_core.package_identification:_identify(src/roarm_else/ros2web_app) by extensions ['colcon_meta']
[0.311s] Level 1:colcon.colcon_core.package_identification:_identify(src/roarm_else/ros2web_app) by extension 'colcon_meta'
[0.311s] Level 1:colcon.colcon_core.package_identification:_identify(src/roarm_else/ros2web_app) by extensions ['ros']
[0.311s] Level 1:colcon.colcon_core.package_identification:_identify(src/roarm_else/ros2web_app) by extension 'ros'
[0.312s] Level 1:colcon.colcon_core.package_identification:_identify(src/roarm_else/ros2web_app) by extensions ['cmake', 'python']
[0.312s] Level 1:colcon.colcon_core.package_identification:_identify(src/roarm_else/ros2web_app) by extension 'cmake'
[0.312s] Level 1:colcon.colcon_core.package_identification:_identify(src/roarm_else/ros2web_app) by extension 'python'
[0.312s] Level 1:colcon.colcon_core.package_identification:_identify(src/roarm_else/ros2web_app) by extensions ['python_setup_py']
[0.312s] Level 1:colcon.colcon_core.package_identification:_identify(src/roarm_else/ros2web_app) by extension 'python_setup_py'
[0.312s] Level 1:colcon.colcon_core.package_identification:_identify(src/roarm_else/ros2web_app/examples) by extensions ['ignore', 'ignore_ament_install']
[0.312s] Level 1:colcon.colcon_core.package_identification:_identify(src/roarm_else/ros2web_app/examples) by extension 'ignore'
[0.312s] Level 1:colcon.colcon_core.package_identification:_identify(src/roarm_else/ros2web_app/examples) by extension 'ignore_ament_install'
[0.312s] Level 1:colcon.colcon_core.package_identification:_identify(src/roarm_else/ros2web_app/examples) by extensions ['colcon_pkg']
[0.312s] Level 1:colcon.colcon_core.package_identification:_identify(src/roarm_else/ros2web_app/examples) by extension 'colcon_pkg'
[0.312s] Level 1:colcon.colcon_core.package_identification:_identify(src/roarm_else/ros2web_app/examples) by extensions ['colcon_meta']
[0.312s] Level 1:colcon.colcon_core.package_identification:_identify(src/roarm_else/ros2web_app/examples) by extension 'colcon_meta'
[0.312s] Level 1:colcon.colcon_core.package_identification:_identify(src/roarm_else/ros2web_app/examples) by extensions ['ros']
[0.312s] Level 1:colcon.colcon_core.package_identification:_identify(src/roarm_else/ros2web_app/examples) by extension 'ros'
[0.312s] Level 1:colcon.colcon_core.package_identification:_identify(src/roarm_else/ros2web_app/examples) by extensions ['cmake', 'python']
[0.312s] Level 1:colcon.colcon_core.package_identification:_identify(src/roarm_else/ros2web_app/examples) by extension 'cmake'
[0.312s] Level 1:colcon.colcon_core.package_identification:_identify(src/roarm_else/ros2web_app/examples) by extension 'python'
[0.312s] Level 1:colcon.colcon_core.package_identification:_identify(src/roarm_else/ros2web_app/examples) by extensions ['python_setup_py']
[0.312s] Level 1:colcon.colcon_core.package_identification:_identify(src/roarm_else/ros2web_app/examples) by extension 'python_setup_py'
[0.312s] Level 1:colcon.colcon_core.package_identification:_identify(src/roarm_else/ros2web_app/examples/ros2web_widgets) by extensions ['ignore', 'ignore_ament_install']
[0.312s] Level 1:colcon.colcon_core.package_identification:_identify(src/roarm_else/ros2web_app/examples/ros2web_widgets) by extension 'ignore'
[0.312s] Level 1:colcon.colcon_core.package_identification:_identify(src/roarm_else/ros2web_app/examples/ros2web_widgets) by extension 'ignore_ament_install'
[0.313s] Level 1:colcon.colcon_core.package_identification:_identify(src/roarm_else/ros2web_app/examples/ros2web_widgets) by extensions ['colcon_pkg']
[0.313s] Level 1:colcon.colcon_core.package_identification:_identify(src/roarm_else/ros2web_app/examples/ros2web_widgets) by extension 'colcon_pkg'
[0.313s] Level 1:colcon.colcon_core.package_identification:_identify(src/roarm_else/ros2web_app/examples/ros2web_widgets) by extensions ['colcon_meta']
[0.313s] Level 1:colcon.colcon_core.package_identification:_identify(src/roarm_else/ros2web_app/examples/ros2web_widgets) by extension 'colcon_meta'
[0.313s] Level 1:colcon.colcon_core.package_identification:_identify(src/roarm_else/ros2web_app/examples/ros2web_widgets) by extensions ['ros']
[0.313s] Level 1:colcon.colcon_core.package_identification:_identify(src/roarm_else/ros2web_app/examples/ros2web_widgets) by extension 'ros'
[0.314s] DEBUG:colcon.colcon_core.package_identification:Package 'src/roarm_else/ros2web_app/examples/ros2web_widgets' with type 'ros.ament_python' and name 'ros2web_widgets'
[0.314s] Level 1:colcon.colcon_core.package_identification:_identify(src/roarm_else/ros2web_app/ros2web_app) by extensions ['ignore', 'ignore_ament_install']
[0.314s] Level 1:colcon.colcon_core.package_identification:_identify(src/roarm_else/ros2web_app/ros2web_app) by extension 'ignore'
[0.314s] Level 1:colcon.colcon_core.package_identification:_identify(src/roarm_else/ros2web_app/ros2web_app) by extension 'ignore_ament_install'
[0.314s] Level 1:colcon.colcon_core.package_identification:_identify(src/roarm_else/ros2web_app/ros2web_app) by extensions ['colcon_pkg']
[0.314s] Level 1:colcon.colcon_core.package_identification:_identify(src/roarm_else/ros2web_app/ros2web_app) by extension 'colcon_pkg'
[0.314s] Level 1:colcon.colcon_core.package_identification:_identify(src/roarm_else/ros2web_app/ros2web_app) by extensions ['colcon_meta']
[0.314s] Level 1:colcon.colcon_core.package_identification:_identify(src/roarm_else/ros2web_app/ros2web_app) by extension 'colcon_meta'
[0.314s] Level 1:colcon.colcon_core.package_identification:_identify(src/roarm_else/ros2web_app/ros2web_app) by extensions ['ros']
[0.314s] Level 1:colcon.colcon_core.package_identification:_identify(src/roarm_else/ros2web_app/ros2web_app) by extension 'ros'
[0.315s] DEBUG:colcon.colcon_core.package_identification:Package 'src/roarm_else/ros2web_app/ros2web_app' with type 'ros.ament_python' and name 'ros2web_app'
[0.315s] Level 1:colcon.colcon_core.package_identification:_identify(src/roarm_else/ros2web_app/web_app) by extensions ['ignore', 'ignore_ament_install']
[0.315s] Level 1:colcon.colcon_core.package_identification:_identify(src/roarm_else/ros2web_app/web_app) by extension 'ignore'
[0.315s] Level 1:colcon.colcon_core.package_identification:_identify(src/roarm_else/ros2web_app/web_app) by extension 'ignore_ament_install'
[0.315s] Level 1:colcon.colcon_core.package_identification:_identify(src/roarm_else/ros2web_app/web_app) by extensions ['colcon_pkg']
[0.315s] Level 1:colcon.colcon_core.package_identification:_identify(src/roarm_else/ros2web_app/web_app) by extension 'colcon_pkg'
[0.315s] Level 1:colcon.colcon_core.package_identification:_identify(src/roarm_else/ros2web_app/web_app) by extensions ['colcon_meta']
[0.315s] Level 1:colcon.colcon_core.package_identification:_identify(src/roarm_else/ros2web_app/web_app) by extension 'colcon_meta'
[0.316s] Level 1:colcon.colcon_core.package_identification:_identify(src/roarm_else/ros2web_app/web_app) by extensions ['ros']
[0.316s] Level 1:colcon.colcon_core.package_identification:_identify(src/roarm_else/ros2web_app/web_app) by extension 'ros'
[0.316s] Level 1:colcon.colcon_core.package_identification:_identify(src/roarm_else/ros2web_app/web_app) by extensions ['cmake', 'python']
[0.316s] Level 1:colcon.colcon_core.package_identification:_identify(src/roarm_else/ros2web_app/web_app) by extension 'cmake'
[0.316s] Level 1:colcon.colcon_core.package_identification:_identify(src/roarm_else/ros2web_app/web_app) by extension 'python'
[0.316s] Level 1:colcon.colcon_core.package_identification:_identify(src/roarm_else/ros2web_app/web_app) by extensions ['python_setup_py']
[0.316s] Level 1:colcon.colcon_core.package_identification:_identify(src/roarm_else/ros2web_app/web_app) by extension 'python_setup_py'
[0.316s] Level 1:colcon.colcon_core.package_identification:_identify(src/roarm_else/ros2web_app/web_app/src) by extensions ['ignore', 'ignore_ament_install']
[0.316s] Level 1:colcon.colcon_core.package_identification:_identify(src/roarm_else/ros2web_app/web_app/src) by extension 'ignore'
[0.316s] Level 1:colcon.colcon_core.package_identification:_identify(src/roarm_else/ros2web_app/web_app/src) by extension 'ignore_ament_install'
[0.316s] Level 1:colcon.colcon_core.package_identification:_identify(src/roarm_else/ros2web_app/web_app/src) by extensions ['colcon_pkg']
[0.316s] Level 1:colcon.colcon_core.package_identification:_identify(src/roarm_else/ros2web_app/web_app/src) by extension 'colcon_pkg'
[0.316s] Level 1:colcon.colcon_core.package_identification:_identify(src/roarm_else/ros2web_app/web_app/src) by extensions ['colcon_meta']
[0.316s] Level 1:colcon.colcon_core.package_identification:_identify(src/roarm_else/ros2web_app/web_app/src) by extension 'colcon_meta'
[0.316s] Level 1:colcon.colcon_core.package_identification:_identify(src/roarm_else/ros2web_app/web_app/src) by extensions ['ros']
[0.316s] Level 1:colcon.colcon_core.package_identification:_identify(src/roarm_else/ros2web_app/web_app/src) by extension 'ros'
[0.316s] Level 1:colcon.colcon_core.package_identification:_identify(src/roarm_else/ros2web_app/web_app/src) by extensions ['cmake', 'python']
[0.316s] Level 1:colcon.colcon_core.package_identification:_identify(src/roarm_else/ros2web_app/web_app/src) by extension 'cmake'
[0.316s] Level 1:colcon.colcon_core.package_identification:_identify(src/roarm_else/ros2web_app/web_app/src) by extension 'python'
[0.316s] Level 1:colcon.colcon_core.package_identification:_identify(src/roarm_else/ros2web_app/web_app/src) by extensions ['python_setup_py']
[0.316s] Level 1:colcon.colcon_core.package_identification:_identify(src/roarm_else/ros2web_app/web_app/src) by extension 'python_setup_py'
[0.316s] Level 1:colcon.colcon_core.package_identification:_identify(src/roarm_else/ros2web_app/web_app/src/assets) by extensions ['ignore', 'ignore_ament_install']
[0.316s] Level 1:colcon.colcon_core.package_identification:_identify(src/roarm_else/ros2web_app/web_app/src/assets) by extension 'ignore'
[0.316s] Level 1:colcon.colcon_core.package_identification:_identify(src/roarm_else/ros2web_app/web_app/src/assets) by extension 'ignore_ament_install'
[0.316s] Level 1:colcon.colcon_core.package_identification:_identify(src/roarm_else/ros2web_app/web_app/src/assets) by extensions ['colcon_pkg']
[0.317s] Level 1:colcon.colcon_core.package_identification:_identify(src/roarm_else/ros2web_app/web_app/src/assets) by extension 'colcon_pkg'
[0.317s] Level 1:colcon.colcon_core.package_identification:_identify(src/roarm_else/ros2web_app/web_app/src/assets) by extensions ['colcon_meta']
[0.317s] Level 1:colcon.colcon_core.package_identification:_identify(src/roarm_else/ros2web_app/web_app/src/assets) by extension 'colcon_meta'
[0.317s] Level 1:colcon.colcon_core.package_identification:_identify(src/roarm_else/ros2web_app/web_app/src/assets) by extensions ['ros']
[0.317s] Level 1:colcon.colcon_core.package_identification:_identify(src/roarm_else/ros2web_app/web_app/src/assets) by extension 'ros'
[0.317s] Level 1:colcon.colcon_core.package_identification:_identify(src/roarm_else/ros2web_app/web_app/src/assets) by extensions ['cmake', 'python']
[0.317s] Level 1:colcon.colcon_core.package_identification:_identify(src/roarm_else/ros2web_app/web_app/src/assets) by extension 'cmake'
[0.317s] Level 1:colcon.colcon_core.package_identification:_identify(src/roarm_else/ros2web_app/web_app/src/assets) by extension 'python'
[0.317s] Level 1:colcon.colcon_core.package_identification:_identify(src/roarm_else/ros2web_app/web_app/src/assets) by extensions ['python_setup_py']
[0.317s] Level 1:colcon.colcon_core.package_identification:_identify(src/roarm_else/ros2web_app/web_app/src/assets) by extension 'python_setup_py'
[0.317s] Level 1:colcon.colcon_core.package_identification:_identify(src/roarm_else/ros2web_app/web_app/src/components) by extensions ['ignore', 'ignore_ament_install']
[0.317s] Level 1:colcon.colcon_core.package_identification:_identify(src/roarm_else/ros2web_app/web_app/src/components) by extension 'ignore'
[0.317s] Level 1:colcon.colcon_core.package_identification:_identify(src/roarm_else/ros2web_app/web_app/src/components) by extension 'ignore_ament_install'
[0.317s] Level 1:colcon.colcon_core.package_identification:_identify(src/roarm_else/ros2web_app/web_app/src/components) by extensions ['colcon_pkg']
[0.317s] Level 1:colcon.colcon_core.package_identification:_identify(src/roarm_else/ros2web_app/web_app/src/components) by extension 'colcon_pkg'
[0.317s] Level 1:colcon.colcon_core.package_identification:_identify(src/roarm_else/ros2web_app/web_app/src/components) by extensions ['colcon_meta']
[0.317s] Level 1:colcon.colcon_core.package_identification:_identify(src/roarm_else/ros2web_app/web_app/src/components) by extension 'colcon_meta'
[0.317s] Level 1:colcon.colcon_core.package_identification:_identify(src/roarm_else/ros2web_app/web_app/src/components) by extensions ['ros']
[0.317s] Level 1:colcon.colcon_core.package_identification:_identify(src/roarm_else/ros2web_app/web_app/src/components) by extension 'ros'
[0.317s] Level 1:colcon.colcon_core.package_identification:_identify(src/roarm_else/ros2web_app/web_app/src/components) by extensions ['cmake', 'python']
[0.317s] Level 1:colcon.colcon_core.package_identification:_identify(src/roarm_else/ros2web_app/web_app/src/components) by extension 'cmake'
[0.317s] Level 1:colcon.colcon_core.package_identification:_identify(src/roarm_else/ros2web_app/web_app/src/components) by extension 'python'
[0.317s] Level 1:colcon.colcon_core.package_identification:_identify(src/roarm_else/ros2web_app/web_app/src/components) by extensions ['python_setup_py']
[0.317s] Level 1:colcon.colcon_core.package_identification:_identify(src/roarm_else/ros2web_app/web_app/src/components) by extension 'python_setup_py'
[0.317s] Level 1:colcon.colcon_core.package_identification:_identify(src/roarm_else/ros2web_app/web_app/src/components/Grid) by extensions ['ignore', 'ignore_ament_install']
[0.317s] Level 1:colcon.colcon_core.package_identification:_identify(src/roarm_else/ros2web_app/web_app/src/components/Grid) by extension 'ignore'
[0.317s] Level 1:colcon.colcon_core.package_identification:_identify(src/roarm_else/ros2web_app/web_app/src/components/Grid) by extension 'ignore_ament_install'
[0.317s] Level 1:colcon.colcon_core.package_identification:_identify(src/roarm_else/ros2web_app/web_app/src/components/Grid) by extensions ['colcon_pkg']
[0.317s] Level 1:colcon.colcon_core.package_identification:_identify(src/roarm_else/ros2web_app/web_app/src/components/Grid) by extension 'colcon_pkg'
[0.317s] Level 1:colcon.colcon_core.package_identification:_identify(src/roarm_else/ros2web_app/web_app/src/components/Grid) by extensions ['colcon_meta']
[0.317s] Level 1:colcon.colcon_core.package_identification:_identify(src/roarm_else/ros2web_app/web_app/src/components/Grid) by extension 'colcon_meta'
[0.317s] Level 1:colcon.colcon_core.package_identification:_identify(src/roarm_else/ros2web_app/web_app/src/components/Grid) by extensions ['ros']
[0.318s] Level 1:colcon.colcon_core.package_identification:_identify(src/roarm_else/ros2web_app/web_app/src/components/Grid) by extension 'ros'
[0.318s] Level 1:colcon.colcon_core.package_identification:_identify(src/roarm_else/ros2web_app/web_app/src/components/Grid) by extensions ['cmake', 'python']
[0.318s] Level 1:colcon.colcon_core.package_identification:_identify(src/roarm_else/ros2web_app/web_app/src/components/Grid) by extension 'cmake'
[0.318s] Level 1:colcon.colcon_core.package_identification:_identify(src/roarm_else/ros2web_app/web_app/src/components/Grid) by extension 'python'
[0.318s] Level 1:colcon.colcon_core.package_identification:_identify(src/roarm_else/ros2web_app/web_app/src/components/Grid) by extensions ['python_setup_py']
[0.318s] Level 1:colcon.colcon_core.package_identification:_identify(src/roarm_else/ros2web_app/web_app/src/components/Grid) by extension 'python_setup_py'
[0.318s] Level 1:colcon.colcon_core.package_identification:_identify(src/roarm_else/ros2web_app/web_app/src/components/Image) by extensions ['ignore', 'ignore_ament_install']
[0.318s] Level 1:colcon.colcon_core.package_identification:_identify(src/roarm_else/ros2web_app/web_app/src/components/Image) by extension 'ignore'
[0.318s] Level 1:colcon.colcon_core.package_identification:_identify(src/roarm_else/ros2web_app/web_app/src/components/Image) by extension 'ignore_ament_install'
[0.318s] Level 1:colcon.colcon_core.package_identification:_identify(src/roarm_else/ros2web_app/web_app/src/components/Image) by extensions ['colcon_pkg']
[0.318s] Level 1:colcon.colcon_core.package_identification:_identify(src/roarm_else/ros2web_app/web_app/src/components/Image) by extension 'colcon_pkg'
[0.318s] Level 1:colcon.colcon_core.package_identification:_identify(src/roarm_else/ros2web_app/web_app/src/components/Image) by extensions ['colcon_meta']
[0.318s] Level 1:colcon.colcon_core.package_identification:_identify(src/roarm_else/ros2web_app/web_app/src/components/Image) by extension 'colcon_meta'
[0.318s] Level 1:colcon.colcon_core.package_identification:_identify(src/roarm_else/ros2web_app/web_app/src/components/Image) by extensions ['ros']
[0.318s] Level 1:colcon.colcon_core.package_identification:_identify(src/roarm_else/ros2web_app/web_app/src/components/Image) by extension 'ros'
[0.318s] Level 1:colcon.colcon_core.package_identification:_identify(src/roarm_else/ros2web_app/web_app/src/components/Image) by extensions ['cmake', 'python']
[0.318s] Level 1:colcon.colcon_core.package_identification:_identify(src/roarm_else/ros2web_app/web_app/src/components/Image) by extension 'cmake'
[0.318s] Level 1:colcon.colcon_core.package_identification:_identify(src/roarm_else/ros2web_app/web_app/src/components/Image) by extension 'python'
[0.318s] Level 1:colcon.colcon_core.package_identification:_identify(src/roarm_else/ros2web_app/web_app/src/components/Image) by extensions ['python_setup_py']
[0.318s] Level 1:colcon.colcon_core.package_identification:_identify(src/roarm_else/ros2web_app/web_app/src/components/Image) by extension 'python_setup_py'
[0.318s] Level 1:colcon.colcon_core.package_identification:_identify(src/roarm_else/ros2web_app/web_app/src/components/InputGroup) by extensions ['ignore', 'ignore_ament_install']
[0.318s] Level 1:colcon.colcon_core.package_identification:_identify(src/roarm_else/ros2web_app/web_app/src/components/InputGroup) by extension 'ignore'
[0.318s] Level 1:colcon.colcon_core.package_identification:_identify(src/roarm_else/ros2web_app/web_app/src/components/InputGroup) by extension 'ignore_ament_install'
[0.318s] Level 1:colcon.colcon_core.package_identification:_identify(src/roarm_else/ros2web_app/web_app/src/components/InputGroup) by extensions ['colcon_pkg']
[0.318s] Level 1:colcon.colcon_core.package_identification:_identify(src/roarm_else/ros2web_app/web_app/src/components/InputGroup) by extension 'colcon_pkg'
[0.318s] Level 1:colcon.colcon_core.package_identification:_identify(src/roarm_else/ros2web_app/web_app/src/components/InputGroup) by extensions ['colcon_meta']
[0.318s] Level 1:colcon.colcon_core.package_identification:_identify(src/roarm_else/ros2web_app/web_app/src/components/InputGroup) by extension 'colcon_meta'
[0.318s] Level 1:colcon.colcon_core.package_identification:_identify(src/roarm_else/ros2web_app/web_app/src/components/InputGroup) by extensions ['ros']
[0.318s] Level 1:colcon.colcon_core.package_identification:_identify(src/roarm_else/ros2web_app/web_app/src/components/InputGroup) by extension 'ros'
[0.318s] Level 1:colcon.colcon_core.package_identification:_identify(src/roarm_else/ros2web_app/web_app/src/components/InputGroup) by extensions ['cmake', 'python']
[0.318s] Level 1:colcon.colcon_core.package_identification:_identify(src/roarm_else/ros2web_app/web_app/src/components/InputGroup) by extension 'cmake'
[0.318s] Level 1:colcon.colcon_core.package_identification:_identify(src/roarm_else/ros2web_app/web_app/src/components/InputGroup) by extension 'python'
[0.318s] Level 1:colcon.colcon_core.package_identification:_identify(src/roarm_else/ros2web_app/web_app/src/components/InputGroup) by extensions ['python_setup_py']
[0.318s] Level 1:colcon.colcon_core.package_identification:_identify(src/roarm_else/ros2web_app/web_app/src/components/InputGroup) by extension 'python_setup_py'
[0.319s] Level 1:colcon.colcon_core.package_identification:_identify(src/roarm_else/ros2web_app/web_app/src/components/Joystick) by extensions ['ignore', 'ignore_ament_install']
[0.319s] Level 1:colcon.colcon_core.package_identification:_identify(src/roarm_else/ros2web_app/web_app/src/components/Joystick) by extension 'ignore'
[0.319s] Level 1:colcon.colcon_core.package_identification:_identify(src/roarm_else/ros2web_app/web_app/src/components/Joystick) by extension 'ignore_ament_install'
[0.319s] Level 1:colcon.colcon_core.package_identification:_identify(src/roarm_else/ros2web_app/web_app/src/components/Joystick) by extensions ['colcon_pkg']
[0.319s] Level 1:colcon.colcon_core.package_identification:_identify(src/roarm_else/ros2web_app/web_app/src/components/Joystick) by extension 'colcon_pkg'
[0.319s] Level 1:colcon.colcon_core.package_identification:_identify(src/roarm_else/ros2web_app/web_app/src/components/Joystick) by extensions ['colcon_meta']
[0.319s] Level 1:colcon.colcon_core.package_identification:_identify(src/roarm_else/ros2web_app/web_app/src/components/Joystick) by extension 'colcon_meta'
[0.319s] Level 1:colcon.colcon_core.package_identification:_identify(src/roarm_else/ros2web_app/web_app/src/components/Joystick) by extensions ['ros']
[0.319s] Level 1:colcon.colcon_core.package_identification:_identify(src/roarm_else/ros2web_app/web_app/src/components/Joystick) by extension 'ros'
[0.319s] Level 1:colcon.colcon_core.package_identification:_identify(src/roarm_else/ros2web_app/web_app/src/components/Joystick) by extensions ['cmake', 'python']
[0.319s] Level 1:colcon.colcon_core.package_identification:_identify(src/roarm_else/ros2web_app/web_app/src/components/Joystick) by extension 'cmake'
[0.319s] Level 1:colcon.colcon_core.package_identification:_identify(src/roarm_else/ros2web_app/web_app/src/components/Joystick) by extension 'python'
[0.319s] Level 1:colcon.colcon_core.package_identification:_identify(src/roarm_else/ros2web_app/web_app/src/components/Joystick) by extensions ['python_setup_py']
[0.319s] Level 1:colcon.colcon_core.package_identification:_identify(src/roarm_else/ros2web_app/web_app/src/components/Joystick) by extension 'python_setup_py'
[0.319s] Level 1:colcon.colcon_core.package_identification:_identify(src/roarm_else/ros2web_app/web_app/src/components/SimpleInput) by extensions ['ignore', 'ignore_ament_install']
[0.319s] Level 1:colcon.colcon_core.package_identification:_identify(src/roarm_else/ros2web_app/web_app/src/components/SimpleInput) by extension 'ignore'
[0.319s] Level 1:colcon.colcon_core.package_identification:_identify(src/roarm_else/ros2web_app/web_app/src/components/SimpleInput) by extension 'ignore_ament_install'
[0.319s] Level 1:colcon.colcon_core.package_identification:_identify(src/roarm_else/ros2web_app/web_app/src/components/SimpleInput) by extensions ['colcon_pkg']
[0.319s] Level 1:colcon.colcon_core.package_identification:_identify(src/roarm_else/ros2web_app/web_app/src/components/SimpleInput) by extension 'colcon_pkg'
[0.319s] Level 1:colcon.colcon_core.package_identification:_identify(src/roarm_else/ros2web_app/web_app/src/components/SimpleInput) by extensions ['colcon_meta']
[0.319s] Level 1:colcon.colcon_core.package_identification:_identify(src/roarm_else/ros2web_app/web_app/src/components/SimpleInput) by extension 'colcon_meta'
[0.319s] Level 1:colcon.colcon_core.package_identification:_identify(src/roarm_else/ros2web_app/web_app/src/components/SimpleInput) by extensions ['ros']
[0.319s] Level 1:colcon.colcon_core.package_identification:_identify(src/roarm_else/ros2web_app/web_app/src/components/SimpleInput) by extension 'ros'
[0.319s] Level 1:colcon.colcon_core.package_identification:_identify(src/roarm_else/ros2web_app/web_app/src/components/SimpleInput) by extensions ['cmake', 'python']
[0.319s] Level 1:colcon.colcon_core.package_identification:_identify(src/roarm_else/ros2web_app/web_app/src/components/SimpleInput) by extension 'cmake'
[0.319s] Level 1:colcon.colcon_core.package_identification:_identify(src/roarm_else/ros2web_app/web_app/src/components/SimpleInput) by extension 'python'
[0.319s] Level 1:colcon.colcon_core.package_identification:_identify(src/roarm_else/ros2web_app/web_app/src/components/SimpleInput) by extensions ['python_setup_py']
[0.319s] Level 1:colcon.colcon_core.package_identification:_identify(src/roarm_else/ros2web_app/web_app/src/components/SimpleInput) by extension 'python_setup_py'
[0.319s] Level 1:colcon.colcon_core.package_identification:_identify(src/roarm_else/ros2web_app/web_app/src/components/SimpleList) by extensions ['ignore', 'ignore_ament_install']
[0.319s] Level 1:colcon.colcon_core.package_identification:_identify(src/roarm_else/ros2web_app/web_app/src/components/SimpleList) by extension 'ignore'
[0.319s] Level 1:colcon.colcon_core.package_identification:_identify(src/roarm_else/ros2web_app/web_app/src/components/SimpleList) by extension 'ignore_ament_install'
[0.319s] Level 1:colcon.colcon_core.package_identification:_identify(src/roarm_else/ros2web_app/web_app/src/components/SimpleList) by extensions ['colcon_pkg']
[0.319s] Level 1:colcon.colcon_core.package_identification:_identify(src/roarm_else/ros2web_app/web_app/src/components/SimpleList) by extension 'colcon_pkg'
[0.320s] Level 1:colcon.colcon_core.package_identification:_identify(src/roarm_else/ros2web_app/web_app/src/components/SimpleList) by extensions ['colcon_meta']
[0.320s] Level 1:colcon.colcon_core.package_identification:_identify(src/roarm_else/ros2web_app/web_app/src/components/SimpleList) by extension 'colcon_meta'
[0.320s] Level 1:colcon.colcon_core.package_identification:_identify(src/roarm_else/ros2web_app/web_app/src/components/SimpleList) by extensions ['ros']
[0.320s] Level 1:colcon.colcon_core.package_identification:_identify(src/roarm_else/ros2web_app/web_app/src/components/SimpleList) by extension 'ros'
[0.320s] Level 1:colcon.colcon_core.package_identification:_identify(src/roarm_else/ros2web_app/web_app/src/components/SimpleList) by extensions ['cmake', 'python']
[0.320s] Level 1:colcon.colcon_core.package_identification:_identify(src/roarm_else/ros2web_app/web_app/src/components/SimpleList) by extension 'cmake'
[0.320s] Level 1:colcon.colcon_core.package_identification:_identify(src/roarm_else/ros2web_app/web_app/src/components/SimpleList) by extension 'python'
[0.320s] Level 1:colcon.colcon_core.package_identification:_identify(src/roarm_else/ros2web_app/web_app/src/components/SimpleList) by extensions ['python_setup_py']
[0.320s] Level 1:colcon.colcon_core.package_identification:_identify(src/roarm_else/ros2web_app/web_app/src/components/SimpleList) by extension 'python_setup_py'
[0.320s] Level 1:colcon.colcon_core.package_identification:_identify(src/roarm_else/ros2web_app/web_app/src/components/Slider) by extensions ['ignore', 'ignore_ament_install']
[0.320s] Level 1:colcon.colcon_core.package_identification:_identify(src/roarm_else/ros2web_app/web_app/src/components/Slider) by extension 'ignore'
[0.320s] Level 1:colcon.colcon_core.package_identification:_identify(src/roarm_else/ros2web_app/web_app/src/components/Slider) by extension 'ignore_ament_install'
[0.320s] Level 1:colcon.colcon_core.package_identification:_identify(src/roarm_else/ros2web_app/web_app/src/components/Slider) by extensions ['colcon_pkg']
[0.320s] Level 1:colcon.colcon_core.package_identification:_identify(src/roarm_else/ros2web_app/web_app/src/components/Slider) by extension 'colcon_pkg'
[0.320s] Level 1:colcon.colcon_core.package_identification:_identify(src/roarm_else/ros2web_app/web_app/src/components/Slider) by extensions ['colcon_meta']
[0.320s] Level 1:colcon.colcon_core.package_identification:_identify(src/roarm_else/ros2web_app/web_app/src/components/Slider) by extension 'colcon_meta'
[0.320s] Level 1:colcon.colcon_core.package_identification:_identify(src/roarm_else/ros2web_app/web_app/src/components/Slider) by extensions ['ros']
[0.320s] Level 1:colcon.colcon_core.package_identification:_identify(src/roarm_else/ros2web_app/web_app/src/components/Slider) by extension 'ros'
[0.320s] Level 1:colcon.colcon_core.package_identification:_identify(src/roarm_else/ros2web_app/web_app/src/components/Slider) by extensions ['cmake', 'python']
[0.320s] Level 1:colcon.colcon_core.package_identification:_identify(src/roarm_else/ros2web_app/web_app/src/components/Slider) by extension 'cmake'
[0.320s] Level 1:colcon.colcon_core.package_identification:_identify(src/roarm_else/ros2web_app/web_app/src/components/Slider) by extension 'python'
[0.320s] Level 1:colcon.colcon_core.package_identification:_identify(src/roarm_else/ros2web_app/web_app/src/components/Slider) by extensions ['python_setup_py']
[0.320s] Level 1:colcon.colcon_core.package_identification:_identify(src/roarm_else/ros2web_app/web_app/src/components/Slider) by extension 'python_setup_py'
[0.320s] Level 1:colcon.colcon_core.package_identification:_identify(src/roarm_else/ros2web_app/web_app/src/components/Switch) by extensions ['ignore', 'ignore_ament_install']
[0.320s] Level 1:colcon.colcon_core.package_identification:_identify(src/roarm_else/ros2web_app/web_app/src/components/Switch) by extension 'ignore'
[0.320s] Level 1:colcon.colcon_core.package_identification:_identify(src/roarm_else/ros2web_app/web_app/src/components/Switch) by extension 'ignore_ament_install'
[0.320s] Level 1:colcon.colcon_core.package_identification:_identify(src/roarm_else/ros2web_app/web_app/src/components/Switch) by extensions ['colcon_pkg']
[0.320s] Level 1:colcon.colcon_core.package_identification:_identify(src/roarm_else/ros2web_app/web_app/src/components/Switch) by extension 'colcon_pkg'
[0.320s] Level 1:colcon.colcon_core.package_identification:_identify(src/roarm_else/ros2web_app/web_app/src/components/Switch) by extensions ['colcon_meta']
[0.320s] Level 1:colcon.colcon_core.package_identification:_identify(src/roarm_else/ros2web_app/web_app/src/components/Switch) by extension 'colcon_meta'
[0.320s] Level 1:colcon.colcon_core.package_identification:_identify(src/roarm_else/ros2web_app/web_app/src/components/Switch) by extensions ['ros']
[0.320s] Level 1:colcon.colcon_core.package_identification:_identify(src/roarm_else/ros2web_app/web_app/src/components/Switch) by extension 'ros'
[0.320s] Level 1:colcon.colcon_core.package_identification:_identify(src/roarm_else/ros2web_app/web_app/src/components/Switch) by extensions ['cmake', 'python']
[0.320s] Level 1:colcon.colcon_core.package_identification:_identify(src/roarm_else/ros2web_app/web_app/src/components/Switch) by extension 'cmake'
[0.320s] Level 1:colcon.colcon_core.package_identification:_identify(src/roarm_else/ros2web_app/web_app/src/components/Switch) by extension 'python'
[0.321s] Level 1:colcon.colcon_core.package_identification:_identify(src/roarm_else/ros2web_app/web_app/src/components/Switch) by extensions ['python_setup_py']
[0.321s] Level 1:colcon.colcon_core.package_identification:_identify(src/roarm_else/ros2web_app/web_app/src/components/Switch) by extension 'python_setup_py'
[0.321s] Level 1:colcon.colcon_core.package_identification:_identify(src/roarm_else/ros2web_app/web_app/src/containers) by extensions ['ignore', 'ignore_ament_install']
[0.321s] Level 1:colcon.colcon_core.package_identification:_identify(src/roarm_else/ros2web_app/web_app/src/containers) by extension 'ignore'
[0.321s] Level 1:colcon.colcon_core.package_identification:_identify(src/roarm_else/ros2web_app/web_app/src/containers) by extension 'ignore_ament_install'
[0.321s] Level 1:colcon.colcon_core.package_identification:_identify(src/roarm_else/ros2web_app/web_app/src/containers) by extensions ['colcon_pkg']
[0.321s] Level 1:colcon.colcon_core.package_identification:_identify(src/roarm_else/ros2web_app/web_app/src/containers) by extension 'colcon_pkg'
[0.321s] Level 1:colcon.colcon_core.package_identification:_identify(src/roarm_else/ros2web_app/web_app/src/containers) by extensions ['colcon_meta']
[0.321s] Level 1:colcon.colcon_core.package_identification:_identify(src/roarm_else/ros2web_app/web_app/src/containers) by extension 'colcon_meta'
[0.321s] Level 1:colcon.colcon_core.package_identification:_identify(src/roarm_else/ros2web_app/web_app/src/containers) by extensions ['ros']
[0.321s] Level 1:colcon.colcon_core.package_identification:_identify(src/roarm_else/ros2web_app/web_app/src/containers) by extension 'ros'
[0.321s] Level 1:colcon.colcon_core.package_identification:_identify(src/roarm_else/ros2web_app/web_app/src/containers) by extensions ['cmake', 'python']
[0.321s] Level 1:colcon.colcon_core.package_identification:_identify(src/roarm_else/ros2web_app/web_app/src/containers) by extension 'cmake'
[0.321s] Level 1:colcon.colcon_core.package_identification:_identify(src/roarm_else/ros2web_app/web_app/src/containers) by extension 'python'
[0.321s] Level 1:colcon.colcon_core.package_identification:_identify(src/roarm_else/ros2web_app/web_app/src/containers) by extensions ['python_setup_py']
[0.321s] Level 1:colcon.colcon_core.package_identification:_identify(src/roarm_else/ros2web_app/web_app/src/containers) by extension 'python_setup_py'
[0.321s] Level 1:colcon.colcon_core.package_identification:_identify(src/roarm_else/ros2web_app/web_app/src/containers/App) by extensions ['ignore', 'ignore_ament_install']
[0.321s] Level 1:colcon.colcon_core.package_identification:_identify(src/roarm_else/ros2web_app/web_app/src/containers/App) by extension 'ignore'
[0.321s] Level 1:colcon.colcon_core.package_identification:_identify(src/roarm_else/ros2web_app/web_app/src/containers/App) by extension 'ignore_ament_install'
[0.321s] Level 1:colcon.colcon_core.package_identification:_identify(src/roarm_else/ros2web_app/web_app/src/containers/App) by extensions ['colcon_pkg']
[0.321s] Level 1:colcon.colcon_core.package_identification:_identify(src/roarm_else/ros2web_app/web_app/src/containers/App) by extension 'colcon_pkg'
[0.321s] Level 1:colcon.colcon_core.package_identification:_identify(src/roarm_else/ros2web_app/web_app/src/containers/App) by extensions ['colcon_meta']
[0.321s] Level 1:colcon.colcon_core.package_identification:_identify(src/roarm_else/ros2web_app/web_app/src/containers/App) by extension 'colcon_meta'
[0.321s] Level 1:colcon.colcon_core.package_identification:_identify(src/roarm_else/ros2web_app/web_app/src/containers/App) by extensions ['ros']
[0.321s] Level 1:colcon.colcon_core.package_identification:_identify(src/roarm_else/ros2web_app/web_app/src/containers/App) by extension 'ros'
[0.321s] Level 1:colcon.colcon_core.package_identification:_identify(src/roarm_else/ros2web_app/web_app/src/containers/App) by extensions ['cmake', 'python']
[0.321s] Level 1:colcon.colcon_core.package_identification:_identify(src/roarm_else/ros2web_app/web_app/src/containers/App) by extension 'cmake'
[0.321s] Level 1:colcon.colcon_core.package_identification:_identify(src/roarm_else/ros2web_app/web_app/src/containers/App) by extension 'python'
[0.321s] Level 1:colcon.colcon_core.package_identification:_identify(src/roarm_else/ros2web_app/web_app/src/containers/App) by extensions ['python_setup_py']
[0.321s] Level 1:colcon.colcon_core.package_identification:_identify(src/roarm_else/ros2web_app/web_app/src/containers/App) by extension 'python_setup_py'
[0.321s] Level 1:colcon.colcon_core.package_identification:_identify(src/roarm_else/ros2web_app/web_app/src/hooks) by extensions ['ignore', 'ignore_ament_install']
[0.321s] Level 1:colcon.colcon_core.package_identification:_identify(src/roarm_else/ros2web_app/web_app/src/hooks) by extension 'ignore'
[0.322s] Level 1:colcon.colcon_core.package_identification:_identify(src/roarm_else/ros2web_app/web_app/src/hooks) by extension 'ignore_ament_install'
[0.322s] Level 1:colcon.colcon_core.package_identification:_identify(src/roarm_else/ros2web_app/web_app/src/hooks) by extensions ['colcon_pkg']
[0.322s] Level 1:colcon.colcon_core.package_identification:_identify(src/roarm_else/ros2web_app/web_app/src/hooks) by extension 'colcon_pkg'
[0.322s] Level 1:colcon.colcon_core.package_identification:_identify(src/roarm_else/ros2web_app/web_app/src/hooks) by extensions ['colcon_meta']
[0.322s] Level 1:colcon.colcon_core.package_identification:_identify(src/roarm_else/ros2web_app/web_app/src/hooks) by extension 'colcon_meta'
[0.322s] Level 1:colcon.colcon_core.package_identification:_identify(src/roarm_else/ros2web_app/web_app/src/hooks) by extensions ['ros']
[0.322s] Level 1:colcon.colcon_core.package_identification:_identify(src/roarm_else/ros2web_app/web_app/src/hooks) by extension 'ros'
[0.322s] Level 1:colcon.colcon_core.package_identification:_identify(src/roarm_else/ros2web_app/web_app/src/hooks) by extensions ['cmake', 'python']
[0.322s] Level 1:colcon.colcon_core.package_identification:_identify(src/roarm_else/ros2web_app/web_app/src/hooks) by extension 'cmake'
[0.322s] Level 1:colcon.colcon_core.package_identification:_identify(src/roarm_else/ros2web_app/web_app/src/hooks) by extension 'python'
[0.322s] Level 1:colcon.colcon_core.package_identification:_identify(src/roarm_else/ros2web_app/web_app/src/hooks) by extensions ['python_setup_py']
[0.322s] Level 1:colcon.colcon_core.package_identification:_identify(src/roarm_else/ros2web_app/web_app/src/hooks) by extension 'python_setup_py'
[0.322s] Level 1:colcon.colcon_core.package_identification:_identify(src/roarm_else/ros2web_app/web_app/src/routes) by extensions ['ignore', 'ignore_ament_install']
[0.322s] Level 1:colcon.colcon_core.package_identification:_identify(src/roarm_else/ros2web_app/web_app/src/routes) by extension 'ignore'
[0.322s] Level 1:colcon.colcon_core.package_identification:_identify(src/roarm_else/ros2web_app/web_app/src/routes) by extension 'ignore_ament_install'
[0.322s] Level 1:colcon.colcon_core.package_identification:_identify(src/roarm_else/ros2web_app/web_app/src/routes) by extensions ['colcon_pkg']
[0.322s] Level 1:colcon.colcon_core.package_identification:_identify(src/roarm_else/ros2web_app/web_app/src/routes) by extension 'colcon_pkg'
[0.322s] Level 1:colcon.colcon_core.package_identification:_identify(src/roarm_else/ros2web_app/web_app/src/routes) by extensions ['colcon_meta']
[0.322s] Level 1:colcon.colcon_core.package_identification:_identify(src/roarm_else/ros2web_app/web_app/src/routes) by extension 'colcon_meta'
[0.322s] Level 1:colcon.colcon_core.package_identification:_identify(src/roarm_else/ros2web_app/web_app/src/routes) by extensions ['ros']
[0.322s] Level 1:colcon.colcon_core.package_identification:_identify(src/roarm_else/ros2web_app/web_app/src/routes) by extension 'ros'
[0.322s] Level 1:colcon.colcon_core.package_identification:_identify(src/roarm_else/ros2web_app/web_app/src/routes) by extensions ['cmake', 'python']
[0.322s] Level 1:colcon.colcon_core.package_identification:_identify(src/roarm_else/ros2web_app/web_app/src/routes) by extension 'cmake'
[0.322s] Level 1:colcon.colcon_core.package_identification:_identify(src/roarm_else/ros2web_app/web_app/src/routes) by extension 'python'
[0.322s] Level 1:colcon.colcon_core.package_identification:_identify(src/roarm_else/ros2web_app/web_app/src/routes) by extensions ['python_setup_py']
[0.322s] Level 1:colcon.colcon_core.package_identification:_identify(src/roarm_else/ros2web_app/web_app/src/routes) by extension 'python_setup_py'
[0.322s] Level 1:colcon.colcon_core.package_identification:_identify(src/roarm_else/ros2web_app/web_app/src/styles) by extensions ['ignore', 'ignore_ament_install']
[0.322s] Level 1:colcon.colcon_core.package_identification:_identify(src/roarm_else/ros2web_app/web_app/src/styles) by extension 'ignore'
[0.322s] Level 1:colcon.colcon_core.package_identification:_identify(src/roarm_else/ros2web_app/web_app/src/styles) by extension 'ignore_ament_install'
[0.323s] Level 1:colcon.colcon_core.package_identification:_identify(src/roarm_else/ros2web_app/web_app/src/styles) by extensions ['colcon_pkg']
[0.323s] Level 1:colcon.colcon_core.package_identification:_identify(src/roarm_else/ros2web_app/web_app/src/styles) by extension 'colcon_pkg'
[0.323s] Level 1:colcon.colcon_core.package_identification:_identify(src/roarm_else/ros2web_app/web_app/src/styles) by extensions ['colcon_meta']
[0.323s] Level 1:colcon.colcon_core.package_identification:_identify(src/roarm_else/ros2web_app/web_app/src/styles) by extension 'colcon_meta'
[0.323s] Level 1:colcon.colcon_core.package_identification:_identify(src/roarm_else/ros2web_app/web_app/src/styles) by extensions ['ros']
[0.323s] Level 1:colcon.colcon_core.package_identification:_identify(src/roarm_else/ros2web_app/web_app/src/styles) by extension 'ros'
[0.323s] Level 1:colcon.colcon_core.package_identification:_identify(src/roarm_else/ros2web_app/web_app/src/styles) by extensions ['cmake', 'python']
[0.323s] Level 1:colcon.colcon_core.package_identification:_identify(src/roarm_else/ros2web_app/web_app/src/styles) by extension 'cmake'
[0.323s] Level 1:colcon.colcon_core.package_identification:_identify(src/roarm_else/ros2web_app/web_app/src/styles) by extension 'python'
[0.323s] Level 1:colcon.colcon_core.package_identification:_identify(src/roarm_else/ros2web_app/web_app/src/styles) by extensions ['python_setup_py']
[0.323s] Level 1:colcon.colcon_core.package_identification:_identify(src/roarm_else/ros2web_app/web_app/src/styles) by extension 'python_setup_py'
[0.323s] Level 1:colcon.colcon_core.package_identification:_identify(src/roarm_else/ros2web_app/web_app/src/utils) by extensions ['ignore', 'ignore_ament_install']
[0.323s] Level 1:colcon.colcon_core.package_identification:_identify(src/roarm_else/ros2web_app/web_app/src/utils) by extension 'ignore'
[0.323s] Level 1:colcon.colcon_core.package_identification:_identify(src/roarm_else/ros2web_app/web_app/src/utils) by extension 'ignore_ament_install'
[0.323s] Level 1:colcon.colcon_core.package_identification:_identify(src/roarm_else/ros2web_app/web_app/src/utils) by extensions ['colcon_pkg']
[0.323s] Level 1:colcon.colcon_core.package_identification:_identify(src/roarm_else/ros2web_app/web_app/src/utils) by extension 'colcon_pkg'
[0.323s] Level 1:colcon.colcon_core.package_identification:_identify(src/roarm_else/ros2web_app/web_app/src/utils) by extensions ['colcon_meta']
[0.323s] Level 1:colcon.colcon_core.package_identification:_identify(src/roarm_else/ros2web_app/web_app/src/utils) by extension 'colcon_meta'
[0.323s] Level 1:colcon.colcon_core.package_identification:_identify(src/roarm_else/ros2web_app/web_app/src/utils) by extensions ['ros']
[0.323s] Level 1:colcon.colcon_core.package_identification:_identify(src/roarm_else/ros2web_app/web_app/src/utils) by extension 'ros'
[0.323s] Level 1:colcon.colcon_core.package_identification:_identify(src/roarm_else/ros2web_app/web_app/src/utils) by extensions ['cmake', 'python']
[0.323s] Level 1:colcon.colcon_core.package_identification:_identify(src/roarm_else/ros2web_app/web_app/src/utils) by extension 'cmake'
[0.323s] Level 1:colcon.colcon_core.package_identification:_identify(src/roarm_else/ros2web_app/web_app/src/utils) by extension 'python'
[0.323s] Level 1:colcon.colcon_core.package_identification:_identify(src/roarm_else/ros2web_app/web_app/src/utils) by extensions ['python_setup_py']
[0.323s] Level 1:colcon.colcon_core.package_identification:_identify(src/roarm_else/ros2web_app/web_app/src/utils) by extension 'python_setup_py'
[0.323s] Level 1:colcon.colcon_core.package_identification:_identify(src/roarm_main) by extensions ['ignore', 'ignore_ament_install']
[0.323s] Level 1:colcon.colcon_core.package_identification:_identify(src/roarm_main) by extension 'ignore'
[0.323s] Level 1:colcon.colcon_core.package_identification:_identify(src/roarm_main) by extension 'ignore_ament_install'
[0.323s] Level 1:colcon.colcon_core.package_identification:_identify(src/roarm_main) by extensions ['colcon_pkg']
[0.323s] Level 1:colcon.colcon_core.package_identification:_identify(src/roarm_main) by extension 'colcon_pkg'
[0.323s] Level 1:colcon.colcon_core.package_identification:_identify(src/roarm_main) by extensions ['colcon_meta']
[0.323s] Level 1:colcon.colcon_core.package_identification:_identify(src/roarm_main) by extension 'colcon_meta'
[0.323s] Level 1:colcon.colcon_core.package_identification:_identify(src/roarm_main) by extensions ['ros']
[0.323s] Level 1:colcon.colcon_core.package_identification:_identify(src/roarm_main) by extension 'ros'
[0.323s] Level 1:colcon.colcon_core.package_identification:_identify(src/roarm_main) by extensions ['cmake', 'python']
[0.323s] Level 1:colcon.colcon_core.package_identification:_identify(src/roarm_main) by extension 'cmake'
[0.323s] Level 1:colcon.colcon_core.package_identification:_identify(src/roarm_main) by extension 'python'
[0.324s] Level 1:colcon.colcon_core.package_identification:_identify(src/roarm_main) by extensions ['python_setup_py']
[0.324s] Level 1:colcon.colcon_core.package_identification:_identify(src/roarm_main) by extension 'python_setup_py'
[0.324s] Level 1:colcon.colcon_core.package_identification:_identify(src/roarm_main/log) by extensions ['ignore', 'ignore_ament_install']
[0.324s] Level 1:colcon.colcon_core.package_identification:_identify(src/roarm_main/log) by extension 'ignore'
[0.324s] Level 1:colcon.colcon_core.package_identification:_identify(src/roarm_main/log) ignored
[0.324s] Level 1:colcon.colcon_core.package_identification:_identify(src/roarm_main/manual_move_action) by extensions ['ignore', 'ignore_ament_install']
[0.324s] Level 1:colcon.colcon_core.package_identification:_identify(src/roarm_main/manual_move_action) by extension 'ignore'
[0.324s] Level 1:colcon.colcon_core.package_identification:_identify(src/roarm_main/manual_move_action) by extension 'ignore_ament_install'
[0.324s] Level 1:colcon.colcon_core.package_identification:_identify(src/roarm_main/manual_move_action) by extensions ['colcon_pkg']
[0.324s] Level 1:colcon.colcon_core.package_identification:_identify(src/roarm_main/manual_move_action) by extension 'colcon_pkg'
[0.324s] Level 1:colcon.colcon_core.package_identification:_identify(src/roarm_main/manual_move_action) by extensions ['colcon_meta']
[0.324s] Level 1:colcon.colcon_core.package_identification:_identify(src/roarm_main/manual_move_action) by extension 'colcon_meta'
[0.324s] Level 1:colcon.colcon_core.package_identification:_identify(src/roarm_main/manual_move_action) by extensions ['ros']
[0.324s] Level 1:colcon.colcon_core.package_identification:_identify(src/roarm_main/manual_move_action) by extension 'ros'
[0.325s] DEBUG:colcon.colcon_core.package_identification:Package 'src/roarm_main/manual_move_action' with type 'ros.ament_cmake' and name 'manual_move_action'
[0.325s] Level 1:colcon.colcon_core.package_identification:_identify(src/roarm_main/moveit_servo) by extensions ['ignore', 'ignore_ament_install']
[0.325s] Level 1:colcon.colcon_core.package_identification:_identify(src/roarm_main/moveit_servo) by extension 'ignore'
[0.325s] Level 1:colcon.colcon_core.package_identification:_identify(src/roarm_main/moveit_servo) by extension 'ignore_ament_install'
[0.325s] Level 1:colcon.colcon_core.package_identification:_identify(src/roarm_main/moveit_servo) by extensions ['colcon_pkg']
[0.325s] Level 1:colcon.colcon_core.package_identification:_identify(src/roarm_main/moveit_servo) by extension 'colcon_pkg'
[0.325s] Level 1:colcon.colcon_core.package_identification:_identify(src/roarm_main/moveit_servo) by extensions ['colcon_meta']
[0.325s] Level 1:colcon.colcon_core.package_identification:_identify(src/roarm_main/moveit_servo) by extension 'colcon_meta'
[0.325s] Level 1:colcon.colcon_core.package_identification:_identify(src/roarm_main/moveit_servo) by extensions ['ros']
[0.325s] Level 1:colcon.colcon_core.package_identification:_identify(src/roarm_main/moveit_servo) by extension 'ros'
[0.327s] DEBUG:colcon.colcon_core.package_identification:Package 'src/roarm_main/moveit_servo' with type 'ros.ament_cmake' and name 'moveit_servo'
[0.327s] Level 1:colcon.colcon_core.package_identification:_identify(src/roarm_main/roarm_description) by extensions ['ignore', 'ignore_ament_install']
[0.327s] Level 1:colcon.colcon_core.package_identification:_identify(src/roarm_main/roarm_description) by extension 'ignore'
[0.327s] Level 1:colcon.colcon_core.package_identification:_identify(src/roarm_main/roarm_description) by extension 'ignore_ament_install'
[0.327s] Level 1:colcon.colcon_core.package_identification:_identify(src/roarm_main/roarm_description) by extensions ['colcon_pkg']
[0.327s] Level 1:colcon.colcon_core.package_identification:_identify(src/roarm_main/roarm_description) by extension 'colcon_pkg'
[0.327s] Level 1:colcon.colcon_core.package_identification:_identify(src/roarm_main/roarm_description) by extensions ['colcon_meta']
[0.327s] Level 1:colcon.colcon_core.package_identification:_identify(src/roarm_main/roarm_description) by extension 'colcon_meta'
[0.327s] Level 1:colcon.colcon_core.package_identification:_identify(src/roarm_main/roarm_description) by extensions ['ros']
[0.327s] Level 1:colcon.colcon_core.package_identification:_identify(src/roarm_main/roarm_description) by extension 'ros'
[0.328s] DEBUG:colcon.colcon_core.package_identification:Package 'src/roarm_main/roarm_description' with type 'ros.ament_cmake' and name 'roarm_description'
[0.328s] Level 1:colcon.colcon_core.package_identification:_identify(src/roarm_main/roarm_driver) by extensions ['ignore', 'ignore_ament_install']
[0.328s] Level 1:colcon.colcon_core.package_identification:_identify(src/roarm_main/roarm_driver) by extension 'ignore'
[0.328s] Level 1:colcon.colcon_core.package_identification:_identify(src/roarm_main/roarm_driver) by extension 'ignore_ament_install'
[0.328s] Level 1:colcon.colcon_core.package_identification:_identify(src/roarm_main/roarm_driver) by extensions ['colcon_pkg']
[0.328s] Level 1:colcon.colcon_core.package_identification:_identify(src/roarm_main/roarm_driver) by extension 'colcon_pkg'
[0.329s] Level 1:colcon.colcon_core.package_identification:_identify(src/roarm_main/roarm_driver) by extensions ['colcon_meta']
[0.329s] Level 1:colcon.colcon_core.package_identification:_identify(src/roarm_main/roarm_driver) by extension 'colcon_meta'
[0.329s] Level 1:colcon.colcon_core.package_identification:_identify(src/roarm_main/roarm_driver) by extensions ['ros']
[0.329s] Level 1:colcon.colcon_core.package_identification:_identify(src/roarm_main/roarm_driver) by extension 'ros'
[0.329s] DEBUG:colcon.colcon_core.package_identification:Package 'src/roarm_main/roarm_driver' with type 'ros.ament_python' and name 'roarm_driver'
[0.329s] Level 1:colcon.colcon_core.package_identification:_identify(src/roarm_main/roarm_moveit) by extensions ['ignore', 'ignore_ament_install']
[0.329s] Level 1:colcon.colcon_core.package_identification:_identify(src/roarm_main/roarm_moveit) by extension 'ignore'
[0.330s] Level 1:colcon.colcon_core.package_identification:_identify(src/roarm_main/roarm_moveit) by extension 'ignore_ament_install'
[0.330s] Level 1:colcon.colcon_core.package_identification:_identify(src/roarm_main/roarm_moveit) by extensions ['colcon_pkg']
[0.330s] Level 1:colcon.colcon_core.package_identification:_identify(src/roarm_main/roarm_moveit) by extension 'colcon_pkg'
[0.330s] Level 1:colcon.colcon_core.package_identification:_identify(src/roarm_main/roarm_moveit) by extensions ['colcon_meta']
[0.330s] Level 1:colcon.colcon_core.package_identification:_identify(src/roarm_main/roarm_moveit) by extension 'colcon_meta'
[0.330s] Level 1:colcon.colcon_core.package_identification:_identify(src/roarm_main/roarm_moveit) by extensions ['ros']
[0.330s] Level 1:colcon.colcon_core.package_identification:_identify(src/roarm_main/roarm_moveit) by extension 'ros'
[0.331s] DEBUG:colcon.colcon_core.package_identification:Package 'src/roarm_main/roarm_moveit' with type 'ros.ament_cmake' and name 'roarm_moveit'
[0.331s] Level 1:colcon.colcon_core.package_identification:_identify(src/roarm_main/roarm_moveit_cmd) by extensions ['ignore', 'ignore_ament_install']
[0.331s] Level 1:colcon.colcon_core.package_identification:_identify(src/roarm_main/roarm_moveit_cmd) by extension 'ignore'
[0.331s] Level 1:colcon.colcon_core.package_identification:_identify(src/roarm_main/roarm_moveit_cmd) by extension 'ignore_ament_install'
[0.331s] Level 1:colcon.colcon_core.package_identification:_identify(src/roarm_main/roarm_moveit_cmd) by extensions ['colcon_pkg']
[0.331s] Level 1:colcon.colcon_core.package_identification:_identify(src/roarm_main/roarm_moveit_cmd) by extension 'colcon_pkg'
[0.331s] Level 1:colcon.colcon_core.package_identification:_identify(src/roarm_main/roarm_moveit_cmd) by extensions ['colcon_meta']
[0.331s] Level 1:colcon.colcon_core.package_identification:_identify(src/roarm_main/roarm_moveit_cmd) by extension 'colcon_meta'
[0.331s] Level 1:colcon.colcon_core.package_identification:_identify(src/roarm_main/roarm_moveit_cmd) by extensions ['ros']
[0.331s] Level 1:colcon.colcon_core.package_identification:_identify(src/roarm_main/roarm_moveit_cmd) by extension 'ros'
[0.333s] DEBUG:colcon.colcon_core.package_identification:Package 'src/roarm_main/roarm_moveit_cmd' with type 'ros.ament_cmake' and name 'roarm_moveit_cmd'
[0.333s] Level 1:colcon.colcon_core.package_identification:_identify(src/roarm_main/roarm_moveit_ikfast_plugins) by extensions ['ignore', 'ignore_ament_install']
[0.333s] Level 1:colcon.colcon_core.package_identification:_identify(src/roarm_main/roarm_moveit_ikfast_plugins) by extension 'ignore'
[0.333s] Level 1:colcon.colcon_core.package_identification:_identify(src/roarm_main/roarm_moveit_ikfast_plugins) by extension 'ignore_ament_install'
[0.333s] Level 1:colcon.colcon_core.package_identification:_identify(src/roarm_main/roarm_moveit_ikfast_plugins) by extensions ['colcon_pkg']
[0.333s] Level 1:colcon.colcon_core.package_identification:_identify(src/roarm_main/roarm_moveit_ikfast_plugins) by extension 'colcon_pkg'
[0.333s] Level 1:colcon.colcon_core.package_identification:_identify(src/roarm_main/roarm_moveit_ikfast_plugins) by extensions ['colcon_meta']
[0.333s] Level 1:colcon.colcon_core.package_identification:_identify(src/roarm_main/roarm_moveit_ikfast_plugins) by extension 'colcon_meta'
[0.333s] Level 1:colcon.colcon_core.package_identification:_identify(src/roarm_main/roarm_moveit_ikfast_plugins) by extensions ['ros']
[0.333s] Level 1:colcon.colcon_core.package_identification:_identify(src/roarm_main/roarm_moveit_ikfast_plugins) by extension 'ros'
[0.334s] DEBUG:colcon.colcon_core.package_identification:Package 'src/roarm_main/roarm_moveit_ikfast_plugins' with type 'ros.ament_cmake' and name 'roarm_moveit_ikfast_plugins'
[0.334s] Level 1:colcon.colcon_core.package_identification:_identify(src/roarm_main/roarm_web_app) by extensions ['ignore', 'ignore_ament_install']
[0.334s] Level 1:colcon.colcon_core.package_identification:_identify(src/roarm_main/roarm_web_app) by extension 'ignore'
[0.334s] Level 1:colcon.colcon_core.package_identification:_identify(src/roarm_main/roarm_web_app) by extension 'ignore_ament_install'
[0.334s] Level 1:colcon.colcon_core.package_identification:_identify(src/roarm_main/roarm_web_app) by extensions ['colcon_pkg']
[0.334s] Level 1:colcon.colcon_core.package_identification:_identify(src/roarm_main/roarm_web_app) by extension 'colcon_pkg'
[0.335s] Level 1:colcon.colcon_core.package_identification:_identify(src/roarm_main/roarm_web_app) by extensions ['colcon_meta']
[0.335s] Level 1:colcon.colcon_core.package_identification:_identify(src/roarm_main/roarm_web_app) by extension 'colcon_meta'
[0.335s] Level 1:colcon.colcon_core.package_identification:_identify(src/roarm_main/roarm_web_app) by extensions ['ros']
[0.335s] Level 1:colcon.colcon_core.package_identification:_identify(src/roarm_main/roarm_web_app) by extension 'ros'
[0.336s] DEBUG:colcon.colcon_core.package_identification:Package 'src/roarm_main/roarm_web_app' with type 'ros.ament_python' and name 'roarm_web_app'
[0.336s] Level 1:colcon.colcon_core.package_discovery:discover_packages(recursive) using defaults
[0.336s] Level 1:colcon.colcon_core.package_discovery:discover_packages(ignore) discover
[0.336s] Level 1:colcon.colcon_core.package_discovery:discover_packages(ignore) using defaults
[0.336s] Level 1:colcon.colcon_core.package_discovery:discover_packages(path) discover
[0.336s] Level 1:colcon.colcon_core.package_discovery:discover_packages(path) using defaults
[0.377s] INFO:colcon.colcon_core.package_selection:Skipping not selected package 'launch_api' in 'src/roarm_else/launch_api'
[0.378s] INFO:colcon.colcon_core.package_selection:Skipping not selected package 'moveit_servo' in 'src/roarm_main/moveit_servo'
[0.378s] INFO:colcon.colcon_core.package_selection:Skipping not selected package 'roarm_description' in 'src/roarm_main/roarm_description'
[0.378s] INFO:colcon.colcon_core.package_selection:Skipping not selected package 'roarm_driver' in 'src/roarm_main/roarm_driver'
[0.378s] INFO:colcon.colcon_core.package_selection:Skipping not selected package 'roarm_moveit_ikfast_plugins' in 'src/roarm_main/roarm_moveit_ikfast_plugins'
[0.378s] INFO:colcon.colcon_core.package_selection:Skipping not selected package 'ros2web_interfaces' in 'src/roarm_else/ros2web-ros2/ros2web_interfaces'
[0.378s] INFO:colcon.colcon_core.package_selection:Skipping not selected package 'roarm_moveit' in 'src/roarm_main/roarm_moveit'
[0.378s] INFO:colcon.colcon_core.package_selection:Skipping not selected package 'ros2web' in 'src/roarm_else/ros2web-ros2/ros2web'
[0.378s] INFO:colcon.colcon_core.package_selection:Skipping not selected package 'roarm_moveit_cmd' in 'src/roarm_main/roarm_moveit_cmd'
[0.378s] INFO:colcon.colcon_core.package_selection:Skipping not selected package 'ros2web_app' in 'src/roarm_else/ros2web_app/ros2web_app'
[0.378s] INFO:colcon.colcon_core.package_selection:Skipping not selected package 'ros2web_example_py' in 'src/roarm_else/ros2web-ros2/examples/ros2web_example_py'
[0.378s] INFO:colcon.colcon_core.package_selection:Skipping not selected package 'roarm_web_app' in 'src/roarm_main/roarm_web_app'
[0.378s] INFO:colcon.colcon_core.package_selection:Skipping not selected package 'ros2web_widgets' in 'src/roarm_else/ros2web_app/examples/ros2web_widgets'
[0.379s] Level 1:colcon.colcon_core.package_discovery:discover_packages(prefix_path) check parameters
[0.379s] Level 1:colcon.colcon_core.package_discovery:discover_packages(prefix_path) discover
[0.383s] DEBUG:colcon.colcon_installed_package_information.package_discovery:Found 14 installed packages in /home/ws/roarm_ws_em0/install
[0.384s] DEBUG:colcon.colcon_installed_package_information.package_discovery:Found 351 installed packages in /opt/ros/humble
[0.386s] Level 1:colcon.colcon_core.package_discovery:discover_packages(prefix_path) using defaults
[0.419s] Level 5:colcon.colcon_core.verb:set package 'manual_move_action' build argument 'cmake_args' from command line to 'None'
[0.419s] Level 5:colcon.colcon_core.verb:set package 'manual_move_action' build argument 'cmake_target' from command line to 'None'
[0.419s] Level 5:colcon.colcon_core.verb:set package 'manual_move_action' build argument 'cmake_target_skip_unavailable' from command line to 'False'
[0.419s] Level 5:colcon.colcon_core.verb:set package 'manual_move_action' build argument 'cmake_clean_cache' from command line to 'False'
[0.419s] Level 5:colcon.colcon_core.verb:set package 'manual_move_action' build argument 'cmake_clean_first' from command line to 'False'
[0.419s] Level 5:colcon.colcon_core.verb:set package 'manual_move_action' build argument 'cmake_force_configure' from command line to 'False'
[0.419s] Level 5:colcon.colcon_core.verb:set package 'manual_move_action' build argument 'ament_cmake_args' from command line to 'None'
[0.419s] Level 5:colcon.colcon_core.verb:set package 'manual_move_action' build argument 'catkin_cmake_args' from command line to 'None'
[0.419s] Level 5:colcon.colcon_core.verb:set package 'manual_move_action' build argument 'catkin_skip_building_tests' from command line to 'False'
[0.419s] DEBUG:colcon.colcon_core.verb:Building package 'manual_move_action' with the following arguments: {'ament_cmake_args': None, 'build_base': '/home/ws/roarm_ws_em0/build/manual_move_action', 'catkin_cmake_args': None, 'catkin_skip_building_tests': False, 'cmake_args': None, 'cmake_clean_cache': False, 'cmake_clean_first': False, 'cmake_force_configure': False, 'cmake_target': None, 'cmake_target_skip_unavailable': False, 'install_base': '/home/ws/roarm_ws_em0/install/manual_move_action', 'merge_install': False, 'path': '/home/ws/roarm_ws_em0/src/roarm_main/manual_move_action', 'symlink_install': False, 'test_result_base': None}
[0.419s] INFO:colcon.colcon_core.executor:Executing jobs using 'parallel' executor
[0.421s] DEBUG:colcon.colcon_parallel_executor.executor.parallel:run_until_complete
[0.422s] INFO:colcon.colcon_ros.task.ament_cmake.build:Building ROS package in '/home/ws/roarm_ws_em0/src/roarm_main/manual_move_action' with build type 'ament_cmake'
[0.422s] INFO:colcon.colcon_cmake.task.cmake.build:Building CMake package in '/home/ws/roarm_ws_em0/src/roarm_main/manual_move_action'
[0.428s] INFO:colcon.colcon_core.plugin_system:Skipping extension 'colcon_core.shell.bat': Not used on non-Windows systems
[0.429s] INFO:colcon.colcon_core.shell:Skip shell extension 'powershell' for command environment: Not usable outside of PowerShell
[0.429s] DEBUG:colcon.colcon_core.shell:Skip shell extension 'dsv' for command environment
[0.457s] DEBUG:colcon.colcon_core.event_handler.log_command:Invoking command in '/home/ws/roarm_ws_em0/build/manual_move_action': CMAKE_PREFIX_PATH=/home/ws/roarm_ws_em0/install/roarm_moveit:/home/ws/roarm_ws_em0/install/roarm_description:/home/ws/roarm_ws_em0/install/ros2web_interfaces:/home/ws/roarm_ws_em0/install/roarm_moveit_ikfast_plugins:/home/ws/roarm_ws_em0/install/roarm_moveit_cmd:/home/ws/roarm_ws_em0/install/manual_move_action:/home/ws/roarm_ws_em0/install/moveit_servo:/home/ws/roarm_ws_em0/install/ros2web_widgets:/home/ws/roarm_ws_em0/install/ros2web_example_py:/home/ws/roarm_ws_em0/install/roarm_web_app:/home/ws/roarm_ws_em0/install/ros2web_app:/home/ws/roarm_ws_em0/install/ros2web:/home/ws/roarm_ws_em0/install/roarm_driver:/home/ws/roarm_ws_em0/install/launch_api:/opt/ros/humble LD_LIBRARY_PATH=/home/ws/roarm_ws_em0/install/roarm_moveit/lib:/home/ws/roarm_ws_em0/install/ros2web_interfaces/lib:/home/ws/roarm_ws_em0/install/roarm_moveit_ikfast_plugins/lib:/home/ws/roarm_ws_em0/install/manual_move_action/lib:/home/ws/roarm_ws_em0/install/moveit_servo/lib:/opt/ros/humble/opt/rviz_ogre_vendor/lib:/opt/ros/humble/lib/x86_64-linux-gnu:/opt/ros/humble/lib /usr/bin/cmake --build /home/ws/roarm_ws_em0/build/manual_move_action -- -j4 -l4
[6.765s] DEBUG:colcon.colcon_core.event_handler.log_command:Invoked command in '/home/ws/roarm_ws_em0/build/manual_move_action' returned '0': CMAKE_PREFIX_PATH=/home/ws/roarm_ws_em0/install/roarm_moveit:/home/ws/roarm_ws_em0/install/roarm_description:/home/ws/roarm_ws_em0/install/ros2web_interfaces:/home/ws/roarm_ws_em0/install/roarm_moveit_ikfast_plugins:/home/ws/roarm_ws_em0/install/roarm_moveit_cmd:/home/ws/roarm_ws_em0/install/manual_move_action:/home/ws/roarm_ws_em0/install/moveit_servo:/home/ws/roarm_ws_em0/install/ros2web_widgets:/home/ws/roarm_ws_em0/install/ros2web_example_py:/home/ws/roarm_ws_em0/install/roarm_web_app:/home/ws/roarm_ws_em0/install/ros2web_app:/home/ws/roarm_ws_em0/install/ros2web:/home/ws/roarm_ws_em0/install/roarm_driver:/home/ws/roarm_ws_em0/install/launch_api:/opt/ros/humble LD_LIBRARY_PATH=/home/ws/roarm_ws_em0/install/roarm_moveit/lib:/home/ws/roarm_ws_em0/install/ros2web_interfaces/lib:/home/ws/roarm_ws_em0/install/roarm_moveit_ikfast_plugins/lib:/home/ws/roarm_ws_em0/install/manual_move_action/lib:/home/ws/roarm_ws_em0/install/moveit_servo/lib:/opt/ros/humble/opt/rviz_ogre_vendor/lib:/opt/ros/humble/lib/x86_64-linux-gnu:/opt/ros/humble/lib /usr/bin/cmake --build /home/ws/roarm_ws_em0/build/manual_move_action -- -j4 -l4
[6.919s] DEBUG:colcon.colcon_core.event_handler.log_command:Invoking command in '/home/ws/roarm_ws_em0/build/manual_move_action': CMAKE_PREFIX_PATH=/home/ws/roarm_ws_em0/install/roarm_moveit:/home/ws/roarm_ws_em0/install/roarm_description:/home/ws/roarm_ws_em0/install/ros2web_interfaces:/home/ws/roarm_ws_em0/install/roarm_moveit_ikfast_plugins:/home/ws/roarm_ws_em0/install/roarm_moveit_cmd:/home/ws/roarm_ws_em0/install/manual_move_action:/home/ws/roarm_ws_em0/install/moveit_servo:/home/ws/roarm_ws_em0/install/ros2web_widgets:/home/ws/roarm_ws_em0/install/ros2web_example_py:/home/ws/roarm_ws_em0/install/roarm_web_app:/home/ws/roarm_ws_em0/install/ros2web_app:/home/ws/roarm_ws_em0/install/ros2web:/home/ws/roarm_ws_em0/install/roarm_driver:/home/ws/roarm_ws_em0/install/launch_api:/opt/ros/humble LD_LIBRARY_PATH=/home/ws/roarm_ws_em0/install/roarm_moveit/lib:/home/ws/roarm_ws_em0/install/ros2web_interfaces/lib:/home/ws/roarm_ws_em0/install/roarm_moveit_ikfast_plugins/lib:/home/ws/roarm_ws_em0/install/manual_move_action/lib:/home/ws/roarm_ws_em0/install/moveit_servo/lib:/opt/ros/humble/opt/rviz_ogre_vendor/lib:/opt/ros/humble/lib/x86_64-linux-gnu:/opt/ros/humble/lib /usr/bin/cmake --install /home/ws/roarm_ws_em0/build/manual_move_action
[6.985s] Level 1:colcon.colcon_core.environment:create_environment_scripts_only(manual_move_action)
[6.987s] DEBUG:colcon.colcon_core.event_handler.log_command:Invoked command in '/home/ws/roarm_ws_em0/build/manual_move_action' returned '0': CMAKE_PREFIX_PATH=/home/ws/roarm_ws_em0/install/roarm_moveit:/home/ws/roarm_ws_em0/install/roarm_description:/home/ws/roarm_ws_em0/install/ros2web_interfaces:/home/ws/roarm_ws_em0/install/roarm_moveit_ikfast_plugins:/home/ws/roarm_ws_em0/install/roarm_moveit_cmd:/home/ws/roarm_ws_em0/install/manual_move_action:/home/ws/roarm_ws_em0/install/moveit_servo:/home/ws/roarm_ws_em0/install/ros2web_widgets:/home/ws/roarm_ws_em0/install/ros2web_example_py:/home/ws/roarm_ws_em0/install/roarm_web_app:/home/ws/roarm_ws_em0/install/ros2web_app:/home/ws/roarm_ws_em0/install/ros2web:/home/ws/roarm_ws_em0/install/roarm_driver:/home/ws/roarm_ws_em0/install/launch_api:/opt/ros/humble LD_LIBRARY_PATH=/home/ws/roarm_ws_em0/install/roarm_moveit/lib:/home/ws/roarm_ws_em0/install/ros2web_interfaces/lib:/home/ws/roarm_ws_em0/install/roarm_moveit_ikfast_plugins/lib:/home/ws/roarm_ws_em0/install/manual_move_action/lib:/home/ws/roarm_ws_em0/install/moveit_servo/lib:/opt/ros/humble/opt/rviz_ogre_vendor/lib:/opt/ros/humble/lib/x86_64-linux-gnu:/opt/ros/humble/lib /usr/bin/cmake --install /home/ws/roarm_ws_em0/build/manual_move_action
[6.988s] Level 1:colcon.colcon_core.environment:checking '/home/ws/roarm_ws_em0/install/manual_move_action' for CMake module files
[6.989s] Level 1:colcon.colcon_core.environment:checking '/home/ws/roarm_ws_em0/install/manual_move_action' for CMake config files
[6.989s] Level 1:colcon.colcon_core.shell:create_environment_hook('manual_move_action', 'cmake_prefix_path')
[6.989s] INFO:colcon.colcon_core.shell:Creating environment hook '/home/ws/roarm_ws_em0/install/manual_move_action/share/manual_move_action/hook/cmake_prefix_path.ps1'
[6.990s] INFO:colcon.colcon_core.shell:Creating environment descriptor '/home/ws/roarm_ws_em0/install/manual_move_action/share/manual_move_action/hook/cmake_prefix_path.dsv'
[6.990s] INFO:colcon.colcon_core.shell:Creating environment hook '/home/ws/roarm_ws_em0/install/manual_move_action/share/manual_move_action/hook/cmake_prefix_path.sh'
[6.992s] Level 1:colcon.colcon_core.environment:checking '/home/ws/roarm_ws_em0/install/manual_move_action/lib'
[6.992s] Level 1:colcon.colcon_core.shell:create_environment_hook('manual_move_action', 'ld_library_path_lib')
[6.992s] INFO:colcon.colcon_core.shell:Creating environment hook '/home/ws/roarm_ws_em0/install/manual_move_action/share/manual_move_action/hook/ld_library_path_lib.ps1'
[6.992s] INFO:colcon.colcon_core.shell:Creating environment descriptor '/home/ws/roarm_ws_em0/install/manual_move_action/share/manual_move_action/hook/ld_library_path_lib.dsv'
[6.993s] INFO:colcon.colcon_core.shell:Creating environment hook '/home/ws/roarm_ws_em0/install/manual_move_action/share/manual_move_action/hook/ld_library_path_lib.sh'
[6.993s] Level 1:colcon.colcon_core.environment:checking '/home/ws/roarm_ws_em0/install/manual_move_action/bin'
[6.993s] Level 1:colcon.colcon_core.environment:checking '/home/ws/roarm_ws_em0/install/manual_move_action/lib/pkgconfig/manual_move_action.pc'
[6.993s] Level 1:colcon.colcon_core.environment:checking '/home/ws/roarm_ws_em0/install/manual_move_action/lib/python3.10/site-packages'
[6.994s] Level 1:colcon.colcon_core.environment:checking '/home/ws/roarm_ws_em0/install/manual_move_action/bin'
[6.994s] INFO:colcon.colcon_core.shell:Creating package script '/home/ws/roarm_ws_em0/install/manual_move_action/share/manual_move_action/package.ps1'
[6.995s] INFO:colcon.colcon_core.shell:Creating package descriptor '/home/ws/roarm_ws_em0/install/manual_move_action/share/manual_move_action/package.dsv'
[6.996s] INFO:colcon.colcon_core.shell:Creating package script '/home/ws/roarm_ws_em0/install/manual_move_action/share/manual_move_action/package.sh'
[6.997s] INFO:colcon.colcon_core.shell:Creating package script '/home/ws/roarm_ws_em0/install/manual_move_action/share/manual_move_action/package.bash'
[6.997s] INFO:colcon.colcon_core.shell:Creating package script '/home/ws/roarm_ws_em0/install/manual_move_action/share/manual_move_action/package.zsh'
[6.999s] Level 1:colcon.colcon_core.environment:create_file_with_runtime_dependencies(/home/ws/roarm_ws_em0/install/manual_move_action/share/colcon-core/packages/manual_move_action)
[7.135s] Level 1:colcon.colcon_core.environment:create_environment_scripts_only(manual_move_action)
[7.136s] Level 1:colcon.colcon_core.environment:checking '/home/ws/roarm_ws_em0/install/manual_move_action' for CMake module files
[7.136s] Level 1:colcon.colcon_core.environment:checking '/home/ws/roarm_ws_em0/install/manual_move_action' for CMake config files
[7.137s] Level 1:colcon.colcon_core.shell:create_environment_hook('manual_move_action', 'cmake_prefix_path')
[7.137s] INFO:colcon.colcon_core.shell:Creating environment hook '/home/ws/roarm_ws_em0/install/manual_move_action/share/manual_move_action/hook/cmake_prefix_path.ps1'
[7.138s] INFO:colcon.colcon_core.shell:Creating environment descriptor '/home/ws/roarm_ws_em0/install/manual_move_action/share/manual_move_action/hook/cmake_prefix_path.dsv'
[7.139s] INFO:colcon.colcon_core.shell:Creating environment hook '/home/ws/roarm_ws_em0/install/manual_move_action/share/manual_move_action/hook/cmake_prefix_path.sh'
[7.139s] Level 1:colcon.colcon_core.environment:checking '/home/ws/roarm_ws_em0/install/manual_move_action/lib'
[7.140s] Level 1:colcon.colcon_core.shell:create_environment_hook('manual_move_action', 'ld_library_path_lib')
[7.140s] INFO:colcon.colcon_core.shell:Creating environment hook '/home/ws/roarm_ws_em0/install/manual_move_action/share/manual_move_action/hook/ld_library_path_lib.ps1'
[7.140s] INFO:colcon.colcon_core.shell:Creating environment descriptor '/home/ws/roarm_ws_em0/install/manual_move_action/share/manual_move_action/hook/ld_library_path_lib.dsv'
[7.141s] INFO:colcon.colcon_core.shell:Creating environment hook '/home/ws/roarm_ws_em0/install/manual_move_action/share/manual_move_action/hook/ld_library_path_lib.sh'
[7.141s] Level 1:colcon.colcon_core.environment:checking '/home/ws/roarm_ws_em0/install/manual_move_action/bin'
[7.141s] Level 1:colcon.colcon_core.environment:checking '/home/ws/roarm_ws_em0/install/manual_move_action/lib/pkgconfig/manual_move_action.pc'
[7.141s] Level 1:colcon.colcon_core.environment:checking '/home/ws/roarm_ws_em0/install/manual_move_action/lib/python3.10/site-packages'
[7.142s] Level 1:colcon.colcon_core.environment:checking '/home/ws/roarm_ws_em0/install/manual_move_action/bin'
[7.142s] INFO:colcon.colcon_core.shell:Creating package script '/home/ws/roarm_ws_em0/install/manual_move_action/share/manual_move_action/package.ps1'
[7.142s] INFO:colcon.colcon_core.shell:Creating package descriptor '/home/ws/roarm_ws_em0/install/manual_move_action/share/manual_move_action/package.dsv'
[7.143s] INFO:colcon.colcon_core.shell:Creating package script '/home/ws/roarm_ws_em0/install/manual_move_action/share/manual_move_action/package.sh'
[7.143s] INFO:colcon.colcon_core.shell:Creating package script '/home/ws/roarm_ws_em0/install/manual_move_action/share/manual_move_action/package.bash'
[7.144s] INFO:colcon.colcon_core.shell:Creating package script '/home/ws/roarm_ws_em0/install/manual_move_action/share/manual_move_action/package.zsh'
[7.145s] Level 1:colcon.colcon_core.environment:create_file_with_runtime_dependencies(/home/ws/roarm_ws_em0/install/manual_move_action/share/colcon-core/packages/manual_move_action)
[7.145s] DEBUG:colcon.colcon_parallel_executor.executor.parallel:closing loop
[7.145s] DEBUG:colcon.colcon_parallel_executor.executor.parallel:loop closed
[7.147s] DEBUG:colcon.colcon_parallel_executor.executor.parallel:run_until_complete finished with '0'
[7.147s] DEBUG:colcon.colcon_core.event_reactor:joining thread
[7.153s] INFO:colcon.colcon_core.plugin_system:Skipping extension 'colcon_notification.desktop_notification.terminal_notifier': Not used on non-Darwin systems
[7.153s] INFO:colcon.colcon_core.plugin_system:Skipping extension 'colcon_notification.desktop_notification.win32': Not used on non-Windows systems
[7.153s] INFO:colcon.colcon_notification.desktop_notification:Sending desktop notification using 'notify2'
[7.170s] DEBUG:colcon.colcon_core.event_reactor:joined thread
[7.170s] INFO:colcon.colcon_core.shell:Creating prefix script '/home/ws/roarm_ws_em0/install/local_setup.ps1'
[7.171s] INFO:colcon.colcon_core.shell:Creating prefix util module '/home/ws/roarm_ws_em0/install/_local_setup_util_ps1.py'
[7.172s] INFO:colcon.colcon_core.shell:Creating prefix chain script '/home/ws/roarm_ws_em0/install/setup.ps1'
[7.173s] INFO:colcon.colcon_core.shell:Creating prefix script '/home/ws/roarm_ws_em0/install/local_setup.sh'
[7.173s] INFO:colcon.colcon_core.shell:Creating prefix util module '/home/ws/roarm_ws_em0/install/_local_setup_util_sh.py'
[7.174s] INFO:colcon.colcon_core.shell:Creating prefix chain script '/home/ws/roarm_ws_em0/install/setup.sh'
[7.175s] INFO:colcon.colcon_core.shell:Creating prefix script '/home/ws/roarm_ws_em0/install/local_setup.bash'
[7.175s] INFO:colcon.colcon_core.shell:Creating prefix chain script '/home/ws/roarm_ws_em0/install/setup.bash'
[7.177s] INFO:colcon.colcon_core.shell:Creating prefix script '/home/ws/roarm_ws_em0/install/local_setup.zsh'
[7.178s] INFO:colcon.colcon_core.shell:Creating prefix chain script '/home/ws/roarm_ws_em0/install/setup.zsh'
