-- The C compiler identification is GNU 11.4.0
-- The CXX compiler identification is GNU 11.4.0
-- Detecting C compiler ABI info
-- Detecting C compiler ABI info - done
-- Check for working C compiler: /usr/bin/cc - skipped
-- Detecting C compile features
-- Detecting C compile features - done
-- Detecting CXX compiler ABI info
-- Detecting CXX compiler ABI info - done
-- Check for working CXX compiler: /usr/bin/c++ - skipped
-- Detecting CXX compile features
-- Detecting CXX compile features - done
-- Found moveit_common: 2.5.5 (/opt/ros/humble/share/moveit_common/cmake)
-- Found ament_cmake: 1.3.10 (/opt/ros/humble/share/ament_cmake/cmake)
-- Found Python3: /usr/bin/python3 (found version "3.10.12") found components: Interpreter 
-- Found Boost: /usr/lib/x86_64-linux-gnu/cmake/Boost-1.74.0/BoostConfig.cmake (found version "1.74.0") found components: system filesystem date_time thread 
-- Found control_msgs: 4.6.0 (/opt/ros/humble/share/control_msgs/cmake)
-- Found rosidl_generator_c: 3.1.5 (/opt/ros/humble/share/rosidl_generator_c/cmake)
-- Found rosidl_adapter: 3.1.5 (/opt/ros/humble/share/rosidl_adapter/cmake)
-- Found rosidl_generator_cpp: 3.1.5 (/opt/ros/humble/share/rosidl_generator_cpp/cmake)
-- Using all available rosidl_typesupport_c: rosidl_typesupport_fastrtps_c;rosidl_typesupport_introspection_c
-- Using all available rosidl_typesupport_cpp: rosidl_typesupport_fastrtps_cpp;rosidl_typesupport_introspection_cpp
-- Found moveit_core: 2.5.5 (/opt/ros/humble/share/moveit_core/cmake)
-- Found Boost: /usr/lib/x86_64-linux-gnu/cmake/Boost-1.74.0/BoostConfig.cmake (found version "1.74.0") found components: chrono date_time filesystem iostreams program_options regex serialization system thread 
-- Found parameter_traits: 0.3.8 (/opt/ros/humble/share/parameter_traits/cmake)
-- Found rmw_implementation_cmake: 6.1.2 (/opt/ros/humble/share/rmw_implementation_cmake/cmake)
-- Found rmw_fastrtps_cpp: 6.2.7 (/opt/ros/humble/share/rmw_fastrtps_cpp/cmake)
-- Found OpenSSL: /usr/lib/x86_64-linux-gnu/libcrypto.so (found version "3.0.2")  
-- Found FastRTPS: /opt/ros/humble/include  
-- Using RMW implementation 'rmw_fastrtps_cpp' as default
-- Found Threads: TRUE  
-- Found rclcpp_lifecycle: 16.0.10 (/opt/ros/humble/share/rclcpp_lifecycle/cmake)
-- Found Boost: /usr/lib/x86_64-linux-gnu/cmake/Boost-1.74.0/BoostConfig.cmake (found version "1.74.0") found components: filesystem 
-- library: /usr/lib/x86_64-linux-gnu/libcurl.so
-- Found Eigen3: TRUE (found version "3.4.0") 
-- Ensuring Eigen3 include directory is part of orocos-kdl CMake target
-- Found moveit_ros_planning: 2.5.5 (/opt/ros/humble/share/moveit_ros_planning/cmake)
-- Found Boost: /usr/lib/x86_64-linux-gnu/cmake/Boost-1.74.0/BoostConfig.cmake (found version "1.74.0") found components: system filesystem date_time program_options thread chrono 
-- Found moveit_ros_planning_interface: 2.5.5 (/opt/ros/humble/share/moveit_ros_planning_interface/cmake)
-- Found Boost: /usr/lib/x86_64-linux-gnu/cmake/Boost-1.74.0/BoostConfig.cmake (found version "1.74.0") found components: date_time filesystem program_options system thread 
-- Found Boost: /usr/lib/x86_64-linux-gnu/cmake/Boost-1.74.0/BoostConfig.cmake (found version "1.74.0") found components: thread system filesystem regex date_time program_options 
-- Found Boost: /usr/lib/x86_64-linux-gnu/cmake/Boost-1.74.0/BoostConfig.cmake (found version "1.74.0") found components: system filesystem date_time program_options thread 
-- Found moveit_visual_tools: 4.1.0 (/opt/ros/humble/share/moveit_visual_tools/cmake)
-- Setting assimp_DIR to: '/opt/ros/humble/share/rviz_assimp_vendor/cmake/../../../opt/rviz_assimp_vendor/lib/cmake/assimp-4.1'
-- Setting OGRE_DIR to: '/opt/ros/humble/share/rviz_ogre_vendor/cmake/../../../opt/rviz_ogre_vendor/lib/OGRE/cmake'
-- Found OGRE
--   static     : OFF
--   components : HLMS;MeshLodGenerator;Overlay;Paging;Property;RTShaderSystem;Terrain;Volume
--   plugins    : Plugin_BSPSceneManager;Plugin_OctreeSceneManager;Plugin_PCZSceneManager;Plugin_ParticleFX;RenderSystem_GL;RenderSystem_GL3Plus;Codec_STBI
--   media      : /opt/ros/humble/opt/rviz_ogre_vendor/share/OGRE/Media
-- OGRE_LIBRARIES: OgreHLMS;OgreMeshLodGenerator;OgreOverlay;OgrePaging;OgreProperty;OgreRTShaderSystem;OgreTerrain;OgreVolume;OgreMain
-- OGRE_LIBRARY_DIRS: /opt/ros/humble/opt/rviz_ogre_vendor/lib
-- OGRE_PLUGINS: Plugin_BSPSceneManager;Plugin_OctreeSceneManager;Plugin_PCZSceneManager;Plugin_ParticleFX;RenderSystem_GL;RenderSystem_GL3Plus;Codec_STBI
-- OGRE_PLUGIN_DIR: /opt/ros/humble/opt/rviz_ogre_vendor/lib/OGRE
-- rviz_ogre_vendor::OgreOverlay for IMPORTED_LOCATION_RELEASE: /opt/ros/humble/opt/rviz_ogre_vendor/lib/libOgreOverlay.so
-- rviz_ogre_vendor::OgreOverlay for IMPORTED_LOCATION_DEBUG: /opt/ros/humble/opt/rviz_ogre_vendor/lib/libOgreOverlay.so
-- rviz_ogre_vendor::OgreMain for IMPORTED_LOCATION_RELEASE: /opt/ros/humble/opt/rviz_ogre_vendor/lib/libOgreMain.so
-- rviz_ogre_vendor::OgreMain for IMPORTED_LOCATION_DEBUG: /opt/ros/humble/opt/rviz_ogre_vendor/lib/libOgreMain.so
-- Could not find freeimage library
-- Found ZLIB: /usr/lib/x86_64-linux-gnu/libz.so (found version "1.2.11") 
-- Found OpenGL: /usr/lib/x86_64-linux-gnu/libOpenGL.so   
-- Found X11: /usr/include   
-- Looking for XOpenDisplay in /usr/lib/x86_64-linux-gnu/libX11.so;/usr/lib/x86_64-linux-gnu/libXext.so
-- Looking for XOpenDisplay in /usr/lib/x86_64-linux-gnu/libX11.so;/usr/lib/x86_64-linux-gnu/libXext.so - found
-- Looking for gethostbyname
-- Looking for gethostbyname - found
-- Looking for connect
-- Looking for connect - found
-- Looking for remove
-- Looking for remove - found
-- Looking for shmat
-- Looking for shmat - found
-- Looking for IceConnectionNumber in ICE
-- Looking for IceConnectionNumber in ICE - found
-- Found moveit_servo: 2.5.5 (/home/ws/roarm_ws_em0/install/moveit_servo/share/moveit_servo/cmake)
-- Found roarm_moveit: 0.3.0 (/home/ws/roarm_ws_em0/install/roarm_moveit/share/roarm_moveit/cmake)
-- Found ompl: /opt/ros/humble/include/ompl-1.6;/usr/include;/usr/include/eigen3  
-- Configuring done
-- Generating done
-- Build files have been written to: /home/ws/roarm_ws_em0/build/roarm_moveit_cmd
[  7%] [32mBuilding CXX object CMakeFiles/getposecmd_tf2.dir/src/getposecmd_tf2.cpp.o[0m
[ 14%] [32mBuilding CXX object CMakeFiles/getposecmd.dir/src/getposecmd_moveit2.cpp.o[0m
[ 21%] [32m[1mLinking CXX executable getposecmd_tf2[0m
[ 21%] Built target getposecmd_tf2
[ 28%] [32mBuilding CXX object CMakeFiles/keyboardcontrol.dir/src/keyboardcontrol.cpp.o[0m
[ 35%] [32m[1mLinking CXX executable getposecmd[0m
[ 35%] Built target getposecmd
[ 42%] [32mBuilding CXX object CMakeFiles/movepointcmd.dir/src/movepointcmd.cpp.o[0m
[ 50%] [32m[1mLinking CXX executable keyboardcontrol[0m
[ 50%] Built target keyboardcontrol
[ 57%] [32mBuilding CXX object CMakeFiles/movecirclecmd.dir/src/movecirclecmd.cpp.o[0m
[ 64%] [32m[1mLinking CXX executable movepointcmd[0m
[ 64%] Built target movepointcmd
[ 71%] [32mBuilding CXX object CMakeFiles/webappcontrol.dir/src/webappcontrol.cpp.o[0m
[ 78%] [32m[1mLinking CXX executable movecirclecmd[0m
[ 78%] Built target movecirclecmd
[ 85%] [32mBuilding CXX object CMakeFiles/setgrippercmd.dir/src/setgrippercmd.cpp.o[0m
[ 92%] [32m[1mLinking CXX executable webappcontrol[0m
[ 92%] Built target webappcontrol
[100%] [32m[1mLinking CXX executable setgrippercmd[0m
[100%] Built target setgrippercmd
-- Install configuration: "Release"
-- Installing: /home/ws/roarm_ws_em0/install/roarm_moveit_cmd/lib/roarm_moveit_cmd/getposecmd
-- Set runtime path of "/home/ws/roarm_ws_em0/install/roarm_moveit_cmd/lib/roarm_moveit_cmd/getposecmd" to ""
-- Installing: /home/ws/roarm_ws_em0/install/roarm_moveit_cmd/lib/roarm_moveit_cmd/getposecmd_tf2
-- Set runtime path of "/home/ws/roarm_ws_em0/install/roarm_moveit_cmd/lib/roarm_moveit_cmd/getposecmd_tf2" to ""
-- Installing: /home/ws/roarm_ws_em0/install/roarm_moveit_cmd/lib/roarm_moveit_cmd/keyboardcontrol
-- Set runtime path of "/home/ws/roarm_ws_em0/install/roarm_moveit_cmd/lib/roarm_moveit_cmd/keyboardcontrol" to ""
-- Installing: /home/ws/roarm_ws_em0/install/roarm_moveit_cmd/lib/roarm_moveit_cmd/movepointcmd
-- Set runtime path of "/home/ws/roarm_ws_em0/install/roarm_moveit_cmd/lib/roarm_moveit_cmd/movepointcmd" to ""
-- Installing: /home/ws/roarm_ws_em0/install/roarm_moveit_cmd/lib/roarm_moveit_cmd/movecirclecmd
-- Set runtime path of "/home/ws/roarm_ws_em0/install/roarm_moveit_cmd/lib/roarm_moveit_cmd/movecirclecmd" to ""
-- Installing: /home/ws/roarm_ws_em0/install/roarm_moveit_cmd/lib/roarm_moveit_cmd/webappcontrol
-- Set runtime path of "/home/ws/roarm_ws_em0/install/roarm_moveit_cmd/lib/roarm_moveit_cmd/webappcontrol" to ""
-- Installing: /home/ws/roarm_ws_em0/install/roarm_moveit_cmd/lib/roarm_moveit_cmd/setgrippercmd
-- Set runtime path of "/home/ws/roarm_ws_em0/install/roarm_moveit_cmd/lib/roarm_moveit_cmd/setgrippercmd" to ""
-- Installing: /home/ws/roarm_ws_em0/install/roarm_moveit_cmd/share/roarm_moveit_cmd/launch
-- Installing: /home/ws/roarm_ws_em0/install/roarm_moveit_cmd/share/roarm_moveit_cmd/launch/command_control.launch.py
-- Installing: /home/ws/roarm_ws_em0/install/roarm_moveit_cmd/share/roarm_moveit_cmd/config
-- Installing: /home/ws/roarm_ws_em0/install/roarm_moveit_cmd/share/roarm_moveit_cmd/config/command_control.rviz
-- Installing: /home/ws/roarm_ws_em0/install/roarm_moveit_cmd/share/ament_index/resource_index/package_run_dependencies/roarm_moveit_cmd
-- Installing: /home/ws/roarm_ws_em0/install/roarm_moveit_cmd/share/ament_index/resource_index/parent_prefix_path/roarm_moveit_cmd
-- Installing: /home/ws/roarm_ws_em0/install/roarm_moveit_cmd/share/roarm_moveit_cmd/environment/ament_prefix_path.sh
-- Installing: /home/ws/roarm_ws_em0/install/roarm_moveit_cmd/share/roarm_moveit_cmd/environment/ament_prefix_path.dsv
-- Installing: /home/ws/roarm_ws_em0/install/roarm_moveit_cmd/share/roarm_moveit_cmd/environment/path.sh
-- Installing: /home/ws/roarm_ws_em0/install/roarm_moveit_cmd/share/roarm_moveit_cmd/environment/path.dsv
-- Installing: /home/ws/roarm_ws_em0/install/roarm_moveit_cmd/share/roarm_moveit_cmd/local_setup.bash
-- Installing: /home/ws/roarm_ws_em0/install/roarm_moveit_cmd/share/roarm_moveit_cmd/local_setup.sh
-- Installing: /home/ws/roarm_ws_em0/install/roarm_moveit_cmd/share/roarm_moveit_cmd/local_setup.zsh
-- Installing: /home/ws/roarm_ws_em0/install/roarm_moveit_cmd/share/roarm_moveit_cmd/local_setup.dsv
-- Installing: /home/ws/roarm_ws_em0/install/roarm_moveit_cmd/share/roarm_moveit_cmd/package.dsv
-- Installing: /home/ws/roarm_ws_em0/install/roarm_moveit_cmd/share/ament_index/resource_index/packages/roarm_moveit_cmd
-- Installing: /home/ws/roarm_ws_em0/install/roarm_moveit_cmd/share/roarm_moveit_cmd/cmake/ament_cmake_export_dependencies-extras.cmake
-- Installing: /home/ws/roarm_ws_em0/install/roarm_moveit_cmd/share/roarm_moveit_cmd/cmake/ament_cmake_export_include_directories-extras.cmake
-- Installing: /home/ws/roarm_ws_em0/install/roarm_moveit_cmd/share/roarm_moveit_cmd/cmake/roarm_moveit_cmdConfig.cmake
-- Installing: /home/ws/roarm_ws_em0/install/roarm_moveit_cmd/share/roarm_moveit_cmd/cmake/roarm_moveit_cmdConfig-version.cmake
-- Installing: /home/ws/roarm_ws_em0/install/roarm_moveit_cmd/share/roarm_moveit_cmd/package.xml
