[1.409s] Invoking command in '/home/ws/roarm_ws_em0/src/roarm_else/launch_api': PYTHONPATH=/home/ws/roarm_ws_em0/build/launch_api/prefix_override:/usr/lib/python3/dist-packages/colcon_core/task/python/colcon_distutils_commands:/home/ws/roarm_ws_em0/install/launch_api/lib/python3.10/site-packages:${PYTHONPATH} /usr/bin/python3 -W ignore:setup.py install is deprecated setup.py egg_info --egg-base ../../../build/launch_api build --build-base /home/ws/roarm_ws_em0/build/launch_api/build install --record /home/ws/roarm_ws_em0/build/launch_api/install.log --single-version-externally-managed install_data
[1.600s] running egg_info
[1.600s] writing ../../../build/launch_api/launch_api.egg-info/PKG-INFO
[1.603s] writing dependency_links to ../../../build/launch_api/launch_api.egg-info/dependency_links.txt
[1.603s] writing entry points to ../../../build/launch_api/launch_api.egg-info/entry_points.txt
[1.604s] writing requirements to ../../../build/launch_api/launch_api.egg-info/requires.txt
[1.606s] writing top-level names to ../../../build/launch_api/launch_api.egg-info/top_level.txt
[1.606s] reading manifest file '../../../build/launch_api/launch_api.egg-info/SOURCES.txt'
[1.610s] adding license file 'LICENSE'
[1.611s] writing manifest file '../../../build/launch_api/launch_api.egg-info/SOURCES.txt'
[1.624s] running build
[1.624s] running build_py
[1.624s] running install
[1.624s] running install_lib
[1.632s] running install_data
[1.633s] running install_egg_info
[1.633s] removing '/home/ws/roarm_ws_em0/install/launch_api/lib/python3.10/site-packages/launch_api-0.0.0-py3.10.egg-info' (and everything under it)
[1.633s] Copying ../../../build/launch_api/launch_api.egg-info to /home/ws/roarm_ws_em0/install/launch_api/lib/python3.10/site-packages/launch_api-0.0.0-py3.10.egg-info
[1.635s] running install_scripts
[1.659s] writing list of installed files to '/home/ws/roarm_ws_em0/build/launch_api/install.log'
[1.829s] Invoked command in '/home/ws/roarm_ws_em0/src/roarm_else/launch_api' returned '0': PYTHONPATH=/home/ws/roarm_ws_em0/build/launch_api/prefix_override:/usr/lib/python3/dist-packages/colcon_core/task/python/colcon_distutils_commands:/home/ws/roarm_ws_em0/install/launch_api/lib/python3.10/site-packages:${PYTHONPATH} /usr/bin/python3 -W ignore:setup.py install is deprecated setup.py egg_info --egg-base ../../../build/launch_api build --build-base /home/ws/roarm_ws_em0/build/launch_api/build install --record /home/ws/roarm_ws_em0/build/launch_api/install.log --single-version-externally-managed install_data
