[0.048s] Invoking command in '/home/ws/roarm_ws_em0/build/manual_move_action': CMAKE_PREFIX_PATH=/home/ws/roarm_ws_em0/install/roarm_moveit:/home/ws/roarm_ws_em0/install/roarm_description:/home/ws/roarm_ws_em0/install/ros2web_interfaces:/home/ws/roarm_ws_em0/install/roarm_moveit_ikfast_plugins:/home/ws/roarm_ws_em0/install/roarm_moveit_cmd:/home/ws/roarm_ws_em0/install/manual_move_action:/home/ws/roarm_ws_em0/install/moveit_servo:/home/ws/roarm_ws_em0/install/ros2web_widgets:/home/ws/roarm_ws_em0/install/ros2web_example_py:/home/ws/roarm_ws_em0/install/roarm_web_app:/home/ws/roarm_ws_em0/install/ros2web_app:/home/ws/roarm_ws_em0/install/ros2web:/home/ws/roarm_ws_em0/install/roarm_driver:/home/ws/roarm_ws_em0/install/launch_api:/opt/ros/humble LD_LIBRARY_PATH=/home/ws/roarm_ws_em0/install/roarm_moveit/lib:/home/ws/roarm_ws_em0/install/ros2web_interfaces/lib:/home/ws/roarm_ws_em0/install/roarm_moveit_ikfast_plugins/lib:/home/ws/roarm_ws_em0/install/manual_move_action/lib:/home/ws/roarm_ws_em0/install/moveit_servo/lib:/opt/ros/humble/opt/rviz_ogre_vendor/lib:/opt/ros/humble/lib/x86_64-linux-gnu:/opt/ros/humble/lib /usr/bin/cmake --build /home/ws/roarm_ws_em0/build/manual_move_action -- -j4 -l4
[0.304s] [  2%] Built target manual_move_action__cpp
[0.319s] [ 11%] Built target manual_move_action__rosidl_generator_c
[0.327s] [ 11%] Built target ament_cmake_python_symlink_manual_move_action
[0.366s] [ 20%] Built target manual_move_action__rosidl_typesupport_cpp
[0.389s] [ 28%] Built target manual_move_action__rosidl_typesupport_fastrtps_cpp
[0.393s] [ 37%] Built target manual_move_action__rosidl_typesupport_introspection_cpp
[0.401s] [ 45%] Built target manual_move_action__rosidl_typesupport_fastrtps_c
[0.417s] [ 54%] Built target manual_move_action__rosidl_typesupport_introspection_c
[0.438s] [ 62%] Built target manual_move_action__rosidl_typesupport_c
[0.455s] [35m[1mConsolidate compiler generated dependencies of target manual_move_server[0m
[0.455s] [ 68%] Built target manual_move_client
[0.485s] [ 71%] [32mBuilding CXX object CMakeFiles/manual_move_server.dir/src/manual_move_server.cpp.o[0m
[0.485s] [ 71%] Built target manual_move_action
[0.540s] [ 74%] Built target manual_move_action__py
[0.600s] [ 80%] Built target manual_move_action__rosidl_generator_py
[0.643s] running egg_info
[0.645s] writing manual_move_action.egg-info/PKG-INFO
[0.645s] writing dependency_links to manual_move_action.egg-info/dependency_links.txt
[0.646s] writing top-level names to manual_move_action.egg-info/top_level.txt
[0.660s] reading manifest file 'manual_move_action.egg-info/SOURCES.txt'
[0.665s] writing manifest file 'manual_move_action.egg-info/SOURCES.txt'
[0.665s] [ 85%] Built target manual_move_action__rosidl_typesupport_introspection_c__pyext
[0.668s] [ 91%] Built target manual_move_action__rosidl_typesupport_fastrtps_c__pyext
[0.720s] [ 97%] Built target manual_move_action__rosidl_typesupport_c__pyext
[0.728s] [ 97%] Built target ament_cmake_python_build_manual_move_action_egg
[3.006s] [01m[K/home/ws/roarm_ws_em0/src/roarm_main/manual_move_action/src/manual_move_server.cpp:[m[K In member function ‘[01m[Krclcpp_action::GoalResponse manual_move_action::MinimalActionServer::handle_goal(const GoalUUID&, std::shared_ptr<const manual_move_action::action::MoveInfo_Goal_<std::allocator<void> > >)[m[K’:
[3.006s] [01m[K/home/ws/roarm_ws_em0/src/roarm_main/manual_move_action/src/manual_move_server.cpp:78:57:[m[K [01;35m[Kwarning: [m[Kunused parameter ‘[01m[Kgoal[m[K’ [[01;35m[K]8;;https://gcc.gnu.org/onlinedocs/gcc/Warning-Options.html#index-Wunused-parameter-Wunused-parameter]8;;[m[K]
[3.006s]    78 |               [01;35m[Kstd::shared_ptr<const CustomAction::Goal> goal[m[K)
[3.006s]       |               [01;35m[K~~~~~~~~~~~~~~~~~~~~~~~~~~~~~~~~~~~~~~~~~~^~~~[m[K
[3.009s] [01m[K/home/ws/roarm_ws_em0/src/roarm_main/manual_move_action/src/manual_move_server.cpp:[m[K In member function ‘[01m[Krclcpp_action::CancelResponse manual_move_action::MinimalActionServer::handle_cancel(std::shared_ptr<rclcpp_action::ServerGoalHandle<manual_move_action::action::MoveInfo> >)[m[K’:
[3.009s] [01m[K/home/ws/roarm_ws_em0/src/roarm_main/manual_move_action/src/manual_move_server.cpp:86:51:[m[K [01;35m[Kwarning: [m[Kunused parameter ‘[01m[Kgoal_handle[m[K’ [[01;35m[K]8;;https://gcc.gnu.org/onlinedocs/gcc/Warning-Options.html#index-Wunused-parameter-Wunused-parameter]8;;[m[K]
[3.009s]    86 |   handle_cancel([01;35m[Kconst std::shared_ptr<GoalHandle> goal_handle[m[K)
[3.009s]       |                 [01;35m[K~~~~~~~~~~~~~~~~~~~~~~~~~~~~~~~~~~^~~~~~~~~~~[m[K
[6.699s] [100%] [32m[1mLinking CXX executable manual_move_server[0m
[8.332s] [100%] Built target manual_move_server
[8.346s] Invoked command in '/home/ws/roarm_ws_em0/build/manual_move_action' returned '0': CMAKE_PREFIX_PATH=/home/ws/roarm_ws_em0/install/roarm_moveit:/home/ws/roarm_ws_em0/install/roarm_description:/home/ws/roarm_ws_em0/install/ros2web_interfaces:/home/ws/roarm_ws_em0/install/roarm_moveit_ikfast_plugins:/home/ws/roarm_ws_em0/install/roarm_moveit_cmd:/home/ws/roarm_ws_em0/install/manual_move_action:/home/ws/roarm_ws_em0/install/moveit_servo:/home/ws/roarm_ws_em0/install/ros2web_widgets:/home/ws/roarm_ws_em0/install/ros2web_example_py:/home/ws/roarm_ws_em0/install/roarm_web_app:/home/ws/roarm_ws_em0/install/ros2web_app:/home/ws/roarm_ws_em0/install/ros2web:/home/ws/roarm_ws_em0/install/roarm_driver:/home/ws/roarm_ws_em0/install/launch_api:/opt/ros/humble LD_LIBRARY_PATH=/home/ws/roarm_ws_em0/install/roarm_moveit/lib:/home/ws/roarm_ws_em0/install/ros2web_interfaces/lib:/home/ws/roarm_ws_em0/install/roarm_moveit_ikfast_plugins/lib:/home/ws/roarm_ws_em0/install/manual_move_action/lib:/home/ws/roarm_ws_em0/install/moveit_servo/lib:/opt/ros/humble/opt/rviz_ogre_vendor/lib:/opt/ros/humble/lib/x86_64-linux-gnu:/opt/ros/humble/lib /usr/bin/cmake --build /home/ws/roarm_ws_em0/build/manual_move_action -- -j4 -l4
[8.508s] Invoking command in '/home/ws/roarm_ws_em0/build/manual_move_action': CMAKE_PREFIX_PATH=/home/ws/roarm_ws_em0/install/roarm_moveit:/home/ws/roarm_ws_em0/install/roarm_description:/home/ws/roarm_ws_em0/install/ros2web_interfaces:/home/ws/roarm_ws_em0/install/roarm_moveit_ikfast_plugins:/home/ws/roarm_ws_em0/install/roarm_moveit_cmd:/home/ws/roarm_ws_em0/install/manual_move_action:/home/ws/roarm_ws_em0/install/moveit_servo:/home/ws/roarm_ws_em0/install/ros2web_widgets:/home/ws/roarm_ws_em0/install/ros2web_example_py:/home/ws/roarm_ws_em0/install/roarm_web_app:/home/ws/roarm_ws_em0/install/ros2web_app:/home/ws/roarm_ws_em0/install/ros2web:/home/ws/roarm_ws_em0/install/roarm_driver:/home/ws/roarm_ws_em0/install/launch_api:/opt/ros/humble LD_LIBRARY_PATH=/home/ws/roarm_ws_em0/install/roarm_moveit/lib:/home/ws/roarm_ws_em0/install/ros2web_interfaces/lib:/home/ws/roarm_ws_em0/install/roarm_moveit_ikfast_plugins/lib:/home/ws/roarm_ws_em0/install/manual_move_action/lib:/home/ws/roarm_ws_em0/install/moveit_servo/lib:/opt/ros/humble/opt/rviz_ogre_vendor/lib:/opt/ros/humble/lib/x86_64-linux-gnu:/opt/ros/humble/lib /usr/bin/cmake --install /home/ws/roarm_ws_em0/build/manual_move_action
[8.527s] -- Install configuration: ""
[8.530s] -- Execute custom install script
[8.530s] -- Up-to-date symlink: /home/ws/roarm_ws_em0/install/manual_move_action/share/ament_index/resource_index/rosidl_interfaces/manual_move_action
[8.532s] -- Up-to-date symlink: /home/ws/roarm_ws_em0/install/manual_move_action/include/manual_move_action/manual_move_action/action/detail/move_info__functions.h
[8.532s] -- Up-to-date symlink: /home/ws/roarm_ws_em0/install/manual_move_action/include/manual_move_action/manual_move_action/action/detail/move_info__struct.h
[8.533s] -- Up-to-date symlink: /home/ws/roarm_ws_em0/install/manual_move_action/include/manual_move_action/manual_move_action/action/detail/move_info__type_support.h
[8.533s] -- Up-to-date symlink: /home/ws/roarm_ws_em0/install/manual_move_action/include/manual_move_action/manual_move_action/action/move_info.h
[8.533s] -- Up-to-date symlink: /home/ws/roarm_ws_em0/install/manual_move_action/include/manual_move_action/manual_move_action/msg/rosidl_generator_c__visibility_control.h
[8.533s] -- Up-to-date symlink: /home/ws/roarm_ws_em0/install/manual_move_action/share/manual_move_action/environment/library_path.sh
[8.533s] -- Up-to-date symlink: /home/ws/roarm_ws_em0/install/manual_move_action/share/manual_move_action/environment/library_path.dsv
[8.533s] -- Up-to-date symlink: /home/ws/roarm_ws_em0/install/manual_move_action/include/manual_move_action/manual_move_action/action/detail/move_info__rosidl_typesupport_fastrtps_c.h
[8.533s] -- Up-to-date symlink: /home/ws/roarm_ws_em0/install/manual_move_action/include/manual_move_action/manual_move_action/msg/rosidl_typesupport_fastrtps_c__visibility_control.h
[8.534s] -- Up-to-date symlink: /home/ws/roarm_ws_em0/install/manual_move_action/include/manual_move_action/manual_move_action/action/detail/move_info__builder.hpp
[8.534s] -- Up-to-date symlink: /home/ws/roarm_ws_em0/install/manual_move_action/include/manual_move_action/manual_move_action/action/detail/move_info__struct.hpp
[8.534s] -- Up-to-date symlink: /home/ws/roarm_ws_em0/install/manual_move_action/include/manual_move_action/manual_move_action/action/detail/move_info__traits.hpp
[8.534s] -- Up-to-date symlink: /home/ws/roarm_ws_em0/install/manual_move_action/include/manual_move_action/manual_move_action/action/move_info.hpp
[8.534s] -- Up-to-date symlink: /home/ws/roarm_ws_em0/install/manual_move_action/include/manual_move_action/manual_move_action/action/detail/move_info__rosidl_typesupport_fastrtps_cpp.hpp
[8.534s] -- Up-to-date symlink: /home/ws/roarm_ws_em0/install/manual_move_action/include/manual_move_action/manual_move_action/msg/rosidl_typesupport_fastrtps_cpp__visibility_control.h
[8.534s] -- Up-to-date symlink: /home/ws/roarm_ws_em0/install/manual_move_action/include/manual_move_action/manual_move_action/action/detail/move_info__rosidl_typesupport_introspection_c.h
[8.534s] -- Up-to-date symlink: /home/ws/roarm_ws_em0/install/manual_move_action/include/manual_move_action/manual_move_action/msg/rosidl_typesupport_introspection_c__visibility_control.h
[8.534s] -- Up-to-date symlink: /home/ws/roarm_ws_em0/install/manual_move_action/include/manual_move_action/manual_move_action/action/detail/move_info__rosidl_typesupport_introspection_cpp.hpp
[8.535s] -- Up-to-date symlink: /home/ws/roarm_ws_em0/install/manual_move_action/share/manual_move_action/environment/pythonpath.sh
[8.535s] -- Up-to-date symlink: /home/ws/roarm_ws_em0/install/manual_move_action/share/manual_move_action/environment/pythonpath.dsv
[8.535s] -- Up-to-date symlink: /home/ws/roarm_ws_em0/install/manual_move_action/local/lib/python3.10/dist-packages/manual_move_action-0.0.0-py3.10.egg-info/PKG-INFO
[8.535s] -- Up-to-date symlink: /home/ws/roarm_ws_em0/install/manual_move_action/local/lib/python3.10/dist-packages/manual_move_action-0.0.0-py3.10.egg-info/SOURCES.txt
[8.535s] -- Up-to-date symlink: /home/ws/roarm_ws_em0/install/manual_move_action/local/lib/python3.10/dist-packages/manual_move_action-0.0.0-py3.10.egg-info/dependency_links.txt
[8.535s] -- Up-to-date symlink: /home/ws/roarm_ws_em0/install/manual_move_action/local/lib/python3.10/dist-packages/manual_move_action-0.0.0-py3.10.egg-info/top_level.txt
[8.535s] -- Up-to-date symlink: /home/ws/roarm_ws_em0/install/manual_move_action/local/lib/python3.10/dist-packages/manual_move_action/__init__.py
[8.535s] -- Up-to-date symlink: /home/ws/roarm_ws_em0/install/manual_move_action/local/lib/python3.10/dist-packages/manual_move_action/_manual_move_action_s.ep.rosidl_typesupport_c.c
[8.535s] -- Up-to-date symlink: /home/ws/roarm_ws_em0/install/manual_move_action/local/lib/python3.10/dist-packages/manual_move_action/_manual_move_action_s.ep.rosidl_typesupport_fastrtps_c.c
[8.536s] -- Up-to-date symlink: /home/ws/roarm_ws_em0/install/manual_move_action/local/lib/python3.10/dist-packages/manual_move_action/_manual_move_action_s.ep.rosidl_typesupport_introspection_c.c
[8.536s] -- Up-to-date symlink: /home/ws/roarm_ws_em0/install/manual_move_action/local/lib/python3.10/dist-packages/manual_move_action/action/__init__.py
[8.536s] -- Up-to-date symlink: /home/ws/roarm_ws_em0/install/manual_move_action/local/lib/python3.10/dist-packages/manual_move_action/action/_move_info.py
[8.536s] -- Up-to-date symlink: /home/ws/roarm_ws_em0/install/manual_move_action/local/lib/python3.10/dist-packages/manual_move_action/action/_move_info_s.c
[8.536s] -- Up-to-date symlink: /home/ws/roarm_ws_em0/install/manual_move_action/local/lib/python3.10/dist-packages/manual_move_action/libmanual_move_action__rosidl_generator_py.so
[8.536s] -- Up-to-date symlink: /home/ws/roarm_ws_em0/install/manual_move_action/local/lib/python3.10/dist-packages/manual_move_action/manual_move_action_s__rosidl_typesupport_c.cpython-310-x86_64-linux-gnu.so
[8.536s] -- Up-to-date symlink: /home/ws/roarm_ws_em0/install/manual_move_action/local/lib/python3.10/dist-packages/manual_move_action/manual_move_action_s__rosidl_typesupport_fastrtps_c.cpython-310-x86_64-linux-gnu.so
[8.536s] -- Up-to-date symlink: /home/ws/roarm_ws_em0/install/manual_move_action/local/lib/python3.10/dist-packages/manual_move_action/manual_move_action_s__rosidl_typesupport_introspection_c.cpython-310-x86_64-linux-gnu.so
[8.537s] -- Up-to-date symlink: /home/ws/roarm_ws_em0/install/manual_move_action/local/lib/python3.10/dist-packages/manual_move_action/manual_move_action_s__rosidl_typesupport_fastrtps_c.cpython-310-x86_64-linux-gnu.so
[8.538s] -- Up-to-date symlink: /home/ws/roarm_ws_em0/install/manual_move_action/local/lib/python3.10/dist-packages/manual_move_action/manual_move_action_s__rosidl_typesupport_introspection_c.cpython-310-x86_64-linux-gnu.so
[8.539s] -- Up-to-date symlink: /home/ws/roarm_ws_em0/install/manual_move_action/local/lib/python3.10/dist-packages/manual_move_action/manual_move_action_s__rosidl_typesupport_c.cpython-310-x86_64-linux-gnu.so
[8.539s] -- Up-to-date symlink: /home/ws/roarm_ws_em0/install/manual_move_action/share/manual_move_action/action/MoveInfo.idl
[8.539s] -- Up-to-date symlink: /home/ws/roarm_ws_em0/install/manual_move_action/share/manual_move_action/action/MoveInfo.action
[8.540s] -- Up-to-date symlink: /home/ws/roarm_ws_em0/install/manual_move_action/lib/manual_move_action/manual_move_client
[8.540s] -- Up-to-date symlink: /home/ws/roarm_ws_em0/install/manual_move_action/lib/manual_move_action/manual_move_server
[8.541s] -- Up-to-date symlink: /home/ws/roarm_ws_em0/install/manual_move_action/share/manual_move_action//launch/.vscode/c_cpp_properties.json
[8.541s] -- Up-to-date symlink: /home/ws/roarm_ws_em0/install/manual_move_action/share/manual_move_action//launch/.vscode/settings.json
[8.541s] -- Up-to-date symlink: /home/ws/roarm_ws_em0/install/manual_move_action/share/manual_move_action//launch/manual_move_action.launch.py
[8.541s] -- Up-to-date symlink: /home/ws/roarm_ws_em0/install/manual_move_action/share/ament_index/resource_index/package_run_dependencies/manual_move_action
[8.541s] -- Up-to-date symlink: /home/ws/roarm_ws_em0/install/manual_move_action/share/ament_index/resource_index/parent_prefix_path/manual_move_action
[8.542s] -- Up-to-date symlink: /home/ws/roarm_ws_em0/install/manual_move_action/share/manual_move_action/environment/ament_prefix_path.sh
[8.542s] -- Up-to-date symlink: /home/ws/roarm_ws_em0/install/manual_move_action/share/manual_move_action/environment/ament_prefix_path.dsv
[8.542s] -- Up-to-date symlink: /home/ws/roarm_ws_em0/install/manual_move_action/share/manual_move_action/environment/path.sh
[8.542s] -- Up-to-date symlink: /home/ws/roarm_ws_em0/install/manual_move_action/share/manual_move_action/environment/path.dsv
[8.542s] -- Up-to-date symlink: /home/ws/roarm_ws_em0/install/manual_move_action/share/manual_move_action/local_setup.bash
[8.542s] -- Up-to-date symlink: /home/ws/roarm_ws_em0/install/manual_move_action/share/manual_move_action/local_setup.sh
[8.542s] -- Up-to-date symlink: /home/ws/roarm_ws_em0/install/manual_move_action/share/manual_move_action/local_setup.zsh
[8.542s] -- Up-to-date symlink: /home/ws/roarm_ws_em0/install/manual_move_action/share/manual_move_action/local_setup.dsv
[8.542s] -- Symlinking: /home/ws/roarm_ws_em0/install/manual_move_action/share/manual_move_action/package.dsv
[8.556s] -- Up-to-date symlink: /home/ws/roarm_ws_em0/install/manual_move_action/share/ament_index/resource_index/packages/manual_move_action
[8.556s] -- Up-to-date symlink: /home/ws/roarm_ws_em0/install/manual_move_action/share/manual_move_action/cmake/rosidl_cmake-extras.cmake
[8.556s] -- Up-to-date symlink: /home/ws/roarm_ws_em0/install/manual_move_action/share/manual_move_action/cmake/ament_cmake_export_dependencies-extras.cmake
[8.556s] -- Up-to-date symlink: /home/ws/roarm_ws_em0/install/manual_move_action/share/manual_move_action/cmake/ament_cmake_export_include_directories-extras.cmake
[8.556s] -- Up-to-date symlink: /home/ws/roarm_ws_em0/install/manual_move_action/share/manual_move_action/cmake/ament_cmake_export_libraries-extras.cmake
[8.556s] -- Up-to-date symlink: /home/ws/roarm_ws_em0/install/manual_move_action/share/manual_move_action/cmake/ament_cmake_export_targets-extras.cmake
[8.556s] -- Up-to-date symlink: /home/ws/roarm_ws_em0/install/manual_move_action/share/manual_move_action/cmake/rosidl_cmake_export_typesupport_targets-extras.cmake
[8.557s] -- Up-to-date symlink: /home/ws/roarm_ws_em0/install/manual_move_action/share/manual_move_action/cmake/rosidl_cmake_export_typesupport_libraries-extras.cmake
[8.557s] -- Up-to-date symlink: /home/ws/roarm_ws_em0/install/manual_move_action/share/manual_move_action/cmake/manual_move_actionConfig.cmake
[8.557s] -- Up-to-date symlink: /home/ws/roarm_ws_em0/install/manual_move_action/share/manual_move_action/cmake/manual_move_actionConfig-version.cmake
[8.557s] -- Up-to-date symlink: /home/ws/roarm_ws_em0/install/manual_move_action/share/manual_move_action/package.xml
[8.559s] -- Up-to-date: /home/ws/roarm_ws_em0/install/manual_move_action/lib/libmanual_move_action__rosidl_generator_c.so
[8.561s] -- Up-to-date: /home/ws/roarm_ws_em0/install/manual_move_action/lib/libmanual_move_action__rosidl_typesupport_fastrtps_c.so
[8.563s] -- Up-to-date: /home/ws/roarm_ws_em0/install/manual_move_action/lib/libmanual_move_action__rosidl_typesupport_fastrtps_cpp.so
[8.565s] -- Up-to-date: /home/ws/roarm_ws_em0/install/manual_move_action/lib/libmanual_move_action__rosidl_typesupport_introspection_c.so
[8.566s] -- Up-to-date: /home/ws/roarm_ws_em0/install/manual_move_action/lib/libmanual_move_action__rosidl_typesupport_c.so
[8.568s] -- Up-to-date: /home/ws/roarm_ws_em0/install/manual_move_action/lib/libmanual_move_action__rosidl_typesupport_introspection_cpp.so
[8.571s] -- Up-to-date: /home/ws/roarm_ws_em0/install/manual_move_action/lib/libmanual_move_action__rosidl_typesupport_cpp.so
[8.605s] Listing '/home/ws/roarm_ws_em0/install/manual_move_action/local/lib/python3.10/dist-packages/manual_move_action'...
[8.605s] Listing '/home/ws/roarm_ws_em0/install/manual_move_action/local/lib/python3.10/dist-packages/manual_move_action/action'...
[8.611s] -- Up-to-date: /home/ws/roarm_ws_em0/install/manual_move_action/lib/libmanual_move_action__rosidl_generator_py.so
[8.613s] -- Up-to-date: /home/ws/roarm_ws_em0/install/manual_move_action/share/manual_move_action/cmake/export_manual_move_action__rosidl_generator_cExport.cmake
[8.614s] -- Up-to-date: /home/ws/roarm_ws_em0/install/manual_move_action/share/manual_move_action/cmake/export_manual_move_action__rosidl_generator_cExport-noconfig.cmake
[8.614s] -- Up-to-date: /home/ws/roarm_ws_em0/install/manual_move_action/share/manual_move_action/cmake/export_manual_move_action__rosidl_typesupport_fastrtps_cExport.cmake
[8.614s] -- Up-to-date: /home/ws/roarm_ws_em0/install/manual_move_action/share/manual_move_action/cmake/export_manual_move_action__rosidl_typesupport_fastrtps_cExport-noconfig.cmake
[8.616s] -- Up-to-date: /home/ws/roarm_ws_em0/install/manual_move_action/share/manual_move_action/cmake/export_manual_move_action__rosidl_generator_cppExport.cmake
[8.616s] -- Up-to-date: /home/ws/roarm_ws_em0/install/manual_move_action/share/manual_move_action/cmake/export_manual_move_action__rosidl_typesupport_fastrtps_cppExport.cmake
[8.617s] -- Up-to-date: /home/ws/roarm_ws_em0/install/manual_move_action/share/manual_move_action/cmake/export_manual_move_action__rosidl_typesupport_fastrtps_cppExport-noconfig.cmake
[8.618s] -- Up-to-date: /home/ws/roarm_ws_em0/install/manual_move_action/share/manual_move_action/cmake/manual_move_action__rosidl_typesupport_introspection_cExport.cmake
[8.618s] -- Up-to-date: /home/ws/roarm_ws_em0/install/manual_move_action/share/manual_move_action/cmake/manual_move_action__rosidl_typesupport_introspection_cExport-noconfig.cmake
[8.619s] -- Up-to-date: /home/ws/roarm_ws_em0/install/manual_move_action/share/manual_move_action/cmake/manual_move_action__rosidl_typesupport_cExport.cmake
[8.619s] -- Up-to-date: /home/ws/roarm_ws_em0/install/manual_move_action/share/manual_move_action/cmake/manual_move_action__rosidl_typesupport_cExport-noconfig.cmake
[8.620s] -- Up-to-date: /home/ws/roarm_ws_em0/install/manual_move_action/share/manual_move_action/cmake/manual_move_action__rosidl_typesupport_introspection_cppExport.cmake
[8.620s] -- Up-to-date: /home/ws/roarm_ws_em0/install/manual_move_action/share/manual_move_action/cmake/manual_move_action__rosidl_typesupport_introspection_cppExport-noconfig.cmake
[8.621s] -- Up-to-date: /home/ws/roarm_ws_em0/install/manual_move_action/share/manual_move_action/cmake/manual_move_action__rosidl_typesupport_cppExport.cmake
[8.622s] -- Up-to-date: /home/ws/roarm_ws_em0/install/manual_move_action/share/manual_move_action/cmake/manual_move_action__rosidl_typesupport_cppExport-noconfig.cmake
[8.623s] -- Up-to-date: /home/ws/roarm_ws_em0/install/manual_move_action/share/manual_move_action/cmake/export_manual_move_action__rosidl_generator_pyExport.cmake
[8.625s] -- Up-to-date: /home/ws/roarm_ws_em0/install/manual_move_action/share/manual_move_action/cmake/export_manual_move_action__rosidl_generator_pyExport-noconfig.cmake
[8.630s] Invoked command in '/home/ws/roarm_ws_em0/build/manual_move_action' returned '0': CMAKE_PREFIX_PATH=/home/ws/roarm_ws_em0/install/roarm_moveit:/home/ws/roarm_ws_em0/install/roarm_description:/home/ws/roarm_ws_em0/install/ros2web_interfaces:/home/ws/roarm_ws_em0/install/roarm_moveit_ikfast_plugins:/home/ws/roarm_ws_em0/install/roarm_moveit_cmd:/home/ws/roarm_ws_em0/install/manual_move_action:/home/ws/roarm_ws_em0/install/moveit_servo:/home/ws/roarm_ws_em0/install/ros2web_widgets:/home/ws/roarm_ws_em0/install/ros2web_example_py:/home/ws/roarm_ws_em0/install/roarm_web_app:/home/ws/roarm_ws_em0/install/ros2web_app:/home/ws/roarm_ws_em0/install/ros2web:/home/ws/roarm_ws_em0/install/roarm_driver:/home/ws/roarm_ws_em0/install/launch_api:/opt/ros/humble LD_LIBRARY_PATH=/home/ws/roarm_ws_em0/install/roarm_moveit/lib:/home/ws/roarm_ws_em0/install/ros2web_interfaces/lib:/home/ws/roarm_ws_em0/install/roarm_moveit_ikfast_plugins/lib:/home/ws/roarm_ws_em0/install/manual_move_action/lib:/home/ws/roarm_ws_em0/install/moveit_servo/lib:/opt/ros/humble/opt/rviz_ogre_vendor/lib:/opt/ros/humble/lib/x86_64-linux-gnu:/opt/ros/humble/lib /usr/bin/cmake --install /home/ws/roarm_ws_em0/build/manual_move_action
