[0.424s] Invoking command in '/home/ws/roarm_ws_em0/src/roarm_main/roarm_driver': PYTHONPATH=/home/ws/roarm_ws_em0/build/roarm_driver/prefix_override:/usr/lib/python3/dist-packages/colcon_core/task/python/colcon_distutils_commands:/home/ws/roarm_ws_em0/install/roarm_driver/lib/python3.10/site-packages:${PYTHONPATH} /usr/bin/python3 -W ignore:setup.py install is deprecated setup.py egg_info --egg-base ../../../build/roarm_driver build --build-base /home/ws/roarm_ws_em0/build/roarm_driver/build install --record /home/ws/roarm_ws_em0/build/roarm_driver/install.log --single-version-externally-managed install_data
[0.588s] running egg_info
[0.590s] creating ../../../build/roarm_driver/roarm_driver.egg-info
[0.590s] writing ../../../build/roarm_driver/roarm_driver.egg-info/PKG-INFO
[0.590s] writing dependency_links to ../../../build/roarm_driver/roarm_driver.egg-info/dependency_links.txt
[0.590s] writing entry points to ../../../build/roarm_driver/roarm_driver.egg-info/entry_points.txt
[0.590s] writing requirements to ../../../build/roarm_driver/roarm_driver.egg-info/requires.txt
[0.590s] writing top-level names to ../../../build/roarm_driver/roarm_driver.egg-info/top_level.txt
[0.590s] writing manifest file '../../../build/roarm_driver/roarm_driver.egg-info/SOURCES.txt'
[0.590s] reading manifest file '../../../build/roarm_driver/roarm_driver.egg-info/SOURCES.txt'
[0.591s] writing manifest file '../../../build/roarm_driver/roarm_driver.egg-info/SOURCES.txt'
[0.591s] running build
[0.591s] running build_py
[0.591s] creating /home/ws/roarm_ws_em0/build/roarm_driver/build
[0.592s] creating /home/ws/roarm_ws_em0/build/roarm_driver/build/lib
[0.592s] creating /home/ws/roarm_ws_em0/build/roarm_driver/build/lib/roarm_driver
[0.592s] copying roarm_driver/__init__.py -> /home/ws/roarm_ws_em0/build/roarm_driver/build/lib/roarm_driver
[0.592s] copying roarm_driver/roarm_driver.py -> /home/ws/roarm_ws_em0/build/roarm_driver/build/lib/roarm_driver
[0.592s] running install
[0.593s] running install_lib
[0.593s] creating /home/ws/roarm_ws_em0/install/roarm_driver/lib/python3.10/site-packages/roarm_driver
[0.593s] copying /home/ws/roarm_ws_em0/build/roarm_driver/build/lib/roarm_driver/__init__.py -> /home/ws/roarm_ws_em0/install/roarm_driver/lib/python3.10/site-packages/roarm_driver
[0.593s] copying /home/ws/roarm_ws_em0/build/roarm_driver/build/lib/roarm_driver/roarm_driver.py -> /home/ws/roarm_ws_em0/install/roarm_driver/lib/python3.10/site-packages/roarm_driver
[0.594s] byte-compiling /home/ws/roarm_ws_em0/install/roarm_driver/lib/python3.10/site-packages/roarm_driver/__init__.py to __init__.cpython-310.pyc
[0.595s] byte-compiling /home/ws/roarm_ws_em0/install/roarm_driver/lib/python3.10/site-packages/roarm_driver/roarm_driver.py to roarm_driver.cpython-310.pyc
[0.595s] running install_data
[0.595s] creating /home/ws/roarm_ws_em0/install/roarm_driver/share/ament_index
[0.595s] creating /home/ws/roarm_ws_em0/install/roarm_driver/share/ament_index/resource_index
[0.595s] creating /home/ws/roarm_ws_em0/install/roarm_driver/share/ament_index/resource_index/packages
[0.595s] copying resource/roarm_driver -> /home/ws/roarm_ws_em0/install/roarm_driver/share/ament_index/resource_index/packages
[0.595s] copying package.xml -> /home/ws/roarm_ws_em0/install/roarm_driver/share/roarm_driver
[0.595s] running install_egg_info
[0.599s] Copying ../../../build/roarm_driver/roarm_driver.egg-info to /home/ws/roarm_ws_em0/install/roarm_driver/lib/python3.10/site-packages/roarm_driver-0.0.0-py3.10.egg-info
[0.599s] running install_scripts
[0.612s] Installing roarm_driver script to /home/ws/roarm_ws_em0/install/roarm_driver/lib/roarm_driver
[0.613s] writing list of installed files to '/home/ws/roarm_ws_em0/build/roarm_driver/install.log'
[0.631s] Invoked command in '/home/ws/roarm_ws_em0/src/roarm_main/roarm_driver' returned '0': PYTHONPATH=/home/ws/roarm_ws_em0/build/roarm_driver/prefix_override:/usr/lib/python3/dist-packages/colcon_core/task/python/colcon_distutils_commands:/home/ws/roarm_ws_em0/install/roarm_driver/lib/python3.10/site-packages:${PYTHONPATH} /usr/bin/python3 -W ignore:setup.py install is deprecated setup.py egg_info --egg-base ../../../build/roarm_driver build --build-base /home/ws/roarm_ws_em0/build/roarm_driver/build install --record /home/ws/roarm_ws_em0/build/roarm_driver/install.log --single-version-externally-managed install_data
