/home/ws/roarm_ws_em0/install/ros2web_app/lib/python3.10/site-packages/ros2web_app/app.py
/home/ws/roarm_ws_em0/install/ros2web_app/lib/python3.10/site-packages/ros2web_app/__init__.py
/home/ws/roarm_ws_em0/install/ros2web_app/lib/python3.10/site-packages/ros2web_app/verb/__init__.py
/home/ws/roarm_ws_em0/install/ros2web_app/lib/python3.10/site-packages/ros2web_app/verb/create.py
/home/ws/roarm_ws_em0/install/ros2web_app/lib/python3.10/site-packages/ros2web_app/utilities/__init__.py
/home/ws/roarm_ws_em0/install/ros2web_app/lib/python3.10/site-packages/ros2web_app/utilities/yaml.py
/home/ws/roarm_ws_em0/install/ros2web_app/lib/python3.10/site-packages/ros2web_app/utilities/ros_node.py
/home/ws/roarm_ws_em0/install/ros2web_app/lib/python3.10/site-packages/ros2web_app/boilerplate/template.py
/home/ws/roarm_ws_em0/install/ros2web_app/lib/python3.10/site-packages/ros2web_app/boilerplate/__init__.py
/home/ws/roarm_ws_em0/install/ros2web_app/lib/python3.10/site-packages/ros2web_app/api/app_base.py
/home/ws/roarm_ws_em0/install/ros2web_app/lib/python3.10/site-packages/ros2web_app/api/__init__.py
/home/ws/roarm_ws_em0/install/ros2web_app/lib/python3.10/site-packages/ros2web_app/api/state.py
/home/ws/roarm_ws_em0/install/ros2web_app/lib/python3.10/site-packages/ros2web_app/handler/web_rtc.py
/home/ws/roarm_ws_em0/install/ros2web_app/lib/python3.10/site-packages/ros2web_app/handler/app.py
/home/ws/roarm_ws_em0/install/ros2web_app/lib/python3.10/site-packages/ros2web_app/handler/__init__.py
/home/ws/roarm_ws_em0/install/ros2web_app/lib/python3.10/site-packages/ros2web_app/utilities/ros/param.py
/home/ws/roarm_ws_em0/install/ros2web_app/lib/python3.10/site-packages/ros2web_app/utilities/ros/__init__.py
/home/ws/roarm_ws_em0/install/ros2web_app/lib/python3.10/site-packages/ros2web_app/utilities/ros/service.py
/home/ws/roarm_ws_em0/install/ros2web_app/lib/python3.10/site-packages/ros2web_app/handler/track/__init__.py
/home/ws/roarm_ws_em0/install/ros2web_app/lib/python3.10/site-packages/ros2web_app/handler/track/image.py
/home/ws/roarm_ws_em0/install/ros2web_app/lib/python3.10/site-packages/ros2web_app/data/public/index.html
/home/ws/roarm_ws_em0/install/ros2web_app/lib/python3.10/site-packages/ros2web_app/data/config.yml
/home/ws/roarm_ws_em0/install/ros2web_app/lib/python3.10/site-packages/ros2web_app/__pycache__/app.cpython-310.pyc
/home/ws/roarm_ws_em0/install/ros2web_app/lib/python3.10/site-packages/ros2web_app/__pycache__/__init__.cpython-310.pyc
/home/ws/roarm_ws_em0/install/ros2web_app/lib/python3.10/site-packages/ros2web_app/verb/__pycache__/__init__.cpython-310.pyc
/home/ws/roarm_ws_em0/install/ros2web_app/lib/python3.10/site-packages/ros2web_app/verb/__pycache__/create.cpython-310.pyc
/home/ws/roarm_ws_em0/install/ros2web_app/lib/python3.10/site-packages/ros2web_app/utilities/__pycache__/__init__.cpython-310.pyc
/home/ws/roarm_ws_em0/install/ros2web_app/lib/python3.10/site-packages/ros2web_app/utilities/__pycache__/yaml.cpython-310.pyc
/home/ws/roarm_ws_em0/install/ros2web_app/lib/python3.10/site-packages/ros2web_app/utilities/__pycache__/ros_node.cpython-310.pyc
/home/ws/roarm_ws_em0/install/ros2web_app/lib/python3.10/site-packages/ros2web_app/boilerplate/__pycache__/template.cpython-310.pyc
/home/ws/roarm_ws_em0/install/ros2web_app/lib/python3.10/site-packages/ros2web_app/boilerplate/__pycache__/__init__.cpython-310.pyc
/home/ws/roarm_ws_em0/install/ros2web_app/lib/python3.10/site-packages/ros2web_app/api/__pycache__/app_base.cpython-310.pyc
/home/ws/roarm_ws_em0/install/ros2web_app/lib/python3.10/site-packages/ros2web_app/api/__pycache__/__init__.cpython-310.pyc
/home/ws/roarm_ws_em0/install/ros2web_app/lib/python3.10/site-packages/ros2web_app/api/__pycache__/state.cpython-310.pyc
/home/ws/roarm_ws_em0/install/ros2web_app/lib/python3.10/site-packages/ros2web_app/handler/__pycache__/web_rtc.cpython-310.pyc
/home/ws/roarm_ws_em0/install/ros2web_app/lib/python3.10/site-packages/ros2web_app/handler/__pycache__/app.cpython-310.pyc
/home/ws/roarm_ws_em0/install/ros2web_app/lib/python3.10/site-packages/ros2web_app/handler/__pycache__/__init__.cpython-310.pyc
/home/ws/roarm_ws_em0/install/ros2web_app/lib/python3.10/site-packages/ros2web_app/utilities/ros/__pycache__/param.cpython-310.pyc
/home/ws/roarm_ws_em0/install/ros2web_app/lib/python3.10/site-packages/ros2web_app/utilities/ros/__pycache__/__init__.cpython-310.pyc
/home/ws/roarm_ws_em0/install/ros2web_app/lib/python3.10/site-packages/ros2web_app/utilities/ros/__pycache__/service.cpython-310.pyc
/home/ws/roarm_ws_em0/install/ros2web_app/lib/python3.10/site-packages/ros2web_app/handler/track/__pycache__/__init__.cpython-310.pyc
/home/ws/roarm_ws_em0/install/ros2web_app/lib/python3.10/site-packages/ros2web_app/handler/track/__pycache__/image.cpython-310.pyc
/home/ws/roarm_ws_em0/install/ros2web_app/share/ament_index/resource_index/packages/ros2web_app
/home/ws/roarm_ws_em0/install/ros2web_app/share/ros2web_app/package.xml
/home/ws/roarm_ws_em0/install/ros2web_app/lib/python3.10/site-packages/ros2web_app-0.0.0-py3.10.egg-info/SOURCES.txt
/home/ws/roarm_ws_em0/install/ros2web_app/lib/python3.10/site-packages/ros2web_app-0.0.0-py3.10.egg-info/top_level.txt
/home/ws/roarm_ws_em0/install/ros2web_app/lib/python3.10/site-packages/ros2web_app-0.0.0-py3.10.egg-info/dependency_links.txt
/home/ws/roarm_ws_em0/install/ros2web_app/lib/python3.10/site-packages/ros2web_app-0.0.0-py3.10.egg-info/entry_points.txt
/home/ws/roarm_ws_em0/install/ros2web_app/lib/python3.10/site-packages/ros2web_app-0.0.0-py3.10.egg-info/PKG-INFO
/home/ws/roarm_ws_em0/install/ros2web_app/lib/python3.10/site-packages/ros2web_app-0.0.0-py3.10.egg-info/requires.txt
/home/ws/roarm_ws_em0/install/ros2web_app/lib/python3.10/site-packages/ros2web_app-0.0.0-py3.10.egg-info/zip-safe
