[0.544s] Invoking command in '/home/ws/roarm_ws_em0/build/launch_api': PYTHONPATH=/home/ws/roarm_ws_em0/build/launch_api/prefix_override:/usr/lib/python3/dist-packages/colcon_core/task/python/colcon_distutils_commands:/home/ws/roarm_ws_em0/install/launch_api/lib/python3.10/site-packages:${PYTHONPATH} /usr/bin/python3 -W ignore:setup.py install is deprecated setup.py develop --editable --build-directory /home/ws/roarm_ws_em0/build/launch_api/build --no-deps symlink_data
[0.722s] running develop
[0.722s] /usr/lib/python3/dist-packages/setuptools/command/easy_install.py:158: EasyInstallDeprecationWarning: easy_install command is deprecated. Use build and pip and other standards-based tools.
[0.722s]   warnings.warn(
[0.851s] running egg_info
[0.853s] creating launch_api.egg-info
[0.853s] writing launch_api.egg-info/PKG-INFO
[0.853s] writing dependency_links to launch_api.egg-info/dependency_links.txt
[0.853s] writing entry points to launch_api.egg-info/entry_points.txt
[0.853s] writing requirements to launch_api.egg-info/requires.txt
[0.853s] writing top-level names to launch_api.egg-info/top_level.txt
[0.853s] writing manifest file 'launch_api.egg-info/SOURCES.txt'
[0.853s] reading manifest file 'launch_api.egg-info/SOURCES.txt'
[0.853s] writing manifest file 'launch_api.egg-info/SOURCES.txt'
[0.853s] running build_ext
[0.853s] Creating /home/ws/roarm_ws_em0/install/launch_api/lib/python3.10/site-packages/launch-api.egg-link (link to .)
[0.853s] 
[0.853s] Installed /home/ws/roarm_ws_em0/build/launch_api
[0.853s] running symlink_data
[0.853s] creating /home/ws/roarm_ws_em0/install/launch_api/share/ament_index
[0.853s] creating /home/ws/roarm_ws_em0/install/launch_api/share/ament_index/resource_index
[0.853s] creating /home/ws/roarm_ws_em0/install/launch_api/share/ament_index/resource_index/packages
[0.854s] symbolically linking /home/ws/roarm_ws_em0/build/launch_api/resource/launch_api -> /home/ws/roarm_ws_em0/install/launch_api/share/ament_index/resource_index/packages
[0.854s] symbolically linking /home/ws/roarm_ws_em0/build/launch_api/package.xml -> /home/ws/roarm_ws_em0/install/launch_api/share/launch_api
[0.916s] Invoked command in '/home/ws/roarm_ws_em0/build/launch_api' returned '0': PYTHONPATH=/home/ws/roarm_ws_em0/build/launch_api/prefix_override:/usr/lib/python3/dist-packages/colcon_core/task/python/colcon_distutils_commands:/home/ws/roarm_ws_em0/install/launch_api/lib/python3.10/site-packages:${PYTHONPATH} /usr/bin/python3 -W ignore:setup.py install is deprecated setup.py develop --editable --build-directory /home/ws/roarm_ws_em0/build/launch_api/build --no-deps symlink_data
