[  2%] Built target roarm_moveit__cpp
[ 12%] Built target roarm_moveit__rosidl_generator_c
[ 12%] Built target ament_cmake_python_copy_roarm_moveit
[ 23%] Built target roarm_moveit__rosidl_typesupport_cpp
[ 34%] Built target roarm_moveit__rosidl_typesupport_fastrtps_cpp
[ 44%] Built target roarm_moveit__rosidl_typesupport_introspection_cpp
[ 55%] Built target roarm_moveit__rosidl_typesupport_fastrtps_c
[ 65%] Built target roarm_moveit__rosidl_typesupport_introspection_c
[ 76%] Built target roarm_moveit__rosidl_typesupport_c
[ 76%] Built target roarm_moveit
[ 78%] Built target roarm_moveit__py
[ 87%] Built target roarm_moveit__rosidl_generator_py
[ 91%] Built target roarm_moveit__rosidl_typesupport_c__pyext
[ 95%] Built target roarm_moveit__rosidl_typesupport_introspection_c__pyext
[100%] Built target roarm_moveit__rosidl_typesupport_fastrtps_c__pyext
running egg_info
writing roarm_moveit.egg-info/PKG-INFO
writing dependency_links to roarm_moveit.egg-info/dependency_links.txt
writing top-level names to roarm_moveit.egg-info/top_level.txt
reading manifest file 'roarm_moveit.egg-info/SOURCES.txt'
writing manifest file 'roarm_moveit.egg-info/SOURCES.txt'
[100%] Built target ament_cmake_python_build_roarm_moveit_egg
-- Install configuration: ""
-- Up-to-date: /home/ws/roarm_ws_em0/install/roarm_moveit/share/ament_index/resource_index/rosidl_interfaces/roarm_moveit
-- Up-to-date: /home/ws/roarm_ws_em0/install/roarm_moveit/include/roarm_moveit/roarm_moveit
-- Up-to-date: /home/ws/roarm_ws_em0/install/roarm_moveit/include/roarm_moveit/roarm_moveit/srv
-- Up-to-date: /home/ws/roarm_ws_em0/install/roarm_moveit/include/roarm_moveit/roarm_moveit/srv/detail
-- Up-to-date: /home/ws/roarm_ws_em0/install/roarm_moveit/include/roarm_moveit/roarm_moveit/srv/detail/move_circle_cmd__struct.h
-- Up-to-date: /home/ws/roarm_ws_em0/install/roarm_moveit/include/roarm_moveit/roarm_moveit/srv/detail/get_pose_cmd__functions.h
-- Up-to-date: /home/ws/roarm_ws_em0/install/roarm_moveit/include/roarm_moveit/roarm_moveit/srv/detail/move_circle_cmd__functions.c
-- Up-to-date: /home/ws/roarm_ws_em0/install/roarm_moveit/include/roarm_moveit/roarm_moveit/srv/detail/move_point_cmd__functions.h
-- Up-to-date: /home/ws/roarm_ws_em0/install/roarm_moveit/include/roarm_moveit/roarm_moveit/srv/detail/move_point_cmd__struct.h
-- Up-to-date: /home/ws/roarm_ws_em0/install/roarm_moveit/include/roarm_moveit/roarm_moveit/srv/detail/move_point_cmd__functions.c
-- Up-to-date: /home/ws/roarm_ws_em0/install/roarm_moveit/include/roarm_moveit/roarm_moveit/srv/detail/get_pose_cmd__type_support.h
-- Up-to-date: /home/ws/roarm_ws_em0/install/roarm_moveit/include/roarm_moveit/roarm_moveit/srv/detail/get_pose_cmd__struct.h
-- Up-to-date: /home/ws/roarm_ws_em0/install/roarm_moveit/include/roarm_moveit/roarm_moveit/srv/detail/move_point_cmd__type_support.h
-- Up-to-date: /home/ws/roarm_ws_em0/install/roarm_moveit/include/roarm_moveit/roarm_moveit/srv/detail/move_circle_cmd__type_support.h
-- Up-to-date: /home/ws/roarm_ws_em0/install/roarm_moveit/include/roarm_moveit/roarm_moveit/srv/detail/move_circle_cmd__functions.h
-- Up-to-date: /home/ws/roarm_ws_em0/install/roarm_moveit/include/roarm_moveit/roarm_moveit/srv/detail/get_pose_cmd__functions.c
-- Up-to-date: /home/ws/roarm_ws_em0/install/roarm_moveit/include/roarm_moveit/roarm_moveit/srv/move_circle_cmd.h
-- Up-to-date: /home/ws/roarm_ws_em0/install/roarm_moveit/include/roarm_moveit/roarm_moveit/srv/get_pose_cmd.h
-- Up-to-date: /home/ws/roarm_ws_em0/install/roarm_moveit/include/roarm_moveit/roarm_moveit/srv/move_point_cmd.h
-- Up-to-date: /home/ws/roarm_ws_em0/install/roarm_moveit/include/roarm_moveit/roarm_moveit/msg
-- Up-to-date: /home/ws/roarm_ws_em0/install/roarm_moveit/include/roarm_moveit/roarm_moveit/msg/rosidl_generator_c__visibility_control.h
-- Up-to-date: /home/ws/roarm_ws_em0/install/roarm_moveit/share/roarm_moveit/environment/library_path.sh
-- Up-to-date: /home/ws/roarm_ws_em0/install/roarm_moveit/share/roarm_moveit/environment/library_path.dsv
-- Up-to-date: /home/ws/roarm_ws_em0/install/roarm_moveit/lib/libroarm_moveit__rosidl_generator_c.so
-- Up-to-date: /home/ws/roarm_ws_em0/install/roarm_moveit/include/roarm_moveit/roarm_moveit
-- Up-to-date: /home/ws/roarm_ws_em0/install/roarm_moveit/include/roarm_moveit/roarm_moveit/srv
-- Up-to-date: /home/ws/roarm_ws_em0/install/roarm_moveit/include/roarm_moveit/roarm_moveit/srv/detail
-- Up-to-date: /home/ws/roarm_ws_em0/install/roarm_moveit/include/roarm_moveit/roarm_moveit/srv/detail/move_point_cmd__rosidl_typesupport_fastrtps_c.h
-- Up-to-date: /home/ws/roarm_ws_em0/install/roarm_moveit/include/roarm_moveit/roarm_moveit/srv/detail/move_circle_cmd__rosidl_typesupport_fastrtps_c.h
-- Up-to-date: /home/ws/roarm_ws_em0/install/roarm_moveit/include/roarm_moveit/roarm_moveit/srv/detail/get_pose_cmd__rosidl_typesupport_fastrtps_c.h
-- Up-to-date: /home/ws/roarm_ws_em0/install/roarm_moveit/include/roarm_moveit/roarm_moveit/msg
-- Up-to-date: /home/ws/roarm_ws_em0/install/roarm_moveit/include/roarm_moveit/roarm_moveit/msg/rosidl_typesupport_fastrtps_c__visibility_control.h
-- Up-to-date: /home/ws/roarm_ws_em0/install/roarm_moveit/lib/libroarm_moveit__rosidl_typesupport_fastrtps_c.so
-- Up-to-date: /home/ws/roarm_ws_em0/install/roarm_moveit/include/roarm_moveit/roarm_moveit
-- Up-to-date: /home/ws/roarm_ws_em0/install/roarm_moveit/include/roarm_moveit/roarm_moveit/srv
-- Up-to-date: /home/ws/roarm_ws_em0/install/roarm_moveit/include/roarm_moveit/roarm_moveit/srv/detail
-- Up-to-date: /home/ws/roarm_ws_em0/install/roarm_moveit/include/roarm_moveit/roarm_moveit/srv/detail/move_circle_cmd__type_support.c
-- Up-to-date: /home/ws/roarm_ws_em0/install/roarm_moveit/include/roarm_moveit/roarm_moveit/srv/detail/move_point_cmd__type_support.c
-- Up-to-date: /home/ws/roarm_ws_em0/install/roarm_moveit/include/roarm_moveit/roarm_moveit/srv/detail/move_point_cmd__rosidl_typesupport_introspection_c.h
-- Up-to-date: /home/ws/roarm_ws_em0/install/roarm_moveit/include/roarm_moveit/roarm_moveit/srv/detail/get_pose_cmd__rosidl_typesupport_introspection_c.h
-- Up-to-date: /home/ws/roarm_ws_em0/install/roarm_moveit/include/roarm_moveit/roarm_moveit/srv/detail/move_circle_cmd__rosidl_typesupport_introspection_c.h
-- Up-to-date: /home/ws/roarm_ws_em0/install/roarm_moveit/include/roarm_moveit/roarm_moveit/srv/detail/get_pose_cmd__type_support.c
-- Up-to-date: /home/ws/roarm_ws_em0/install/roarm_moveit/include/roarm_moveit/roarm_moveit/msg
-- Up-to-date: /home/ws/roarm_ws_em0/install/roarm_moveit/include/roarm_moveit/roarm_moveit/msg/rosidl_typesupport_introspection_c__visibility_control.h
-- Up-to-date: /home/ws/roarm_ws_em0/install/roarm_moveit/lib/libroarm_moveit__rosidl_typesupport_introspection_c.so
-- Up-to-date: /home/ws/roarm_ws_em0/install/roarm_moveit/lib/libroarm_moveit__rosidl_typesupport_c.so
-- Up-to-date: /home/ws/roarm_ws_em0/install/roarm_moveit/include/roarm_moveit/roarm_moveit
-- Up-to-date: /home/ws/roarm_ws_em0/install/roarm_moveit/include/roarm_moveit/roarm_moveit/srv
-- Up-to-date: /home/ws/roarm_ws_em0/install/roarm_moveit/include/roarm_moveit/roarm_moveit/srv/detail
-- Up-to-date: /home/ws/roarm_ws_em0/install/roarm_moveit/include/roarm_moveit/roarm_moveit/srv/detail/move_circle_cmd__builder.hpp
-- Up-to-date: /home/ws/roarm_ws_em0/install/roarm_moveit/include/roarm_moveit/roarm_moveit/srv/detail/move_circle_cmd__traits.hpp
-- Up-to-date: /home/ws/roarm_ws_em0/install/roarm_moveit/include/roarm_moveit/roarm_moveit/srv/detail/get_pose_cmd__traits.hpp
-- Up-to-date: /home/ws/roarm_ws_em0/install/roarm_moveit/include/roarm_moveit/roarm_moveit/srv/detail/move_point_cmd__traits.hpp
-- Up-to-date: /home/ws/roarm_ws_em0/install/roarm_moveit/include/roarm_moveit/roarm_moveit/srv/detail/move_point_cmd__struct.hpp
-- Up-to-date: /home/ws/roarm_ws_em0/install/roarm_moveit/include/roarm_moveit/roarm_moveit/srv/detail/move_point_cmd__builder.hpp
-- Up-to-date: /home/ws/roarm_ws_em0/install/roarm_moveit/include/roarm_moveit/roarm_moveit/srv/detail/get_pose_cmd__struct.hpp
-- Up-to-date: /home/ws/roarm_ws_em0/install/roarm_moveit/include/roarm_moveit/roarm_moveit/srv/detail/get_pose_cmd__builder.hpp
-- Up-to-date: /home/ws/roarm_ws_em0/install/roarm_moveit/include/roarm_moveit/roarm_moveit/srv/detail/move_circle_cmd__struct.hpp
-- Up-to-date: /home/ws/roarm_ws_em0/install/roarm_moveit/include/roarm_moveit/roarm_moveit/srv/move_circle_cmd.hpp
-- Up-to-date: /home/ws/roarm_ws_em0/install/roarm_moveit/include/roarm_moveit/roarm_moveit/srv/move_point_cmd.hpp
-- Up-to-date: /home/ws/roarm_ws_em0/install/roarm_moveit/include/roarm_moveit/roarm_moveit/srv/get_pose_cmd.hpp
-- Up-to-date: /home/ws/roarm_ws_em0/install/roarm_moveit/include/roarm_moveit/roarm_moveit
-- Up-to-date: /home/ws/roarm_ws_em0/install/roarm_moveit/include/roarm_moveit/roarm_moveit/srv
-- Up-to-date: /home/ws/roarm_ws_em0/install/roarm_moveit/include/roarm_moveit/roarm_moveit/srv/detail
-- Up-to-date: /home/ws/roarm_ws_em0/install/roarm_moveit/include/roarm_moveit/roarm_moveit/srv/detail/move_circle_cmd__rosidl_typesupport_fastrtps_cpp.hpp
-- Up-to-date: /home/ws/roarm_ws_em0/install/roarm_moveit/include/roarm_moveit/roarm_moveit/srv/detail/get_pose_cmd__rosidl_typesupport_fastrtps_cpp.hpp
-- Up-to-date: /home/ws/roarm_ws_em0/install/roarm_moveit/include/roarm_moveit/roarm_moveit/srv/detail/move_point_cmd__rosidl_typesupport_fastrtps_cpp.hpp
-- Up-to-date: /home/ws/roarm_ws_em0/install/roarm_moveit/include/roarm_moveit/roarm_moveit/srv/detail/dds_fastrtps
-- Up-to-date: /home/ws/roarm_ws_em0/install/roarm_moveit/include/roarm_moveit/roarm_moveit/msg
-- Up-to-date: /home/ws/roarm_ws_em0/install/roarm_moveit/include/roarm_moveit/roarm_moveit/msg/rosidl_typesupport_fastrtps_cpp__visibility_control.h
-- Up-to-date: /home/ws/roarm_ws_em0/install/roarm_moveit/lib/libroarm_moveit__rosidl_typesupport_fastrtps_cpp.so
-- Up-to-date: /home/ws/roarm_ws_em0/install/roarm_moveit/include/roarm_moveit/roarm_moveit
-- Up-to-date: /home/ws/roarm_ws_em0/install/roarm_moveit/include/roarm_moveit/roarm_moveit/srv
-- Up-to-date: /home/ws/roarm_ws_em0/install/roarm_moveit/include/roarm_moveit/roarm_moveit/srv/detail
-- Up-to-date: /home/ws/roarm_ws_em0/install/roarm_moveit/include/roarm_moveit/roarm_moveit/srv/detail/get_pose_cmd__type_support.cpp
-- Up-to-date: /home/ws/roarm_ws_em0/install/roarm_moveit/include/roarm_moveit/roarm_moveit/srv/detail/move_circle_cmd__type_support.cpp
-- Up-to-date: /home/ws/roarm_ws_em0/install/roarm_moveit/include/roarm_moveit/roarm_moveit/srv/detail/move_circle_cmd__rosidl_typesupport_introspection_cpp.hpp
-- Up-to-date: /home/ws/roarm_ws_em0/install/roarm_moveit/include/roarm_moveit/roarm_moveit/srv/detail/move_point_cmd__type_support.cpp
-- Up-to-date: /home/ws/roarm_ws_em0/install/roarm_moveit/include/roarm_moveit/roarm_moveit/srv/detail/move_point_cmd__rosidl_typesupport_introspection_cpp.hpp
-- Up-to-date: /home/ws/roarm_ws_em0/install/roarm_moveit/include/roarm_moveit/roarm_moveit/srv/detail/get_pose_cmd__rosidl_typesupport_introspection_cpp.hpp
-- Up-to-date: /home/ws/roarm_ws_em0/install/roarm_moveit/lib/libroarm_moveit__rosidl_typesupport_introspection_cpp.so
-- Up-to-date: /home/ws/roarm_ws_em0/install/roarm_moveit/lib/libroarm_moveit__rosidl_typesupport_cpp.so
-- Up-to-date: /home/ws/roarm_ws_em0/install/roarm_moveit/share/roarm_moveit/environment/pythonpath.sh
-- Up-to-date: /home/ws/roarm_ws_em0/install/roarm_moveit/share/roarm_moveit/environment/pythonpath.dsv
-- Up-to-date: /home/ws/roarm_ws_em0/install/roarm_moveit/local/lib/python3.10/dist-packages/roarm_moveit-0.3.0-py3.10.egg-info
-- Installing: /home/ws/roarm_ws_em0/install/roarm_moveit/local/lib/python3.10/dist-packages/roarm_moveit-0.3.0-py3.10.egg-info/SOURCES.txt
-- Installing: /home/ws/roarm_ws_em0/install/roarm_moveit/local/lib/python3.10/dist-packages/roarm_moveit-0.3.0-py3.10.egg-info/top_level.txt
-- Installing: /home/ws/roarm_ws_em0/install/roarm_moveit/local/lib/python3.10/dist-packages/roarm_moveit-0.3.0-py3.10.egg-info/dependency_links.txt
-- Installing: /home/ws/roarm_ws_em0/install/roarm_moveit/local/lib/python3.10/dist-packages/roarm_moveit-0.3.0-py3.10.egg-info/PKG-INFO
-- Up-to-date: /home/ws/roarm_ws_em0/install/roarm_moveit/local/lib/python3.10/dist-packages/roarm_moveit
-- Up-to-date: /home/ws/roarm_ws_em0/install/roarm_moveit/local/lib/python3.10/dist-packages/roarm_moveit/_roarm_moveit_s.ep.rosidl_typesupport_fastrtps_c.c
-- Up-to-date: /home/ws/roarm_ws_em0/install/roarm_moveit/local/lib/python3.10/dist-packages/roarm_moveit/srv
-- Up-to-date: /home/ws/roarm_ws_em0/install/roarm_moveit/local/lib/python3.10/dist-packages/roarm_moveit/srv/_get_pose_cmd.py
-- Up-to-date: /home/ws/roarm_ws_em0/install/roarm_moveit/local/lib/python3.10/dist-packages/roarm_moveit/srv/_move_point_cmd.py
-- Up-to-date: /home/ws/roarm_ws_em0/install/roarm_moveit/local/lib/python3.10/dist-packages/roarm_moveit/srv/_move_circle_cmd.py
-- Up-to-date: /home/ws/roarm_ws_em0/install/roarm_moveit/local/lib/python3.10/dist-packages/roarm_moveit/srv/_move_circle_cmd_s.c
-- Up-to-date: /home/ws/roarm_ws_em0/install/roarm_moveit/local/lib/python3.10/dist-packages/roarm_moveit/srv/_move_point_cmd_s.c
-- Up-to-date: /home/ws/roarm_ws_em0/install/roarm_moveit/local/lib/python3.10/dist-packages/roarm_moveit/srv/__init__.py
-- Up-to-date: /home/ws/roarm_ws_em0/install/roarm_moveit/local/lib/python3.10/dist-packages/roarm_moveit/srv/_get_pose_cmd_s.c
-- Up-to-date: /home/ws/roarm_ws_em0/install/roarm_moveit/local/lib/python3.10/dist-packages/roarm_moveit/roarm_moveit_s__rosidl_typesupport_introspection_c.cpython-310-x86_64-linux-gnu.so
-- Up-to-date: /home/ws/roarm_ws_em0/install/roarm_moveit/local/lib/python3.10/dist-packages/roarm_moveit/_roarm_moveit_s.ep.rosidl_typesupport_introspection_c.c
-- Up-to-date: /home/ws/roarm_ws_em0/install/roarm_moveit/local/lib/python3.10/dist-packages/roarm_moveit/_roarm_moveit_s.ep.rosidl_typesupport_c.c
-- Up-to-date: /home/ws/roarm_ws_em0/install/roarm_moveit/local/lib/python3.10/dist-packages/roarm_moveit/__init__.py
-- Up-to-date: /home/ws/roarm_ws_em0/install/roarm_moveit/local/lib/python3.10/dist-packages/roarm_moveit/roarm_moveit_s__rosidl_typesupport_fastrtps_c.cpython-310-x86_64-linux-gnu.so
-- Up-to-date: /home/ws/roarm_ws_em0/install/roarm_moveit/local/lib/python3.10/dist-packages/roarm_moveit/roarm_moveit_s__rosidl_typesupport_c.cpython-310-x86_64-linux-gnu.so
-- Up-to-date: /home/ws/roarm_ws_em0/install/roarm_moveit/local/lib/python3.10/dist-packages/roarm_moveit/libroarm_moveit__rosidl_generator_py.so
Listing '/home/ws/roarm_ws_em0/install/roarm_moveit/local/lib/python3.10/dist-packages/roarm_moveit'...
Listing '/home/ws/roarm_ws_em0/install/roarm_moveit/local/lib/python3.10/dist-packages/roarm_moveit/srv'...
-- Up-to-date: /home/ws/roarm_ws_em0/install/roarm_moveit/local/lib/python3.10/dist-packages/roarm_moveit/roarm_moveit_s__rosidl_typesupport_fastrtps_c.cpython-310-x86_64-linux-gnu.so
-- Up-to-date: /home/ws/roarm_ws_em0/install/roarm_moveit/local/lib/python3.10/dist-packages/roarm_moveit/roarm_moveit_s__rosidl_typesupport_introspection_c.cpython-310-x86_64-linux-gnu.so
-- Up-to-date: /home/ws/roarm_ws_em0/install/roarm_moveit/local/lib/python3.10/dist-packages/roarm_moveit/roarm_moveit_s__rosidl_typesupport_c.cpython-310-x86_64-linux-gnu.so
-- Up-to-date: /home/ws/roarm_ws_em0/install/roarm_moveit/lib/libroarm_moveit__rosidl_generator_py.so
-- Up-to-date: /home/ws/roarm_ws_em0/install/roarm_moveit/share/roarm_moveit/srv/GetPoseCmd.idl
-- Up-to-date: /home/ws/roarm_ws_em0/install/roarm_moveit/share/roarm_moveit/srv/MovePointCmd.idl
-- Up-to-date: /home/ws/roarm_ws_em0/install/roarm_moveit/share/roarm_moveit/srv/MoveCircleCmd.idl
-- Up-to-date: /home/ws/roarm_ws_em0/install/roarm_moveit/share/roarm_moveit/srv/GetPoseCmd.srv
-- Up-to-date: /home/ws/roarm_ws_em0/install/roarm_moveit/share/roarm_moveit/srv/GetPoseCmd_Request.msg
-- Up-to-date: /home/ws/roarm_ws_em0/install/roarm_moveit/share/roarm_moveit/srv/GetPoseCmd_Response.msg
-- Up-to-date: /home/ws/roarm_ws_em0/install/roarm_moveit/share/roarm_moveit/srv/MovePointCmd.srv
-- Up-to-date: /home/ws/roarm_ws_em0/install/roarm_moveit/share/roarm_moveit/srv/MovePointCmd_Request.msg
-- Up-to-date: /home/ws/roarm_ws_em0/install/roarm_moveit/share/roarm_moveit/srv/MovePointCmd_Response.msg
-- Up-to-date: /home/ws/roarm_ws_em0/install/roarm_moveit/share/roarm_moveit/srv/MoveCircleCmd.srv
-- Up-to-date: /home/ws/roarm_ws_em0/install/roarm_moveit/share/roarm_moveit/srv/MoveCircleCmd_Request.msg
-- Up-to-date: /home/ws/roarm_ws_em0/install/roarm_moveit/share/roarm_moveit/srv/MoveCircleCmd_Response.msg
-- Up-to-date: /home/ws/roarm_ws_em0/install/roarm_moveit/share/ament_index/resource_index/package_run_dependencies/roarm_moveit
-- Up-to-date: /home/ws/roarm_ws_em0/install/roarm_moveit/share/ament_index/resource_index/parent_prefix_path/roarm_moveit
-- Up-to-date: /home/ws/roarm_ws_em0/install/roarm_moveit/share/roarm_moveit/environment/ament_prefix_path.sh
-- Up-to-date: /home/ws/roarm_ws_em0/install/roarm_moveit/share/roarm_moveit/environment/ament_prefix_path.dsv
-- Up-to-date: /home/ws/roarm_ws_em0/install/roarm_moveit/share/roarm_moveit/environment/path.sh
-- Up-to-date: /home/ws/roarm_ws_em0/install/roarm_moveit/share/roarm_moveit/environment/path.dsv
-- Up-to-date: /home/ws/roarm_ws_em0/install/roarm_moveit/share/roarm_moveit/local_setup.bash
-- Up-to-date: /home/ws/roarm_ws_em0/install/roarm_moveit/share/roarm_moveit/local_setup.sh
-- Up-to-date: /home/ws/roarm_ws_em0/install/roarm_moveit/share/roarm_moveit/local_setup.zsh
-- Up-to-date: /home/ws/roarm_ws_em0/install/roarm_moveit/share/roarm_moveit/local_setup.dsv
-- Installing: /home/ws/roarm_ws_em0/install/roarm_moveit/share/roarm_moveit/package.dsv
-- Up-to-date: /home/ws/roarm_ws_em0/install/roarm_moveit/share/ament_index/resource_index/packages/roarm_moveit
-- Up-to-date: /home/ws/roarm_ws_em0/install/roarm_moveit/share/roarm_moveit/cmake/export_roarm_moveit__rosidl_generator_cExport.cmake
-- Up-to-date: /home/ws/roarm_ws_em0/install/roarm_moveit/share/roarm_moveit/cmake/export_roarm_moveit__rosidl_generator_cExport-noconfig.cmake
-- Up-to-date: /home/ws/roarm_ws_em0/install/roarm_moveit/share/roarm_moveit/cmake/export_roarm_moveit__rosidl_typesupport_fastrtps_cExport.cmake
-- Up-to-date: /home/ws/roarm_ws_em0/install/roarm_moveit/share/roarm_moveit/cmake/export_roarm_moveit__rosidl_typesupport_fastrtps_cExport-noconfig.cmake
-- Up-to-date: /home/ws/roarm_ws_em0/install/roarm_moveit/share/roarm_moveit/cmake/roarm_moveit__rosidl_typesupport_introspection_cExport.cmake
-- Up-to-date: /home/ws/roarm_ws_em0/install/roarm_moveit/share/roarm_moveit/cmake/roarm_moveit__rosidl_typesupport_introspection_cExport-noconfig.cmake
-- Up-to-date: /home/ws/roarm_ws_em0/install/roarm_moveit/share/roarm_moveit/cmake/roarm_moveit__rosidl_typesupport_cExport.cmake
-- Up-to-date: /home/ws/roarm_ws_em0/install/roarm_moveit/share/roarm_moveit/cmake/roarm_moveit__rosidl_typesupport_cExport-noconfig.cmake
-- Up-to-date: /home/ws/roarm_ws_em0/install/roarm_moveit/share/roarm_moveit/cmake/export_roarm_moveit__rosidl_generator_cppExport.cmake
-- Up-to-date: /home/ws/roarm_ws_em0/install/roarm_moveit/share/roarm_moveit/cmake/export_roarm_moveit__rosidl_typesupport_fastrtps_cppExport.cmake
-- Up-to-date: /home/ws/roarm_ws_em0/install/roarm_moveit/share/roarm_moveit/cmake/export_roarm_moveit__rosidl_typesupport_fastrtps_cppExport-noconfig.cmake
-- Up-to-date: /home/ws/roarm_ws_em0/install/roarm_moveit/share/roarm_moveit/cmake/roarm_moveit__rosidl_typesupport_introspection_cppExport.cmake
-- Up-to-date: /home/ws/roarm_ws_em0/install/roarm_moveit/share/roarm_moveit/cmake/roarm_moveit__rosidl_typesupport_introspection_cppExport-noconfig.cmake
-- Up-to-date: /home/ws/roarm_ws_em0/install/roarm_moveit/share/roarm_moveit/cmake/roarm_moveit__rosidl_typesupport_cppExport.cmake
-- Up-to-date: /home/ws/roarm_ws_em0/install/roarm_moveit/share/roarm_moveit/cmake/roarm_moveit__rosidl_typesupport_cppExport-noconfig.cmake
-- Up-to-date: /home/ws/roarm_ws_em0/install/roarm_moveit/share/roarm_moveit/cmake/export_roarm_moveit__rosidl_generator_pyExport.cmake
-- Up-to-date: /home/ws/roarm_ws_em0/install/roarm_moveit/share/roarm_moveit/cmake/export_roarm_moveit__rosidl_generator_pyExport-noconfig.cmake
-- Up-to-date: /home/ws/roarm_ws_em0/install/roarm_moveit/share/roarm_moveit/cmake/rosidl_cmake-extras.cmake
-- Up-to-date: /home/ws/roarm_ws_em0/install/roarm_moveit/share/roarm_moveit/cmake/ament_cmake_export_include_directories-extras.cmake
-- Up-to-date: /home/ws/roarm_ws_em0/install/roarm_moveit/share/roarm_moveit/cmake/ament_cmake_export_libraries-extras.cmake
-- Up-to-date: /home/ws/roarm_ws_em0/install/roarm_moveit/share/roarm_moveit/cmake/ament_cmake_export_targets-extras.cmake
-- Up-to-date: /home/ws/roarm_ws_em0/install/roarm_moveit/share/roarm_moveit/cmake/rosidl_cmake_export_typesupport_targets-extras.cmake
-- Up-to-date: /home/ws/roarm_ws_em0/install/roarm_moveit/share/roarm_moveit/cmake/ament_cmake_export_dependencies-extras.cmake
-- Up-to-date: /home/ws/roarm_ws_em0/install/roarm_moveit/share/roarm_moveit/cmake/rosidl_cmake_export_typesupport_libraries-extras.cmake
-- Up-to-date: /home/ws/roarm_ws_em0/install/roarm_moveit/share/roarm_moveit/cmake/roarm_moveitConfig.cmake
-- Up-to-date: /home/ws/roarm_ws_em0/install/roarm_moveit/share/roarm_moveit/cmake/roarm_moveitConfig-version.cmake
-- Up-to-date: /home/ws/roarm_ws_em0/install/roarm_moveit/share/roarm_moveit/package.xml
-- Up-to-date: /home/ws/roarm_ws_em0/install/roarm_moveit/share/roarm_moveit/launch
-- Up-to-date: /home/ws/roarm_ws_em0/install/roarm_moveit/share/roarm_moveit/launch/warehouse_db.launch.py
-- Up-to-date: /home/ws/roarm_ws_em0/install/roarm_moveit/share/roarm_moveit/launch/static_virtual_joint_tfs.launch.py
-- Up-to-date: /home/ws/roarm_ws_em0/install/roarm_moveit/share/roarm_moveit/launch/moveit_rviz.launch.py
-- Up-to-date: /home/ws/roarm_ws_em0/install/roarm_moveit/share/roarm_moveit/launch/interact_moveit_rviz.launch.py
-- Up-to-date: /home/ws/roarm_ws_em0/install/roarm_moveit/share/roarm_moveit/launch/setup_assistant.launch.py
-- Up-to-date: /home/ws/roarm_ws_em0/install/roarm_moveit/share/roarm_moveit/launch/command_control_moveit_rviz.launch.py
-- Up-to-date: /home/ws/roarm_ws_em0/install/roarm_moveit/share/roarm_moveit/launch/demo.launch.py
-- Up-to-date: /home/ws/roarm_ws_em0/install/roarm_moveit/share/roarm_moveit/launch/rsp.launch.py
-- Up-to-date: /home/ws/roarm_ws_em0/install/roarm_moveit/share/roarm_moveit/launch/move_group.launch.py
-- Up-to-date: /home/ws/roarm_ws_em0/install/roarm_moveit/share/roarm_moveit/launch/interact.launch.py
-- Up-to-date: /home/ws/roarm_ws_em0/install/roarm_moveit/share/roarm_moveit/launch/spawn_controllers.launch.py
-- Up-to-date: /home/ws/roarm_ws_em0/install/roarm_moveit/share/roarm_moveit/config
-- Up-to-date: /home/ws/roarm_ws_em0/install/roarm_moveit/share/roarm_moveit/config/moveit_controllers.yaml
-- Up-to-date: /home/ws/roarm_ws_em0/install/roarm_moveit/share/roarm_moveit/config/initial_positions.yaml
-- Up-to-date: /home/ws/roarm_ws_em0/install/roarm_moveit/share/roarm_moveit/config/roarm_description.srdf
-- Up-to-date: /home/ws/roarm_ws_em0/install/roarm_moveit/share/roarm_moveit/config/pilz_cartesian_limits.yaml
-- Up-to-date: /home/ws/roarm_ws_em0/install/roarm_moveit/share/roarm_moveit/config/roarm_description.urdf.xacro
-- Up-to-date: /home/ws/roarm_ws_em0/install/roarm_moveit/share/roarm_moveit/config/roarm_description.ros2_control.xacro
-- Up-to-date: /home/ws/roarm_ws_em0/install/roarm_moveit/share/roarm_moveit/config/moveit.rviz
-- Up-to-date: /home/ws/roarm_ws_em0/install/roarm_moveit/share/roarm_moveit/config/sensors_3d.yaml
-- Up-to-date: /home/ws/roarm_ws_em0/install/roarm_moveit/share/roarm_moveit/config/kinematics.yaml
-- Up-to-date: /home/ws/roarm_ws_em0/install/roarm_moveit/share/roarm_moveit/config/ros2_controllers.yaml
-- Up-to-date: /home/ws/roarm_ws_em0/install/roarm_moveit/share/roarm_moveit/config/joint_limits.yaml
-- Up-to-date: /home/ws/roarm_ws_em0/install/roarm_moveit/share/roarm_moveit/config/interact.rviz
-- Up-to-date: /home/ws/roarm_ws_em0/install/roarm_moveit/share/roarm_moveit/.setup_assistant
