[1.311s] Invoking command in '/home/ws/roarm_ws_em0/build/roarm_driver': PYTHONPATH=/home/ws/roarm_ws_em0/build/roarm_driver/prefix_override:/usr/lib/python3/dist-packages/colcon_core/task/python/colcon_distutils_commands:/home/ws/roarm_ws_em0/install/roarm_driver/lib/python3.10/site-packages:${PYTHONPATH} /usr/bin/python3 -W ignore:setup.py install is deprecated setup.py develop --editable --build-directory /home/ws/roarm_ws_em0/build/roarm_driver/build --no-deps symlink_data
[1.977s] running develop
[1.978s] /usr/lib/python3/dist-packages/setuptools/command/easy_install.py:158: EasyInstallDeprecationWarning: easy_install command is deprecated. Use build and pip and other standards-based tools.
[1.978s]   warnings.warn(
[2.803s] running egg_info
[2.803s] creating roarm_driver.egg-info
[2.803s] writing roarm_driver.egg-info/PKG-INFO
[2.803s] writing dependency_links to roarm_driver.egg-info/dependency_links.txt
[2.803s] writing entry points to roarm_driver.egg-info/entry_points.txt
[2.803s] writing requirements to roarm_driver.egg-info/requires.txt
[2.803s] writing top-level names to roarm_driver.egg-info/top_level.txt
[2.803s] writing manifest file 'roarm_driver.egg-info/SOURCES.txt'
[2.809s] reading manifest file 'roarm_driver.egg-info/SOURCES.txt'
[2.815s] writing manifest file 'roarm_driver.egg-info/SOURCES.txt'
[2.815s] running build_ext
[2.815s] Creating /home/ws/roarm_ws_em0/install/roarm_driver/lib/python3.10/site-packages/roarm-driver.egg-link (link to .)
[2.815s] Installing roarm_driver script to /home/ws/roarm_ws_em0/install/roarm_driver/lib/roarm_driver
[2.837s] 
[2.837s] Installed /home/ws/roarm_ws_em0/build/roarm_driver
[2.838s] running symlink_data
[2.839s] creating /home/ws/roarm_ws_em0/install/roarm_driver/share/ament_index
[2.839s] creating /home/ws/roarm_ws_em0/install/roarm_driver/share/ament_index/resource_index
[2.839s] creating /home/ws/roarm_ws_em0/install/roarm_driver/share/ament_index/resource_index/packages
[2.839s] symbolically linking /home/ws/roarm_ws_em0/build/roarm_driver/resource/roarm_driver -> /home/ws/roarm_ws_em0/install/roarm_driver/share/ament_index/resource_index/packages
[2.839s] symbolically linking /home/ws/roarm_ws_em0/build/roarm_driver/package.xml -> /home/ws/roarm_ws_em0/install/roarm_driver/share/roarm_driver
[2.842s] Invoked command in '/home/ws/roarm_ws_em0/build/roarm_driver' returned '0': PYTHONPATH=/home/ws/roarm_ws_em0/build/roarm_driver/prefix_override:/usr/lib/python3/dist-packages/colcon_core/task/python/colcon_distutils_commands:/home/ws/roarm_ws_em0/install/roarm_driver/lib/python3.10/site-packages:${PYTHONPATH} /usr/bin/python3 -W ignore:setup.py install is deprecated setup.py develop --editable --build-directory /home/ws/roarm_ws_em0/build/roarm_driver/build --no-deps symlink_data
