running develop
/usr/lib/python3/dist-packages/setuptools/command/easy_install.py:158: EasyInstallDeprecationWarning: easy_install command is deprecated. Use build and pip and other standards-based tools.
  warnings.warn(
Removing /home/ws/roarm_ws_em0/install/roarm_web_app/lib/python3.10/site-packages/roarm-web-app.egg-link (link to .)
running egg_info
writing ../../../build/roarm_web_app/roarm_web_app.egg-info/PKG-INFO
writing dependency_links to ../../../build/roarm_web_app/roarm_web_app.egg-info/dependency_links.txt
writing entry points to ../../../build/roarm_web_app/roarm_web_app.egg-info/entry_points.txt
writing requirements to ../../../build/roarm_web_app/roarm_web_app.egg-info/requires.txt
writing top-level names to ../../../build/roarm_web_app/roarm_web_app.egg-info/top_level.txt
reading manifest file '../../../build/roarm_web_app/roarm_web_app.egg-info/SOURCES.txt'
writing manifest file '../../../build/roarm_web_app/roarm_web_app.egg-info/SOURCES.txt'
running build
running build_py
running install
running install_lib
creating /home/ws/roarm_ws_em0/install/roarm_web_app/lib/python3.10/site-packages/roarm_web_app
copying /home/ws/roarm_ws_em0/build/roarm_web_app/build/lib/roarm_web_app/roarm_web_app.py -> /home/ws/roarm_ws_em0/install/roarm_web_app/lib/python3.10/site-packages/roarm_web_app
copying /home/ws/roarm_ws_em0/build/roarm_web_app/build/lib/roarm_web_app/__init__.py -> /home/ws/roarm_ws_em0/install/roarm_web_app/lib/python3.10/site-packages/roarm_web_app
byte-compiling /home/ws/roarm_ws_em0/install/roarm_web_app/lib/python3.10/site-packages/roarm_web_app/roarm_web_app.py to roarm_web_app.cpython-310.pyc
byte-compiling /home/ws/roarm_ws_em0/install/roarm_web_app/lib/python3.10/site-packages/roarm_web_app/__init__.py to __init__.cpython-310.pyc
running install_data
copying resource/roarm_web_app -> /home/ws/roarm_ws_em0/install/roarm_web_app/share/ament_index/resource_index/packages
copying package.xml -> /home/ws/roarm_ws_em0/install/roarm_web_app/share/roarm_web_app
running install_egg_info
Copying ../../../build/roarm_web_app/roarm_web_app.egg-info to /home/ws/roarm_ws_em0/install/roarm_web_app/lib/python3.10/site-packages/roarm_web_app-0.0.0-py3.10.egg-info
running install_scripts
Installing roarm_web_app script to /home/ws/roarm_ws_em0/install/roarm_web_app/lib/roarm_web_app
writing list of installed files to '/home/ws/roarm_ws_em0/build/roarm_web_app/install.log'
