[0.016s] Invoking command in '/home/ws/roarm_ws_em0/build/roarm_description': CMAKE_PREFIX_PATH=/opt/ros/humble /usr/bin/cmake /home/ws/roarm_ws_em0/src/roarm_main/roarm_description -DCMAKE_INSTALL_PREFIX=/home/ws/roarm_ws_em0/install/roarm_description
[0.103s] -- The C compiler identification is GNU 11.4.0
[0.162s] -- The CXX compiler identification is GNU 11.4.0
[0.169s] -- Detecting C compiler ABI info
[0.249s] -- Detecting C compiler ABI info - done
[0.253s] -- Check for working C compiler: /usr/bin/cc - skipped
[0.253s] -- Detecting C compile features
[0.253s] -- Detecting C compile features - done
[0.255s] -- Detecting CXX compiler ABI info
[0.341s] -- Detecting CXX compiler ABI info - done
[0.347s] -- Check for working CXX compiler: /usr/bin/c++ - skipped
[0.347s] -- Detecting CXX compile features
[0.348s] -- Detecting CXX compile features - done
[0.349s] -- Found ament_cmake: 1.3.10 (/opt/ros/humble/share/ament_cmake/cmake)
[0.480s] -- Found Python3: /usr/bin/python3 (found version "3.10.12") found components: Interpreter 
[0.554s] -- Found ament_lint_auto: 0.12.11 (/opt/ros/humble/share/ament_lint_auto/cmake)
[0.621s] -- Added test 'flake8' to check Python code syntax and style conventions
[0.621s] -- Added test 'lint_cmake' to check CMake code style
[0.621s] -- Added test 'pep257' to check Python code against some of the docstring style conventions in PEP 257
[0.622s] -- Added test 'xmllint' to check XML markup files
[0.624s] -- Configuring done
[0.627s] -- Generating done
[0.627s] -- Build files have been written to: /home/ws/roarm_ws_em0/build/roarm_description
[0.634s] Invoked command in '/home/ws/roarm_ws_em0/build/roarm_description' returned '0': CMAKE_PREFIX_PATH=/opt/ros/humble /usr/bin/cmake /home/ws/roarm_ws_em0/src/roarm_main/roarm_description -DCMAKE_INSTALL_PREFIX=/home/ws/roarm_ws_em0/install/roarm_description
[0.635s] Invoking command in '/home/ws/roarm_ws_em0/build/roarm_description': CMAKE_PREFIX_PATH=/opt/ros/humble /usr/bin/cmake --build /home/ws/roarm_ws_em0/build/roarm_description -- -j4 -l4
[0.677s] Invoked command in '/home/ws/roarm_ws_em0/build/roarm_description' returned '0': CMAKE_PREFIX_PATH=/opt/ros/humble /usr/bin/cmake --build /home/ws/roarm_ws_em0/build/roarm_description -- -j4 -l4
[0.723s] Invoking command in '/home/ws/roarm_ws_em0/build/roarm_description': CMAKE_PREFIX_PATH=/opt/ros/humble /usr/bin/cmake --install /home/ws/roarm_ws_em0/build/roarm_description
[0.731s] -- Install configuration: ""
[0.731s] -- Installing: /home/ws/roarm_ws_em0/install/roarm_description/share/roarm_description/config
[0.731s] -- Installing: /home/ws/roarm_ws_em0/install/roarm_description/share/roarm_description/config/joint_names_roarm.yaml
[0.733s] -- Installing: /home/ws/roarm_ws_em0/install/roarm_description/share/roarm_description/config/roarm_description.rviz
[0.733s] -- Installing: /home/ws/roarm_ws_em0/install/roarm_description/share/roarm_description/launch
[0.733s] -- Installing: /home/ws/roarm_ws_em0/install/roarm_description/share/roarm_description/launch/display.launch.py
[0.734s] -- Installing: /home/ws/roarm_ws_em0/install/roarm_description/share/roarm_description/meshes
[0.734s] -- Installing: /home/ws/roarm_ws_em0/install/roarm_description/share/roarm_description/meshes/gripper_link.STL
[0.736s] -- Installing: /home/ws/roarm_ws_em0/install/roarm_description/share/roarm_description/meshes/link2.STL
[0.738s] -- Installing: /home/ws/roarm_ws_em0/install/roarm_description/share/roarm_description/meshes/base_link.STL
[0.739s] -- Installing: /home/ws/roarm_ws_em0/install/roarm_description/share/roarm_description/meshes/link3.STL
[0.741s] -- Installing: /home/ws/roarm_ws_em0/install/roarm_description/share/roarm_description/meshes/link1.STL
[0.741s] -- Installing: /home/ws/roarm_ws_em0/install/roarm_description/share/roarm_description/urdf
[0.742s] -- Installing: /home/ws/roarm_ws_em0/install/roarm_description/share/roarm_description/urdf/roarm_description.csv
[0.742s] -- Installing: /home/ws/roarm_ws_em0/install/roarm_description/share/roarm_description/urdf/roarm_description.urdf
[0.742s] -- Installing: /home/ws/roarm_ws_em0/install/roarm_description/share/roarm_description/urdf/roarm_description_web_app.urdf
[0.743s] -- Installing: /home/ws/roarm_ws_em0/install/roarm_description/share/ament_index/resource_index/package_run_dependencies/roarm_description
[0.744s] -- Installing: /home/ws/roarm_ws_em0/install/roarm_description/share/ament_index/resource_index/parent_prefix_path/roarm_description
[0.744s] -- Installing: /home/ws/roarm_ws_em0/install/roarm_description/share/roarm_description/environment/ament_prefix_path.sh
[0.744s] -- Installing: /home/ws/roarm_ws_em0/install/roarm_description/share/roarm_description/environment/ament_prefix_path.dsv
[0.744s] -- Installing: /home/ws/roarm_ws_em0/install/roarm_description/share/roarm_description/environment/path.sh
[0.745s] -- Installing: /home/ws/roarm_ws_em0/install/roarm_description/share/roarm_description/environment/path.dsv
[0.745s] -- Installing: /home/ws/roarm_ws_em0/install/roarm_description/share/roarm_description/local_setup.bash
[0.745s] -- Installing: /home/ws/roarm_ws_em0/install/roarm_description/share/roarm_description/local_setup.sh
[0.745s] -- Installing: /home/ws/roarm_ws_em0/install/roarm_description/share/roarm_description/local_setup.zsh
[0.745s] -- Installing: /home/ws/roarm_ws_em0/install/roarm_description/share/roarm_description/local_setup.dsv
[0.745s] -- Installing: /home/ws/roarm_ws_em0/install/roarm_description/share/roarm_description/package.dsv
[0.745s] -- Installing: /home/ws/roarm_ws_em0/install/roarm_description/share/ament_index/resource_index/packages/roarm_description
[0.746s] -- Installing: /home/ws/roarm_ws_em0/install/roarm_description/share/roarm_description/cmake/roarm_descriptionConfig.cmake
[0.746s] -- Installing: /home/ws/roarm_ws_em0/install/roarm_description/share/roarm_description/cmake/roarm_descriptionConfig-version.cmake
[0.746s] -- Installing: /home/ws/roarm_ws_em0/install/roarm_description/share/roarm_description/package.xml
[0.749s] Invoked command in '/home/ws/roarm_ws_em0/build/roarm_description' returned '0': CMAKE_PREFIX_PATH=/opt/ros/humble /usr/bin/cmake --install /home/ws/roarm_ws_em0/build/roarm_description
