[0.436s] Invoking command in '/home/ws/roarm_ws_em0/build/ros2web_widgets': AMENT_PREFIX_PATH=/home/ws/roarm_ws_em0/install/ros2web_app:/home/ws/roarm_ws_em0/install/ros2web:/home/ws/roarm_ws_em0/install/ros2web_interfaces:${AMENT_PREFIX_PATH} CMAKE_PREFIX_PATH=/home/ws/roarm_ws_em0/install/ros2web_interfaces:${CMAKE_PREFIX_PATH} LD_LIBRARY_PATH=/home/ws/roarm_ws_em0/install/ros2web_interfaces/lib:${LD_LIBRARY_PATH} PYTHONPATH=/home/ws/roarm_ws_em0/build/ros2web_widgets/prefix_override:/usr/lib/python3/dist-packages/colcon_core/task/python/colcon_distutils_commands:/home/ws/roarm_ws_em0/install/ros2web_widgets/lib/python3.10/site-packages:/home/ws/roarm_ws_em0/build/ros2web_app:/home/ws/roarm_ws_em0/install/ros2web_app/lib/python3.10/site-packages:/home/ws/roarm_ws_em0/build/ros2web:/home/ws/roarm_ws_em0/install/ros2web/lib/python3.10/site-packages:/home/ws/roarm_ws_em0/install/ros2web_interfaces/local/lib/python3.10/dist-packages:${PYTHONPATH} /usr/bin/python3 -W ignore:setup.py install is deprecated setup.py develop --editable --build-directory /home/ws/roarm_ws_em0/build/ros2web_widgets/build --no-deps symlink_data
[0.644s] running develop
[0.645s] /usr/lib/python3/dist-packages/setuptools/command/easy_install.py:158: EasyInstallDeprecationWarning: easy_install command is deprecated. Use build and pip and other standards-based tools.
[0.645s]   warnings.warn(
[0.752s] running egg_info
[0.753s] creating ros2web_widgets.egg-info
[0.753s] writing ros2web_widgets.egg-info/PKG-INFO
[0.753s] writing dependency_links to ros2web_widgets.egg-info/dependency_links.txt
[0.753s] writing entry points to ros2web_widgets.egg-info/entry_points.txt
[0.753s] writing requirements to ros2web_widgets.egg-info/requires.txt
[0.753s] writing top-level names to ros2web_widgets.egg-info/top_level.txt
[0.753s] writing manifest file 'ros2web_widgets.egg-info/SOURCES.txt'
[0.755s] reading manifest file 'ros2web_widgets.egg-info/SOURCES.txt'
[0.755s] writing manifest file 'ros2web_widgets.egg-info/SOURCES.txt'
[0.756s] running build_ext
[0.757s] Creating /home/ws/roarm_ws_em0/install/ros2web_widgets/lib/python3.10/site-packages/ros2web-widgets.egg-link (link to .)
[0.757s] Installing widgets script to /home/ws/roarm_ws_em0/install/ros2web_widgets/lib/ros2web_widgets
[0.757s] 
[0.757s] Installed /home/ws/roarm_ws_em0/build/ros2web_widgets
[0.757s] running symlink_data
[0.757s] creating /home/ws/roarm_ws_em0/install/ros2web_widgets/share/ament_index
[0.758s] creating /home/ws/roarm_ws_em0/install/ros2web_widgets/share/ament_index/resource_index
[0.758s] creating /home/ws/roarm_ws_em0/install/ros2web_widgets/share/ament_index/resource_index/packages
[0.758s] symbolically linking /home/ws/roarm_ws_em0/build/ros2web_widgets/resource/ros2web_widgets -> /home/ws/roarm_ws_em0/install/ros2web_widgets/share/ament_index/resource_index/packages
[0.758s] symbolically linking /home/ws/roarm_ws_em0/build/ros2web_widgets/package.xml -> /home/ws/roarm_ws_em0/install/ros2web_widgets/share/ros2web_widgets
[0.787s] Invoked command in '/home/ws/roarm_ws_em0/build/ros2web_widgets' returned '0': AMENT_PREFIX_PATH=/home/ws/roarm_ws_em0/install/ros2web_app:/home/ws/roarm_ws_em0/install/ros2web:/home/ws/roarm_ws_em0/install/ros2web_interfaces:${AMENT_PREFIX_PATH} CMAKE_PREFIX_PATH=/home/ws/roarm_ws_em0/install/ros2web_interfaces:${CMAKE_PREFIX_PATH} LD_LIBRARY_PATH=/home/ws/roarm_ws_em0/install/ros2web_interfaces/lib:${LD_LIBRARY_PATH} PYTHONPATH=/home/ws/roarm_ws_em0/build/ros2web_widgets/prefix_override:/usr/lib/python3/dist-packages/colcon_core/task/python/colcon_distutils_commands:/home/ws/roarm_ws_em0/install/ros2web_widgets/lib/python3.10/site-packages:/home/ws/roarm_ws_em0/build/ros2web_app:/home/ws/roarm_ws_em0/install/ros2web_app/lib/python3.10/site-packages:/home/ws/roarm_ws_em0/build/ros2web:/home/ws/roarm_ws_em0/install/ros2web/lib/python3.10/site-packages:/home/ws/roarm_ws_em0/install/ros2web_interfaces/local/lib/python3.10/dist-packages:${PYTHONPATH} /usr/bin/python3 -W ignore:setup.py install is deprecated setup.py develop --editable --build-directory /home/ws/roarm_ws_em0/build/ros2web_widgets/build --no-deps symlink_data
