/home/ws/roarm_ws_em0/install/ros2web/lib/python3.10/site-packages/ros2web/__init__.py
/home/ws/roarm_ws_em0/install/ros2web/lib/python3.10/site-packages/ros2web/verb/__init__.py
/home/ws/roarm_ws_em0/install/ros2web/lib/python3.10/site-packages/ros2web/verb/server.py
/home/ws/roarm_ws_em0/install/ros2web/lib/python3.10/site-packages/ros2web/utilities/msg.py
/home/ws/roarm_ws_em0/install/ros2web/lib/python3.10/site-packages/ros2web/utilities/__init__.py
/home/ws/roarm_ws_em0/install/ros2web/lib/python3.10/site-packages/ros2web/utilities/socket.py
/home/ws/roarm_ws_em0/install/ros2web/lib/python3.10/site-packages/ros2web/command/web.py
/home/ws/roarm_ws_em0/install/ros2web/lib/python3.10/site-packages/ros2web/command/__init__.py
/home/ws/roarm_ws_em0/install/ros2web/lib/python3.10/site-packages/ros2web/api/handler.py
/home/ws/roarm_ws_em0/install/ros2web/lib/python3.10/site-packages/ros2web/api/ros_executor.py
/home/ws/roarm_ws_em0/install/ros2web/lib/python3.10/site-packages/ros2web/api/__init__.py
/home/ws/roarm_ws_em0/install/ros2web/lib/python3.10/site-packages/ros2web/api/ws_client.py
/home/ws/roarm_ws_em0/install/ros2web/lib/python3.10/site-packages/ros2web/handler/__init__.py
/home/ws/roarm_ws_em0/install/ros2web/lib/python3.10/site-packages/ros2web/__pycache__/__init__.cpython-310.pyc
/home/ws/roarm_ws_em0/install/ros2web/lib/python3.10/site-packages/ros2web/verb/__pycache__/__init__.cpython-310.pyc
/home/ws/roarm_ws_em0/install/ros2web/lib/python3.10/site-packages/ros2web/verb/__pycache__/server.cpython-310.pyc
/home/ws/roarm_ws_em0/install/ros2web/lib/python3.10/site-packages/ros2web/utilities/__pycache__/msg.cpython-310.pyc
/home/ws/roarm_ws_em0/install/ros2web/lib/python3.10/site-packages/ros2web/utilities/__pycache__/__init__.cpython-310.pyc
/home/ws/roarm_ws_em0/install/ros2web/lib/python3.10/site-packages/ros2web/utilities/__pycache__/socket.cpython-310.pyc
/home/ws/roarm_ws_em0/install/ros2web/lib/python3.10/site-packages/ros2web/command/__pycache__/web.cpython-310.pyc
/home/ws/roarm_ws_em0/install/ros2web/lib/python3.10/site-packages/ros2web/command/__pycache__/__init__.cpython-310.pyc
/home/ws/roarm_ws_em0/install/ros2web/lib/python3.10/site-packages/ros2web/api/__pycache__/handler.cpython-310.pyc
/home/ws/roarm_ws_em0/install/ros2web/lib/python3.10/site-packages/ros2web/api/__pycache__/ros_executor.cpython-310.pyc
/home/ws/roarm_ws_em0/install/ros2web/lib/python3.10/site-packages/ros2web/api/__pycache__/__init__.cpython-310.pyc
/home/ws/roarm_ws_em0/install/ros2web/lib/python3.10/site-packages/ros2web/api/__pycache__/ws_client.cpython-310.pyc
/home/ws/roarm_ws_em0/install/ros2web/lib/python3.10/site-packages/ros2web/handler/__pycache__/__init__.cpython-310.pyc
/home/ws/roarm_ws_em0/install/ros2web/share/ament_index/resource_index/packages/ros2web
/home/ws/roarm_ws_em0/install/ros2web/share/ros2web/package.xml
/home/ws/roarm_ws_em0/install/ros2web/lib/python3.10/site-packages/ros2web-0.0.1-py3.10.egg-info/SOURCES.txt
/home/ws/roarm_ws_em0/install/ros2web/lib/python3.10/site-packages/ros2web-0.0.1-py3.10.egg-info/top_level.txt
/home/ws/roarm_ws_em0/install/ros2web/lib/python3.10/site-packages/ros2web-0.0.1-py3.10.egg-info/dependency_links.txt
/home/ws/roarm_ws_em0/install/ros2web/lib/python3.10/site-packages/ros2web-0.0.1-py3.10.egg-info/entry_points.txt
/home/ws/roarm_ws_em0/install/ros2web/lib/python3.10/site-packages/ros2web-0.0.1-py3.10.egg-info/PKG-INFO
/home/ws/roarm_ws_em0/install/ros2web/lib/python3.10/site-packages/ros2web-0.0.1-py3.10.egg-info/requires.txt
/home/ws/roarm_ws_em0/install/ros2web/lib/python3.10/site-packages/ros2web-0.0.1-py3.10.egg-info/zip-safe
