[0.650s] Invoking command in '/home/ws/roarm_ws_em0/src/roarm_else/launch_api': PYTHONPATH=/home/ws/roarm_ws_em0/build/launch_api/prefix_override:/usr/lib/python3/dist-packages/colcon_core/task/python/colcon_distutils_commands:/home/ws/roarm_ws_em0/install/launch_api/lib/python3.10/site-packages:${PYTHONPATH} /usr/bin/python3 -W ignore:setup.py install is deprecated setup.py egg_info --egg-base ../../../build/launch_api build --build-base /home/ws/roarm_ws_em0/build/launch_api/build install --record /home/ws/roarm_ws_em0/build/launch_api/install.log --single-version-externally-managed install_data
[0.841s] running egg_info
[0.843s] writing ../../../build/launch_api/launch_api.egg-info/PKG-INFO
[0.843s] writing dependency_links to ../../../build/launch_api/launch_api.egg-info/dependency_links.txt
[0.843s] writing entry points to ../../../build/launch_api/launch_api.egg-info/entry_points.txt
[0.843s] writing requirements to ../../../build/launch_api/launch_api.egg-info/requires.txt
[0.845s] writing top-level names to ../../../build/launch_api/launch_api.egg-info/top_level.txt
[0.845s] reading manifest file '../../../build/launch_api/launch_api.egg-info/SOURCES.txt'
[0.845s] adding license file 'LICENSE'
[0.845s] writing manifest file '../../../build/launch_api/launch_api.egg-info/SOURCES.txt'
[0.845s] running build
[0.845s] running build_py
[0.846s] running install
[0.846s] running install_lib
[0.847s] running install_data
[0.848s] running install_egg_info
[0.853s] removing '/home/ws/roarm_ws_em0/install/launch_api/lib/python3.10/site-packages/launch_api-0.0.0-py3.10.egg-info' (and everything under it)
[0.853s] Copying ../../../build/launch_api/launch_api.egg-info to /home/ws/roarm_ws_em0/install/launch_api/lib/python3.10/site-packages/launch_api-0.0.0-py3.10.egg-info
[0.853s] running install_scripts
[0.874s] writing list of installed files to '/home/ws/roarm_ws_em0/build/launch_api/install.log'
[1.073s] Invoked command in '/home/ws/roarm_ws_em0/src/roarm_else/launch_api' returned '0': PYTHONPATH=/home/ws/roarm_ws_em0/build/launch_api/prefix_override:/usr/lib/python3/dist-packages/colcon_core/task/python/colcon_distutils_commands:/home/ws/roarm_ws_em0/install/launch_api/lib/python3.10/site-packages:${PYTHONPATH} /usr/bin/python3 -W ignore:setup.py install is deprecated setup.py egg_info --egg-base ../../../build/launch_api build --build-base /home/ws/roarm_ws_em0/build/launch_api/build install --record /home/ws/roarm_ws_em0/build/launch_api/install.log --single-version-externally-managed install_data
