[0.016s] Invoking command in '/home/ws/roarm_ws_em0/build/roarm_description': CMAKE_PREFIX_PATH=/opt/ros/humble /usr/bin/cmake --build /home/ws/roarm_ws_em0/build/roarm_description -- -j4 -l4
[0.061s] Invoked command in '/home/ws/roarm_ws_em0/build/roarm_description' returned '0': CMAKE_PREFIX_PATH=/opt/ros/humble /usr/bin/cmake --build /home/ws/roarm_ws_em0/build/roarm_description -- -j4 -l4
[0.122s] Invoking command in '/home/ws/roarm_ws_em0/build/roarm_description': CMAKE_PREFIX_PATH=/opt/ros/humble /usr/bin/cmake --install /home/ws/roarm_ws_em0/build/roarm_description
[0.135s] -- Install configuration: ""
[0.135s] -- Up-to-date: /home/ws/roarm_ws_em0/install/roarm_description/share/roarm_description/config
[0.135s] -- Up-to-date: /home/ws/roarm_ws_em0/install/roarm_description/share/roarm_description/config/joint_names_roarm.yaml
[0.135s] -- Up-to-date: /home/ws/roarm_ws_em0/install/roarm_description/share/roarm_description/config/roarm_description.rviz
[0.135s] -- Up-to-date: /home/ws/roarm_ws_em0/install/roarm_description/share/roarm_description/launch
[0.135s] -- Up-to-date: /home/ws/roarm_ws_em0/install/roarm_description/share/roarm_description/launch/display.launch.py
[0.135s] -- Up-to-date: /home/ws/roarm_ws_em0/install/roarm_description/share/roarm_description/meshes
[0.135s] -- Up-to-date: /home/ws/roarm_ws_em0/install/roarm_description/share/roarm_description/meshes/gripper_link.STL
[0.135s] -- Up-to-date: /home/ws/roarm_ws_em0/install/roarm_description/share/roarm_description/meshes/link2.STL
[0.135s] -- Up-to-date: /home/ws/roarm_ws_em0/install/roarm_description/share/roarm_description/meshes/base_link.STL
[0.135s] -- Up-to-date: /home/ws/roarm_ws_em0/install/roarm_description/share/roarm_description/meshes/link3.STL
[0.135s] -- Up-to-date: /home/ws/roarm_ws_em0/install/roarm_description/share/roarm_description/meshes/link1.STL
[0.135s] -- Up-to-date: /home/ws/roarm_ws_em0/install/roarm_description/share/roarm_description/urdf
[0.136s] -- Up-to-date: /home/ws/roarm_ws_em0/install/roarm_description/share/roarm_description/urdf/roarm_description.csv
[0.136s] -- Up-to-date: /home/ws/roarm_ws_em0/install/roarm_description/share/roarm_description/urdf/roarm_description.urdf
[0.136s] -- Up-to-date: /home/ws/roarm_ws_em0/install/roarm_description/share/roarm_description/urdf/roarm_description_web_app.urdf
[0.136s] -- Up-to-date: /home/ws/roarm_ws_em0/install/roarm_description/share/ament_index/resource_index/package_run_dependencies/roarm_description
[0.136s] -- Up-to-date: /home/ws/roarm_ws_em0/install/roarm_description/share/ament_index/resource_index/parent_prefix_path/roarm_description
[0.136s] -- Up-to-date: /home/ws/roarm_ws_em0/install/roarm_description/share/roarm_description/environment/ament_prefix_path.sh
[0.136s] -- Up-to-date: /home/ws/roarm_ws_em0/install/roarm_description/share/roarm_description/environment/ament_prefix_path.dsv
[0.136s] -- Up-to-date: /home/ws/roarm_ws_em0/install/roarm_description/share/roarm_description/environment/path.sh
[0.136s] -- Up-to-date: /home/ws/roarm_ws_em0/install/roarm_description/share/roarm_description/environment/path.dsv
[0.136s] -- Up-to-date: /home/ws/roarm_ws_em0/install/roarm_description/share/roarm_description/local_setup.bash
[0.136s] -- Up-to-date: /home/ws/roarm_ws_em0/install/roarm_description/share/roarm_description/local_setup.sh
[0.136s] -- Up-to-date: /home/ws/roarm_ws_em0/install/roarm_description/share/roarm_description/local_setup.zsh
[0.136s] -- Up-to-date: /home/ws/roarm_ws_em0/install/roarm_description/share/roarm_description/local_setup.dsv
[0.136s] -- Up-to-date: /home/ws/roarm_ws_em0/install/roarm_description/share/roarm_description/package.dsv
[0.136s] -- Up-to-date: /home/ws/roarm_ws_em0/install/roarm_description/share/ament_index/resource_index/packages/roarm_description
[0.136s] -- Up-to-date: /home/ws/roarm_ws_em0/install/roarm_description/share/roarm_description/cmake/roarm_descriptionConfig.cmake
[0.136s] -- Up-to-date: /home/ws/roarm_ws_em0/install/roarm_description/share/roarm_description/cmake/roarm_descriptionConfig-version.cmake
[0.136s] -- Up-to-date: /home/ws/roarm_ws_em0/install/roarm_description/share/roarm_description/package.xml
[0.140s] Invoked command in '/home/ws/roarm_ws_em0/build/roarm_description' returned '0': CMAKE_PREFIX_PATH=/opt/ros/humble /usr/bin/cmake --install /home/ws/roarm_ws_em0/build/roarm_description
