[0.045s] Invoking command in '/home/ws/roarm_ws_em0/build/ros2web_interfaces': CMAKE_PREFIX_PATH=${CMAKE_PREFIX_PATH}:/opt/ros/humble /usr/bin/cmake --build /home/ws/roarm_ws_em0/build/ros2web_interfaces -- -j4 -l4
[0.138s] [  1%] Built target ros2web_interfaces__cpp
[0.169s] [ 12%] Built target ros2web_interfaces__rosidl_generator_c
[0.189s] [ 12%] Built target ament_cmake_python_symlink_ros2web_interfaces
[0.192s] [ 24%] Built target ros2web_interfaces__rosidl_typesupport_fastrtps_cpp
[0.205s] [ 35%] Built target ros2web_interfaces__rosidl_typesupport_cpp
[0.246s] [ 47%] Built target ros2web_interfaces__rosidl_typesupport_introspection_cpp
[0.262s] [ 64%] Built target ros2web_interfaces__rosidl_typesupport_c
[0.264s] [ 70%] Built target ros2web_interfaces__rosidl_typesupport_fastrtps_c
[0.264s] [ 81%] Built target ros2web_interfaces__rosidl_typesupport_introspection_c
[0.313s] [ 81%] Built target ros2web_interfaces
[0.377s] [ 82%] Built target ros2web_interfaces__py
[0.451s] [ 93%] Built target ros2web_interfaces__rosidl_generator_py
[0.493s] running egg_info
[0.496s] writing ros2web_interfaces.egg-info/PKG-INFO
[0.496s] writing dependency_links to ros2web_interfaces.egg-info/dependency_links.txt
[0.496s] writing top-level names to ros2web_interfaces.egg-info/top_level.txt
[0.502s] reading manifest file 'ros2web_interfaces.egg-info/SOURCES.txt'
[0.502s] writing manifest file 'ros2web_interfaces.egg-info/SOURCES.txt'
[0.509s] [ 95%] Built target ros2web_interfaces__rosidl_typesupport_fastrtps_c__pyext
[0.510s] [ 97%] Built target ros2web_interfaces__rosidl_typesupport_introspection_c__pyext
[0.513s] [100%] Built target ros2web_interfaces__rosidl_typesupport_c__pyext
[0.533s] [100%] Built target ament_cmake_python_build_ros2web_interfaces_egg
[0.555s] Invoked command in '/home/ws/roarm_ws_em0/build/ros2web_interfaces' returned '0': CMAKE_PREFIX_PATH=${CMAKE_PREFIX_PATH}:/opt/ros/humble /usr/bin/cmake --build /home/ws/roarm_ws_em0/build/ros2web_interfaces -- -j4 -l4
[1.534s] Invoking command in '/home/ws/roarm_ws_em0/build/ros2web_interfaces': CMAKE_PREFIX_PATH=${CMAKE_PREFIX_PATH}:/opt/ros/humble /usr/bin/cmake --install /home/ws/roarm_ws_em0/build/ros2web_interfaces
[1.541s] -- Install configuration: ""
[1.542s] -- Execute custom install script
[1.542s] -- Up-to-date symlink: /home/ws/roarm_ws_em0/install/ros2web_interfaces/share/ament_index/resource_index/rosidl_interfaces/ros2web_interfaces
[1.542s] -- Up-to-date symlink: /home/ws/roarm_ws_em0/install/ros2web_interfaces/include/ros2web_interfaces/ros2web_interfaces/msg/body_part.h
[1.542s] -- Up-to-date symlink: /home/ws/roarm_ws_em0/install/ros2web_interfaces/include/ros2web_interfaces/ros2web_interfaces/msg/content_type.h
[1.542s] -- Up-to-date symlink: /home/ws/roarm_ws_em0/install/ros2web_interfaces/include/ros2web_interfaces/ros2web_interfaces/msg/detail/body_part__functions.h
[1.542s] -- Up-to-date symlink: /home/ws/roarm_ws_em0/install/ros2web_interfaces/include/ros2web_interfaces/ros2web_interfaces/msg/detail/body_part__struct.h
[1.543s] -- Up-to-date symlink: /home/ws/roarm_ws_em0/install/ros2web_interfaces/include/ros2web_interfaces/ros2web_interfaces/msg/detail/body_part__type_support.h
[1.543s] -- Up-to-date symlink: /home/ws/roarm_ws_em0/install/ros2web_interfaces/include/ros2web_interfaces/ros2web_interfaces/msg/detail/content_type__functions.h
[1.543s] -- Up-to-date symlink: /home/ws/roarm_ws_em0/install/ros2web_interfaces/include/ros2web_interfaces/ros2web_interfaces/msg/detail/content_type__struct.h
[1.543s] -- Up-to-date symlink: /home/ws/roarm_ws_em0/install/ros2web_interfaces/include/ros2web_interfaces/ros2web_interfaces/msg/detail/content_type__type_support.h
[1.543s] -- Up-to-date symlink: /home/ws/roarm_ws_em0/install/ros2web_interfaces/include/ros2web_interfaces/ros2web_interfaces/msg/detail/http_status_code__functions.h
[1.543s] -- Up-to-date symlink: /home/ws/roarm_ws_em0/install/ros2web_interfaces/include/ros2web_interfaces/ros2web_interfaces/msg/detail/http_status_code__struct.h
[1.543s] -- Up-to-date symlink: /home/ws/roarm_ws_em0/install/ros2web_interfaces/include/ros2web_interfaces/ros2web_interfaces/msg/detail/http_status_code__type_support.h
[1.543s] -- Up-to-date symlink: /home/ws/roarm_ws_em0/install/ros2web_interfaces/include/ros2web_interfaces/ros2web_interfaces/msg/detail/ws_msg__functions.h
[1.543s] -- Up-to-date symlink: /home/ws/roarm_ws_em0/install/ros2web_interfaces/include/ros2web_interfaces/ros2web_interfaces/msg/detail/ws_msg__struct.h
[1.543s] -- Up-to-date symlink: /home/ws/roarm_ws_em0/install/ros2web_interfaces/include/ros2web_interfaces/ros2web_interfaces/msg/detail/ws_msg__type_support.h
[1.543s] -- Up-to-date symlink: /home/ws/roarm_ws_em0/install/ros2web_interfaces/include/ros2web_interfaces/ros2web_interfaces/msg/detail/ws_msg_data__functions.h
[1.543s] -- Up-to-date symlink: /home/ws/roarm_ws_em0/install/ros2web_interfaces/include/ros2web_interfaces/ros2web_interfaces/msg/detail/ws_msg_data__struct.h
[1.543s] -- Up-to-date symlink: /home/ws/roarm_ws_em0/install/ros2web_interfaces/include/ros2web_interfaces/ros2web_interfaces/msg/detail/ws_msg_data__type_support.h
[1.543s] -- Up-to-date symlink: /home/ws/roarm_ws_em0/install/ros2web_interfaces/include/ros2web_interfaces/ros2web_interfaces/msg/detail/ws_msg_type__functions.h
[1.543s] -- Up-to-date symlink: /home/ws/roarm_ws_em0/install/ros2web_interfaces/include/ros2web_interfaces/ros2web_interfaces/msg/detail/ws_msg_type__struct.h
[1.543s] -- Up-to-date symlink: /home/ws/roarm_ws_em0/install/ros2web_interfaces/include/ros2web_interfaces/ros2web_interfaces/msg/detail/ws_msg_type__type_support.h
[1.543s] -- Up-to-date symlink: /home/ws/roarm_ws_em0/install/ros2web_interfaces/include/ros2web_interfaces/ros2web_interfaces/msg/http_status_code.h
[1.543s] -- Up-to-date symlink: /home/ws/roarm_ws_em0/install/ros2web_interfaces/include/ros2web_interfaces/ros2web_interfaces/msg/rosidl_generator_c__visibility_control.h
[1.543s] -- Up-to-date symlink: /home/ws/roarm_ws_em0/install/ros2web_interfaces/include/ros2web_interfaces/ros2web_interfaces/msg/ws_msg.h
[1.543s] -- Up-to-date symlink: /home/ws/roarm_ws_em0/install/ros2web_interfaces/include/ros2web_interfaces/ros2web_interfaces/msg/ws_msg_data.h
[1.543s] -- Up-to-date symlink: /home/ws/roarm_ws_em0/install/ros2web_interfaces/include/ros2web_interfaces/ros2web_interfaces/msg/ws_msg_type.h
[1.544s] -- Up-to-date symlink: /home/ws/roarm_ws_em0/install/ros2web_interfaces/include/ros2web_interfaces/ros2web_interfaces/srv/detail/http__functions.h
[1.544s] -- Up-to-date symlink: /home/ws/roarm_ws_em0/install/ros2web_interfaces/include/ros2web_interfaces/ros2web_interfaces/srv/detail/http__struct.h
[1.544s] -- Up-to-date symlink: /home/ws/roarm_ws_em0/install/ros2web_interfaces/include/ros2web_interfaces/ros2web_interfaces/srv/detail/http__type_support.h
[1.544s] -- Up-to-date symlink: /home/ws/roarm_ws_em0/install/ros2web_interfaces/include/ros2web_interfaces/ros2web_interfaces/srv/detail/ws__functions.h
[1.544s] -- Up-to-date symlink: /home/ws/roarm_ws_em0/install/ros2web_interfaces/include/ros2web_interfaces/ros2web_interfaces/srv/detail/ws__struct.h
[1.546s] -- Up-to-date symlink: /home/ws/roarm_ws_em0/install/ros2web_interfaces/include/ros2web_interfaces/ros2web_interfaces/srv/detail/ws__type_support.h
[1.546s] -- Up-to-date symlink: /home/ws/roarm_ws_em0/install/ros2web_interfaces/include/ros2web_interfaces/ros2web_interfaces/srv/http.h
[1.546s] -- Up-to-date symlink: /home/ws/roarm_ws_em0/install/ros2web_interfaces/include/ros2web_interfaces/ros2web_interfaces/srv/ws.h
[1.546s] -- Up-to-date symlink: /home/ws/roarm_ws_em0/install/ros2web_interfaces/share/ros2web_interfaces/environment/library_path.sh
[1.546s] -- Up-to-date symlink: /home/ws/roarm_ws_em0/install/ros2web_interfaces/share/ros2web_interfaces/environment/library_path.dsv
[1.546s] -- Up-to-date symlink: /home/ws/roarm_ws_em0/install/ros2web_interfaces/include/ros2web_interfaces/ros2web_interfaces/msg/detail/body_part__rosidl_typesupport_fastrtps_c.h
[1.546s] -- Up-to-date symlink: /home/ws/roarm_ws_em0/install/ros2web_interfaces/include/ros2web_interfaces/ros2web_interfaces/msg/detail/content_type__rosidl_typesupport_fastrtps_c.h
[1.546s] -- Up-to-date symlink: /home/ws/roarm_ws_em0/install/ros2web_interfaces/include/ros2web_interfaces/ros2web_interfaces/msg/detail/http_status_code__rosidl_typesupport_fastrtps_c.h
[1.546s] -- Up-to-date symlink: /home/ws/roarm_ws_em0/install/ros2web_interfaces/include/ros2web_interfaces/ros2web_interfaces/msg/detail/ws_msg__rosidl_typesupport_fastrtps_c.h
[1.546s] -- Up-to-date symlink: /home/ws/roarm_ws_em0/install/ros2web_interfaces/include/ros2web_interfaces/ros2web_interfaces/msg/detail/ws_msg_data__rosidl_typesupport_fastrtps_c.h
[1.546s] -- Up-to-date symlink: /home/ws/roarm_ws_em0/install/ros2web_interfaces/include/ros2web_interfaces/ros2web_interfaces/msg/detail/ws_msg_type__rosidl_typesupport_fastrtps_c.h
[1.547s] -- Up-to-date symlink: /home/ws/roarm_ws_em0/install/ros2web_interfaces/include/ros2web_interfaces/ros2web_interfaces/msg/rosidl_typesupport_fastrtps_c__visibility_control.h
[1.547s] -- Up-to-date symlink: /home/ws/roarm_ws_em0/install/ros2web_interfaces/include/ros2web_interfaces/ros2web_interfaces/srv/detail/http__rosidl_typesupport_fastrtps_c.h
[1.548s] -- Up-to-date symlink: /home/ws/roarm_ws_em0/install/ros2web_interfaces/include/ros2web_interfaces/ros2web_interfaces/srv/detail/ws__rosidl_typesupport_fastrtps_c.h
[1.548s] -- Up-to-date symlink: /home/ws/roarm_ws_em0/install/ros2web_interfaces/include/ros2web_interfaces/ros2web_interfaces/msg/detail/body_part__rosidl_typesupport_introspection_c.h
[1.548s] -- Up-to-date symlink: /home/ws/roarm_ws_em0/install/ros2web_interfaces/include/ros2web_interfaces/ros2web_interfaces/msg/detail/content_type__rosidl_typesupport_introspection_c.h
[1.549s] -- Up-to-date symlink: /home/ws/roarm_ws_em0/install/ros2web_interfaces/include/ros2web_interfaces/ros2web_interfaces/msg/detail/http_status_code__rosidl_typesupport_introspection_c.h
[1.549s] -- Up-to-date symlink: /home/ws/roarm_ws_em0/install/ros2web_interfaces/include/ros2web_interfaces/ros2web_interfaces/msg/detail/ws_msg__rosidl_typesupport_introspection_c.h
[1.549s] -- Up-to-date symlink: /home/ws/roarm_ws_em0/install/ros2web_interfaces/include/ros2web_interfaces/ros2web_interfaces/msg/detail/ws_msg_data__rosidl_typesupport_introspection_c.h
[1.549s] -- Up-to-date symlink: /home/ws/roarm_ws_em0/install/ros2web_interfaces/include/ros2web_interfaces/ros2web_interfaces/msg/detail/ws_msg_type__rosidl_typesupport_introspection_c.h
[1.549s] -- Up-to-date symlink: /home/ws/roarm_ws_em0/install/ros2web_interfaces/include/ros2web_interfaces/ros2web_interfaces/msg/rosidl_typesupport_introspection_c__visibility_control.h
[1.549s] -- Up-to-date symlink: /home/ws/roarm_ws_em0/install/ros2web_interfaces/include/ros2web_interfaces/ros2web_interfaces/srv/detail/http__rosidl_typesupport_introspection_c.h
[1.549s] -- Up-to-date symlink: /home/ws/roarm_ws_em0/install/ros2web_interfaces/include/ros2web_interfaces/ros2web_interfaces/srv/detail/ws__rosidl_typesupport_introspection_c.h
[1.549s] -- Up-to-date symlink: /home/ws/roarm_ws_em0/install/ros2web_interfaces/include/ros2web_interfaces/ros2web_interfaces/msg/body_part.hpp
[1.551s] -- Up-to-date symlink: /home/ws/roarm_ws_em0/install/ros2web_interfaces/include/ros2web_interfaces/ros2web_interfaces/msg/content_type.hpp
[1.551s] -- Up-to-date symlink: /home/ws/roarm_ws_em0/install/ros2web_interfaces/include/ros2web_interfaces/ros2web_interfaces/msg/detail/body_part__builder.hpp
[1.551s] -- Up-to-date symlink: /home/ws/roarm_ws_em0/install/ros2web_interfaces/include/ros2web_interfaces/ros2web_interfaces/msg/detail/body_part__struct.hpp
[1.551s] -- Up-to-date symlink: /home/ws/roarm_ws_em0/install/ros2web_interfaces/include/ros2web_interfaces/ros2web_interfaces/msg/detail/body_part__traits.hpp
[1.551s] -- Up-to-date symlink: /home/ws/roarm_ws_em0/install/ros2web_interfaces/include/ros2web_interfaces/ros2web_interfaces/msg/detail/content_type__builder.hpp
[1.551s] -- Up-to-date symlink: /home/ws/roarm_ws_em0/install/ros2web_interfaces/include/ros2web_interfaces/ros2web_interfaces/msg/detail/content_type__struct.hpp
[1.551s] -- Up-to-date symlink: /home/ws/roarm_ws_em0/install/ros2web_interfaces/include/ros2web_interfaces/ros2web_interfaces/msg/detail/content_type__traits.hpp
[1.551s] -- Up-to-date symlink: /home/ws/roarm_ws_em0/install/ros2web_interfaces/include/ros2web_interfaces/ros2web_interfaces/msg/detail/http_status_code__builder.hpp
[1.551s] -- Up-to-date symlink: /home/ws/roarm_ws_em0/install/ros2web_interfaces/include/ros2web_interfaces/ros2web_interfaces/msg/detail/http_status_code__struct.hpp
[1.551s] -- Up-to-date symlink: /home/ws/roarm_ws_em0/install/ros2web_interfaces/include/ros2web_interfaces/ros2web_interfaces/msg/detail/http_status_code__traits.hpp
[1.551s] -- Up-to-date symlink: /home/ws/roarm_ws_em0/install/ros2web_interfaces/include/ros2web_interfaces/ros2web_interfaces/msg/detail/ws_msg__builder.hpp
[1.551s] -- Up-to-date symlink: /home/ws/roarm_ws_em0/install/ros2web_interfaces/include/ros2web_interfaces/ros2web_interfaces/msg/detail/ws_msg__struct.hpp
[1.551s] -- Up-to-date symlink: /home/ws/roarm_ws_em0/install/ros2web_interfaces/include/ros2web_interfaces/ros2web_interfaces/msg/detail/ws_msg__traits.hpp
[1.551s] -- Up-to-date symlink: /home/ws/roarm_ws_em0/install/ros2web_interfaces/include/ros2web_interfaces/ros2web_interfaces/msg/detail/ws_msg_data__builder.hpp
[1.551s] -- Up-to-date symlink: /home/ws/roarm_ws_em0/install/ros2web_interfaces/include/ros2web_interfaces/ros2web_interfaces/msg/detail/ws_msg_data__struct.hpp
[1.551s] -- Up-to-date symlink: /home/ws/roarm_ws_em0/install/ros2web_interfaces/include/ros2web_interfaces/ros2web_interfaces/msg/detail/ws_msg_data__traits.hpp
[1.551s] -- Up-to-date symlink: /home/ws/roarm_ws_em0/install/ros2web_interfaces/include/ros2web_interfaces/ros2web_interfaces/msg/detail/ws_msg_type__builder.hpp
[1.551s] -- Up-to-date symlink: /home/ws/roarm_ws_em0/install/ros2web_interfaces/include/ros2web_interfaces/ros2web_interfaces/msg/detail/ws_msg_type__struct.hpp
[1.551s] -- Up-to-date symlink: /home/ws/roarm_ws_em0/install/ros2web_interfaces/include/ros2web_interfaces/ros2web_interfaces/msg/detail/ws_msg_type__traits.hpp
[1.551s] -- Up-to-date symlink: /home/ws/roarm_ws_em0/install/ros2web_interfaces/include/ros2web_interfaces/ros2web_interfaces/msg/http_status_code.hpp
[1.551s] -- Up-to-date symlink: /home/ws/roarm_ws_em0/install/ros2web_interfaces/include/ros2web_interfaces/ros2web_interfaces/msg/ws_msg.hpp
[1.551s] -- Up-to-date symlink: /home/ws/roarm_ws_em0/install/ros2web_interfaces/include/ros2web_interfaces/ros2web_interfaces/msg/ws_msg_data.hpp
[1.551s] -- Up-to-date symlink: /home/ws/roarm_ws_em0/install/ros2web_interfaces/include/ros2web_interfaces/ros2web_interfaces/msg/ws_msg_type.hpp
[1.551s] -- Up-to-date symlink: /home/ws/roarm_ws_em0/install/ros2web_interfaces/include/ros2web_interfaces/ros2web_interfaces/srv/detail/http__builder.hpp
[1.551s] -- Up-to-date symlink: /home/ws/roarm_ws_em0/install/ros2web_interfaces/include/ros2web_interfaces/ros2web_interfaces/srv/detail/http__struct.hpp
[1.551s] -- Up-to-date symlink: /home/ws/roarm_ws_em0/install/ros2web_interfaces/include/ros2web_interfaces/ros2web_interfaces/srv/detail/http__traits.hpp
[1.551s] -- Up-to-date symlink: /home/ws/roarm_ws_em0/install/ros2web_interfaces/include/ros2web_interfaces/ros2web_interfaces/srv/detail/ws__builder.hpp
[1.551s] -- Up-to-date symlink: /home/ws/roarm_ws_em0/install/ros2web_interfaces/include/ros2web_interfaces/ros2web_interfaces/srv/detail/ws__struct.hpp
[1.551s] -- Up-to-date symlink: /home/ws/roarm_ws_em0/install/ros2web_interfaces/include/ros2web_interfaces/ros2web_interfaces/srv/detail/ws__traits.hpp
[1.551s] -- Up-to-date symlink: /home/ws/roarm_ws_em0/install/ros2web_interfaces/include/ros2web_interfaces/ros2web_interfaces/srv/http.hpp
[1.552s] -- Up-to-date symlink: /home/ws/roarm_ws_em0/install/ros2web_interfaces/include/ros2web_interfaces/ros2web_interfaces/srv/ws.hpp
[1.552s] -- Up-to-date symlink: /home/ws/roarm_ws_em0/install/ros2web_interfaces/include/ros2web_interfaces/ros2web_interfaces/msg/detail/body_part__rosidl_typesupport_fastrtps_cpp.hpp
[1.552s] -- Up-to-date symlink: /home/ws/roarm_ws_em0/install/ros2web_interfaces/include/ros2web_interfaces/ros2web_interfaces/msg/detail/content_type__rosidl_typesupport_fastrtps_cpp.hpp
[1.552s] -- Up-to-date symlink: /home/ws/roarm_ws_em0/install/ros2web_interfaces/include/ros2web_interfaces/ros2web_interfaces/msg/detail/http_status_code__rosidl_typesupport_fastrtps_cpp.hpp
[1.552s] -- Up-to-date symlink: /home/ws/roarm_ws_em0/install/ros2web_interfaces/include/ros2web_interfaces/ros2web_interfaces/msg/detail/ws_msg__rosidl_typesupport_fastrtps_cpp.hpp
[1.552s] -- Up-to-date symlink: /home/ws/roarm_ws_em0/install/ros2web_interfaces/include/ros2web_interfaces/ros2web_interfaces/msg/detail/ws_msg_data__rosidl_typesupport_fastrtps_cpp.hpp
[1.552s] -- Up-to-date symlink: /home/ws/roarm_ws_em0/install/ros2web_interfaces/include/ros2web_interfaces/ros2web_interfaces/msg/detail/ws_msg_type__rosidl_typesupport_fastrtps_cpp.hpp
[1.552s] -- Up-to-date symlink: /home/ws/roarm_ws_em0/install/ros2web_interfaces/include/ros2web_interfaces/ros2web_interfaces/msg/rosidl_typesupport_fastrtps_cpp__visibility_control.h
[1.552s] -- Up-to-date symlink: /home/ws/roarm_ws_em0/install/ros2web_interfaces/include/ros2web_interfaces/ros2web_interfaces/srv/detail/http__rosidl_typesupport_fastrtps_cpp.hpp
[1.552s] -- Up-to-date symlink: /home/ws/roarm_ws_em0/install/ros2web_interfaces/include/ros2web_interfaces/ros2web_interfaces/srv/detail/ws__rosidl_typesupport_fastrtps_cpp.hpp
[1.552s] -- Up-to-date symlink: /home/ws/roarm_ws_em0/install/ros2web_interfaces/include/ros2web_interfaces/ros2web_interfaces/msg/detail/body_part__rosidl_typesupport_introspection_cpp.hpp
[1.552s] -- Up-to-date symlink: /home/ws/roarm_ws_em0/install/ros2web_interfaces/include/ros2web_interfaces/ros2web_interfaces/msg/detail/content_type__rosidl_typesupport_introspection_cpp.hpp
[1.552s] -- Up-to-date symlink: /home/ws/roarm_ws_em0/install/ros2web_interfaces/include/ros2web_interfaces/ros2web_interfaces/msg/detail/http_status_code__rosidl_typesupport_introspection_cpp.hpp
[1.552s] -- Up-to-date symlink: /home/ws/roarm_ws_em0/install/ros2web_interfaces/include/ros2web_interfaces/ros2web_interfaces/msg/detail/ws_msg__rosidl_typesupport_introspection_cpp.hpp
[1.552s] -- Up-to-date symlink: /home/ws/roarm_ws_em0/install/ros2web_interfaces/include/ros2web_interfaces/ros2web_interfaces/msg/detail/ws_msg_data__rosidl_typesupport_introspection_cpp.hpp
[1.552s] -- Up-to-date symlink: /home/ws/roarm_ws_em0/install/ros2web_interfaces/include/ros2web_interfaces/ros2web_interfaces/msg/detail/ws_msg_type__rosidl_typesupport_introspection_cpp.hpp
[1.552s] -- Up-to-date symlink: /home/ws/roarm_ws_em0/install/ros2web_interfaces/include/ros2web_interfaces/ros2web_interfaces/srv/detail/http__rosidl_typesupport_introspection_cpp.hpp
[1.552s] -- Up-to-date symlink: /home/ws/roarm_ws_em0/install/ros2web_interfaces/include/ros2web_interfaces/ros2web_interfaces/srv/detail/ws__rosidl_typesupport_introspection_cpp.hpp
[1.552s] -- Up-to-date symlink: /home/ws/roarm_ws_em0/install/ros2web_interfaces/share/ros2web_interfaces/environment/pythonpath.sh
[1.553s] -- Up-to-date symlink: /home/ws/roarm_ws_em0/install/ros2web_interfaces/share/ros2web_interfaces/environment/pythonpath.dsv
[1.553s] -- Up-to-date symlink: /home/ws/roarm_ws_em0/install/ros2web_interfaces/local/lib/python3.10/dist-packages/ros2web_interfaces-0.1.0-py3.10.egg-info/PKG-INFO
[1.553s] -- Up-to-date symlink: /home/ws/roarm_ws_em0/install/ros2web_interfaces/local/lib/python3.10/dist-packages/ros2web_interfaces-0.1.0-py3.10.egg-info/SOURCES.txt
[1.553s] -- Up-to-date symlink: /home/ws/roarm_ws_em0/install/ros2web_interfaces/local/lib/python3.10/dist-packages/ros2web_interfaces-0.1.0-py3.10.egg-info/dependency_links.txt
[1.553s] -- Up-to-date symlink: /home/ws/roarm_ws_em0/install/ros2web_interfaces/local/lib/python3.10/dist-packages/ros2web_interfaces-0.1.0-py3.10.egg-info/top_level.txt
[1.553s] -- Up-to-date symlink: /home/ws/roarm_ws_em0/install/ros2web_interfaces/local/lib/python3.10/dist-packages/ros2web_interfaces/__init__.py
[1.553s] -- Up-to-date symlink: /home/ws/roarm_ws_em0/install/ros2web_interfaces/local/lib/python3.10/dist-packages/ros2web_interfaces/_ros2web_interfaces_s.ep.rosidl_typesupport_c.c
[1.553s] -- Up-to-date symlink: /home/ws/roarm_ws_em0/install/ros2web_interfaces/local/lib/python3.10/dist-packages/ros2web_interfaces/_ros2web_interfaces_s.ep.rosidl_typesupport_fastrtps_c.c
[1.553s] -- Up-to-date symlink: /home/ws/roarm_ws_em0/install/ros2web_interfaces/local/lib/python3.10/dist-packages/ros2web_interfaces/_ros2web_interfaces_s.ep.rosidl_typesupport_introspection_c.c
[1.553s] -- Up-to-date symlink: /home/ws/roarm_ws_em0/install/ros2web_interfaces/local/lib/python3.10/dist-packages/ros2web_interfaces/libros2web_interfaces__rosidl_generator_py.so
[1.554s] -- Up-to-date symlink: /home/ws/roarm_ws_em0/install/ros2web_interfaces/local/lib/python3.10/dist-packages/ros2web_interfaces/msg/__init__.py
[1.554s] -- Up-to-date symlink: /home/ws/roarm_ws_em0/install/ros2web_interfaces/local/lib/python3.10/dist-packages/ros2web_interfaces/msg/_body_part.py
[1.554s] -- Up-to-date symlink: /home/ws/roarm_ws_em0/install/ros2web_interfaces/local/lib/python3.10/dist-packages/ros2web_interfaces/msg/_body_part_s.c
[1.554s] -- Up-to-date symlink: /home/ws/roarm_ws_em0/install/ros2web_interfaces/local/lib/python3.10/dist-packages/ros2web_interfaces/msg/_content_type.py
[1.554s] -- Up-to-date symlink: /home/ws/roarm_ws_em0/install/ros2web_interfaces/local/lib/python3.10/dist-packages/ros2web_interfaces/msg/_content_type_s.c
[1.554s] -- Up-to-date symlink: /home/ws/roarm_ws_em0/install/ros2web_interfaces/local/lib/python3.10/dist-packages/ros2web_interfaces/msg/_http_status_code.py
[1.554s] -- Up-to-date symlink: /home/ws/roarm_ws_em0/install/ros2web_interfaces/local/lib/python3.10/dist-packages/ros2web_interfaces/msg/_http_status_code_s.c
[1.555s] -- Up-to-date symlink: /home/ws/roarm_ws_em0/install/ros2web_interfaces/local/lib/python3.10/dist-packages/ros2web_interfaces/msg/_ws_msg.py
[1.557s] -- Up-to-date symlink: /home/ws/roarm_ws_em0/install/ros2web_interfaces/local/lib/python3.10/dist-packages/ros2web_interfaces/msg/_ws_msg_data.py
[1.557s] -- Up-to-date symlink: /home/ws/roarm_ws_em0/install/ros2web_interfaces/local/lib/python3.10/dist-packages/ros2web_interfaces/msg/_ws_msg_data_s.c
[1.557s] -- Up-to-date symlink: /home/ws/roarm_ws_em0/install/ros2web_interfaces/local/lib/python3.10/dist-packages/ros2web_interfaces/msg/_ws_msg_s.c
[1.557s] -- Up-to-date symlink: /home/ws/roarm_ws_em0/install/ros2web_interfaces/local/lib/python3.10/dist-packages/ros2web_interfaces/msg/_ws_msg_type.py
[1.557s] -- Up-to-date symlink: /home/ws/roarm_ws_em0/install/ros2web_interfaces/local/lib/python3.10/dist-packages/ros2web_interfaces/msg/_ws_msg_type_s.c
[1.557s] -- Up-to-date symlink: /home/ws/roarm_ws_em0/install/ros2web_interfaces/local/lib/python3.10/dist-packages/ros2web_interfaces/ros2web_interfaces_s__rosidl_typesupport_c.cpython-310-x86_64-linux-gnu.so
[1.558s] -- Up-to-date symlink: /home/ws/roarm_ws_em0/install/ros2web_interfaces/local/lib/python3.10/dist-packages/ros2web_interfaces/ros2web_interfaces_s__rosidl_typesupport_fastrtps_c.cpython-310-x86_64-linux-gnu.so
[1.558s] -- Up-to-date symlink: /home/ws/roarm_ws_em0/install/ros2web_interfaces/local/lib/python3.10/dist-packages/ros2web_interfaces/ros2web_interfaces_s__rosidl_typesupport_introspection_c.cpython-310-x86_64-linux-gnu.so
[1.558s] -- Up-to-date symlink: /home/ws/roarm_ws_em0/install/ros2web_interfaces/local/lib/python3.10/dist-packages/ros2web_interfaces/srv/__init__.py
[1.558s] -- Up-to-date symlink: /home/ws/roarm_ws_em0/install/ros2web_interfaces/local/lib/python3.10/dist-packages/ros2web_interfaces/srv/_http.py
[1.558s] -- Up-to-date symlink: /home/ws/roarm_ws_em0/install/ros2web_interfaces/local/lib/python3.10/dist-packages/ros2web_interfaces/srv/_http_s.c
[1.558s] -- Up-to-date symlink: /home/ws/roarm_ws_em0/install/ros2web_interfaces/local/lib/python3.10/dist-packages/ros2web_interfaces/srv/_ws.py
[1.558s] -- Up-to-date symlink: /home/ws/roarm_ws_em0/install/ros2web_interfaces/local/lib/python3.10/dist-packages/ros2web_interfaces/srv/_ws_s.c
[1.558s] -- Up-to-date symlink: /home/ws/roarm_ws_em0/install/ros2web_interfaces/local/lib/python3.10/dist-packages/ros2web_interfaces/ros2web_interfaces_s__rosidl_typesupport_fastrtps_c.cpython-310-x86_64-linux-gnu.so
[1.558s] -- Up-to-date symlink: /home/ws/roarm_ws_em0/install/ros2web_interfaces/local/lib/python3.10/dist-packages/ros2web_interfaces/ros2web_interfaces_s__rosidl_typesupport_introspection_c.cpython-310-x86_64-linux-gnu.so
[1.558s] -- Up-to-date symlink: /home/ws/roarm_ws_em0/install/ros2web_interfaces/local/lib/python3.10/dist-packages/ros2web_interfaces/ros2web_interfaces_s__rosidl_typesupport_c.cpython-310-x86_64-linux-gnu.so
[1.558s] -- Up-to-date symlink: /home/ws/roarm_ws_em0/install/ros2web_interfaces/share/ros2web_interfaces/msg/BodyPart.idl
[1.558s] -- Up-to-date symlink: /home/ws/roarm_ws_em0/install/ros2web_interfaces/share/ros2web_interfaces/msg/ContentType.idl
[1.558s] -- Up-to-date symlink: /home/ws/roarm_ws_em0/install/ros2web_interfaces/share/ros2web_interfaces/msg/HTTPStatusCode.idl
[1.558s] -- Up-to-date symlink: /home/ws/roarm_ws_em0/install/ros2web_interfaces/share/ros2web_interfaces/msg/WSMsgData.idl
[1.558s] -- Up-to-date symlink: /home/ws/roarm_ws_em0/install/ros2web_interfaces/share/ros2web_interfaces/msg/WSMsgType.idl
[1.558s] -- Up-to-date symlink: /home/ws/roarm_ws_em0/install/ros2web_interfaces/share/ros2web_interfaces/msg/WSMsg.idl
[1.558s] -- Up-to-date symlink: /home/ws/roarm_ws_em0/install/ros2web_interfaces/share/ros2web_interfaces/srv/HTTP.idl
[1.558s] -- Up-to-date symlink: /home/ws/roarm_ws_em0/install/ros2web_interfaces/share/ros2web_interfaces/srv/WS.idl
[1.558s] -- Up-to-date symlink: /home/ws/roarm_ws_em0/install/ros2web_interfaces/share/ros2web_interfaces/msg/BodyPart.msg
[1.558s] -- Up-to-date symlink: /home/ws/roarm_ws_em0/install/ros2web_interfaces/share/ros2web_interfaces/msg/ContentType.msg
[1.558s] -- Up-to-date symlink: /home/ws/roarm_ws_em0/install/ros2web_interfaces/share/ros2web_interfaces/msg/HTTPStatusCode.msg
[1.558s] -- Up-to-date symlink: /home/ws/roarm_ws_em0/install/ros2web_interfaces/share/ros2web_interfaces/msg/WSMsgData.msg
[1.558s] -- Up-to-date symlink: /home/ws/roarm_ws_em0/install/ros2web_interfaces/share/ros2web_interfaces/msg/WSMsgType.msg
[1.558s] -- Up-to-date symlink: /home/ws/roarm_ws_em0/install/ros2web_interfaces/share/ros2web_interfaces/msg/WSMsg.msg
[1.558s] -- Up-to-date symlink: /home/ws/roarm_ws_em0/install/ros2web_interfaces/share/ros2web_interfaces/srv/HTTP.srv
[1.558s] -- Up-to-date symlink: /home/ws/roarm_ws_em0/install/ros2web_interfaces/share/ros2web_interfaces/srv/HTTP_Request.msg
[1.558s] -- Up-to-date symlink: /home/ws/roarm_ws_em0/install/ros2web_interfaces/share/ros2web_interfaces/srv/HTTP_Response.msg
[1.558s] -- Up-to-date symlink: /home/ws/roarm_ws_em0/install/ros2web_interfaces/share/ros2web_interfaces/srv/WS.srv
[1.558s] -- Up-to-date symlink: /home/ws/roarm_ws_em0/install/ros2web_interfaces/share/ros2web_interfaces/srv/WS_Request.msg
[1.558s] -- Up-to-date symlink: /home/ws/roarm_ws_em0/install/ros2web_interfaces/share/ros2web_interfaces/srv/WS_Response.msg
[1.558s] -- Up-to-date symlink: /home/ws/roarm_ws_em0/install/ros2web_interfaces/share/ament_index/resource_index/package_run_dependencies/ros2web_interfaces
[1.559s] -- Up-to-date symlink: /home/ws/roarm_ws_em0/install/ros2web_interfaces/share/ament_index/resource_index/parent_prefix_path/ros2web_interfaces
[1.559s] -- Up-to-date symlink: /home/ws/roarm_ws_em0/install/ros2web_interfaces/share/ros2web_interfaces/environment/ament_prefix_path.sh
[1.559s] -- Up-to-date symlink: /home/ws/roarm_ws_em0/install/ros2web_interfaces/share/ros2web_interfaces/environment/ament_prefix_path.dsv
[1.559s] -- Up-to-date symlink: /home/ws/roarm_ws_em0/install/ros2web_interfaces/share/ros2web_interfaces/environment/path.sh
[1.559s] -- Up-to-date symlink: /home/ws/roarm_ws_em0/install/ros2web_interfaces/share/ros2web_interfaces/environment/path.dsv
[1.559s] -- Up-to-date symlink: /home/ws/roarm_ws_em0/install/ros2web_interfaces/share/ros2web_interfaces/local_setup.bash
[1.559s] -- Up-to-date symlink: /home/ws/roarm_ws_em0/install/ros2web_interfaces/share/ros2web_interfaces/local_setup.sh
[1.559s] -- Up-to-date symlink: /home/ws/roarm_ws_em0/install/ros2web_interfaces/share/ros2web_interfaces/local_setup.zsh
[1.559s] -- Up-to-date symlink: /home/ws/roarm_ws_em0/install/ros2web_interfaces/share/ros2web_interfaces/local_setup.dsv
[1.559s] -- Symlinking: /home/ws/roarm_ws_em0/install/ros2web_interfaces/share/ros2web_interfaces/package.dsv
[1.573s] -- Up-to-date symlink: /home/ws/roarm_ws_em0/install/ros2web_interfaces/share/ament_index/resource_index/packages/ros2web_interfaces
[1.573s] -- Up-to-date symlink: /home/ws/roarm_ws_em0/install/ros2web_interfaces/share/ros2web_interfaces/cmake/rosidl_cmake-extras.cmake
[1.573s] -- Up-to-date symlink: /home/ws/roarm_ws_em0/install/ros2web_interfaces/share/ros2web_interfaces/cmake/ament_cmake_export_include_directories-extras.cmake
[1.573s] -- Up-to-date symlink: /home/ws/roarm_ws_em0/install/ros2web_interfaces/share/ros2web_interfaces/cmake/ament_cmake_export_libraries-extras.cmake
[1.573s] -- Up-to-date symlink: /home/ws/roarm_ws_em0/install/ros2web_interfaces/share/ros2web_interfaces/cmake/ament_cmake_export_targets-extras.cmake
[1.573s] -- Up-to-date symlink: /home/ws/roarm_ws_em0/install/ros2web_interfaces/share/ros2web_interfaces/cmake/rosidl_cmake_export_typesupport_targets-extras.cmake
[1.573s] -- Up-to-date symlink: /home/ws/roarm_ws_em0/install/ros2web_interfaces/share/ros2web_interfaces/cmake/ament_cmake_export_dependencies-extras.cmake
[1.573s] -- Up-to-date symlink: /home/ws/roarm_ws_em0/install/ros2web_interfaces/share/ros2web_interfaces/cmake/rosidl_cmake_export_typesupport_libraries-extras.cmake
[1.574s] -- Up-to-date symlink: /home/ws/roarm_ws_em0/install/ros2web_interfaces/share/ros2web_interfaces/cmake/ros2web_interfacesConfig.cmake
[1.574s] -- Up-to-date symlink: /home/ws/roarm_ws_em0/install/ros2web_interfaces/share/ros2web_interfaces/cmake/ros2web_interfacesConfig-version.cmake
[1.574s] -- Up-to-date symlink: /home/ws/roarm_ws_em0/install/ros2web_interfaces/share/ros2web_interfaces/package.xml
[1.577s] -- Up-to-date: /home/ws/roarm_ws_em0/install/ros2web_interfaces/lib/libros2web_interfaces__rosidl_generator_c.so
[1.577s] -- Up-to-date: /home/ws/roarm_ws_em0/install/ros2web_interfaces/lib/libros2web_interfaces__rosidl_typesupport_fastrtps_c.so
[1.577s] -- Up-to-date: /home/ws/roarm_ws_em0/install/ros2web_interfaces/lib/libros2web_interfaces__rosidl_typesupport_introspection_c.so
[1.578s] -- Up-to-date: /home/ws/roarm_ws_em0/install/ros2web_interfaces/lib/libros2web_interfaces__rosidl_typesupport_c.so
[1.578s] -- Up-to-date: /home/ws/roarm_ws_em0/install/ros2web_interfaces/lib/libros2web_interfaces__rosidl_typesupport_fastrtps_cpp.so
[1.581s] -- Up-to-date: /home/ws/roarm_ws_em0/install/ros2web_interfaces/lib/libros2web_interfaces__rosidl_typesupport_introspection_cpp.so
[1.581s] -- Up-to-date: /home/ws/roarm_ws_em0/install/ros2web_interfaces/lib/libros2web_interfaces__rosidl_typesupport_cpp.so
[1.624s] Listing '/home/ws/roarm_ws_em0/install/ros2web_interfaces/local/lib/python3.10/dist-packages/ros2web_interfaces'...
[1.625s] Listing '/home/ws/roarm_ws_em0/install/ros2web_interfaces/local/lib/python3.10/dist-packages/ros2web_interfaces/msg'...
[1.625s] Listing '/home/ws/roarm_ws_em0/install/ros2web_interfaces/local/lib/python3.10/dist-packages/ros2web_interfaces/srv'...
[1.632s] -- Up-to-date: /home/ws/roarm_ws_em0/install/ros2web_interfaces/lib/libros2web_interfaces__rosidl_generator_py.so
[1.632s] -- Up-to-date: /home/ws/roarm_ws_em0/install/ros2web_interfaces/share/ros2web_interfaces/cmake/export_ros2web_interfaces__rosidl_generator_cExport.cmake
[1.632s] -- Up-to-date: /home/ws/roarm_ws_em0/install/ros2web_interfaces/share/ros2web_interfaces/cmake/export_ros2web_interfaces__rosidl_generator_cExport-noconfig.cmake
[1.633s] -- Up-to-date: /home/ws/roarm_ws_em0/install/ros2web_interfaces/share/ros2web_interfaces/cmake/export_ros2web_interfaces__rosidl_typesupport_fastrtps_cExport.cmake
[1.633s] -- Up-to-date: /home/ws/roarm_ws_em0/install/ros2web_interfaces/share/ros2web_interfaces/cmake/export_ros2web_interfaces__rosidl_typesupport_fastrtps_cExport-noconfig.cmake
[1.633s] -- Up-to-date: /home/ws/roarm_ws_em0/install/ros2web_interfaces/share/ros2web_interfaces/cmake/ros2web_interfaces__rosidl_typesupport_introspection_cExport.cmake
[1.633s] -- Up-to-date: /home/ws/roarm_ws_em0/install/ros2web_interfaces/share/ros2web_interfaces/cmake/ros2web_interfaces__rosidl_typesupport_introspection_cExport-noconfig.cmake
[1.633s] -- Up-to-date: /home/ws/roarm_ws_em0/install/ros2web_interfaces/share/ros2web_interfaces/cmake/ros2web_interfaces__rosidl_typesupport_cExport.cmake
[1.633s] -- Up-to-date: /home/ws/roarm_ws_em0/install/ros2web_interfaces/share/ros2web_interfaces/cmake/ros2web_interfaces__rosidl_typesupport_cExport-noconfig.cmake
[1.633s] -- Up-to-date: /home/ws/roarm_ws_em0/install/ros2web_interfaces/share/ros2web_interfaces/cmake/export_ros2web_interfaces__rosidl_generator_cppExport.cmake
[1.633s] -- Up-to-date: /home/ws/roarm_ws_em0/install/ros2web_interfaces/share/ros2web_interfaces/cmake/export_ros2web_interfaces__rosidl_typesupport_fastrtps_cppExport.cmake
[1.633s] -- Up-to-date: /home/ws/roarm_ws_em0/install/ros2web_interfaces/share/ros2web_interfaces/cmake/export_ros2web_interfaces__rosidl_typesupport_fastrtps_cppExport-noconfig.cmake
[1.633s] -- Up-to-date: /home/ws/roarm_ws_em0/install/ros2web_interfaces/share/ros2web_interfaces/cmake/ros2web_interfaces__rosidl_typesupport_introspection_cppExport.cmake
[1.633s] -- Up-to-date: /home/ws/roarm_ws_em0/install/ros2web_interfaces/share/ros2web_interfaces/cmake/ros2web_interfaces__rosidl_typesupport_introspection_cppExport-noconfig.cmake
[1.633s] -- Up-to-date: /home/ws/roarm_ws_em0/install/ros2web_interfaces/share/ros2web_interfaces/cmake/ros2web_interfaces__rosidl_typesupport_cppExport.cmake
[1.633s] -- Up-to-date: /home/ws/roarm_ws_em0/install/ros2web_interfaces/share/ros2web_interfaces/cmake/ros2web_interfaces__rosidl_typesupport_cppExport-noconfig.cmake
[1.633s] -- Up-to-date: /home/ws/roarm_ws_em0/install/ros2web_interfaces/share/ros2web_interfaces/cmake/export_ros2web_interfaces__rosidl_generator_pyExport.cmake
[1.633s] -- Up-to-date: /home/ws/roarm_ws_em0/install/ros2web_interfaces/share/ros2web_interfaces/cmake/export_ros2web_interfaces__rosidl_generator_pyExport-noconfig.cmake
[1.637s] Invoked command in '/home/ws/roarm_ws_em0/build/ros2web_interfaces' returned '0': CMAKE_PREFIX_PATH=${CMAKE_PREFIX_PATH}:/opt/ros/humble /usr/bin/cmake --install /home/ws/roarm_ws_em0/build/ros2web_interfaces
