-- Install configuration: ""
-- Execute custom install script
-- Up-to-date symlink: /home/ws/roarm_ws_em0/install/roarm_description/share/roarm_description/config/joint_names_roarm.yaml
-- Up-to-date symlink: /home/ws/roarm_ws_em0/install/roarm_description/share/roarm_description/config/roarm_description.rviz
-- Up-to-date symlink: /home/ws/roarm_ws_em0/install/roarm_description/share/roarm_description/launch/display.launch.py
-- Up-to-date symlink: /home/ws/roarm_ws_em0/install/roarm_description/share/roarm_description/meshes/base_link.STL
-- Up-to-date symlink: /home/ws/roarm_ws_em0/install/roarm_description/share/roarm_description/meshes/gripper_link.STL
-- Up-to-date symlink: /home/ws/roarm_ws_em0/install/roarm_description/share/roarm_description/meshes/link1.STL
-- Up-to-date symlink: /home/ws/roarm_ws_em0/install/roarm_description/share/roarm_description/meshes/link2.STL
-- Up-to-date symlink: /home/ws/roarm_ws_em0/install/roarm_description/share/roarm_description/meshes/link3.STL
-- Up-to-date symlink: /home/ws/roarm_ws_em0/install/roarm_description/share/roarm_description/urdf/roarm_description.csv
-- Up-to-date symlink: /home/ws/roarm_ws_em0/install/roarm_description/share/roarm_description/urdf/roarm_description.urdf
-- Up-to-date symlink: /home/ws/roarm_ws_em0/install/roarm_description/share/roarm_description/urdf/roarm_description_web_app.urdf
-- Up-to-date symlink: /home/ws/roarm_ws_em0/install/roarm_description/share/ament_index/resource_index/package_run_dependencies/roarm_description
-- Up-to-date symlink: /home/ws/roarm_ws_em0/install/roarm_description/share/ament_index/resource_index/parent_prefix_path/roarm_description
-- Up-to-date symlink: /home/ws/roarm_ws_em0/install/roarm_description/share/roarm_description/environment/ament_prefix_path.sh
-- Up-to-date symlink: /home/ws/roarm_ws_em0/install/roarm_description/share/roarm_description/environment/ament_prefix_path.dsv
-- Up-to-date symlink: /home/ws/roarm_ws_em0/install/roarm_description/share/roarm_description/environment/path.sh
-- Up-to-date symlink: /home/ws/roarm_ws_em0/install/roarm_description/share/roarm_description/environment/path.dsv
-- Up-to-date symlink: /home/ws/roarm_ws_em0/install/roarm_description/share/roarm_description/local_setup.bash
-- Up-to-date symlink: /home/ws/roarm_ws_em0/install/roarm_description/share/roarm_description/local_setup.sh
-- Up-to-date symlink: /home/ws/roarm_ws_em0/install/roarm_description/share/roarm_description/local_setup.zsh
-- Up-to-date symlink: /home/ws/roarm_ws_em0/install/roarm_description/share/roarm_description/local_setup.dsv
-- Symlinking: /home/ws/roarm_ws_em0/install/roarm_description/share/roarm_description/package.dsv
-- Up-to-date symlink: /home/ws/roarm_ws_em0/install/roarm_description/share/ament_index/resource_index/packages/roarm_description
-- Up-to-date symlink: /home/ws/roarm_ws_em0/install/roarm_description/share/roarm_description/cmake/roarm_descriptionConfig.cmake
-- Up-to-date symlink: /home/ws/roarm_ws_em0/install/roarm_description/share/roarm_description/cmake/roarm_descriptionConfig-version.cmake
-- Up-to-date symlink: /home/ws/roarm_ws_em0/install/roarm_description/share/roarm_description/package.xml
