[0.019s] Invoking command in '/home/ws/roarm_ws_em0/build/roarm_description': CMAKE_PREFIX_PATH=${CMAKE_PREFIX_PATH}:/opt/ros/humble /usr/bin/cmake --build /home/ws/roarm_ws_em0/build/roarm_description -- -j4 -l4
[0.113s] Invoked command in '/home/ws/roarm_ws_em0/build/roarm_description' returned '0': CMAKE_PREFIX_PATH=${CMAKE_PREFIX_PATH}:/opt/ros/humble /usr/bin/cmake --build /home/ws/roarm_ws_em0/build/roarm_description -- -j4 -l4
[0.174s] Invoking command in '/home/ws/roarm_ws_em0/build/roarm_description': CMAKE_PREFIX_PATH=${CMAKE_PREFIX_PATH}:/opt/ros/humble /usr/bin/cmake --install /home/ws/roarm_ws_em0/build/roarm_description
[0.178s] -- Install configuration: ""
[0.179s] -- Execute custom install script
[0.180s] -- Up-to-date symlink: /home/ws/roarm_ws_em0/install/roarm_description/share/roarm_description/config/joint_names_roarm.yaml
[0.180s] -- Up-to-date symlink: /home/ws/roarm_ws_em0/install/roarm_description/share/roarm_description/config/roarm_description.rviz
[0.180s] -- Up-to-date symlink: /home/ws/roarm_ws_em0/install/roarm_description/share/roarm_description/launch/display.launch.py
[0.180s] -- Up-to-date symlink: /home/ws/roarm_ws_em0/install/roarm_description/share/roarm_description/meshes/base_link.STL
[0.180s] -- Up-to-date symlink: /home/ws/roarm_ws_em0/install/roarm_description/share/roarm_description/meshes/gripper_link.STL
[0.181s] -- Up-to-date symlink: /home/ws/roarm_ws_em0/install/roarm_description/share/roarm_description/meshes/link1.STL
[0.181s] -- Up-to-date symlink: /home/ws/roarm_ws_em0/install/roarm_description/share/roarm_description/meshes/link2.STL
[0.181s] -- Up-to-date symlink: /home/ws/roarm_ws_em0/install/roarm_description/share/roarm_description/meshes/link3.STL
[0.182s] -- Up-to-date symlink: /home/ws/roarm_ws_em0/install/roarm_description/share/roarm_description/urdf/roarm_description.csv
[0.182s] -- Up-to-date symlink: /home/ws/roarm_ws_em0/install/roarm_description/share/roarm_description/urdf/roarm_description.urdf
[0.183s] -- Up-to-date symlink: /home/ws/roarm_ws_em0/install/roarm_description/share/roarm_description/urdf/roarm_description_web_app.urdf
[0.184s] -- Up-to-date symlink: /home/ws/roarm_ws_em0/install/roarm_description/share/ament_index/resource_index/package_run_dependencies/roarm_description
[0.184s] -- Up-to-date symlink: /home/ws/roarm_ws_em0/install/roarm_description/share/ament_index/resource_index/parent_prefix_path/roarm_description
[0.184s] -- Up-to-date symlink: /home/ws/roarm_ws_em0/install/roarm_description/share/roarm_description/environment/ament_prefix_path.sh
[0.185s] -- Up-to-date symlink: /home/ws/roarm_ws_em0/install/roarm_description/share/roarm_description/environment/ament_prefix_path.dsv
[0.185s] -- Up-to-date symlink: /home/ws/roarm_ws_em0/install/roarm_description/share/roarm_description/environment/path.sh
[0.185s] -- Up-to-date symlink: /home/ws/roarm_ws_em0/install/roarm_description/share/roarm_description/environment/path.dsv
[0.186s] -- Up-to-date symlink: /home/ws/roarm_ws_em0/install/roarm_description/share/roarm_description/local_setup.bash
[0.190s] -- Up-to-date symlink: /home/ws/roarm_ws_em0/install/roarm_description/share/roarm_description/local_setup.sh
[0.190s] -- Up-to-date symlink: /home/ws/roarm_ws_em0/install/roarm_description/share/roarm_description/local_setup.zsh
[0.199s] -- Up-to-date symlink: /home/ws/roarm_ws_em0/install/roarm_description/share/roarm_description/local_setup.dsv
[0.199s] -- Symlinking: /home/ws/roarm_ws_em0/install/roarm_description/share/roarm_description/package.dsv
[0.212s] -- Up-to-date symlink: /home/ws/roarm_ws_em0/install/roarm_description/share/ament_index/resource_index/packages/roarm_description
[0.212s] -- Up-to-date symlink: /home/ws/roarm_ws_em0/install/roarm_description/share/roarm_description/cmake/roarm_descriptionConfig.cmake
[0.212s] -- Up-to-date symlink: /home/ws/roarm_ws_em0/install/roarm_description/share/roarm_description/cmake/roarm_descriptionConfig-version.cmake
[0.212s] -- Up-to-date symlink: /home/ws/roarm_ws_em0/install/roarm_description/share/roarm_description/package.xml
[0.215s] Invoked command in '/home/ws/roarm_ws_em0/build/roarm_description' returned '0': CMAKE_PREFIX_PATH=${CMAKE_PREFIX_PATH}:/opt/ros/humble /usr/bin/cmake --install /home/ws/roarm_ws_em0/build/roarm_description
