Determining if the function sgemm_ exists failed with the following output:
Change Dir: /home/ws/roarm_ws_em0/build/roarm_moveit_ikfast_plugins/CMakeFiles/CMakeTmp

Run Build Command(s):/usr/bin/gmake -f Makefile cmTC_aac16/fast && /usr/bin/gmake  -f CMakeFiles/cmTC_aac16.dir/build.make CMakeFiles/cmTC_aac16.dir/build
gmake[1]: Entering directory '/home/ws/roarm_ws_em0/build/roarm_moveit_ikfast_plugins/CMakeFiles/CMakeTmp'
Building C object CMakeFiles/cmTC_aac16.dir/CheckFunctionExists.c.o
/usr/bin/cc   -DCHECK_FUNCTION_EXISTS=sgemm_ -o CMakeFiles/cmTC_aac16.dir/CheckFunctionExists.c.o -c /usr/share/cmake-3.22/Modules/CheckFunctionExists.c
Linking C executable cmTC_aac16
/usr/bin/cmake -E cmake_link_script CMakeFiles/cmTC_aac16.dir/link.txt --verbose=1
/usr/bin/cc  -DCHECK_FUNCTION_EXISTS=sgemm_ CMakeFiles/cmTC_aac16.dir/CheckFunctionExists.c.o -o cmTC_aac16 
/usr/bin/ld: CMakeFiles/cmTC_aac16.dir/CheckFunctionExists.c.o: in function `main':
CheckFunctionExists.c:(.text+0x14): undefined reference to `sgemm_'
collect2: error: ld returned 1 exit status
gmake[1]: *** [CMakeFiles/cmTC_aac16.dir/build.make:99: cmTC_aac16] Error 1
gmake[1]: Leaving directory '/home/ws/roarm_ws_em0/build/roarm_moveit_ikfast_plugins/CMakeFiles/CMakeTmp'
gmake: *** [Makefile:127: cmTC_aac16/fast] Error 2



Determining if the function cheev_ exists failed with the following output:
Change Dir: /home/ws/roarm_ws_em0/build/roarm_moveit_ikfast_plugins/CMakeFiles/CMakeTmp

Run Build Command(s):/usr/bin/gmake -f Makefile cmTC_3e061/fast && /usr/bin/gmake  -f CMakeFiles/cmTC_3e061.dir/build.make CMakeFiles/cmTC_3e061.dir/build
gmake[1]: Entering directory '/home/ws/roarm_ws_em0/build/roarm_moveit_ikfast_plugins/CMakeFiles/CMakeTmp'
Building C object CMakeFiles/cmTC_3e061.dir/CheckFunctionExists.c.o
/usr/bin/cc   -DCHECK_FUNCTION_EXISTS=cheev_ -o CMakeFiles/cmTC_3e061.dir/CheckFunctionExists.c.o -c /usr/share/cmake-3.22/Modules/CheckFunctionExists.c
Linking C executable cmTC_3e061
/usr/bin/cmake -E cmake_link_script CMakeFiles/cmTC_3e061.dir/link.txt --verbose=1
/usr/bin/cc  -DCHECK_FUNCTION_EXISTS=cheev_ CMakeFiles/cmTC_3e061.dir/CheckFunctionExists.c.o -o cmTC_3e061  /usr/lib/x86_64-linux-gnu/libblas.so -lm -ldl 
/usr/bin/ld: CMakeFiles/cmTC_3e061.dir/CheckFunctionExists.c.o: in function `main':
CheckFunctionExists.c:(.text+0x14): undefined reference to `cheev_'
collect2: error: ld returned 1 exit status
gmake[1]: *** [CMakeFiles/cmTC_3e061.dir/build.make:100: cmTC_3e061] Error 1
gmake[1]: Leaving directory '/home/ws/roarm_ws_em0/build/roarm_moveit_ikfast_plugins/CMakeFiles/CMakeTmp'
gmake: *** [Makefile:127: cmTC_3e061/fast] Error 2



Determining if the function cheev_ exists failed with the following output:
Change Dir: /home/ws/roarm_ws_em0/build/roarm_moveit_ikfast_plugins/CMakeFiles/CMakeTmp

Run Build Command(s):/usr/bin/gmake -f Makefile cmTC_02e07/fast && /usr/bin/gmake  -f CMakeFiles/cmTC_02e07.dir/build.make CMakeFiles/cmTC_02e07.dir/build
gmake[1]: Entering directory '/home/ws/roarm_ws_em0/build/roarm_moveit_ikfast_plugins/CMakeFiles/CMakeTmp'
Building C object CMakeFiles/cmTC_02e07.dir/CheckFunctionExists.c.o
/usr/bin/cc   -DCHECK_FUNCTION_EXISTS=cheev_ -o CMakeFiles/cmTC_02e07.dir/CheckFunctionExists.c.o -c /usr/share/cmake-3.22/Modules/CheckFunctionExists.c
Linking C executable cmTC_02e07
/usr/bin/cmake -E cmake_link_script CMakeFiles/cmTC_02e07.dir/link.txt --verbose=1
/usr/bin/cc  -DCHECK_FUNCTION_EXISTS=cheev_ CMakeFiles/cmTC_02e07.dir/CheckFunctionExists.c.o -o cmTC_02e07  /usr/lib/x86_64-linux-gnu/liblapack.so /usr/lib/x86_64-linux-gnu/libblas.so -fortranlibs 
cc: error: unrecognized command-line option ‘-fortranlibs’
gmake[1]: *** [CMakeFiles/cmTC_02e07.dir/build.make:101: cmTC_02e07] Error 1
gmake[1]: Leaving directory '/home/ws/roarm_ws_em0/build/roarm_moveit_ikfast_plugins/CMakeFiles/CMakeTmp'
gmake: *** [Makefile:127: cmTC_02e07/fast] Error 2



