[0.025s] Invoking command in '/home/ws/roarm_ws_em0/build/manual_move_action': CMAKE_PREFIX_PATH=/home/ws/roarm_ws_em0/install/roarm_moveit:/home/ws/roarm_ws_em0/install/roarm_description:/home/ws/roarm_ws_em0/install/ros2web_interfaces:/home/ws/roarm_ws_em0/install/roarm_moveit_ikfast_plugins:/home/ws/roarm_ws_em0/install/roarm_moveit_cmd:/home/ws/roarm_ws_em0/install/manual_move_action:/home/ws/roarm_ws_em0/install/moveit_servo:/home/ws/roarm_ws_em0/install/ros2web_widgets:/home/ws/roarm_ws_em0/install/ros2web_example_py:/home/ws/roarm_ws_em0/install/roarm_web_app:/home/ws/roarm_ws_em0/install/ros2web_app:/home/ws/roarm_ws_em0/install/ros2web:/home/ws/roarm_ws_em0/install/roarm_driver:/home/ws/roarm_ws_em0/install/launch_api:/opt/ros/humble LD_LIBRARY_PATH=/home/ws/roarm_ws_em0/install/roarm_moveit/lib:/home/ws/roarm_ws_em0/install/ros2web_interfaces/lib:/home/ws/roarm_ws_em0/install/roarm_moveit_ikfast_plugins/lib:/home/ws/roarm_ws_em0/install/manual_move_action/lib:/home/ws/roarm_ws_em0/install/moveit_servo/lib:/opt/ros/humble/opt/rviz_ogre_vendor/lib:/opt/ros/humble/lib/x86_64-linux-gnu:/opt/ros/humble/lib /usr/bin/cmake --build /home/ws/roarm_ws_em0/build/manual_move_action -- -j4 -l4
[0.094s] [  2%] Built target manual_move_action__cpp
[0.098s] [ 11%] Built target manual_move_action__rosidl_generator_c
[0.111s] [ 11%] Built target ament_cmake_python_symlink_manual_move_action
[0.138s] [ 20%] Built target manual_move_action__rosidl_typesupport_introspection_cpp
[0.138s] [ 28%] Built target manual_move_action__rosidl_typesupport_cpp
[0.156s] [ 37%] Built target manual_move_action__rosidl_typesupport_fastrtps_cpp
[0.167s] [ 45%] Built target manual_move_action__rosidl_typesupport_fastrtps_c
[0.183s] [ 54%] Built target manual_move_action__rosidl_typesupport_introspection_c
[0.193s] [ 62%] Built target manual_move_action__rosidl_typesupport_c
[0.199s] [35m[1mConsolidate compiler generated dependencies of target manual_move_client[0m
[0.207s] [35m[1mConsolidate compiler generated dependencies of target manual_move_server[0m
[0.225s] [ 68%] Built target manual_move_client
[0.233s] [ 71%] [32mBuilding CXX object CMakeFiles/manual_move_server.dir/src/manual_move_server.cpp.o[0m
[0.233s] [ 71%] Built target manual_move_action
[0.260s] [ 74%] Built target manual_move_action__py
[0.293s] [ 80%] Built target manual_move_action__rosidl_generator_py
[0.324s] [ 85%] Built target manual_move_action__rosidl_typesupport_fastrtps_c__pyext
[0.333s] [ 91%] Built target manual_move_action__rosidl_typesupport_introspection_c__pyext
[0.372s] [ 97%] Built target manual_move_action__rosidl_typesupport_c__pyext
[0.403s] running egg_info
[0.404s] writing manual_move_action.egg-info/PKG-INFO
[0.404s] writing dependency_links to manual_move_action.egg-info/dependency_links.txt
[0.405s] writing top-level names to manual_move_action.egg-info/top_level.txt
[0.407s] reading manifest file 'manual_move_action.egg-info/SOURCES.txt'
[0.408s] writing manifest file 'manual_move_action.egg-info/SOURCES.txt'
[0.433s] [ 97%] Built target ament_cmake_python_build_manual_move_action_egg
[2.468s] [01m[K/home/ws/roarm_ws_em0/src/roarm_main/manual_move_action/src/manual_move_server.cpp:[m[K In member function ‘[01m[Krclcpp_action::GoalResponse manual_move_action::MinimalActionServer::handle_goal(const GoalUUID&, std::shared_ptr<const manual_move_action::action::MoveInfo_Goal_<std::allocator<void> > >)[m[K’:
[2.468s] [01m[K/home/ws/roarm_ws_em0/src/roarm_main/manual_move_action/src/manual_move_server.cpp:78:57:[m[K [01;35m[Kwarning: [m[Kunused parameter ‘[01m[Kgoal[m[K’ [[01;35m[K]8;;https://gcc.gnu.org/onlinedocs/gcc/Warning-Options.html#index-Wunused-parameter-Wunused-parameter]8;;[m[K]
[2.468s]    78 |               [01;35m[Kstd::shared_ptr<const CustomAction::Goal> goal[m[K)
[2.468s]       |               [01;35m[K~~~~~~~~~~~~~~~~~~~~~~~~~~~~~~~~~~~~~~~~~~^~~~[m[K
[2.470s] [01m[K/home/ws/roarm_ws_em0/src/roarm_main/manual_move_action/src/manual_move_server.cpp:[m[K In member function ‘[01m[Krclcpp_action::CancelResponse manual_move_action::MinimalActionServer::handle_cancel(std::shared_ptr<rclcpp_action::ServerGoalHandle<manual_move_action::action::MoveInfo> >)[m[K’:
[2.470s] [01m[K/home/ws/roarm_ws_em0/src/roarm_main/manual_move_action/src/manual_move_server.cpp:86:51:[m[K [01;35m[Kwarning: [m[Kunused parameter ‘[01m[Kgoal_handle[m[K’ [[01;35m[K]8;;https://gcc.gnu.org/onlinedocs/gcc/Warning-Options.html#index-Wunused-parameter-Wunused-parameter]8;;[m[K]
[2.470s]    86 |   handle_cancel([01;35m[Kconst std::shared_ptr<GoalHandle> goal_handle[m[K)
[2.470s]       |                 [01;35m[K~~~~~~~~~~~~~~~~~~~~~~~~~~~~~~~~~~^~~~~~~~~~~[m[K
[6.024s] [100%] [32m[1mLinking CXX executable manual_move_server[0m
[6.693s] [100%] Built target manual_move_server
[6.710s] Invoked command in '/home/ws/roarm_ws_em0/build/manual_move_action' returned '0': CMAKE_PREFIX_PATH=/home/ws/roarm_ws_em0/install/roarm_moveit:/home/ws/roarm_ws_em0/install/roarm_description:/home/ws/roarm_ws_em0/install/ros2web_interfaces:/home/ws/roarm_ws_em0/install/roarm_moveit_ikfast_plugins:/home/ws/roarm_ws_em0/install/roarm_moveit_cmd:/home/ws/roarm_ws_em0/install/manual_move_action:/home/ws/roarm_ws_em0/install/moveit_servo:/home/ws/roarm_ws_em0/install/ros2web_widgets:/home/ws/roarm_ws_em0/install/ros2web_example_py:/home/ws/roarm_ws_em0/install/roarm_web_app:/home/ws/roarm_ws_em0/install/ros2web_app:/home/ws/roarm_ws_em0/install/ros2web:/home/ws/roarm_ws_em0/install/roarm_driver:/home/ws/roarm_ws_em0/install/launch_api:/opt/ros/humble LD_LIBRARY_PATH=/home/ws/roarm_ws_em0/install/roarm_moveit/lib:/home/ws/roarm_ws_em0/install/ros2web_interfaces/lib:/home/ws/roarm_ws_em0/install/roarm_moveit_ikfast_plugins/lib:/home/ws/roarm_ws_em0/install/manual_move_action/lib:/home/ws/roarm_ws_em0/install/moveit_servo/lib:/opt/ros/humble/opt/rviz_ogre_vendor/lib:/opt/ros/humble/lib/x86_64-linux-gnu:/opt/ros/humble/lib /usr/bin/cmake --build /home/ws/roarm_ws_em0/build/manual_move_action -- -j4 -l4
[6.868s] Invoking command in '/home/ws/roarm_ws_em0/build/manual_move_action': CMAKE_PREFIX_PATH=/home/ws/roarm_ws_em0/install/roarm_moveit:/home/ws/roarm_ws_em0/install/roarm_description:/home/ws/roarm_ws_em0/install/ros2web_interfaces:/home/ws/roarm_ws_em0/install/roarm_moveit_ikfast_plugins:/home/ws/roarm_ws_em0/install/roarm_moveit_cmd:/home/ws/roarm_ws_em0/install/manual_move_action:/home/ws/roarm_ws_em0/install/moveit_servo:/home/ws/roarm_ws_em0/install/ros2web_widgets:/home/ws/roarm_ws_em0/install/ros2web_example_py:/home/ws/roarm_ws_em0/install/roarm_web_app:/home/ws/roarm_ws_em0/install/ros2web_app:/home/ws/roarm_ws_em0/install/ros2web:/home/ws/roarm_ws_em0/install/roarm_driver:/home/ws/roarm_ws_em0/install/launch_api:/opt/ros/humble LD_LIBRARY_PATH=/home/ws/roarm_ws_em0/install/roarm_moveit/lib:/home/ws/roarm_ws_em0/install/ros2web_interfaces/lib:/home/ws/roarm_ws_em0/install/roarm_moveit_ikfast_plugins/lib:/home/ws/roarm_ws_em0/install/manual_move_action/lib:/home/ws/roarm_ws_em0/install/moveit_servo/lib:/opt/ros/humble/opt/rviz_ogre_vendor/lib:/opt/ros/humble/lib/x86_64-linux-gnu:/opt/ros/humble/lib /usr/bin/cmake --install /home/ws/roarm_ws_em0/build/manual_move_action
[6.877s] -- Install configuration: ""
[6.877s] -- Execute custom install script
[6.878s] -- Up-to-date symlink: /home/ws/roarm_ws_em0/install/manual_move_action/share/ament_index/resource_index/rosidl_interfaces/manual_move_action
[6.878s] -- Up-to-date symlink: /home/ws/roarm_ws_em0/install/manual_move_action/include/manual_move_action/manual_move_action/action/detail/move_info__functions.h
[6.878s] -- Up-to-date symlink: /home/ws/roarm_ws_em0/install/manual_move_action/include/manual_move_action/manual_move_action/action/detail/move_info__struct.h
[6.878s] -- Up-to-date symlink: /home/ws/roarm_ws_em0/install/manual_move_action/include/manual_move_action/manual_move_action/action/detail/move_info__type_support.h
[6.878s] -- Up-to-date symlink: /home/ws/roarm_ws_em0/install/manual_move_action/include/manual_move_action/manual_move_action/action/move_info.h
[6.878s] -- Up-to-date symlink: /home/ws/roarm_ws_em0/install/manual_move_action/include/manual_move_action/manual_move_action/msg/rosidl_generator_c__visibility_control.h
[6.878s] -- Up-to-date symlink: /home/ws/roarm_ws_em0/install/manual_move_action/share/manual_move_action/environment/library_path.sh
[6.878s] -- Up-to-date symlink: /home/ws/roarm_ws_em0/install/manual_move_action/share/manual_move_action/environment/library_path.dsv
[6.880s] -- Up-to-date symlink: /home/ws/roarm_ws_em0/install/manual_move_action/include/manual_move_action/manual_move_action/action/detail/move_info__rosidl_typesupport_fastrtps_c.h
[6.880s] -- Up-to-date symlink: /home/ws/roarm_ws_em0/install/manual_move_action/include/manual_move_action/manual_move_action/msg/rosidl_typesupport_fastrtps_c__visibility_control.h
[6.880s] -- Up-to-date symlink: /home/ws/roarm_ws_em0/install/manual_move_action/include/manual_move_action/manual_move_action/action/detail/move_info__builder.hpp
[6.880s] -- Up-to-date symlink: /home/ws/roarm_ws_em0/install/manual_move_action/include/manual_move_action/manual_move_action/action/detail/move_info__struct.hpp
[6.880s] -- Up-to-date symlink: /home/ws/roarm_ws_em0/install/manual_move_action/include/manual_move_action/manual_move_action/action/detail/move_info__traits.hpp
[6.880s] -- Up-to-date symlink: /home/ws/roarm_ws_em0/install/manual_move_action/include/manual_move_action/manual_move_action/action/move_info.hpp
[6.880s] -- Up-to-date symlink: /home/ws/roarm_ws_em0/install/manual_move_action/include/manual_move_action/manual_move_action/action/detail/move_info__rosidl_typesupport_fastrtps_cpp.hpp
[6.880s] -- Up-to-date symlink: /home/ws/roarm_ws_em0/install/manual_move_action/include/manual_move_action/manual_move_action/msg/rosidl_typesupport_fastrtps_cpp__visibility_control.h
[6.880s] -- Up-to-date symlink: /home/ws/roarm_ws_em0/install/manual_move_action/include/manual_move_action/manual_move_action/action/detail/move_info__rosidl_typesupport_introspection_c.h
[6.880s] -- Up-to-date symlink: /home/ws/roarm_ws_em0/install/manual_move_action/include/manual_move_action/manual_move_action/msg/rosidl_typesupport_introspection_c__visibility_control.h
[6.880s] -- Up-to-date symlink: /home/ws/roarm_ws_em0/install/manual_move_action/include/manual_move_action/manual_move_action/action/detail/move_info__rosidl_typesupport_introspection_cpp.hpp
[6.880s] -- Up-to-date symlink: /home/ws/roarm_ws_em0/install/manual_move_action/share/manual_move_action/environment/pythonpath.sh
[6.880s] -- Up-to-date symlink: /home/ws/roarm_ws_em0/install/manual_move_action/share/manual_move_action/environment/pythonpath.dsv
[6.880s] -- Up-to-date symlink: /home/ws/roarm_ws_em0/install/manual_move_action/local/lib/python3.10/dist-packages/manual_move_action-0.0.0-py3.10.egg-info/PKG-INFO
[6.880s] -- Up-to-date symlink: /home/ws/roarm_ws_em0/install/manual_move_action/local/lib/python3.10/dist-packages/manual_move_action-0.0.0-py3.10.egg-info/SOURCES.txt
[6.880s] -- Up-to-date symlink: /home/ws/roarm_ws_em0/install/manual_move_action/local/lib/python3.10/dist-packages/manual_move_action-0.0.0-py3.10.egg-info/dependency_links.txt
[6.881s] -- Up-to-date symlink: /home/ws/roarm_ws_em0/install/manual_move_action/local/lib/python3.10/dist-packages/manual_move_action-0.0.0-py3.10.egg-info/top_level.txt
[6.881s] -- Up-to-date symlink: /home/ws/roarm_ws_em0/install/manual_move_action/local/lib/python3.10/dist-packages/manual_move_action/__init__.py
[6.881s] -- Up-to-date symlink: /home/ws/roarm_ws_em0/install/manual_move_action/local/lib/python3.10/dist-packages/manual_move_action/_manual_move_action_s.ep.rosidl_typesupport_c.c
[6.881s] -- Up-to-date symlink: /home/ws/roarm_ws_em0/install/manual_move_action/local/lib/python3.10/dist-packages/manual_move_action/_manual_move_action_s.ep.rosidl_typesupport_fastrtps_c.c
[6.881s] -- Up-to-date symlink: /home/ws/roarm_ws_em0/install/manual_move_action/local/lib/python3.10/dist-packages/manual_move_action/_manual_move_action_s.ep.rosidl_typesupport_introspection_c.c
[6.881s] -- Up-to-date symlink: /home/ws/roarm_ws_em0/install/manual_move_action/local/lib/python3.10/dist-packages/manual_move_action/action/__init__.py
[6.881s] -- Up-to-date symlink: /home/ws/roarm_ws_em0/install/manual_move_action/local/lib/python3.10/dist-packages/manual_move_action/action/_move_info.py
[6.881s] -- Up-to-date symlink: /home/ws/roarm_ws_em0/install/manual_move_action/local/lib/python3.10/dist-packages/manual_move_action/action/_move_info_s.c
[6.881s] -- Up-to-date symlink: /home/ws/roarm_ws_em0/install/manual_move_action/local/lib/python3.10/dist-packages/manual_move_action/libmanual_move_action__rosidl_generator_py.so
[6.881s] -- Up-to-date symlink: /home/ws/roarm_ws_em0/install/manual_move_action/local/lib/python3.10/dist-packages/manual_move_action/manual_move_action_s__rosidl_typesupport_c.cpython-310-x86_64-linux-gnu.so
[6.881s] -- Up-to-date symlink: /home/ws/roarm_ws_em0/install/manual_move_action/local/lib/python3.10/dist-packages/manual_move_action/manual_move_action_s__rosidl_typesupport_fastrtps_c.cpython-310-x86_64-linux-gnu.so
[6.881s] -- Up-to-date symlink: /home/ws/roarm_ws_em0/install/manual_move_action/local/lib/python3.10/dist-packages/manual_move_action/manual_move_action_s__rosidl_typesupport_introspection_c.cpython-310-x86_64-linux-gnu.so
[6.881s] -- Up-to-date symlink: /home/ws/roarm_ws_em0/install/manual_move_action/local/lib/python3.10/dist-packages/manual_move_action/manual_move_action_s__rosidl_typesupport_fastrtps_c.cpython-310-x86_64-linux-gnu.so
[6.881s] -- Up-to-date symlink: /home/ws/roarm_ws_em0/install/manual_move_action/local/lib/python3.10/dist-packages/manual_move_action/manual_move_action_s__rosidl_typesupport_introspection_c.cpython-310-x86_64-linux-gnu.so
[6.881s] -- Up-to-date symlink: /home/ws/roarm_ws_em0/install/manual_move_action/local/lib/python3.10/dist-packages/manual_move_action/manual_move_action_s__rosidl_typesupport_c.cpython-310-x86_64-linux-gnu.so
[6.885s] -- Up-to-date symlink: /home/ws/roarm_ws_em0/install/manual_move_action/share/manual_move_action/action/MoveInfo.idl
[6.885s] -- Up-to-date symlink: /home/ws/roarm_ws_em0/install/manual_move_action/share/manual_move_action/action/MoveInfo.action
[6.885s] -- Up-to-date symlink: /home/ws/roarm_ws_em0/install/manual_move_action/lib/manual_move_action/manual_move_client
[6.885s] -- Up-to-date symlink: /home/ws/roarm_ws_em0/install/manual_move_action/lib/manual_move_action/manual_move_server
[6.885s] -- Up-to-date symlink: /home/ws/roarm_ws_em0/install/manual_move_action/share/manual_move_action//launch/.vscode/c_cpp_properties.json
[6.885s] -- Up-to-date symlink: /home/ws/roarm_ws_em0/install/manual_move_action/share/manual_move_action//launch/.vscode/settings.json
[6.885s] -- Up-to-date symlink: /home/ws/roarm_ws_em0/install/manual_move_action/share/manual_move_action//launch/manual_move_action.launch.py
[6.885s] -- Up-to-date symlink: /home/ws/roarm_ws_em0/install/manual_move_action/share/ament_index/resource_index/package_run_dependencies/manual_move_action
[6.885s] -- Up-to-date symlink: /home/ws/roarm_ws_em0/install/manual_move_action/share/ament_index/resource_index/parent_prefix_path/manual_move_action
[6.885s] -- Up-to-date symlink: /home/ws/roarm_ws_em0/install/manual_move_action/share/manual_move_action/environment/ament_prefix_path.sh
[6.885s] -- Up-to-date symlink: /home/ws/roarm_ws_em0/install/manual_move_action/share/manual_move_action/environment/ament_prefix_path.dsv
[6.885s] -- Up-to-date symlink: /home/ws/roarm_ws_em0/install/manual_move_action/share/manual_move_action/environment/path.sh
[6.885s] -- Up-to-date symlink: /home/ws/roarm_ws_em0/install/manual_move_action/share/manual_move_action/environment/path.dsv
[6.885s] -- Up-to-date symlink: /home/ws/roarm_ws_em0/install/manual_move_action/share/manual_move_action/local_setup.bash
[6.885s] -- Up-to-date symlink: /home/ws/roarm_ws_em0/install/manual_move_action/share/manual_move_action/local_setup.sh
[6.885s] -- Up-to-date symlink: /home/ws/roarm_ws_em0/install/manual_move_action/share/manual_move_action/local_setup.zsh
[6.885s] -- Up-to-date symlink: /home/ws/roarm_ws_em0/install/manual_move_action/share/manual_move_action/local_setup.dsv
[6.885s] -- Symlinking: /home/ws/roarm_ws_em0/install/manual_move_action/share/manual_move_action/package.dsv
[6.897s] -- Up-to-date symlink: /home/ws/roarm_ws_em0/install/manual_move_action/share/ament_index/resource_index/packages/manual_move_action
[6.897s] -- Up-to-date symlink: /home/ws/roarm_ws_em0/install/manual_move_action/share/manual_move_action/cmake/rosidl_cmake-extras.cmake
[6.897s] -- Up-to-date symlink: /home/ws/roarm_ws_em0/install/manual_move_action/share/manual_move_action/cmake/ament_cmake_export_dependencies-extras.cmake
[6.898s] -- Up-to-date symlink: /home/ws/roarm_ws_em0/install/manual_move_action/share/manual_move_action/cmake/ament_cmake_export_include_directories-extras.cmake
[6.898s] -- Up-to-date symlink: /home/ws/roarm_ws_em0/install/manual_move_action/share/manual_move_action/cmake/ament_cmake_export_libraries-extras.cmake
[6.898s] -- Up-to-date symlink: /home/ws/roarm_ws_em0/install/manual_move_action/share/manual_move_action/cmake/ament_cmake_export_targets-extras.cmake
[6.898s] -- Up-to-date symlink: /home/ws/roarm_ws_em0/install/manual_move_action/share/manual_move_action/cmake/rosidl_cmake_export_typesupport_targets-extras.cmake
[6.898s] -- Up-to-date symlink: /home/ws/roarm_ws_em0/install/manual_move_action/share/manual_move_action/cmake/rosidl_cmake_export_typesupport_libraries-extras.cmake
[6.899s] -- Up-to-date symlink: /home/ws/roarm_ws_em0/install/manual_move_action/share/manual_move_action/cmake/manual_move_actionConfig.cmake
[6.899s] -- Up-to-date symlink: /home/ws/roarm_ws_em0/install/manual_move_action/share/manual_move_action/cmake/manual_move_actionConfig-version.cmake
[6.899s] -- Up-to-date symlink: /home/ws/roarm_ws_em0/install/manual_move_action/share/manual_move_action/package.xml
[6.900s] -- Up-to-date: /home/ws/roarm_ws_em0/install/manual_move_action/lib/libmanual_move_action__rosidl_generator_c.so
[6.900s] -- Up-to-date: /home/ws/roarm_ws_em0/install/manual_move_action/lib/libmanual_move_action__rosidl_typesupport_fastrtps_c.so
[6.900s] -- Up-to-date: /home/ws/roarm_ws_em0/install/manual_move_action/lib/libmanual_move_action__rosidl_typesupport_fastrtps_cpp.so
[6.900s] -- Up-to-date: /home/ws/roarm_ws_em0/install/manual_move_action/lib/libmanual_move_action__rosidl_typesupport_introspection_c.so
[6.900s] -- Up-to-date: /home/ws/roarm_ws_em0/install/manual_move_action/lib/libmanual_move_action__rosidl_typesupport_c.so
[6.901s] -- Up-to-date: /home/ws/roarm_ws_em0/install/manual_move_action/lib/libmanual_move_action__rosidl_typesupport_introspection_cpp.so
[6.902s] -- Up-to-date: /home/ws/roarm_ws_em0/install/manual_move_action/lib/libmanual_move_action__rosidl_typesupport_cpp.so
[6.932s] Listing '/home/ws/roarm_ws_em0/install/manual_move_action/local/lib/python3.10/dist-packages/manual_move_action'...
[6.932s] Listing '/home/ws/roarm_ws_em0/install/manual_move_action/local/lib/python3.10/dist-packages/manual_move_action/action'...
[6.936s] -- Up-to-date: /home/ws/roarm_ws_em0/install/manual_move_action/lib/libmanual_move_action__rosidl_generator_py.so
[6.937s] -- Up-to-date: /home/ws/roarm_ws_em0/install/manual_move_action/share/manual_move_action/cmake/export_manual_move_action__rosidl_generator_cExport.cmake
[6.937s] -- Up-to-date: /home/ws/roarm_ws_em0/install/manual_move_action/share/manual_move_action/cmake/export_manual_move_action__rosidl_generator_cExport-noconfig.cmake
[6.937s] -- Up-to-date: /home/ws/roarm_ws_em0/install/manual_move_action/share/manual_move_action/cmake/export_manual_move_action__rosidl_typesupport_fastrtps_cExport.cmake
[6.937s] -- Up-to-date: /home/ws/roarm_ws_em0/install/manual_move_action/share/manual_move_action/cmake/export_manual_move_action__rosidl_typesupport_fastrtps_cExport-noconfig.cmake
[6.937s] -- Up-to-date: /home/ws/roarm_ws_em0/install/manual_move_action/share/manual_move_action/cmake/export_manual_move_action__rosidl_generator_cppExport.cmake
[6.937s] -- Up-to-date: /home/ws/roarm_ws_em0/install/manual_move_action/share/manual_move_action/cmake/export_manual_move_action__rosidl_typesupport_fastrtps_cppExport.cmake
[6.937s] -- Up-to-date: /home/ws/roarm_ws_em0/install/manual_move_action/share/manual_move_action/cmake/export_manual_move_action__rosidl_typesupport_fastrtps_cppExport-noconfig.cmake
[6.937s] -- Up-to-date: /home/ws/roarm_ws_em0/install/manual_move_action/share/manual_move_action/cmake/manual_move_action__rosidl_typesupport_introspection_cExport.cmake
[6.938s] -- Up-to-date: /home/ws/roarm_ws_em0/install/manual_move_action/share/manual_move_action/cmake/manual_move_action__rosidl_typesupport_introspection_cExport-noconfig.cmake
[6.938s] -- Up-to-date: /home/ws/roarm_ws_em0/install/manual_move_action/share/manual_move_action/cmake/manual_move_action__rosidl_typesupport_cExport.cmake
[6.938s] -- Up-to-date: /home/ws/roarm_ws_em0/install/manual_move_action/share/manual_move_action/cmake/manual_move_action__rosidl_typesupport_cExport-noconfig.cmake
[6.938s] -- Up-to-date: /home/ws/roarm_ws_em0/install/manual_move_action/share/manual_move_action/cmake/manual_move_action__rosidl_typesupport_introspection_cppExport.cmake
[6.938s] -- Up-to-date: /home/ws/roarm_ws_em0/install/manual_move_action/share/manual_move_action/cmake/manual_move_action__rosidl_typesupport_introspection_cppExport-noconfig.cmake
[6.938s] -- Up-to-date: /home/ws/roarm_ws_em0/install/manual_move_action/share/manual_move_action/cmake/manual_move_action__rosidl_typesupport_cppExport.cmake
[6.940s] -- Up-to-date: /home/ws/roarm_ws_em0/install/manual_move_action/share/manual_move_action/cmake/manual_move_action__rosidl_typesupport_cppExport-noconfig.cmake
[6.940s] -- Up-to-date: /home/ws/roarm_ws_em0/install/manual_move_action/share/manual_move_action/cmake/export_manual_move_action__rosidl_generator_pyExport.cmake
[6.940s] -- Up-to-date: /home/ws/roarm_ws_em0/install/manual_move_action/share/manual_move_action/cmake/export_manual_move_action__rosidl_generator_pyExport-noconfig.cmake
[6.946s] Invoked command in '/home/ws/roarm_ws_em0/build/manual_move_action' returned '0': CMAKE_PREFIX_PATH=/home/ws/roarm_ws_em0/install/roarm_moveit:/home/ws/roarm_ws_em0/install/roarm_description:/home/ws/roarm_ws_em0/install/ros2web_interfaces:/home/ws/roarm_ws_em0/install/roarm_moveit_ikfast_plugins:/home/ws/roarm_ws_em0/install/roarm_moveit_cmd:/home/ws/roarm_ws_em0/install/manual_move_action:/home/ws/roarm_ws_em0/install/moveit_servo:/home/ws/roarm_ws_em0/install/ros2web_widgets:/home/ws/roarm_ws_em0/install/ros2web_example_py:/home/ws/roarm_ws_em0/install/roarm_web_app:/home/ws/roarm_ws_em0/install/ros2web_app:/home/ws/roarm_ws_em0/install/ros2web:/home/ws/roarm_ws_em0/install/roarm_driver:/home/ws/roarm_ws_em0/install/launch_api:/opt/ros/humble LD_LIBRARY_PATH=/home/ws/roarm_ws_em0/install/roarm_moveit/lib:/home/ws/roarm_ws_em0/install/ros2web_interfaces/lib:/home/ws/roarm_ws_em0/install/roarm_moveit_ikfast_plugins/lib:/home/ws/roarm_ws_em0/install/manual_move_action/lib:/home/ws/roarm_ws_em0/install/moveit_servo/lib:/opt/ros/humble/opt/rviz_ogre_vendor/lib:/opt/ros/humble/lib/x86_64-linux-gnu:/opt/ros/humble/lib /usr/bin/cmake --install /home/ws/roarm_ws_em0/build/manual_move_action
