[0.433s] Invoking command in '/home/ws/roarm_ws_em0/build/ros2web_example_py': AMENT_PREFIX_PATH=/home/ws/roarm_ws_em0/install/ros2web:/home/ws/roarm_ws_em0/install/ros2web_interfaces:${AMENT_PREFIX_PATH} CMAKE_PREFIX_PATH=/home/ws/roarm_ws_em0/install/ros2web_interfaces:${CMAKE_PREFIX_PATH} LD_LIBRARY_PATH=/home/ws/roarm_ws_em0/install/ros2web_interfaces/lib:${LD_LIBRARY_PATH} PYTHONPATH=/home/ws/roarm_ws_em0/build/ros2web_example_py/prefix_override:/usr/lib/python3/dist-packages/colcon_core/task/python/colcon_distutils_commands:/home/ws/roarm_ws_em0/install/ros2web_example_py/lib/python3.10/site-packages:/home/ws/roarm_ws_em0/build/ros2web:/home/ws/roarm_ws_em0/install/ros2web/lib/python3.10/site-packages:/home/ws/roarm_ws_em0/install/ros2web_interfaces/local/lib/python3.10/dist-packages:${PYTHONPATH} /usr/bin/python3 -W ignore:setup.py install is deprecated setup.py develop --editable --build-directory /home/ws/roarm_ws_em0/build/ros2web_example_py/build --no-deps symlink_data
[0.597s] running develop
[0.598s] /usr/lib/python3/dist-packages/setuptools/command/easy_install.py:158: EasyInstallDeprecationWarning: easy_install command is deprecated. Use build and pip and other standards-based tools.
[0.598s]   warnings.warn(
[0.690s] running egg_info
[0.690s] creating ros2web_example_py.egg-info
[0.690s] writing ros2web_example_py.egg-info/PKG-INFO
[0.690s] writing dependency_links to ros2web_example_py.egg-info/dependency_links.txt
[0.690s] writing entry points to ros2web_example_py.egg-info/entry_points.txt
[0.690s] writing requirements to ros2web_example_py.egg-info/requires.txt
[0.690s] writing top-level names to ros2web_example_py.egg-info/top_level.txt
[0.690s] writing manifest file 'ros2web_example_py.egg-info/SOURCES.txt'
[0.690s] reading manifest file 'ros2web_example_py.egg-info/SOURCES.txt'
[0.690s] writing manifest file 'ros2web_example_py.egg-info/SOURCES.txt'
[0.693s] running build_ext
[0.693s] Creating /home/ws/roarm_ws_em0/install/ros2web_example_py/lib/python3.10/site-packages/ros2web-example-py.egg-link (link to .)
[0.693s] Installing api script to /home/ws/roarm_ws_em0/install/ros2web_example_py/lib/ros2web_example_py
[0.693s] Installing form script to /home/ws/roarm_ws_em0/install/ros2web_example_py/lib/ros2web_example_py
[0.693s] 
[0.693s] Installed /home/ws/roarm_ws_em0/build/ros2web_example_py
[0.693s] running symlink_data
[0.693s] creating /home/ws/roarm_ws_em0/install/ros2web_example_py/share/ament_index
[0.693s] creating /home/ws/roarm_ws_em0/install/ros2web_example_py/share/ament_index/resource_index
[0.693s] creating /home/ws/roarm_ws_em0/install/ros2web_example_py/share/ament_index/resource_index/packages
[0.693s] symbolically linking /home/ws/roarm_ws_em0/build/ros2web_example_py/resource/ros2web_example_py -> /home/ws/roarm_ws_em0/install/ros2web_example_py/share/ament_index/resource_index/packages
[0.694s] symbolically linking /home/ws/roarm_ws_em0/build/ros2web_example_py/package.xml -> /home/ws/roarm_ws_em0/install/ros2web_example_py/share/ros2web_example_py
[0.721s] Invoked command in '/home/ws/roarm_ws_em0/build/ros2web_example_py' returned '0': AMENT_PREFIX_PATH=/home/ws/roarm_ws_em0/install/ros2web:/home/ws/roarm_ws_em0/install/ros2web_interfaces:${AMENT_PREFIX_PATH} CMAKE_PREFIX_PATH=/home/ws/roarm_ws_em0/install/ros2web_interfaces:${CMAKE_PREFIX_PATH} LD_LIBRARY_PATH=/home/ws/roarm_ws_em0/install/ros2web_interfaces/lib:${LD_LIBRARY_PATH} PYTHONPATH=/home/ws/roarm_ws_em0/build/ros2web_example_py/prefix_override:/usr/lib/python3/dist-packages/colcon_core/task/python/colcon_distutils_commands:/home/ws/roarm_ws_em0/install/ros2web_example_py/lib/python3.10/site-packages:/home/ws/roarm_ws_em0/build/ros2web:/home/ws/roarm_ws_em0/install/ros2web/lib/python3.10/site-packages:/home/ws/roarm_ws_em0/install/ros2web_interfaces/local/lib/python3.10/dist-packages:${PYTHONPATH} /usr/bin/python3 -W ignore:setup.py install is deprecated setup.py develop --editable --build-directory /home/ws/roarm_ws_em0/build/ros2web_example_py/build --no-deps symlink_data
