[0.444s] Invoking command in '/home/ws/roarm_ws_em0/src/roarm_else/ros2web_app/ros2web_app': AMENT_PREFIX_PATH=/home/ws/roarm_ws_em0/install/ros2web:/home/ws/roarm_ws_em0/install/ros2web_interfaces:${AMENT_PREFIX_PATH} CMAKE_PREFIX_PATH=/home/ws/roarm_ws_em0/install/ros2web_interfaces LD_LIBRARY_PATH=/home/ws/roarm_ws_em0/install/ros2web_interfaces/lib:${LD_LIBRARY_PATH} PYTHONPATH=/home/ws/roarm_ws_em0/build/ros2web_app/prefix_override:/usr/lib/python3/dist-packages/colcon_core/task/python/colcon_distutils_commands:/home/ws/roarm_ws_em0/install/ros2web_app/lib/python3.10/site-packages:/home/ws/roarm_ws_em0/install/ros2web/lib/python3.10/site-packages:/home/ws/roarm_ws_em0/install/ros2web_interfaces/local/lib/python3.10/dist-packages:${PYTHONPATH} /usr/bin/python3 -W ignore:setup.py install is deprecated setup.py egg_info --egg-base ../../../../build/ros2web_app build --build-base /home/ws/roarm_ws_em0/build/ros2web_app/build install --record /home/ws/roarm_ws_em0/build/ros2web_app/install.log --single-version-externally-managed install_data
[0.612s] running egg_info
[0.612s] creating ../../../../build/ros2web_app/ros2web_app.egg-info
[0.612s] writing ../../../../build/ros2web_app/ros2web_app.egg-info/PKG-INFO
[0.612s] writing dependency_links to ../../../../build/ros2web_app/ros2web_app.egg-info/dependency_links.txt
[0.613s] writing entry points to ../../../../build/ros2web_app/ros2web_app.egg-info/entry_points.txt
[0.613s] writing requirements to ../../../../build/ros2web_app/ros2web_app.egg-info/requires.txt
[0.613s] writing top-level names to ../../../../build/ros2web_app/ros2web_app.egg-info/top_level.txt
[0.613s] writing manifest file '../../../../build/ros2web_app/ros2web_app.egg-info/SOURCES.txt'
[0.614s] reading manifest file '../../../../build/ros2web_app/ros2web_app.egg-info/SOURCES.txt'
[0.614s] writing manifest file '../../../../build/ros2web_app/ros2web_app.egg-info/SOURCES.txt'
[0.615s] running build
[0.615s] running build_py
[0.616s] creating /home/ws/roarm_ws_em0/build/ros2web_app/build
[0.616s] creating /home/ws/roarm_ws_em0/build/ros2web_app/build/lib
[0.616s] creating /home/ws/roarm_ws_em0/build/ros2web_app/build/lib/ros2web_app
[0.616s] copying ros2web_app/app.py -> /home/ws/roarm_ws_em0/build/ros2web_app/build/lib/ros2web_app
[0.616s] copying ros2web_app/__init__.py -> /home/ws/roarm_ws_em0/build/ros2web_app/build/lib/ros2web_app
[0.616s] creating /home/ws/roarm_ws_em0/build/ros2web_app/build/lib/ros2web_app/verb
[0.616s] copying ros2web_app/verb/__init__.py -> /home/ws/roarm_ws_em0/build/ros2web_app/build/lib/ros2web_app/verb
[0.616s] copying ros2web_app/verb/create.py -> /home/ws/roarm_ws_em0/build/ros2web_app/build/lib/ros2web_app/verb
[0.616s] creating /home/ws/roarm_ws_em0/build/ros2web_app/build/lib/ros2web_app/utilities
[0.616s] copying ros2web_app/utilities/__init__.py -> /home/ws/roarm_ws_em0/build/ros2web_app/build/lib/ros2web_app/utilities
[0.617s] copying ros2web_app/utilities/yaml.py -> /home/ws/roarm_ws_em0/build/ros2web_app/build/lib/ros2web_app/utilities
[0.617s] copying ros2web_app/utilities/ros_node.py -> /home/ws/roarm_ws_em0/build/ros2web_app/build/lib/ros2web_app/utilities
[0.617s] creating /home/ws/roarm_ws_em0/build/ros2web_app/build/lib/ros2web_app/boilerplate
[0.617s] copying ros2web_app/boilerplate/template.py -> /home/ws/roarm_ws_em0/build/ros2web_app/build/lib/ros2web_app/boilerplate
[0.617s] copying ros2web_app/boilerplate/__init__.py -> /home/ws/roarm_ws_em0/build/ros2web_app/build/lib/ros2web_app/boilerplate
[0.618s] creating /home/ws/roarm_ws_em0/build/ros2web_app/build/lib/ros2web_app/api
[0.618s] copying ros2web_app/api/app_base.py -> /home/ws/roarm_ws_em0/build/ros2web_app/build/lib/ros2web_app/api
[0.618s] copying ros2web_app/api/__init__.py -> /home/ws/roarm_ws_em0/build/ros2web_app/build/lib/ros2web_app/api
[0.618s] copying ros2web_app/api/state.py -> /home/ws/roarm_ws_em0/build/ros2web_app/build/lib/ros2web_app/api
[0.619s] creating /home/ws/roarm_ws_em0/build/ros2web_app/build/lib/ros2web_app/handler
[0.619s] copying ros2web_app/handler/web_rtc.py -> /home/ws/roarm_ws_em0/build/ros2web_app/build/lib/ros2web_app/handler
[0.619s] copying ros2web_app/handler/app.py -> /home/ws/roarm_ws_em0/build/ros2web_app/build/lib/ros2web_app/handler
[0.619s] copying ros2web_app/handler/__init__.py -> /home/ws/roarm_ws_em0/build/ros2web_app/build/lib/ros2web_app/handler
[0.619s] creating /home/ws/roarm_ws_em0/build/ros2web_app/build/lib/ros2web_app/utilities/ros
[0.620s] copying ros2web_app/utilities/ros/param.py -> /home/ws/roarm_ws_em0/build/ros2web_app/build/lib/ros2web_app/utilities/ros
[0.620s] copying ros2web_app/utilities/ros/__init__.py -> /home/ws/roarm_ws_em0/build/ros2web_app/build/lib/ros2web_app/utilities/ros
[0.620s] copying ros2web_app/utilities/ros/service.py -> /home/ws/roarm_ws_em0/build/ros2web_app/build/lib/ros2web_app/utilities/ros
[0.621s] creating /home/ws/roarm_ws_em0/build/ros2web_app/build/lib/ros2web_app/handler/track
[0.621s] copying ros2web_app/handler/track/__init__.py -> /home/ws/roarm_ws_em0/build/ros2web_app/build/lib/ros2web_app/handler/track
[0.621s] copying ros2web_app/handler/track/image.py -> /home/ws/roarm_ws_em0/build/ros2web_app/build/lib/ros2web_app/handler/track
[0.621s] creating /home/ws/roarm_ws_em0/build/ros2web_app/build/lib/ros2web_app/data
[0.622s] creating /home/ws/roarm_ws_em0/build/ros2web_app/build/lib/ros2web_app/data/public
[0.622s] copying ros2web_app/data/public/index.html -> /home/ws/roarm_ws_em0/build/ros2web_app/build/lib/ros2web_app/data/public
[0.622s] copying ros2web_app/data/config.yml -> /home/ws/roarm_ws_em0/build/ros2web_app/build/lib/ros2web_app/data
[0.623s] running install
[0.624s] running install_lib
[0.624s] creating /home/ws/roarm_ws_em0/install/ros2web_app/lib/python3.10/site-packages/ros2web_app
[0.624s] creating /home/ws/roarm_ws_em0/install/ros2web_app/lib/python3.10/site-packages/ros2web_app/verb
[0.624s] copying /home/ws/roarm_ws_em0/build/ros2web_app/build/lib/ros2web_app/verb/__init__.py -> /home/ws/roarm_ws_em0/install/ros2web_app/lib/python3.10/site-packages/ros2web_app/verb
[0.624s] copying /home/ws/roarm_ws_em0/build/ros2web_app/build/lib/ros2web_app/verb/create.py -> /home/ws/roarm_ws_em0/install/ros2web_app/lib/python3.10/site-packages/ros2web_app/verb
[0.624s] creating /home/ws/roarm_ws_em0/install/ros2web_app/lib/python3.10/site-packages/ros2web_app/utilities
[0.624s] copying /home/ws/roarm_ws_em0/build/ros2web_app/build/lib/ros2web_app/utilities/__init__.py -> /home/ws/roarm_ws_em0/install/ros2web_app/lib/python3.10/site-packages/ros2web_app/utilities
[0.625s] copying /home/ws/roarm_ws_em0/build/ros2web_app/build/lib/ros2web_app/utilities/yaml.py -> /home/ws/roarm_ws_em0/install/ros2web_app/lib/python3.10/site-packages/ros2web_app/utilities
[0.625s] creating /home/ws/roarm_ws_em0/install/ros2web_app/lib/python3.10/site-packages/ros2web_app/utilities/ros
[0.625s] copying /home/ws/roarm_ws_em0/build/ros2web_app/build/lib/ros2web_app/utilities/ros/param.py -> /home/ws/roarm_ws_em0/install/ros2web_app/lib/python3.10/site-packages/ros2web_app/utilities/ros
[0.625s] copying /home/ws/roarm_ws_em0/build/ros2web_app/build/lib/ros2web_app/utilities/ros/__init__.py -> /home/ws/roarm_ws_em0/install/ros2web_app/lib/python3.10/site-packages/ros2web_app/utilities/ros
[0.625s] copying /home/ws/roarm_ws_em0/build/ros2web_app/build/lib/ros2web_app/utilities/ros/service.py -> /home/ws/roarm_ws_em0/install/ros2web_app/lib/python3.10/site-packages/ros2web_app/utilities/ros
[0.625s] copying /home/ws/roarm_ws_em0/build/ros2web_app/build/lib/ros2web_app/utilities/ros_node.py -> /home/ws/roarm_ws_em0/install/ros2web_app/lib/python3.10/site-packages/ros2web_app/utilities
[0.625s] creating /home/ws/roarm_ws_em0/install/ros2web_app/lib/python3.10/site-packages/ros2web_app/boilerplate
[0.626s] copying /home/ws/roarm_ws_em0/build/ros2web_app/build/lib/ros2web_app/boilerplate/template.py -> /home/ws/roarm_ws_em0/install/ros2web_app/lib/python3.10/site-packages/ros2web_app/boilerplate
[0.626s] copying /home/ws/roarm_ws_em0/build/ros2web_app/build/lib/ros2web_app/boilerplate/__init__.py -> /home/ws/roarm_ws_em0/install/ros2web_app/lib/python3.10/site-packages/ros2web_app/boilerplate
[0.626s] copying /home/ws/roarm_ws_em0/build/ros2web_app/build/lib/ros2web_app/app.py -> /home/ws/roarm_ws_em0/install/ros2web_app/lib/python3.10/site-packages/ros2web_app
[0.626s] creating /home/ws/roarm_ws_em0/install/ros2web_app/lib/python3.10/site-packages/ros2web_app/api
[0.626s] copying /home/ws/roarm_ws_em0/build/ros2web_app/build/lib/ros2web_app/api/app_base.py -> /home/ws/roarm_ws_em0/install/ros2web_app/lib/python3.10/site-packages/ros2web_app/api
[0.626s] copying /home/ws/roarm_ws_em0/build/ros2web_app/build/lib/ros2web_app/api/__init__.py -> /home/ws/roarm_ws_em0/install/ros2web_app/lib/python3.10/site-packages/ros2web_app/api
[0.626s] copying /home/ws/roarm_ws_em0/build/ros2web_app/build/lib/ros2web_app/api/state.py -> /home/ws/roarm_ws_em0/install/ros2web_app/lib/python3.10/site-packages/ros2web_app/api
[0.626s] copying /home/ws/roarm_ws_em0/build/ros2web_app/build/lib/ros2web_app/__init__.py -> /home/ws/roarm_ws_em0/install/ros2web_app/lib/python3.10/site-packages/ros2web_app
[0.627s] creating /home/ws/roarm_ws_em0/install/ros2web_app/lib/python3.10/site-packages/ros2web_app/data
[0.627s] copying /home/ws/roarm_ws_em0/build/ros2web_app/build/lib/ros2web_app/data/config.yml -> /home/ws/roarm_ws_em0/install/ros2web_app/lib/python3.10/site-packages/ros2web_app/data
[0.627s] creating /home/ws/roarm_ws_em0/install/ros2web_app/lib/python3.10/site-packages/ros2web_app/data/public
[0.627s] copying /home/ws/roarm_ws_em0/build/ros2web_app/build/lib/ros2web_app/data/public/index.html -> /home/ws/roarm_ws_em0/install/ros2web_app/lib/python3.10/site-packages/ros2web_app/data/public
[0.627s] creating /home/ws/roarm_ws_em0/install/ros2web_app/lib/python3.10/site-packages/ros2web_app/handler
[0.627s] copying /home/ws/roarm_ws_em0/build/ros2web_app/build/lib/ros2web_app/handler/web_rtc.py -> /home/ws/roarm_ws_em0/install/ros2web_app/lib/python3.10/site-packages/ros2web_app/handler
[0.627s] copying /home/ws/roarm_ws_em0/build/ros2web_app/build/lib/ros2web_app/handler/app.py -> /home/ws/roarm_ws_em0/install/ros2web_app/lib/python3.10/site-packages/ros2web_app/handler
[0.627s] copying /home/ws/roarm_ws_em0/build/ros2web_app/build/lib/ros2web_app/handler/__init__.py -> /home/ws/roarm_ws_em0/install/ros2web_app/lib/python3.10/site-packages/ros2web_app/handler
[0.628s] creating /home/ws/roarm_ws_em0/install/ros2web_app/lib/python3.10/site-packages/ros2web_app/handler/track
[0.628s] copying /home/ws/roarm_ws_em0/build/ros2web_app/build/lib/ros2web_app/handler/track/__init__.py -> /home/ws/roarm_ws_em0/install/ros2web_app/lib/python3.10/site-packages/ros2web_app/handler/track
[0.628s] copying /home/ws/roarm_ws_em0/build/ros2web_app/build/lib/ros2web_app/handler/track/image.py -> /home/ws/roarm_ws_em0/install/ros2web_app/lib/python3.10/site-packages/ros2web_app/handler/track
[0.628s] byte-compiling /home/ws/roarm_ws_em0/install/ros2web_app/lib/python3.10/site-packages/ros2web_app/verb/__init__.py to __init__.cpython-310.pyc
[0.629s] byte-compiling /home/ws/roarm_ws_em0/install/ros2web_app/lib/python3.10/site-packages/ros2web_app/verb/create.py to create.cpython-310.pyc
[0.629s] byte-compiling /home/ws/roarm_ws_em0/install/ros2web_app/lib/python3.10/site-packages/ros2web_app/utilities/__init__.py to __init__.cpython-310.pyc
[0.629s] byte-compiling /home/ws/roarm_ws_em0/install/ros2web_app/lib/python3.10/site-packages/ros2web_app/utilities/yaml.py to yaml.cpython-310.pyc
[0.631s] byte-compiling /home/ws/roarm_ws_em0/install/ros2web_app/lib/python3.10/site-packages/ros2web_app/utilities/ros/param.py to param.cpython-310.pyc
[0.631s] byte-compiling /home/ws/roarm_ws_em0/install/ros2web_app/lib/python3.10/site-packages/ros2web_app/utilities/ros/__init__.py to __init__.cpython-310.pyc
[0.631s] byte-compiling /home/ws/roarm_ws_em0/install/ros2web_app/lib/python3.10/site-packages/ros2web_app/utilities/ros/service.py to service.cpython-310.pyc
[0.631s] byte-compiling /home/ws/roarm_ws_em0/install/ros2web_app/lib/python3.10/site-packages/ros2web_app/utilities/ros_node.py to ros_node.cpython-310.pyc
[0.632s] byte-compiling /home/ws/roarm_ws_em0/install/ros2web_app/lib/python3.10/site-packages/ros2web_app/boilerplate/template.py to template.cpython-310.pyc
[0.633s] byte-compiling /home/ws/roarm_ws_em0/install/ros2web_app/lib/python3.10/site-packages/ros2web_app/boilerplate/__init__.py to __init__.cpython-310.pyc
[0.633s] byte-compiling /home/ws/roarm_ws_em0/install/ros2web_app/lib/python3.10/site-packages/ros2web_app/app.py to app.cpython-310.pyc
[0.633s] byte-compiling /home/ws/roarm_ws_em0/install/ros2web_app/lib/python3.10/site-packages/ros2web_app/api/app_base.py to app_base.cpython-310.pyc
[0.634s] byte-compiling /home/ws/roarm_ws_em0/install/ros2web_app/lib/python3.10/site-packages/ros2web_app/api/__init__.py to __init__.cpython-310.pyc
[0.634s] byte-compiling /home/ws/roarm_ws_em0/install/ros2web_app/lib/python3.10/site-packages/ros2web_app/api/state.py to state.cpython-310.pyc
[0.636s] byte-compiling /home/ws/roarm_ws_em0/install/ros2web_app/lib/python3.10/site-packages/ros2web_app/__init__.py to __init__.cpython-310.pyc
[0.636s] byte-compiling /home/ws/roarm_ws_em0/install/ros2web_app/lib/python3.10/site-packages/ros2web_app/handler/web_rtc.py to web_rtc.cpython-310.pyc
[0.637s] byte-compiling /home/ws/roarm_ws_em0/install/ros2web_app/lib/python3.10/site-packages/ros2web_app/handler/app.py to app.cpython-310.pyc
[0.637s] byte-compiling /home/ws/roarm_ws_em0/install/ros2web_app/lib/python3.10/site-packages/ros2web_app/handler/__init__.py to __init__.cpython-310.pyc
[0.637s] byte-compiling /home/ws/roarm_ws_em0/install/ros2web_app/lib/python3.10/site-packages/ros2web_app/handler/track/__init__.py to __init__.cpython-310.pyc
[0.638s] byte-compiling /home/ws/roarm_ws_em0/install/ros2web_app/lib/python3.10/site-packages/ros2web_app/handler/track/image.py to image.cpython-310.pyc
[0.638s] running install_data
[0.638s] creating /home/ws/roarm_ws_em0/install/ros2web_app/share/ament_index
[0.638s] creating /home/ws/roarm_ws_em0/install/ros2web_app/share/ament_index/resource_index
[0.639s] creating /home/ws/roarm_ws_em0/install/ros2web_app/share/ament_index/resource_index/packages
[0.639s] copying resource/ros2web_app -> /home/ws/roarm_ws_em0/install/ros2web_app/share/ament_index/resource_index/packages
[0.639s] copying package.xml -> /home/ws/roarm_ws_em0/install/ros2web_app/share/ros2web_app
[0.639s] running install_egg_info
[0.641s] Copying ../../../../build/ros2web_app/ros2web_app.egg-info to /home/ws/roarm_ws_em0/install/ros2web_app/lib/python3.10/site-packages/ros2web_app-0.0.0-py3.10.egg-info
[0.643s] running install_scripts
[0.659s] writing list of installed files to '/home/ws/roarm_ws_em0/build/ros2web_app/install.log'
[0.678s] Invoked command in '/home/ws/roarm_ws_em0/src/roarm_else/ros2web_app/ros2web_app' returned '0': AMENT_PREFIX_PATH=/home/ws/roarm_ws_em0/install/ros2web:/home/ws/roarm_ws_em0/install/ros2web_interfaces:${AMENT_PREFIX_PATH} CMAKE_PREFIX_PATH=/home/ws/roarm_ws_em0/install/ros2web_interfaces LD_LIBRARY_PATH=/home/ws/roarm_ws_em0/install/ros2web_interfaces/lib:${LD_LIBRARY_PATH} PYTHONPATH=/home/ws/roarm_ws_em0/build/ros2web_app/prefix_override:/usr/lib/python3/dist-packages/colcon_core/task/python/colcon_distutils_commands:/home/ws/roarm_ws_em0/install/ros2web_app/lib/python3.10/site-packages:/home/ws/roarm_ws_em0/install/ros2web/lib/python3.10/site-packages:/home/ws/roarm_ws_em0/install/ros2web_interfaces/local/lib/python3.10/dist-packages:${PYTHONPATH} /usr/bin/python3 -W ignore:setup.py install is deprecated setup.py egg_info --egg-base ../../../../build/ros2web_app build --build-base /home/ws/roarm_ws_em0/build/ros2web_app/build install --record /home/ws/roarm_ws_em0/build/ros2web_app/install.log --single-version-externally-managed install_data
