/home/ws/roarm_ws_em0/install/launch_api/lib/python3.10/site-packages/launch_api/process_proxy.py
/home/ws/roarm_ws_em0/install/launch_api/lib/python3.10/site-packages/launch_api/__init__.py
/home/ws/roarm_ws_em0/install/launch_api/lib/python3.10/site-packages/launch_api/service.py
/home/ws/roarm_ws_em0/install/launch_api/lib/python3.10/site-packages/launch_api/utilities/node_wrapper.py
/home/ws/roarm_ws_em0/install/launch_api/lib/python3.10/site-packages/launch_api/utilities/__init__.py
/home/ws/roarm_ws_em0/install/launch_api/lib/python3.10/site-packages/launch_api/utilities/logger.py
/home/ws/roarm_ws_em0/install/launch_api/lib/python3.10/site-packages/launch_api/events/__init__.py
/home/ws/roarm_ws_em0/install/launch_api/lib/python3.10/site-packages/launch_api/events/execution_process.py
/home/ws/roarm_ws_em0/install/launch_api/lib/python3.10/site-packages/launch_api/actions/__init__.py
/home/ws/roarm_ws_em0/install/launch_api/lib/python3.10/site-packages/launch_api/actions/process.py
/home/ws/roarm_ws_em0/install/launch_api/lib/python3.10/site-packages/launch_api/actions/process_manager.py
/home/ws/roarm_ws_em0/install/launch_api/lib/python3.10/site-packages/launch_api/__pycache__/process_proxy.cpython-310.pyc
/home/ws/roarm_ws_em0/install/launch_api/lib/python3.10/site-packages/launch_api/__pycache__/__init__.cpython-310.pyc
/home/ws/roarm_ws_em0/install/launch_api/lib/python3.10/site-packages/launch_api/__pycache__/service.cpython-310.pyc
/home/ws/roarm_ws_em0/install/launch_api/lib/python3.10/site-packages/launch_api/utilities/__pycache__/node_wrapper.cpython-310.pyc
/home/ws/roarm_ws_em0/install/launch_api/lib/python3.10/site-packages/launch_api/utilities/__pycache__/__init__.cpython-310.pyc
/home/ws/roarm_ws_em0/install/launch_api/lib/python3.10/site-packages/launch_api/utilities/__pycache__/logger.cpython-310.pyc
/home/ws/roarm_ws_em0/install/launch_api/lib/python3.10/site-packages/launch_api/events/__pycache__/__init__.cpython-310.pyc
/home/ws/roarm_ws_em0/install/launch_api/lib/python3.10/site-packages/launch_api/events/__pycache__/execution_process.cpython-310.pyc
/home/ws/roarm_ws_em0/install/launch_api/lib/python3.10/site-packages/launch_api/actions/__pycache__/__init__.cpython-310.pyc
/home/ws/roarm_ws_em0/install/launch_api/lib/python3.10/site-packages/launch_api/actions/__pycache__/process.cpython-310.pyc
/home/ws/roarm_ws_em0/install/launch_api/lib/python3.10/site-packages/launch_api/actions/__pycache__/process_manager.cpython-310.pyc
/home/ws/roarm_ws_em0/install/launch_api/share/ament_index/resource_index/packages/launch_api
/home/ws/roarm_ws_em0/install/launch_api/share/launch_api/package.xml
/home/ws/roarm_ws_em0/install/launch_api/lib/python3.10/site-packages/launch_api-0.0.0-py3.10.egg-info/SOURCES.txt
/home/ws/roarm_ws_em0/install/launch_api/lib/python3.10/site-packages/launch_api-0.0.0-py3.10.egg-info/top_level.txt
/home/ws/roarm_ws_em0/install/launch_api/lib/python3.10/site-packages/launch_api-0.0.0-py3.10.egg-info/dependency_links.txt
/home/ws/roarm_ws_em0/install/launch_api/lib/python3.10/site-packages/launch_api-0.0.0-py3.10.egg-info/entry_points.txt
/home/ws/roarm_ws_em0/install/launch_api/lib/python3.10/site-packages/launch_api-0.0.0-py3.10.egg-info/PKG-INFO
/home/ws/roarm_ws_em0/install/launch_api/lib/python3.10/site-packages/launch_api-0.0.0-py3.10.egg-info/requires.txt
/home/ws/roarm_ws_em0/install/launch_api/lib/python3.10/site-packages/launch_api-0.0.0-py3.10.egg-info/zip-safe
