[01m[K/home/ws/roarm_ws_em0/src/roarm_main/manual_move_action/src/manual_move_server.cpp:15:10:[m[K [01;31m[Kfatal error: [m[Kroarm_moveit/srv/MovePointCmd.hpp: No such file or directory
   15 | #include [01;31m[K"roarm_moveit/srv/MovePointCmd.hpp"[m[K
      |          [01;31m[K^~~~~~~~~~~~~~~~~~~~~~~~~~~~~~~~~~~[m[K
compilation terminated.
gmake[2]: *** [CMakeFiles/manual_move_server.dir/build.make:76: CMakeFiles/manual_move_server.dir/src/manual_move_server.cpp.o] Error 1
gmake[1]: *** [CMakeFiles/Makefile2:622: CMakeFiles/manual_move_server.dir/all] Error 2
gmake[1]: *** Waiting for unfinished jobs....
[01m[K/home/ws/roarm_ws_em0/src/roarm_main/manual_move_action/src/manual_move_client.cpp:[m[K In member function ‘[01m[Kvoid MinimalActionClient::feedback_callback(rclcpp_action::ClientGoalHandle<manual_move_action::action::MoveInfo>::SharedPtr, std::shared_ptr<const manual_move_action::action::MoveInfo_Feedback_<std::allocator<void> > >)[m[K’:
[01m[K/home/ws/roarm_ws_em0/src/roarm_main/manual_move_action/src/manual_move_client.cpp:56:69:[m[K [01;35m[Kwarning: [m[Kunused parameter ‘[01m[Kfeedback[m[K’ [[01;35m[K]8;;https://gcc.gnu.org/onlinedocs/gcc/Warning-Options.html#index-Wunused-parameter-Wunused-parameter]8;;[m[K]
   56 |               [01;35m[Kconst std::shared_ptr<const MoveInfo::Feedback> feedback[m[K)
      |               [01;35m[K~~~~~~~~~~~~~~~~~~~~~~~~~~~~~~~~~~~~~~~~~~~~~~~~^~~~~~~~[m[K

[01m[K/home/ws/roarm_ws_em0/src/roarm_main/manual_move_action/src/manual_move_client.cpp:[m[K In function ‘[01m[Kvoid PromptUser(const std::shared_ptr<MinimalActionClient>&)[m[K’:
[01m[K/home/ws/roarm_ws_em0/src/roarm_main/manual_move_action/src/manual_move_client.cpp:90:20:[m[K [01;31m[Kerror: [m[K‘[01m[Kvoid MinimalActionClient::send_goal()[m[K’ is private within this context
   90 |     [01;31m[Knode->send_goal()[m[K;  // Call your goal-sending logic
      |     [01;31m[K~~~~~~~~~~~~~~~^~[m[K
[01m[K/home/ws/roarm_ws_em0/src/roarm_main/manual_move_action/src/manual_move_client.cpp:34:8:[m[K [01;36m[Knote: [m[Kdeclared private here
   34 |   void [01;36m[Ksend_goal[m[K()
      |        [01;36m[K^~~~~~~~~[m[K
gmake[2]: *** [CMakeFiles/manual_move_client.dir/build.make:76: CMakeFiles/manual_move_client.dir/src/manual_move_client.cpp.o] Error 1
gmake[1]: *** [CMakeFiles/Makefile2:595: CMakeFiles/manual_move_client.dir/all] Error 2
gmake: *** [Makefile:146: all] Error 2
