[0.677s] Invoking command in '/home/ws/roarm_ws_em0/src/roarm_else/launch_api': PYTHONPATH=/home/ws/roarm_ws_em0/build/launch_api/prefix_override:/usr/lib/python3/dist-packages/colcon_core/task/python/colcon_distutils_commands:/home/ws/roarm_ws_em0/install/launch_api/lib/python3.10/site-packages:${PYTHONPATH} /usr/bin/python3 -W ignore:setup.py install is deprecated setup.py egg_info --egg-base ../../../build/launch_api build --build-base /home/ws/roarm_ws_em0/build/launch_api/build install --record /home/ws/roarm_ws_em0/build/launch_api/install.log --single-version-externally-managed install_data
[0.906s] running egg_info
[0.914s] writing ../../../build/launch_api/launch_api.egg-info/PKG-INFO
[0.914s] writing dependency_links to ../../../build/launch_api/launch_api.egg-info/dependency_links.txt
[0.922s] writing entry points to ../../../build/launch_api/launch_api.egg-info/entry_points.txt
[0.922s] writing requirements to ../../../build/launch_api/launch_api.egg-info/requires.txt
[0.922s] writing top-level names to ../../../build/launch_api/launch_api.egg-info/top_level.txt
[0.923s] reading manifest file '../../../build/launch_api/launch_api.egg-info/SOURCES.txt'
[0.923s] adding license file 'LICENSE'
[0.923s] writing manifest file '../../../build/launch_api/launch_api.egg-info/SOURCES.txt'
[0.923s] running build
[0.924s] running build_py
[0.924s] running install
[0.925s] running install_lib
[0.927s] running install_data
[0.927s] running install_egg_info
[0.929s] removing '/home/ws/roarm_ws_em0/install/launch_api/lib/python3.10/site-packages/launch_api-0.0.0-py3.10.egg-info' (and everything under it)
[0.929s] Copying ../../../build/launch_api/launch_api.egg-info to /home/ws/roarm_ws_em0/install/launch_api/lib/python3.10/site-packages/launch_api-0.0.0-py3.10.egg-info
[0.929s] running install_scripts
[0.946s] writing list of installed files to '/home/ws/roarm_ws_em0/build/launch_api/install.log'
[1.137s] Invoked command in '/home/ws/roarm_ws_em0/src/roarm_else/launch_api' returned '0': PYTHONPATH=/home/ws/roarm_ws_em0/build/launch_api/prefix_override:/usr/lib/python3/dist-packages/colcon_core/task/python/colcon_distutils_commands:/home/ws/roarm_ws_em0/install/launch_api/lib/python3.10/site-packages:${PYTHONPATH} /usr/bin/python3 -W ignore:setup.py install is deprecated setup.py egg_info --egg-base ../../../build/launch_api build --build-base /home/ws/roarm_ws_em0/build/launch_api/build install --record /home/ws/roarm_ws_em0/build/launch_api/install.log --single-version-externally-managed install_data
