[1.525s] Invoking command in '/home/ws/roarm_ws_em0/build/launch_api': PYTHONPATH=/home/ws/roarm_ws_em0/build/launch_api/prefix_override:/usr/lib/python3/dist-packages/colcon_core/task/python/colcon_distutils_commands:/home/ws/roarm_ws_em0/install/launch_api/lib/python3.10/site-packages:${PYTHONPATH} /usr/bin/python3 -W ignore:setup.py install is deprecated setup.py develop --editable --build-directory /home/ws/roarm_ws_em0/build/launch_api/build --no-deps symlink_data --force
[1.709s] running develop
[1.709s] /usr/lib/python3/dist-packages/setuptools/command/easy_install.py:158: EasyInstallDeprecationWarning: easy_install command is deprecated. Use build and pip and other standards-based tools.
[1.709s]   warnings.warn(
[1.806s] running egg_info
[1.806s] writing launch_api.egg-info/PKG-INFO
[1.818s] writing dependency_links to launch_api.egg-info/dependency_links.txt
[1.818s] writing entry points to launch_api.egg-info/entry_points.txt
[1.820s] writing requirements to launch_api.egg-info/requires.txt
[1.820s] writing top-level names to launch_api.egg-info/top_level.txt
[1.820s] reading manifest file 'launch_api.egg-info/SOURCES.txt'
[1.821s] writing manifest file 'launch_api.egg-info/SOURCES.txt'
[1.822s] running build_ext
[1.822s] Creating /home/ws/roarm_ws_em0/install/launch_api/lib/python3.10/site-packages/launch-api.egg-link (link to .)
[1.823s] 
[1.823s] Installed /home/ws/roarm_ws_em0/build/launch_api
[1.823s] running symlink_data
[1.823s] symbolically linking /home/ws/roarm_ws_em0/build/launch_api/resource/launch_api -> /home/ws/roarm_ws_em0/install/launch_api/share/ament_index/resource_index/packages
[1.823s] symbolically linking /home/ws/roarm_ws_em0/build/launch_api/package.xml -> /home/ws/roarm_ws_em0/install/launch_api/share/launch_api
[1.843s] Invoked command in '/home/ws/roarm_ws_em0/build/launch_api' returned '0': PYTHONPATH=/home/ws/roarm_ws_em0/build/launch_api/prefix_override:/usr/lib/python3/dist-packages/colcon_core/task/python/colcon_distutils_commands:/home/ws/roarm_ws_em0/install/launch_api/lib/python3.10/site-packages:${PYTHONPATH} /usr/bin/python3 -W ignore:setup.py install is deprecated setup.py develop --editable --build-directory /home/ws/roarm_ws_em0/build/launch_api/build --no-deps symlink_data --force
