[0.443s] Invoking command in '/home/ws/roarm_ws_em0/src/roarm_else/launch_api': PYTHONPATH=/home/ws/roarm_ws_em0/build/launch_api/prefix_override:/usr/lib/python3/dist-packages/colcon_core/task/python/colcon_distutils_commands:/home/ws/roarm_ws_em0/install/launch_api/lib/python3.10/site-packages:${PYTHONPATH} /usr/bin/python3 -W ignore:setup.py install is deprecated setup.py egg_info --egg-base ../../../build/launch_api build --build-base /home/ws/roarm_ws_em0/build/launch_api/build install --record /home/ws/roarm_ws_em0/build/launch_api/install.log --single-version-externally-managed install_data
[0.606s] running egg_info
[0.607s] creating ../../../build/launch_api/launch_api.egg-info
[0.607s] writing ../../../build/launch_api/launch_api.egg-info/PKG-INFO
[0.608s] writing dependency_links to ../../../build/launch_api/launch_api.egg-info/dependency_links.txt
[0.608s] writing entry points to ../../../build/launch_api/launch_api.egg-info/entry_points.txt
[0.608s] writing requirements to ../../../build/launch_api/launch_api.egg-info/requires.txt
[0.608s] writing top-level names to ../../../build/launch_api/launch_api.egg-info/top_level.txt
[0.608s] writing manifest file '../../../build/launch_api/launch_api.egg-info/SOURCES.txt'
[0.610s] reading manifest file '../../../build/launch_api/launch_api.egg-info/SOURCES.txt'
[0.610s] adding license file 'LICENSE'
[0.611s] writing manifest file '../../../build/launch_api/launch_api.egg-info/SOURCES.txt'
[0.611s] running build
[0.611s] running build_py
[0.611s] creating /home/ws/roarm_ws_em0/build/launch_api/build
[0.611s] creating /home/ws/roarm_ws_em0/build/launch_api/build/lib
[0.611s] creating /home/ws/roarm_ws_em0/build/launch_api/build/lib/launch_api
[0.612s] copying launch_api/process_proxy.py -> /home/ws/roarm_ws_em0/build/launch_api/build/lib/launch_api
[0.612s] copying launch_api/__init__.py -> /home/ws/roarm_ws_em0/build/launch_api/build/lib/launch_api
[0.612s] copying launch_api/service.py -> /home/ws/roarm_ws_em0/build/launch_api/build/lib/launch_api
[0.612s] creating /home/ws/roarm_ws_em0/build/launch_api/build/lib/launch_api/utilities
[0.613s] copying launch_api/utilities/node_wrapper.py -> /home/ws/roarm_ws_em0/build/launch_api/build/lib/launch_api/utilities
[0.613s] copying launch_api/utilities/__init__.py -> /home/ws/roarm_ws_em0/build/launch_api/build/lib/launch_api/utilities
[0.613s] copying launch_api/utilities/logger.py -> /home/ws/roarm_ws_em0/build/launch_api/build/lib/launch_api/utilities
[0.613s] creating /home/ws/roarm_ws_em0/build/launch_api/build/lib/launch_api/events
[0.613s] copying launch_api/events/__init__.py -> /home/ws/roarm_ws_em0/build/launch_api/build/lib/launch_api/events
[0.614s] copying launch_api/events/execution_process.py -> /home/ws/roarm_ws_em0/build/launch_api/build/lib/launch_api/events
[0.614s] creating /home/ws/roarm_ws_em0/build/launch_api/build/lib/launch_api/actions
[0.614s] copying launch_api/actions/__init__.py -> /home/ws/roarm_ws_em0/build/launch_api/build/lib/launch_api/actions
[0.614s] copying launch_api/actions/process.py -> /home/ws/roarm_ws_em0/build/launch_api/build/lib/launch_api/actions
[0.614s] copying launch_api/actions/process_manager.py -> /home/ws/roarm_ws_em0/build/launch_api/build/lib/launch_api/actions
[0.615s] running install
[0.615s] running install_lib
[0.616s] creating /home/ws/roarm_ws_em0/install/launch_api/lib/python3.10/site-packages/launch_api
[0.616s] creating /home/ws/roarm_ws_em0/install/launch_api/lib/python3.10/site-packages/launch_api/utilities
[0.616s] copying /home/ws/roarm_ws_em0/build/launch_api/build/lib/launch_api/utilities/node_wrapper.py -> /home/ws/roarm_ws_em0/install/launch_api/lib/python3.10/site-packages/launch_api/utilities
[0.617s] copying /home/ws/roarm_ws_em0/build/launch_api/build/lib/launch_api/utilities/__init__.py -> /home/ws/roarm_ws_em0/install/launch_api/lib/python3.10/site-packages/launch_api/utilities
[0.617s] copying /home/ws/roarm_ws_em0/build/launch_api/build/lib/launch_api/utilities/logger.py -> /home/ws/roarm_ws_em0/install/launch_api/lib/python3.10/site-packages/launch_api/utilities
[0.617s] creating /home/ws/roarm_ws_em0/install/launch_api/lib/python3.10/site-packages/launch_api/events
[0.617s] copying /home/ws/roarm_ws_em0/build/launch_api/build/lib/launch_api/events/__init__.py -> /home/ws/roarm_ws_em0/install/launch_api/lib/python3.10/site-packages/launch_api/events
[0.617s] copying /home/ws/roarm_ws_em0/build/launch_api/build/lib/launch_api/events/execution_process.py -> /home/ws/roarm_ws_em0/install/launch_api/lib/python3.10/site-packages/launch_api/events
[0.617s] copying /home/ws/roarm_ws_em0/build/launch_api/build/lib/launch_api/process_proxy.py -> /home/ws/roarm_ws_em0/install/launch_api/lib/python3.10/site-packages/launch_api
[0.617s] creating /home/ws/roarm_ws_em0/install/launch_api/lib/python3.10/site-packages/launch_api/actions
[0.618s] copying /home/ws/roarm_ws_em0/build/launch_api/build/lib/launch_api/actions/__init__.py -> /home/ws/roarm_ws_em0/install/launch_api/lib/python3.10/site-packages/launch_api/actions
[0.618s] copying /home/ws/roarm_ws_em0/build/launch_api/build/lib/launch_api/actions/process.py -> /home/ws/roarm_ws_em0/install/launch_api/lib/python3.10/site-packages/launch_api/actions
[0.618s] copying /home/ws/roarm_ws_em0/build/launch_api/build/lib/launch_api/actions/process_manager.py -> /home/ws/roarm_ws_em0/install/launch_api/lib/python3.10/site-packages/launch_api/actions
[0.618s] copying /home/ws/roarm_ws_em0/build/launch_api/build/lib/launch_api/__init__.py -> /home/ws/roarm_ws_em0/install/launch_api/lib/python3.10/site-packages/launch_api
[0.618s] copying /home/ws/roarm_ws_em0/build/launch_api/build/lib/launch_api/service.py -> /home/ws/roarm_ws_em0/install/launch_api/lib/python3.10/site-packages/launch_api
[0.619s] byte-compiling /home/ws/roarm_ws_em0/install/launch_api/lib/python3.10/site-packages/launch_api/utilities/node_wrapper.py to node_wrapper.cpython-310.pyc
[0.619s] byte-compiling /home/ws/roarm_ws_em0/install/launch_api/lib/python3.10/site-packages/launch_api/utilities/__init__.py to __init__.cpython-310.pyc
[0.619s] byte-compiling /home/ws/roarm_ws_em0/install/launch_api/lib/python3.10/site-packages/launch_api/utilities/logger.py to logger.cpython-310.pyc
[0.620s] byte-compiling /home/ws/roarm_ws_em0/install/launch_api/lib/python3.10/site-packages/launch_api/events/__init__.py to __init__.cpython-310.pyc
[0.620s] byte-compiling /home/ws/roarm_ws_em0/install/launch_api/lib/python3.10/site-packages/launch_api/events/execution_process.py to execution_process.cpython-310.pyc
[0.621s] byte-compiling /home/ws/roarm_ws_em0/install/launch_api/lib/python3.10/site-packages/launch_api/process_proxy.py to process_proxy.cpython-310.pyc
[0.621s] byte-compiling /home/ws/roarm_ws_em0/install/launch_api/lib/python3.10/site-packages/launch_api/actions/__init__.py to __init__.cpython-310.pyc
[0.621s] byte-compiling /home/ws/roarm_ws_em0/install/launch_api/lib/python3.10/site-packages/launch_api/actions/process.py to process.cpython-310.pyc
[0.622s] byte-compiling /home/ws/roarm_ws_em0/install/launch_api/lib/python3.10/site-packages/launch_api/actions/process_manager.py to process_manager.cpython-310.pyc
[0.623s] byte-compiling /home/ws/roarm_ws_em0/install/launch_api/lib/python3.10/site-packages/launch_api/__init__.py to __init__.cpython-310.pyc
[0.623s] byte-compiling /home/ws/roarm_ws_em0/install/launch_api/lib/python3.10/site-packages/launch_api/service.py to service.cpython-310.pyc
[0.624s] running install_data
[0.624s] creating /home/ws/roarm_ws_em0/install/launch_api/share/ament_index
[0.625s] creating /home/ws/roarm_ws_em0/install/launch_api/share/ament_index/resource_index
[0.625s] creating /home/ws/roarm_ws_em0/install/launch_api/share/ament_index/resource_index/packages
[0.625s] copying resource/launch_api -> /home/ws/roarm_ws_em0/install/launch_api/share/ament_index/resource_index/packages
[0.625s] copying package.xml -> /home/ws/roarm_ws_em0/install/launch_api/share/launch_api
[0.625s] running install_egg_info
[0.627s] Copying ../../../build/launch_api/launch_api.egg-info to /home/ws/roarm_ws_em0/install/launch_api/lib/python3.10/site-packages/launch_api-0.0.0-py3.10.egg-info
[0.630s] running install_scripts
[0.643s] writing list of installed files to '/home/ws/roarm_ws_em0/build/launch_api/install.log'
[0.665s] Invoked command in '/home/ws/roarm_ws_em0/src/roarm_else/launch_api' returned '0': PYTHONPATH=/home/ws/roarm_ws_em0/build/launch_api/prefix_override:/usr/lib/python3/dist-packages/colcon_core/task/python/colcon_distutils_commands:/home/ws/roarm_ws_em0/install/launch_api/lib/python3.10/site-packages:${PYTHONPATH} /usr/bin/python3 -W ignore:setup.py install is deprecated setup.py egg_info --egg-base ../../../build/launch_api build --build-base /home/ws/roarm_ws_em0/build/launch_api/build install --record /home/ws/roarm_ws_em0/build/launch_api/install.log --single-version-externally-managed install_data
