[0.209s] Invoking command in '/home/ws/roarm_ws_em0/build/roarm_moveit_cmd': AMENT_PREFIX_PATH=/home/ws/roarm_ws_em0/install/moveit_servo:${AMENT_PREFIX_PATH} CMAKE_PREFIX_PATH=/home/ws/roarm_ws_em0/install/roarm_moveit:/home/ws/roarm_ws_em0/install/roarm_description:/home/ws/roarm_ws_em0/install/moveit_servo:/home/ws/roarm_ws_em0/install/manual_move_action:/opt/ros/humble LD_LIBRARY_PATH=/home/ws/roarm_ws_em0/install/roarm_moveit/lib:/home/ws/roarm_ws_em0/install/moveit_servo/lib:/home/ws/roarm_ws_em0/install/manual_move_action/lib:/opt/ros/humble/opt/rviz_ogre_vendor/lib:/opt/ros/humble/lib/x86_64-linux-gnu:/opt/ros/humble/lib /usr/bin/cmake --build /home/ws/roarm_ws_em0/build/roarm_moveit_cmd -- -j4 -l4
[0.295s] [35m[1mConsolidate compiler generated dependencies of target getposecmd[0m
[0.297s] [35m[1mConsolidate compiler generated dependencies of target getposecmd_tf2[0m
[0.302s] [35m[1mConsolidate compiler generated dependencies of target keyboardcontrol[0m
[0.308s] [35m[1mConsolidate compiler generated dependencies of target movepointcmd[0m
[0.363s] [ 14%] Built target movepointcmd
[0.365s] [ 42%] Built target getposecmd_tf2
[0.365s] [ 28%] Built target keyboardcontrol
[0.379s] [ 57%] Built target getposecmd
[0.386s] [35m[1mConsolidate compiler generated dependencies of target movecirclecmd[0m
[0.386s] [35m[1mConsolidate compiler generated dependencies of target webappcontrol[0m
[0.409s] [35m[1mConsolidate compiler generated dependencies of target setgrippercmd[0m
[0.434s] [ 71%] Built target webappcontrol
[0.460s] [ 85%] Built target movecirclecmd
[0.487s] [100%] Built target setgrippercmd
[0.599s] Invoked command in '/home/ws/roarm_ws_em0/build/roarm_moveit_cmd' returned '0': AMENT_PREFIX_PATH=/home/ws/roarm_ws_em0/install/moveit_servo:${AMENT_PREFIX_PATH} CMAKE_PREFIX_PATH=/home/ws/roarm_ws_em0/install/roarm_moveit:/home/ws/roarm_ws_em0/install/roarm_description:/home/ws/roarm_ws_em0/install/moveit_servo:/home/ws/roarm_ws_em0/install/manual_move_action:/opt/ros/humble LD_LIBRARY_PATH=/home/ws/roarm_ws_em0/install/roarm_moveit/lib:/home/ws/roarm_ws_em0/install/moveit_servo/lib:/home/ws/roarm_ws_em0/install/manual_move_action/lib:/opt/ros/humble/opt/rviz_ogre_vendor/lib:/opt/ros/humble/lib/x86_64-linux-gnu:/opt/ros/humble/lib /usr/bin/cmake --build /home/ws/roarm_ws_em0/build/roarm_moveit_cmd -- -j4 -l4
[0.808s] Invoking command in '/home/ws/roarm_ws_em0/build/roarm_moveit_cmd': AMENT_PREFIX_PATH=/home/ws/roarm_ws_em0/install/moveit_servo:${AMENT_PREFIX_PATH} CMAKE_PREFIX_PATH=/home/ws/roarm_ws_em0/install/roarm_moveit:/home/ws/roarm_ws_em0/install/roarm_description:/home/ws/roarm_ws_em0/install/moveit_servo:/home/ws/roarm_ws_em0/install/manual_move_action:/opt/ros/humble LD_LIBRARY_PATH=/home/ws/roarm_ws_em0/install/roarm_moveit/lib:/home/ws/roarm_ws_em0/install/moveit_servo/lib:/home/ws/roarm_ws_em0/install/manual_move_action/lib:/opt/ros/humble/opt/rviz_ogre_vendor/lib:/opt/ros/humble/lib/x86_64-linux-gnu:/opt/ros/humble/lib /usr/bin/cmake --install /home/ws/roarm_ws_em0/build/roarm_moveit_cmd
[0.822s] -- Install configuration: "Release"
[0.823s] -- Execute custom install script
[0.824s] -- Up-to-date symlink: /home/ws/roarm_ws_em0/install/roarm_moveit_cmd/lib/roarm_moveit_cmd/getposecmd
[0.824s] -- Up-to-date symlink: /home/ws/roarm_ws_em0/install/roarm_moveit_cmd/lib/roarm_moveit_cmd/getposecmd_tf2
[0.825s] -- Up-to-date symlink: /home/ws/roarm_ws_em0/install/roarm_moveit_cmd/lib/roarm_moveit_cmd/keyboardcontrol
[0.825s] -- Up-to-date symlink: /home/ws/roarm_ws_em0/install/roarm_moveit_cmd/lib/roarm_moveit_cmd/movepointcmd
[0.826s] -- Up-to-date symlink: /home/ws/roarm_ws_em0/install/roarm_moveit_cmd/lib/roarm_moveit_cmd/movecirclecmd
[0.826s] -- Up-to-date symlink: /home/ws/roarm_ws_em0/install/roarm_moveit_cmd/lib/roarm_moveit_cmd/webappcontrol
[0.826s] -- Up-to-date symlink: /home/ws/roarm_ws_em0/install/roarm_moveit_cmd/lib/roarm_moveit_cmd/setgrippercmd
[0.826s] -- Up-to-date symlink: /home/ws/roarm_ws_em0/install/roarm_moveit_cmd/share/roarm_moveit_cmd/launch/command_control.launch.py
[0.827s] -- Up-to-date symlink: /home/ws/roarm_ws_em0/install/roarm_moveit_cmd/share/roarm_moveit_cmd/config/command_control.rviz
[0.827s] -- Up-to-date symlink: /home/ws/roarm_ws_em0/install/roarm_moveit_cmd/share/ament_index/resource_index/package_run_dependencies/roarm_moveit_cmd
[0.827s] -- Up-to-date symlink: /home/ws/roarm_ws_em0/install/roarm_moveit_cmd/share/ament_index/resource_index/parent_prefix_path/roarm_moveit_cmd
[0.827s] -- Up-to-date symlink: /home/ws/roarm_ws_em0/install/roarm_moveit_cmd/share/roarm_moveit_cmd/environment/ament_prefix_path.sh
[0.827s] -- Up-to-date symlink: /home/ws/roarm_ws_em0/install/roarm_moveit_cmd/share/roarm_moveit_cmd/environment/ament_prefix_path.dsv
[0.828s] -- Up-to-date symlink: /home/ws/roarm_ws_em0/install/roarm_moveit_cmd/share/roarm_moveit_cmd/environment/path.sh
[0.828s] -- Up-to-date symlink: /home/ws/roarm_ws_em0/install/roarm_moveit_cmd/share/roarm_moveit_cmd/environment/path.dsv
[0.828s] -- Up-to-date symlink: /home/ws/roarm_ws_em0/install/roarm_moveit_cmd/share/roarm_moveit_cmd/local_setup.bash
[0.828s] -- Up-to-date symlink: /home/ws/roarm_ws_em0/install/roarm_moveit_cmd/share/roarm_moveit_cmd/local_setup.sh
[0.828s] -- Up-to-date symlink: /home/ws/roarm_ws_em0/install/roarm_moveit_cmd/share/roarm_moveit_cmd/local_setup.zsh
[0.828s] -- Up-to-date symlink: /home/ws/roarm_ws_em0/install/roarm_moveit_cmd/share/roarm_moveit_cmd/local_setup.dsv
[0.828s] -- Symlinking: /home/ws/roarm_ws_em0/install/roarm_moveit_cmd/share/roarm_moveit_cmd/package.dsv
[0.845s] -- Up-to-date symlink: /home/ws/roarm_ws_em0/install/roarm_moveit_cmd/share/ament_index/resource_index/packages/roarm_moveit_cmd
[0.847s] -- Up-to-date symlink: /home/ws/roarm_ws_em0/install/roarm_moveit_cmd/share/roarm_moveit_cmd/cmake/ament_cmake_export_dependencies-extras.cmake
[0.847s] -- Up-to-date symlink: /home/ws/roarm_ws_em0/install/roarm_moveit_cmd/share/roarm_moveit_cmd/cmake/ament_cmake_export_include_directories-extras.cmake
[0.848s] -- Up-to-date symlink: /home/ws/roarm_ws_em0/install/roarm_moveit_cmd/share/roarm_moveit_cmd/cmake/roarm_moveit_cmdConfig.cmake
[0.848s] -- Up-to-date symlink: /home/ws/roarm_ws_em0/install/roarm_moveit_cmd/share/roarm_moveit_cmd/cmake/roarm_moveit_cmdConfig-version.cmake
[0.848s] -- Up-to-date symlink: /home/ws/roarm_ws_em0/install/roarm_moveit_cmd/share/roarm_moveit_cmd/package.xml
[0.851s] Invoked command in '/home/ws/roarm_ws_em0/build/roarm_moveit_cmd' returned '0': AMENT_PREFIX_PATH=/home/ws/roarm_ws_em0/install/moveit_servo:${AMENT_PREFIX_PATH} CMAKE_PREFIX_PATH=/home/ws/roarm_ws_em0/install/roarm_moveit:/home/ws/roarm_ws_em0/install/roarm_description:/home/ws/roarm_ws_em0/install/moveit_servo:/home/ws/roarm_ws_em0/install/manual_move_action:/opt/ros/humble LD_LIBRARY_PATH=/home/ws/roarm_ws_em0/install/roarm_moveit/lib:/home/ws/roarm_ws_em0/install/moveit_servo/lib:/home/ws/roarm_ws_em0/install/manual_move_action/lib:/opt/ros/humble/opt/rviz_ogre_vendor/lib:/opt/ros/humble/lib/x86_64-linux-gnu:/opt/ros/humble/lib /usr/bin/cmake --install /home/ws/roarm_ws_em0/build/roarm_moveit_cmd
