[0.026s] Invoking command in '/home/ws/roarm_ws_em0/build/manual_move_action': CMAKE_PREFIX_PATH=/home/ws/roarm_ws_em0/install/roarm_moveit:/home/ws/roarm_ws_em0/install/roarm_description:/home/ws/roarm_ws_em0/install/ros2web_interfaces:/home/ws/roarm_ws_em0/install/roarm_moveit_ikfast_plugins:/home/ws/roarm_ws_em0/install/roarm_moveit_cmd:/home/ws/roarm_ws_em0/install/manual_move_action:/home/ws/roarm_ws_em0/install/moveit_servo:/home/ws/roarm_ws_em0/install/ros2web_widgets:/home/ws/roarm_ws_em0/install/ros2web_example_py:/home/ws/roarm_ws_em0/install/roarm_web_app:/home/ws/roarm_ws_em0/install/ros2web_app:/home/ws/roarm_ws_em0/install/ros2web:/home/ws/roarm_ws_em0/install/roarm_driver:/home/ws/roarm_ws_em0/install/launch_api:/opt/ros/humble LD_LIBRARY_PATH=/home/ws/roarm_ws_em0/install/roarm_moveit/lib:/home/ws/roarm_ws_em0/install/ros2web_interfaces/lib:/home/ws/roarm_ws_em0/install/roarm_moveit_ikfast_plugins/lib:/home/ws/roarm_ws_em0/install/manual_move_action/lib:/home/ws/roarm_ws_em0/install/moveit_servo/lib:/opt/ros/humble/opt/rviz_ogre_vendor/lib:/opt/ros/humble/lib/x86_64-linux-gnu:/opt/ros/humble/lib /usr/bin/cmake --build /home/ws/roarm_ws_em0/build/manual_move_action -- -j4 -l4
[0.089s] -- Found ament_cmake: 1.3.10 (/opt/ros/humble/share/ament_cmake/cmake)
[0.227s] -- Override CMake install command with custom implementation using symlinks instead of copying resources
[0.268s] -- Found rclcpp: 16.0.10 (/opt/ros/humble/share/rclcpp/cmake)
[0.339s] -- Found rosidl_generator_c: 3.1.5 (/opt/ros/humble/share/rosidl_generator_c/cmake)
[0.344s] -- Found rosidl_adapter: 3.1.5 (/opt/ros/humble/share/rosidl_adapter/cmake)
[0.360s] -- Found rosidl_generator_cpp: 3.1.5 (/opt/ros/humble/share/rosidl_generator_cpp/cmake)
[0.382s] -- Using all available rosidl_typesupport_c: rosidl_typesupport_fastrtps_c;rosidl_typesupport_introspection_c
[0.405s] -- Using all available rosidl_typesupport_cpp: rosidl_typesupport_fastrtps_cpp;rosidl_typesupport_introspection_cpp
[0.472s] -- Found rmw_implementation_cmake: 6.1.2 (/opt/ros/humble/share/rmw_implementation_cmake/cmake)
[0.475s] -- Found rmw_fastrtps_cpp: 6.2.7 (/opt/ros/humble/share/rmw_fastrtps_cpp/cmake)
[0.600s] -- Using RMW implementation 'rmw_fastrtps_cpp' as default
[0.705s] -- Found rclcpp_action: 16.0.10 (/opt/ros/humble/share/rclcpp_action/cmake)
[0.757s] -- Found rclcpp_components: 16.0.10 (/opt/ros/humble/share/rclcpp_components/cmake)
[0.796s] -- Found roarm_moveit: 0.3.0 (/home/ws/roarm_ws_em0/install/roarm_moveit/share/roarm_moveit/cmake)
[0.814s] -- Found roarm_moveit_cmd: 0.1.0 (/home/ws/roarm_ws_em0/install/roarm_moveit_cmd/share/roarm_moveit_cmd/cmake)
[0.910s] -- Found Boost: /usr/lib/x86_64-linux-gnu/cmake/Boost-1.74.0/BoostConfig.cmake (found version "1.74.0") found components: chrono date_time filesystem iostreams program_options regex serialization system thread 
[0.926s] -- Found parameter_traits: 0.3.8 (/opt/ros/humble/share/parameter_traits/cmake)
[0.942s] -- Found rclcpp_lifecycle: 16.0.10 (/opt/ros/humble/share/rclcpp_lifecycle/cmake)
[0.974s] -- Found Boost: /usr/lib/x86_64-linux-gnu/cmake/Boost-1.74.0/BoostConfig.cmake (found version "1.74.0") found components: filesystem 
[1.015s] -- library: /usr/lib/x86_64-linux-gnu/libcurl.so
[1.094s] -- Ensuring Eigen3 include directory is part of orocos-kdl CMake target
[1.312s] -- Found Boost: /usr/lib/x86_64-linux-gnu/cmake/Boost-1.74.0/BoostConfig.cmake (found version "1.74.0") found components: system filesystem date_time program_options thread chrono 
[1.383s] -- Setting assimp_DIR to: '/opt/ros/humble/share/rviz_assimp_vendor/cmake/../../../opt/rviz_assimp_vendor/lib/cmake/assimp-4.1'
[1.392s] -- Setting OGRE_DIR to: '/opt/ros/humble/share/rviz_ogre_vendor/cmake/../../../opt/rviz_ogre_vendor/lib/OGRE/cmake'
[1.395s] -- Found OGRE
[1.395s] --   static     : OFF
[1.395s] --   components : HLMS;MeshLodGenerator;Overlay;Paging;Property;RTShaderSystem;Terrain;Volume
[1.395s] --   plugins    : Plugin_BSPSceneManager;Plugin_OctreeSceneManager;Plugin_PCZSceneManager;Plugin_ParticleFX;RenderSystem_GL;RenderSystem_GL3Plus;Codec_STBI
[1.395s] --   media      : /opt/ros/humble/opt/rviz_ogre_vendor/share/OGRE/Media
[1.395s] -- OGRE_LIBRARIES: OgreHLMS;OgreMeshLodGenerator;OgreOverlay;OgrePaging;OgreProperty;OgreRTShaderSystem;OgreTerrain;OgreVolume;OgreMain
[1.396s] -- OGRE_LIBRARY_DIRS: /opt/ros/humble/opt/rviz_ogre_vendor/lib
[1.396s] -- OGRE_PLUGINS: Plugin_BSPSceneManager;Plugin_OctreeSceneManager;Plugin_PCZSceneManager;Plugin_ParticleFX;RenderSystem_GL;RenderSystem_GL3Plus;Codec_STBI
[1.396s] -- OGRE_PLUGIN_DIR: /opt/ros/humble/opt/rviz_ogre_vendor/lib/OGRE
[1.397s] -- rviz_ogre_vendor::OgreOverlay for IMPORTED_LOCATION_RELEASE: /opt/ros/humble/opt/rviz_ogre_vendor/lib/libOgreOverlay.so
[1.397s] -- rviz_ogre_vendor::OgreOverlay for IMPORTED_LOCATION_DEBUG: /opt/ros/humble/opt/rviz_ogre_vendor/lib/libOgreOverlay.so
[1.397s] -- rviz_ogre_vendor::OgreMain for IMPORTED_LOCATION_RELEASE: /opt/ros/humble/opt/rviz_ogre_vendor/lib/libOgreMain.so
[1.397s] -- rviz_ogre_vendor::OgreMain for IMPORTED_LOCATION_DEBUG: /opt/ros/humble/opt/rviz_ogre_vendor/lib/libOgreMain.so
[1.398s] -- Could not find freeimage library
[1.547s] -- Found Boost: /usr/lib/x86_64-linux-gnu/cmake/Boost-1.74.0/BoostConfig.cmake (found version "1.74.0") found components: date_time filesystem program_options system thread 
[1.561s] -- Found Boost: /usr/lib/x86_64-linux-gnu/cmake/Boost-1.74.0/BoostConfig.cmake (found version "1.74.0") found components: thread system filesystem regex date_time program_options 
[1.582s] -- Found Boost: /usr/lib/x86_64-linux-gnu/cmake/Boost-1.74.0/BoostConfig.cmake (found version "1.74.0") found components: system filesystem date_time program_options thread 
[1.688s] [33mCMake Warning at /home/ws/roarm_ws_em0/install/roarm_moveit_cmd/share/roarm_moveit_cmd/cmake/ament_cmake_export_include_directories-extras.cmake:11 (message):
[1.688s]   Package 'roarm_moveit_cmd' exports the include directory
[1.689s]   '/home/ws/roarm_ws_em0/install/roarm_moveit_cmd/share/roarm_moveit_cmd/cmake/../../../include'
[1.689s]   which doesn't exist
[1.689s] Call Stack (most recent call first):
[1.689s]   /home/ws/roarm_ws_em0/install/roarm_moveit_cmd/share/roarm_moveit_cmd/cmake/roarm_moveit_cmdConfig.cmake:41 (include)
[1.689s]   CMakeLists.txt:13 (find_package)
[1.689s] 
[1.689s] [0m
[1.689s] -- Found rosidl_default_generators: 1.2.0 (/opt/ros/humble/share/rosidl_default_generators/cmake)
[1.920s] -- Found ament_cmake_ros: 0.10.0 (/opt/ros/humble/share/ament_cmake_ros/cmake)
[2.192s] -- Using all available rosidl_typesupport_c: rosidl_typesupport_fastrtps_c;rosidl_typesupport_introspection_c
[2.296s] -- Using all available rosidl_typesupport_cpp: rosidl_typesupport_fastrtps_cpp;rosidl_typesupport_introspection_cpp
[2.317s] -- Found python_cmake_module: 0.10.0 (/opt/ros/humble/share/python_cmake_module/cmake)
[2.340s] -- Using PYTHON_EXECUTABLE: /usr/bin/python3
[2.340s] -- Using PYTHON_INCLUDE_DIRS: /usr/include/python3.10
[2.340s] -- Using PYTHON_LIBRARIES: /usr/lib/x86_64-linux-gnu/libpython3.10.so
[2.622s] -- Found ament_lint_auto: 0.12.11 (/opt/ros/humble/share/ament_lint_auto/cmake)
[2.665s] -- Added test 'copyright' to check source files copyright and LICENSE
[2.667s] -- Added test 'cppcheck' to perform static code analysis on C / C++ code
[2.667s] -- Configured cppcheck include dirs: 
[2.667s] -- Configured cppcheck exclude dirs and/or files: 
[2.669s] -- Added test 'cpplint' to check C / C++ code against the Google style
[2.669s] -- Configured cpplint exclude dirs and/or files: 
[2.669s] -- Added test 'flake8' to check Python code syntax and style conventions
[2.670s] -- Added test 'lint_cmake' to check CMake code style
[2.671s] -- Added test 'pep257' to check Python code against some of the docstring style conventions in PEP 257
[2.672s] -- Added test 'uncrustify' to check C / C++ code style
[2.672s] -- Configured uncrustify additional arguments: 
[2.673s] -- Added test 'xmllint' to check XML markup files
[2.680s] -- Configuring done
[2.909s] -- Generating done
[2.918s] -- Build files have been written to: /home/ws/roarm_ws_em0/build/manual_move_action
[2.965s] [  2%] Built target manual_move_action__cpp
[2.993s] [  2%] Built target ament_cmake_python_symlink_manual_move_action
[3.007s] [35m[1mConsolidate compiler generated dependencies of target manual_move_action__rosidl_typesupport_fastrtps_cpp[0m
[3.020s] [ 11%] Built target manual_move_action__rosidl_typesupport_fastrtps_cpp
[3.031s] [35m[1mConsolidate compiler generated dependencies of target manual_move_action__rosidl_typesupport_introspection_cpp[0m
[3.046s] [ 20%] Built target manual_move_action__rosidl_typesupport_introspection_cpp
[3.229s] running egg_info
[3.230s] writing manual_move_action.egg-info/PKG-INFO
[3.230s] writing dependency_links to manual_move_action.egg-info/dependency_links.txt
[3.231s] writing top-level names to manual_move_action.egg-info/top_level.txt
[3.232s] reading manifest file 'manual_move_action.egg-info/SOURCES.txt'
[3.233s] writing manifest file 'manual_move_action.egg-info/SOURCES.txt'
[3.256s] [ 20%] Built target ament_cmake_python_build_manual_move_action_egg
[3.269s] [35m[1mConsolidate compiler generated dependencies of target manual_move_action__rosidl_typesupport_cpp[0m
[3.286s] [ 28%] Built target manual_move_action__rosidl_typesupport_cpp
[3.298s] [35m[1mConsolidate compiler generated dependencies of target manual_move_action__rosidl_generator_c[0m
[3.309s] [ 37%] Built target manual_move_action__rosidl_generator_c
[3.324s] [35m[1mConsolidate compiler generated dependencies of target manual_move_server[0m
[3.339s] [ 40%] [32mBuilding CXX object CMakeFiles/manual_move_server.dir/src/manual_move_server.cpp.o[0m
[5.350s] [01m[K/home/ws/roarm_ws_em0/src/roarm_main/manual_move_action/src/manual_move_server.cpp:[m[K In member function ‘[01m[Krclcpp_action::GoalResponse manual_move_action::MinimalActionServer::handle_goal(const GoalUUID&, std::shared_ptr<const manual_move_action::action::MoveInfo_Goal_<std::allocator<void> > >)[m[K’:
[5.350s] [01m[K/home/ws/roarm_ws_em0/src/roarm_main/manual_move_action/src/manual_move_server.cpp:78:57:[m[K [01;35m[Kwarning: [m[Kunused parameter ‘[01m[Kgoal[m[K’ [[01;35m[K]8;;https://gcc.gnu.org/onlinedocs/gcc/Warning-Options.html#index-Wunused-parameter-Wunused-parameter]8;;[m[K]
[5.350s]    78 |               [01;35m[Kstd::shared_ptr<const CustomAction::Goal> goal[m[K)
[5.350s]       |               [01;35m[K~~~~~~~~~~~~~~~~~~~~~~~~~~~~~~~~~~~~~~~~~~^~~~[m[K
[5.352s] [01m[K/home/ws/roarm_ws_em0/src/roarm_main/manual_move_action/src/manual_move_server.cpp:[m[K In member function ‘[01m[Krclcpp_action::CancelResponse manual_move_action::MinimalActionServer::handle_cancel(std::shared_ptr<rclcpp_action::ServerGoalHandle<manual_move_action::action::MoveInfo> >)[m[K’:
[5.352s] [01m[K/home/ws/roarm_ws_em0/src/roarm_main/manual_move_action/src/manual_move_server.cpp:86:51:[m[K [01;35m[Kwarning: [m[Kunused parameter ‘[01m[Kgoal_handle[m[K’ [[01;35m[K]8;;https://gcc.gnu.org/onlinedocs/gcc/Warning-Options.html#index-Wunused-parameter-Wunused-parameter]8;;[m[K]
[5.352s]    86 |   handle_cancel([01;35m[Kconst std::shared_ptr<GoalHandle> goal_handle[m[K)
[5.352s]       |                 [01;35m[K~~~~~~~~~~~~~~~~~~~~~~~~~~~~~~~~~~^~~~~~~~~~~[m[K
[8.843s] [ 42%] [32m[1mLinking CXX executable manual_move_server[0m
[9.433s] [ 42%] Built target manual_move_server
[9.449s] [35m[1mConsolidate compiler generated dependencies of target manual_move_action__rosidl_typesupport_introspection_c[0m
[9.461s] [ 51%] Built target manual_move_action__rosidl_typesupport_introspection_c
[9.474s] [35m[1mConsolidate compiler generated dependencies of target manual_move_action__rosidl_typesupport_c[0m
[9.489s] [ 60%] Built target manual_move_action__rosidl_typesupport_c
[9.503s] [35m[1mConsolidate compiler generated dependencies of target manual_move_action__rosidl_typesupport_fastrtps_c[0m
[9.516s] [ 68%] Built target manual_move_action__rosidl_typesupport_fastrtps_c
[9.531s] [35m[1mConsolidate compiler generated dependencies of target manual_move_client[0m
[9.547s] [ 74%] Built target manual_move_client
[9.570s] [ 74%] Built target manual_move_action
[9.594s] [ 77%] Built target manual_move_action__py
[9.608s] [35m[1mConsolidate compiler generated dependencies of target manual_move_action__rosidl_generator_py[0m
[9.622s] [ 82%] Built target manual_move_action__rosidl_generator_py
[9.635s] [35m[1mConsolidate compiler generated dependencies of target manual_move_action__rosidl_typesupport_fastrtps_c__pyext[0m
[9.649s] [ 88%] Built target manual_move_action__rosidl_typesupport_fastrtps_c__pyext
[9.666s] [35m[1mConsolidate compiler generated dependencies of target manual_move_action__rosidl_typesupport_c__pyext[0m
[9.680s] [ 94%] Built target manual_move_action__rosidl_typesupport_c__pyext
[9.694s] [35m[1mConsolidate compiler generated dependencies of target manual_move_action__rosidl_typesupport_introspection_c__pyext[0m
[9.712s] [100%] Built target manual_move_action__rosidl_typesupport_introspection_c__pyext
[9.725s] Invoked command in '/home/ws/roarm_ws_em0/build/manual_move_action' returned '0': CMAKE_PREFIX_PATH=/home/ws/roarm_ws_em0/install/roarm_moveit:/home/ws/roarm_ws_em0/install/roarm_description:/home/ws/roarm_ws_em0/install/ros2web_interfaces:/home/ws/roarm_ws_em0/install/roarm_moveit_ikfast_plugins:/home/ws/roarm_ws_em0/install/roarm_moveit_cmd:/home/ws/roarm_ws_em0/install/manual_move_action:/home/ws/roarm_ws_em0/install/moveit_servo:/home/ws/roarm_ws_em0/install/ros2web_widgets:/home/ws/roarm_ws_em0/install/ros2web_example_py:/home/ws/roarm_ws_em0/install/roarm_web_app:/home/ws/roarm_ws_em0/install/ros2web_app:/home/ws/roarm_ws_em0/install/ros2web:/home/ws/roarm_ws_em0/install/roarm_driver:/home/ws/roarm_ws_em0/install/launch_api:/opt/ros/humble LD_LIBRARY_PATH=/home/ws/roarm_ws_em0/install/roarm_moveit/lib:/home/ws/roarm_ws_em0/install/ros2web_interfaces/lib:/home/ws/roarm_ws_em0/install/roarm_moveit_ikfast_plugins/lib:/home/ws/roarm_ws_em0/install/manual_move_action/lib:/home/ws/roarm_ws_em0/install/moveit_servo/lib:/opt/ros/humble/opt/rviz_ogre_vendor/lib:/opt/ros/humble/lib/x86_64-linux-gnu:/opt/ros/humble/lib /usr/bin/cmake --build /home/ws/roarm_ws_em0/build/manual_move_action -- -j4 -l4
[9.877s] Invoking command in '/home/ws/roarm_ws_em0/build/manual_move_action': CMAKE_PREFIX_PATH=/home/ws/roarm_ws_em0/install/roarm_moveit:/home/ws/roarm_ws_em0/install/roarm_description:/home/ws/roarm_ws_em0/install/ros2web_interfaces:/home/ws/roarm_ws_em0/install/roarm_moveit_ikfast_plugins:/home/ws/roarm_ws_em0/install/roarm_moveit_cmd:/home/ws/roarm_ws_em0/install/manual_move_action:/home/ws/roarm_ws_em0/install/moveit_servo:/home/ws/roarm_ws_em0/install/ros2web_widgets:/home/ws/roarm_ws_em0/install/ros2web_example_py:/home/ws/roarm_ws_em0/install/roarm_web_app:/home/ws/roarm_ws_em0/install/ros2web_app:/home/ws/roarm_ws_em0/install/ros2web:/home/ws/roarm_ws_em0/install/roarm_driver:/home/ws/roarm_ws_em0/install/launch_api:/opt/ros/humble LD_LIBRARY_PATH=/home/ws/roarm_ws_em0/install/roarm_moveit/lib:/home/ws/roarm_ws_em0/install/ros2web_interfaces/lib:/home/ws/roarm_ws_em0/install/roarm_moveit_ikfast_plugins/lib:/home/ws/roarm_ws_em0/install/manual_move_action/lib:/home/ws/roarm_ws_em0/install/moveit_servo/lib:/opt/ros/humble/opt/rviz_ogre_vendor/lib:/opt/ros/humble/lib/x86_64-linux-gnu:/opt/ros/humble/lib /usr/bin/cmake --install /home/ws/roarm_ws_em0/build/manual_move_action
[9.885s] -- Install configuration: ""
[9.885s] -- Execute custom install script
[9.885s] -- Up-to-date symlink: /home/ws/roarm_ws_em0/install/manual_move_action/share/ament_index/resource_index/rosidl_interfaces/manual_move_action
[9.886s] -- Up-to-date symlink: /home/ws/roarm_ws_em0/install/manual_move_action/include/manual_move_action/manual_move_action/action/detail/move_info__functions.h
[9.887s] -- Up-to-date symlink: /home/ws/roarm_ws_em0/install/manual_move_action/include/manual_move_action/manual_move_action/action/detail/move_info__struct.h
[9.887s] -- Up-to-date symlink: /home/ws/roarm_ws_em0/install/manual_move_action/include/manual_move_action/manual_move_action/action/detail/move_info__type_support.h
[9.887s] -- Up-to-date symlink: /home/ws/roarm_ws_em0/install/manual_move_action/include/manual_move_action/manual_move_action/action/move_info.h
[9.887s] -- Up-to-date symlink: /home/ws/roarm_ws_em0/install/manual_move_action/include/manual_move_action/manual_move_action/msg/rosidl_generator_c__visibility_control.h
[9.887s] -- Up-to-date symlink: /home/ws/roarm_ws_em0/install/manual_move_action/share/manual_move_action/environment/library_path.sh
[9.887s] -- Up-to-date symlink: /home/ws/roarm_ws_em0/install/manual_move_action/share/manual_move_action/environment/library_path.dsv
[9.889s] -- Up-to-date symlink: /home/ws/roarm_ws_em0/install/manual_move_action/include/manual_move_action/manual_move_action/action/detail/move_info__rosidl_typesupport_fastrtps_c.h
[9.889s] -- Up-to-date symlink: /home/ws/roarm_ws_em0/install/manual_move_action/include/manual_move_action/manual_move_action/msg/rosidl_typesupport_fastrtps_c__visibility_control.h
[9.889s] -- Up-to-date symlink: /home/ws/roarm_ws_em0/install/manual_move_action/include/manual_move_action/manual_move_action/action/detail/move_info__builder.hpp
[9.889s] -- Up-to-date symlink: /home/ws/roarm_ws_em0/install/manual_move_action/include/manual_move_action/manual_move_action/action/detail/move_info__struct.hpp
[9.889s] -- Up-to-date symlink: /home/ws/roarm_ws_em0/install/manual_move_action/include/manual_move_action/manual_move_action/action/detail/move_info__traits.hpp
[9.889s] -- Up-to-date symlink: /home/ws/roarm_ws_em0/install/manual_move_action/include/manual_move_action/manual_move_action/action/move_info.hpp
[9.889s] -- Up-to-date symlink: /home/ws/roarm_ws_em0/install/manual_move_action/include/manual_move_action/manual_move_action/action/detail/move_info__rosidl_typesupport_fastrtps_cpp.hpp
[9.889s] -- Up-to-date symlink: /home/ws/roarm_ws_em0/install/manual_move_action/include/manual_move_action/manual_move_action/msg/rosidl_typesupport_fastrtps_cpp__visibility_control.h
[9.889s] -- Up-to-date symlink: /home/ws/roarm_ws_em0/install/manual_move_action/include/manual_move_action/manual_move_action/action/detail/move_info__rosidl_typesupport_introspection_c.h
[9.889s] -- Up-to-date symlink: /home/ws/roarm_ws_em0/install/manual_move_action/include/manual_move_action/manual_move_action/msg/rosidl_typesupport_introspection_c__visibility_control.h
[9.889s] -- Up-to-date symlink: /home/ws/roarm_ws_em0/install/manual_move_action/include/manual_move_action/manual_move_action/action/detail/move_info__rosidl_typesupport_introspection_cpp.hpp
[9.889s] -- Up-to-date symlink: /home/ws/roarm_ws_em0/install/manual_move_action/share/manual_move_action/environment/pythonpath.sh
[9.889s] -- Up-to-date symlink: /home/ws/roarm_ws_em0/install/manual_move_action/share/manual_move_action/environment/pythonpath.dsv
[9.890s] -- Up-to-date symlink: /home/ws/roarm_ws_em0/install/manual_move_action/local/lib/python3.10/dist-packages/manual_move_action-0.0.0-py3.10.egg-info/PKG-INFO
[9.890s] -- Up-to-date symlink: /home/ws/roarm_ws_em0/install/manual_move_action/local/lib/python3.10/dist-packages/manual_move_action-0.0.0-py3.10.egg-info/SOURCES.txt
[9.890s] -- Up-to-date symlink: /home/ws/roarm_ws_em0/install/manual_move_action/local/lib/python3.10/dist-packages/manual_move_action-0.0.0-py3.10.egg-info/dependency_links.txt
[9.890s] -- Up-to-date symlink: /home/ws/roarm_ws_em0/install/manual_move_action/local/lib/python3.10/dist-packages/manual_move_action-0.0.0-py3.10.egg-info/top_level.txt
[9.890s] -- Up-to-date symlink: /home/ws/roarm_ws_em0/install/manual_move_action/local/lib/python3.10/dist-packages/manual_move_action/__init__.py
[9.890s] -- Up-to-date symlink: /home/ws/roarm_ws_em0/install/manual_move_action/local/lib/python3.10/dist-packages/manual_move_action/_manual_move_action_s.ep.rosidl_typesupport_c.c
[9.890s] -- Up-to-date symlink: /home/ws/roarm_ws_em0/install/manual_move_action/local/lib/python3.10/dist-packages/manual_move_action/_manual_move_action_s.ep.rosidl_typesupport_fastrtps_c.c
[9.890s] -- Up-to-date symlink: /home/ws/roarm_ws_em0/install/manual_move_action/local/lib/python3.10/dist-packages/manual_move_action/_manual_move_action_s.ep.rosidl_typesupport_introspection_c.c
[9.890s] -- Up-to-date symlink: /home/ws/roarm_ws_em0/install/manual_move_action/local/lib/python3.10/dist-packages/manual_move_action/action/__init__.py
[9.890s] -- Up-to-date symlink: /home/ws/roarm_ws_em0/install/manual_move_action/local/lib/python3.10/dist-packages/manual_move_action/action/_move_info.py
[9.890s] -- Up-to-date symlink: /home/ws/roarm_ws_em0/install/manual_move_action/local/lib/python3.10/dist-packages/manual_move_action/action/_move_info_s.c
[9.890s] -- Up-to-date symlink: /home/ws/roarm_ws_em0/install/manual_move_action/local/lib/python3.10/dist-packages/manual_move_action/libmanual_move_action__rosidl_generator_py.so
[9.890s] -- Up-to-date symlink: /home/ws/roarm_ws_em0/install/manual_move_action/local/lib/python3.10/dist-packages/manual_move_action/manual_move_action_s__rosidl_typesupport_c.cpython-310-x86_64-linux-gnu.so
[9.890s] -- Up-to-date symlink: /home/ws/roarm_ws_em0/install/manual_move_action/local/lib/python3.10/dist-packages/manual_move_action/manual_move_action_s__rosidl_typesupport_fastrtps_c.cpython-310-x86_64-linux-gnu.so
[9.890s] -- Up-to-date symlink: /home/ws/roarm_ws_em0/install/manual_move_action/local/lib/python3.10/dist-packages/manual_move_action/manual_move_action_s__rosidl_typesupport_introspection_c.cpython-310-x86_64-linux-gnu.so
[9.892s] -- Up-to-date symlink: /home/ws/roarm_ws_em0/install/manual_move_action/local/lib/python3.10/dist-packages/manual_move_action/manual_move_action_s__rosidl_typesupport_fastrtps_c.cpython-310-x86_64-linux-gnu.so
[9.892s] -- Up-to-date symlink: /home/ws/roarm_ws_em0/install/manual_move_action/local/lib/python3.10/dist-packages/manual_move_action/manual_move_action_s__rosidl_typesupport_introspection_c.cpython-310-x86_64-linux-gnu.so
[9.892s] -- Up-to-date symlink: /home/ws/roarm_ws_em0/install/manual_move_action/local/lib/python3.10/dist-packages/manual_move_action/manual_move_action_s__rosidl_typesupport_c.cpython-310-x86_64-linux-gnu.so
[9.892s] -- Up-to-date symlink: /home/ws/roarm_ws_em0/install/manual_move_action/share/manual_move_action/action/MoveInfo.idl
[9.892s] -- Up-to-date symlink: /home/ws/roarm_ws_em0/install/manual_move_action/share/manual_move_action/action/MoveInfo.action
[9.892s] -- Up-to-date symlink: /home/ws/roarm_ws_em0/install/manual_move_action/lib/manual_move_action/manual_move_client
[9.893s] -- Up-to-date symlink: /home/ws/roarm_ws_em0/install/manual_move_action/lib/manual_move_action/manual_move_server
[9.893s] -- Up-to-date symlink: /home/ws/roarm_ws_em0/install/manual_move_action/share/manual_move_action//launch/.vscode/c_cpp_properties.json
[9.893s] -- Up-to-date symlink: /home/ws/roarm_ws_em0/install/manual_move_action/share/manual_move_action//launch/.vscode/settings.json
[9.893s] -- Up-to-date symlink: /home/ws/roarm_ws_em0/install/manual_move_action/share/manual_move_action//launch/manual_move_action.launch.py
[9.893s] -- Up-to-date symlink: /home/ws/roarm_ws_em0/install/manual_move_action/share/ament_index/resource_index/package_run_dependencies/manual_move_action
[9.893s] -- Up-to-date symlink: /home/ws/roarm_ws_em0/install/manual_move_action/share/ament_index/resource_index/parent_prefix_path/manual_move_action
[9.893s] -- Up-to-date symlink: /home/ws/roarm_ws_em0/install/manual_move_action/share/manual_move_action/environment/ament_prefix_path.sh
[9.893s] -- Up-to-date symlink: /home/ws/roarm_ws_em0/install/manual_move_action/share/manual_move_action/environment/ament_prefix_path.dsv
[9.893s] -- Up-to-date symlink: /home/ws/roarm_ws_em0/install/manual_move_action/share/manual_move_action/environment/path.sh
[9.893s] -- Up-to-date symlink: /home/ws/roarm_ws_em0/install/manual_move_action/share/manual_move_action/environment/path.dsv
[9.893s] -- Up-to-date symlink: /home/ws/roarm_ws_em0/install/manual_move_action/share/manual_move_action/local_setup.bash
[9.893s] -- Up-to-date symlink: /home/ws/roarm_ws_em0/install/manual_move_action/share/manual_move_action/local_setup.sh
[9.893s] -- Up-to-date symlink: /home/ws/roarm_ws_em0/install/manual_move_action/share/manual_move_action/local_setup.zsh
[9.893s] -- Up-to-date symlink: /home/ws/roarm_ws_em0/install/manual_move_action/share/manual_move_action/local_setup.dsv
[9.894s] -- Symlinking: /home/ws/roarm_ws_em0/install/manual_move_action/share/manual_move_action/package.dsv
[9.905s] -- Up-to-date symlink: /home/ws/roarm_ws_em0/install/manual_move_action/share/ament_index/resource_index/packages/manual_move_action
[9.905s] -- Up-to-date symlink: /home/ws/roarm_ws_em0/install/manual_move_action/share/manual_move_action/cmake/rosidl_cmake-extras.cmake
[9.906s] -- Up-to-date symlink: /home/ws/roarm_ws_em0/install/manual_move_action/share/manual_move_action/cmake/ament_cmake_export_dependencies-extras.cmake
[9.906s] -- Up-to-date symlink: /home/ws/roarm_ws_em0/install/manual_move_action/share/manual_move_action/cmake/ament_cmake_export_include_directories-extras.cmake
[9.906s] -- Up-to-date symlink: /home/ws/roarm_ws_em0/install/manual_move_action/share/manual_move_action/cmake/ament_cmake_export_libraries-extras.cmake
[9.906s] -- Up-to-date symlink: /home/ws/roarm_ws_em0/install/manual_move_action/share/manual_move_action/cmake/ament_cmake_export_targets-extras.cmake
[9.906s] -- Up-to-date symlink: /home/ws/roarm_ws_em0/install/manual_move_action/share/manual_move_action/cmake/rosidl_cmake_export_typesupport_targets-extras.cmake
[9.906s] -- Up-to-date symlink: /home/ws/roarm_ws_em0/install/manual_move_action/share/manual_move_action/cmake/rosidl_cmake_export_typesupport_libraries-extras.cmake
[9.906s] -- Up-to-date symlink: /home/ws/roarm_ws_em0/install/manual_move_action/share/manual_move_action/cmake/manual_move_actionConfig.cmake
[9.906s] -- Up-to-date symlink: /home/ws/roarm_ws_em0/install/manual_move_action/share/manual_move_action/cmake/manual_move_actionConfig-version.cmake
[9.906s] -- Up-to-date symlink: /home/ws/roarm_ws_em0/install/manual_move_action/share/manual_move_action/package.xml
[9.906s] -- Up-to-date: /home/ws/roarm_ws_em0/install/manual_move_action/lib/libmanual_move_action__rosidl_generator_c.so
[9.906s] -- Up-to-date: /home/ws/roarm_ws_em0/install/manual_move_action/lib/libmanual_move_action__rosidl_typesupport_fastrtps_c.so
[9.906s] -- Up-to-date: /home/ws/roarm_ws_em0/install/manual_move_action/lib/libmanual_move_action__rosidl_typesupport_fastrtps_cpp.so
[9.906s] -- Up-to-date: /home/ws/roarm_ws_em0/install/manual_move_action/lib/libmanual_move_action__rosidl_typesupport_introspection_c.so
[9.906s] -- Up-to-date: /home/ws/roarm_ws_em0/install/manual_move_action/lib/libmanual_move_action__rosidl_typesupport_c.so
[9.906s] -- Up-to-date: /home/ws/roarm_ws_em0/install/manual_move_action/lib/libmanual_move_action__rosidl_typesupport_introspection_cpp.so
[9.906s] -- Up-to-date: /home/ws/roarm_ws_em0/install/manual_move_action/lib/libmanual_move_action__rosidl_typesupport_cpp.so
[9.933s] Listing '/home/ws/roarm_ws_em0/install/manual_move_action/local/lib/python3.10/dist-packages/manual_move_action'...
[9.933s] Compiling '/home/ws/roarm_ws_em0/install/manual_move_action/local/lib/python3.10/dist-packages/manual_move_action/__init__.py'...
[9.933s] Listing '/home/ws/roarm_ws_em0/install/manual_move_action/local/lib/python3.10/dist-packages/manual_move_action/action'...
[9.938s] -- Up-to-date: /home/ws/roarm_ws_em0/install/manual_move_action/lib/libmanual_move_action__rosidl_generator_py.so
[9.938s] -- Up-to-date: /home/ws/roarm_ws_em0/install/manual_move_action/share/manual_move_action/cmake/export_manual_move_action__rosidl_generator_cExport.cmake
[9.938s] -- Up-to-date: /home/ws/roarm_ws_em0/install/manual_move_action/share/manual_move_action/cmake/export_manual_move_action__rosidl_generator_cExport-noconfig.cmake
[9.938s] -- Up-to-date: /home/ws/roarm_ws_em0/install/manual_move_action/share/manual_move_action/cmake/export_manual_move_action__rosidl_typesupport_fastrtps_cExport.cmake
[9.938s] -- Up-to-date: /home/ws/roarm_ws_em0/install/manual_move_action/share/manual_move_action/cmake/export_manual_move_action__rosidl_typesupport_fastrtps_cExport-noconfig.cmake
[9.938s] -- Up-to-date: /home/ws/roarm_ws_em0/install/manual_move_action/share/manual_move_action/cmake/export_manual_move_action__rosidl_generator_cppExport.cmake
[9.939s] -- Up-to-date: /home/ws/roarm_ws_em0/install/manual_move_action/share/manual_move_action/cmake/export_manual_move_action__rosidl_typesupport_fastrtps_cppExport.cmake
[9.940s] -- Up-to-date: /home/ws/roarm_ws_em0/install/manual_move_action/share/manual_move_action/cmake/export_manual_move_action__rosidl_typesupport_fastrtps_cppExport-noconfig.cmake
[9.940s] -- Up-to-date: /home/ws/roarm_ws_em0/install/manual_move_action/share/manual_move_action/cmake/manual_move_action__rosidl_typesupport_introspection_cExport.cmake
[9.941s] -- Up-to-date: /home/ws/roarm_ws_em0/install/manual_move_action/share/manual_move_action/cmake/manual_move_action__rosidl_typesupport_introspection_cExport-noconfig.cmake
[9.941s] -- Up-to-date: /home/ws/roarm_ws_em0/install/manual_move_action/share/manual_move_action/cmake/manual_move_action__rosidl_typesupport_cExport.cmake
[9.941s] -- Up-to-date: /home/ws/roarm_ws_em0/install/manual_move_action/share/manual_move_action/cmake/manual_move_action__rosidl_typesupport_cExport-noconfig.cmake
[9.941s] -- Up-to-date: /home/ws/roarm_ws_em0/install/manual_move_action/share/manual_move_action/cmake/manual_move_action__rosidl_typesupport_introspection_cppExport.cmake
[9.941s] -- Up-to-date: /home/ws/roarm_ws_em0/install/manual_move_action/share/manual_move_action/cmake/manual_move_action__rosidl_typesupport_introspection_cppExport-noconfig.cmake
[9.941s] -- Up-to-date: /home/ws/roarm_ws_em0/install/manual_move_action/share/manual_move_action/cmake/manual_move_action__rosidl_typesupport_cppExport.cmake
[9.941s] -- Up-to-date: /home/ws/roarm_ws_em0/install/manual_move_action/share/manual_move_action/cmake/manual_move_action__rosidl_typesupport_cppExport-noconfig.cmake
[9.941s] -- Up-to-date: /home/ws/roarm_ws_em0/install/manual_move_action/share/manual_move_action/cmake/export_manual_move_action__rosidl_generator_pyExport.cmake
[9.941s] -- Up-to-date: /home/ws/roarm_ws_em0/install/manual_move_action/share/manual_move_action/cmake/export_manual_move_action__rosidl_generator_pyExport-noconfig.cmake
[9.943s] Invoked command in '/home/ws/roarm_ws_em0/build/manual_move_action' returned '0': CMAKE_PREFIX_PATH=/home/ws/roarm_ws_em0/install/roarm_moveit:/home/ws/roarm_ws_em0/install/roarm_description:/home/ws/roarm_ws_em0/install/ros2web_interfaces:/home/ws/roarm_ws_em0/install/roarm_moveit_ikfast_plugins:/home/ws/roarm_ws_em0/install/roarm_moveit_cmd:/home/ws/roarm_ws_em0/install/manual_move_action:/home/ws/roarm_ws_em0/install/moveit_servo:/home/ws/roarm_ws_em0/install/ros2web_widgets:/home/ws/roarm_ws_em0/install/ros2web_example_py:/home/ws/roarm_ws_em0/install/roarm_web_app:/home/ws/roarm_ws_em0/install/ros2web_app:/home/ws/roarm_ws_em0/install/ros2web:/home/ws/roarm_ws_em0/install/roarm_driver:/home/ws/roarm_ws_em0/install/launch_api:/opt/ros/humble LD_LIBRARY_PATH=/home/ws/roarm_ws_em0/install/roarm_moveit/lib:/home/ws/roarm_ws_em0/install/ros2web_interfaces/lib:/home/ws/roarm_ws_em0/install/roarm_moveit_ikfast_plugins/lib:/home/ws/roarm_ws_em0/install/manual_move_action/lib:/home/ws/roarm_ws_em0/install/moveit_servo/lib:/opt/ros/humble/opt/rviz_ogre_vendor/lib:/opt/ros/humble/lib/x86_64-linux-gnu:/opt/ros/humble/lib /usr/bin/cmake --install /home/ws/roarm_ws_em0/build/manual_move_action
