-- The C compiler identification is GNU 11.4.0
-- The CXX compiler identification is GNU 11.4.0
-- Detecting C compiler ABI info
-- Detecting C compiler ABI info - done
-- Check for working C compiler: /usr/bin/cc - skipped
-- Detecting C compile features
-- Detecting C compile features - done
-- Detecting CXX compiler ABI info
-- Detecting CXX compiler ABI info - done
-- Check for working CXX compiler: /usr/bin/c++ - skipped
-- Detecting CXX compile features
-- Detecting CXX compile features - done
-- Found moveit_common: 2.5.5 (/opt/ros/humble/share/moveit_common/cmake)
-- Found ament_cmake: 1.3.10 (/opt/ros/humble/share/ament_cmake/cmake)
-- Found Python3: /usr/bin/python3 (found version "3.10.12") found components: Interpreter 
-- Override CMake install command with custom implementation using symlinks instead of copying resources
-- Found eigen3_cmake_module: 0.1.1 (/opt/ros/humble/share/eigen3_cmake_module/cmake)
-- Found Eigen3: TRUE (found version "3.4.0") 
-- Found control_msgs: 4.6.0 (/opt/ros/humble/share/control_msgs/cmake)
-- Found rosidl_generator_c: 3.1.5 (/opt/ros/humble/share/rosidl_generator_c/cmake)
-- Found rosidl_adapter: 3.1.5 (/opt/ros/humble/share/rosidl_adapter/cmake)
-- Found rosidl_generator_cpp: 3.1.5 (/opt/ros/humble/share/rosidl_generator_cpp/cmake)
-- Using all available rosidl_typesupport_c: rosidl_typesupport_fastrtps_c;rosidl_typesupport_introspection_c
-- Using all available rosidl_typesupport_cpp: rosidl_typesupport_fastrtps_cpp;rosidl_typesupport_introspection_cpp
-- Found control_toolbox: 3.2.0 (/opt/ros/humble/share/control_toolbox/cmake)
-- Found rmw_implementation_cmake: 6.1.2 (/opt/ros/humble/share/rmw_implementation_cmake/cmake)
-- Found rmw_fastrtps_cpp: 6.2.7 (/opt/ros/humble/share/rmw_fastrtps_cpp/cmake)
-- Found OpenSSL: /usr/lib/x86_64-linux-gnu/libcrypto.so (found version "3.0.2")  
-- Found FastRTPS: /opt/ros/humble/include  
-- Using RMW implementation 'rmw_fastrtps_cpp' as default
-- Looking for pthread.h
-- Looking for pthread.h - found
-- Performing Test CMAKE_HAVE_LIBC_PTHREAD
-- Performing Test CMAKE_HAVE_LIBC_PTHREAD - Success
-- Found Threads: TRUE  
-- Found parameter_traits: 0.3.8 (/opt/ros/humble/share/parameter_traits/cmake)
-- Found rclcpp_lifecycle: 16.0.10 (/opt/ros/humble/share/rclcpp_lifecycle/cmake)
-- Found moveit_core: 2.5.5 (/opt/ros/humble/share/moveit_core/cmake)
-- Found Boost: /usr/lib/x86_64-linux-gnu/cmake/Boost-1.74.0/BoostConfig.cmake (found version "1.74.0") found components: chrono date_time filesystem iostreams program_options regex serialization system thread 
-- Found Boost: /usr/lib/x86_64-linux-gnu/cmake/Boost-1.74.0/BoostConfig.cmake (found version "1.74.0") found components: filesystem 
-- library: /usr/lib/x86_64-linux-gnu/libcurl.so
-- Ensuring Eigen3 include directory is part of orocos-kdl CMake target
-- Found moveit_ros_planning: 2.5.5 (/opt/ros/humble/share/moveit_ros_planning/cmake)
-- Found Boost: /usr/lib/x86_64-linux-gnu/cmake/Boost-1.74.0/BoostConfig.cmake (found version "1.74.0") found components: system filesystem date_time program_options thread chrono 
-- Found std_srvs: 4.2.4 (/opt/ros/humble/share/std_srvs/cmake)
-- Found ament_lint_auto: 0.12.11 (/opt/ros/humble/share/ament_lint_auto/cmake)
-- Found ament_cmake_gtest: 1.3.10 (/opt/ros/humble/share/ament_cmake_gtest/cmake)
-- Found Boost: /usr/lib/x86_64-linux-gnu/cmake/Boost-1.74.0/BoostConfig.cmake (found version "1.74.0") found components: filesystem 
-- Found gtest sources under '/opt/ros/humble/src/gtest_vendor': C++ tests using 'Google Test' will be built
-- Added test 'cppcheck' to perform static code analysis on C / C++ code
-- Configured cppcheck include dirs: /home/ws/roarm_ws_em0/src/roarm_main/moveit_servo/include
-- Configured cppcheck exclude dirs and/or files: 
-- Added test 'lint_cmake' to check CMake code style
-- Added test 'pep257' to check Python code against some of the docstring style conventions in PEP 257
-- Added test 'xmllint' to check XML markup files
-- Configuring done
-- Generating done
-- Build files have been written to: /home/ws/roarm_ws_em0/build/moveit_servo
[  3%] [32mBuilding CXX object gtest/CMakeFiles/gtest_main.dir/src/gtest_main.cc.o[0m
[  6%] [32mBuilding CXX object CMakeFiles/fake_command_publisher.dir/test/publish_fake_jog_commands.cpp.o[0m
[  9%] [32mBuilding CXX object CMakeFiles/servo_controller_input.dir/src/teleop_demo/joystick_servo_example.cpp.o[0m
[ 12%] [32mBuilding CXX object CMakeFiles/moveit_servo_lib_parameters.dir/src/servo_parameters.cpp.o[0m
[ 15%] [32m[1mLinking CXX static library libgtest_main.a[0m
[ 15%] Built target gtest_main
[ 18%] [32mBuilding CXX object gtest/CMakeFiles/gtest.dir/src/gtest-all.cc.o[0m
[ 21%] [32m[1mLinking CXX executable fake_command_publisher[0m
[ 21%] Built target fake_command_publisher
[ 24%] [32mBuilding CXX object CMakeFiles/moveit_servo_lib_parameters.dir/src/parameter_descriptor_builder.cpp.o[0m
[ 27%] [32m[1mLinking CXX static library libgtest.a[0m
[ 27%] Built target gtest
[ 30%] [32m[1mLinking CXX shared library libservo_controller_input.so[0m
[ 33%] [32m[1mLinking CXX shared library libmoveit_servo_lib_parameters.so[0m
[ 33%] Built target servo_controller_input
[ 33%] Built target moveit_servo_lib_parameters
[ 36%] [32mBuilding CXX object CMakeFiles/test_servo_integration.dir/test/test_servo_interface.cpp.o[0m
[ 39%] [32mBuilding CXX object CMakeFiles/moveit_servo_lib.dir/src/enforce_limits.cpp.o[0m
[ 45%] [32mBuilding CXX object CMakeFiles/test_servo_collision.dir/test/test_servo_collision.cpp.o[0m
[ 45%] [32mBuilding CXX object CMakeFiles/moveit_servo_lib.dir/src/collision_check.cpp.o[0m
[ 48%] [32mBuilding CXX object CMakeFiles/moveit_servo_lib.dir/src/servo.cpp.o[0m
[ 51%] [32mBuilding CXX object CMakeFiles/moveit_servo_lib.dir/src/servo_calcs.cpp.o[0m
[ 54%] [32mBuilding CXX object CMakeFiles/moveit_servo_lib.dir/src/utilities.cpp.o[0m
[ 57%] [32m[1mLinking CXX executable test_servo_collision[0m
[ 57%] Built target test_servo_collision
[ 60%] [32m[1mLinking CXX executable test_servo_integration[0m
[ 60%] Built target test_servo_integration
[ 63%] [32m[1mLinking CXX shared library libmoveit_servo_lib.so[0m
[ 63%] Built target moveit_servo_lib
[ 66%] [32mBuilding CXX object CMakeFiles/pose_tracking.dir/src/pose_tracking.cpp.o[0m
[ 69%] [32mBuilding CXX object CMakeFiles/servo_node.dir/src/servo_node.cpp.o[0m
[ 72%] [32mBuilding CXX object CMakeFiles/servo_calcs_unit_tests.dir/test/servo_calcs_unit_tests.cpp.o[0m
