[0.444s] Invoking command in '/home/ws/roarm_ws_em0/src/roarm_main/roarm_web_app': AMENT_PREFIX_PATH=/home/ws/roarm_ws_em0/install/ros2web_app:/home/ws/roarm_ws_em0/install/ros2web:/home/ws/roarm_ws_em0/install/ros2web_interfaces:${AMENT_PREFIX_PATH} CMAKE_PREFIX_PATH=/home/ws/roarm_ws_em0/install/ros2web_interfaces LD_LIBRARY_PATH=/home/ws/roarm_ws_em0/install/ros2web_interfaces/lib:${LD_LIBRARY_PATH} PYTHONPATH=/home/ws/roarm_ws_em0/build/roarm_web_app/prefix_override:/usr/lib/python3/dist-packages/colcon_core/task/python/colcon_distutils_commands:/home/ws/roarm_ws_em0/install/roarm_web_app/lib/python3.10/site-packages:/home/ws/roarm_ws_em0/install/ros2web_app/lib/python3.10/site-packages:/home/ws/roarm_ws_em0/install/ros2web/lib/python3.10/site-packages:/home/ws/roarm_ws_em0/install/ros2web_interfaces/local/lib/python3.10/dist-packages:${PYTHONPATH} /usr/bin/python3 -W ignore:setup.py install is deprecated setup.py egg_info --egg-base ../../../build/roarm_web_app build --build-base /home/ws/roarm_ws_em0/build/roarm_web_app/build install --record /home/ws/roarm_ws_em0/build/roarm_web_app/install.log --single-version-externally-managed install_data
[0.612s] running egg_info
[0.613s] creating ../../../build/roarm_web_app/roarm_web_app.egg-info
[0.613s] writing ../../../build/roarm_web_app/roarm_web_app.egg-info/PKG-INFO
[0.613s] writing dependency_links to ../../../build/roarm_web_app/roarm_web_app.egg-info/dependency_links.txt
[0.613s] writing entry points to ../../../build/roarm_web_app/roarm_web_app.egg-info/entry_points.txt
[0.614s] writing requirements to ../../../build/roarm_web_app/roarm_web_app.egg-info/requires.txt
[0.614s] writing top-level names to ../../../build/roarm_web_app/roarm_web_app.egg-info/top_level.txt
[0.614s] writing manifest file '../../../build/roarm_web_app/roarm_web_app.egg-info/SOURCES.txt'
[0.616s] reading manifest file '../../../build/roarm_web_app/roarm_web_app.egg-info/SOURCES.txt'
[0.617s] writing manifest file '../../../build/roarm_web_app/roarm_web_app.egg-info/SOURCES.txt'
[0.617s] running build
[0.617s] running build_py
[0.617s] creating /home/ws/roarm_ws_em0/build/roarm_web_app/build
[0.617s] creating /home/ws/roarm_ws_em0/build/roarm_web_app/build/lib
[0.617s] creating /home/ws/roarm_ws_em0/build/roarm_web_app/build/lib/roarm_web_app
[0.617s] copying roarm_web_app/roarm_web_app.py -> /home/ws/roarm_ws_em0/build/roarm_web_app/build/lib/roarm_web_app
[0.618s] copying roarm_web_app/__init__.py -> /home/ws/roarm_ws_em0/build/roarm_web_app/build/lib/roarm_web_app
[0.618s] running install
[0.618s] running install_lib
[0.619s] creating /home/ws/roarm_ws_em0/install/roarm_web_app/lib/python3.10/site-packages/roarm_web_app
[0.619s] copying /home/ws/roarm_ws_em0/build/roarm_web_app/build/lib/roarm_web_app/roarm_web_app.py -> /home/ws/roarm_ws_em0/install/roarm_web_app/lib/python3.10/site-packages/roarm_web_app
[0.619s] copying /home/ws/roarm_ws_em0/build/roarm_web_app/build/lib/roarm_web_app/__init__.py -> /home/ws/roarm_ws_em0/install/roarm_web_app/lib/python3.10/site-packages/roarm_web_app
[0.620s] byte-compiling /home/ws/roarm_ws_em0/install/roarm_web_app/lib/python3.10/site-packages/roarm_web_app/roarm_web_app.py to roarm_web_app.cpython-310.pyc
[0.621s] byte-compiling /home/ws/roarm_ws_em0/install/roarm_web_app/lib/python3.10/site-packages/roarm_web_app/__init__.py to __init__.cpython-310.pyc
[0.621s] running install_data
[0.621s] creating /home/ws/roarm_ws_em0/install/roarm_web_app/share/ament_index
[0.622s] creating /home/ws/roarm_ws_em0/install/roarm_web_app/share/ament_index/resource_index
[0.622s] creating /home/ws/roarm_ws_em0/install/roarm_web_app/share/ament_index/resource_index/packages
[0.622s] copying resource/roarm_web_app -> /home/ws/roarm_ws_em0/install/roarm_web_app/share/ament_index/resource_index/packages
[0.622s] copying package.xml -> /home/ws/roarm_ws_em0/install/roarm_web_app/share/roarm_web_app
[0.624s] running install_egg_info
[0.624s] Copying ../../../build/roarm_web_app/roarm_web_app.egg-info to /home/ws/roarm_ws_em0/install/roarm_web_app/lib/python3.10/site-packages/roarm_web_app-0.0.0-py3.10.egg-info
[0.626s] running install_scripts
[0.639s] Installing roarm_web_app script to /home/ws/roarm_ws_em0/install/roarm_web_app/lib/roarm_web_app
[0.640s] writing list of installed files to '/home/ws/roarm_ws_em0/build/roarm_web_app/install.log'
[0.658s] Invoked command in '/home/ws/roarm_ws_em0/src/roarm_main/roarm_web_app' returned '0': AMENT_PREFIX_PATH=/home/ws/roarm_ws_em0/install/ros2web_app:/home/ws/roarm_ws_em0/install/ros2web:/home/ws/roarm_ws_em0/install/ros2web_interfaces:${AMENT_PREFIX_PATH} CMAKE_PREFIX_PATH=/home/ws/roarm_ws_em0/install/ros2web_interfaces LD_LIBRARY_PATH=/home/ws/roarm_ws_em0/install/ros2web_interfaces/lib:${LD_LIBRARY_PATH} PYTHONPATH=/home/ws/roarm_ws_em0/build/roarm_web_app/prefix_override:/usr/lib/python3/dist-packages/colcon_core/task/python/colcon_distutils_commands:/home/ws/roarm_ws_em0/install/roarm_web_app/lib/python3.10/site-packages:/home/ws/roarm_ws_em0/install/ros2web_app/lib/python3.10/site-packages:/home/ws/roarm_ws_em0/install/ros2web/lib/python3.10/site-packages:/home/ws/roarm_ws_em0/install/ros2web_interfaces/local/lib/python3.10/dist-packages:${PYTHONPATH} /usr/bin/python3 -W ignore:setup.py install is deprecated setup.py egg_info --egg-base ../../../build/roarm_web_app build --build-base /home/ws/roarm_ws_em0/build/roarm_web_app/build install --record /home/ws/roarm_ws_em0/build/roarm_web_app/install.log --single-version-externally-managed install_data
