[0.498s] Invoking command in '/home/ws/roarm_ws_em0/build/ros2web_app': AMENT_PREFIX_PATH=/home/ws/roarm_ws_em0/install/ros2web:/home/ws/roarm_ws_em0/install/ros2web_interfaces:${AMENT_PREFIX_PATH} CMAKE_PREFIX_PATH=/home/ws/roarm_ws_em0/install/ros2web_interfaces:${CMAKE_PREFIX_PATH} LD_LIBRARY_PATH=/home/ws/roarm_ws_em0/install/ros2web_interfaces/lib:${LD_LIBRARY_PATH} PYTHONPATH=/home/ws/roarm_ws_em0/build/ros2web_app/prefix_override:/usr/lib/python3/dist-packages/colcon_core/task/python/colcon_distutils_commands:/home/ws/roarm_ws_em0/install/ros2web_app/lib/python3.10/site-packages:/home/ws/roarm_ws_em0/build/ros2web:/home/ws/roarm_ws_em0/install/ros2web/lib/python3.10/site-packages:/home/ws/roarm_ws_em0/install/ros2web_interfaces/local/lib/python3.10/dist-packages:${PYTHONPATH} /usr/bin/python3 -W ignore:setup.py install is deprecated setup.py develop --editable --build-directory /home/ws/roarm_ws_em0/build/ros2web_app/build --no-deps symlink_data
[0.692s] running develop
[0.693s] /usr/lib/python3/dist-packages/setuptools/command/easy_install.py:158: EasyInstallDeprecationWarning: easy_install command is deprecated. Use build and pip and other standards-based tools.
[0.693s]   warnings.warn(
[0.832s] running egg_info
[0.833s] creating ros2web_app.egg-info
[0.833s] writing ros2web_app.egg-info/PKG-INFO
[0.833s] writing dependency_links to ros2web_app.egg-info/dependency_links.txt
[0.833s] writing entry points to ros2web_app.egg-info/entry_points.txt
[0.833s] writing requirements to ros2web_app.egg-info/requires.txt
[0.833s] writing top-level names to ros2web_app.egg-info/top_level.txt
[0.833s] writing manifest file 'ros2web_app.egg-info/SOURCES.txt'
[0.834s] reading manifest file 'ros2web_app.egg-info/SOURCES.txt'
[0.834s] writing manifest file 'ros2web_app.egg-info/SOURCES.txt'
[0.842s] running build_ext
[0.842s] Creating /home/ws/roarm_ws_em0/install/ros2web_app/lib/python3.10/site-packages/ros2web-app.egg-link (link to .)
[0.842s] 
[0.842s] Installed /home/ws/roarm_ws_em0/build/ros2web_app
[0.842s] running symlink_data
[0.842s] creating /home/ws/roarm_ws_em0/install/ros2web_app/share/ament_index
[0.842s] creating /home/ws/roarm_ws_em0/install/ros2web_app/share/ament_index/resource_index
[0.842s] creating /home/ws/roarm_ws_em0/install/ros2web_app/share/ament_index/resource_index/packages
[0.842s] symbolically linking /home/ws/roarm_ws_em0/build/ros2web_app/resource/ros2web_app -> /home/ws/roarm_ws_em0/install/ros2web_app/share/ament_index/resource_index/packages
[0.842s] symbolically linking /home/ws/roarm_ws_em0/build/ros2web_app/package.xml -> /home/ws/roarm_ws_em0/install/ros2web_app/share/ros2web_app
[0.900s] Invoked command in '/home/ws/roarm_ws_em0/build/ros2web_app' returned '0': AMENT_PREFIX_PATH=/home/ws/roarm_ws_em0/install/ros2web:/home/ws/roarm_ws_em0/install/ros2web_interfaces:${AMENT_PREFIX_PATH} CMAKE_PREFIX_PATH=/home/ws/roarm_ws_em0/install/ros2web_interfaces:${CMAKE_PREFIX_PATH} LD_LIBRARY_PATH=/home/ws/roarm_ws_em0/install/ros2web_interfaces/lib:${LD_LIBRARY_PATH} PYTHONPATH=/home/ws/roarm_ws_em0/build/ros2web_app/prefix_override:/usr/lib/python3/dist-packages/colcon_core/task/python/colcon_distutils_commands:/home/ws/roarm_ws_em0/install/ros2web_app/lib/python3.10/site-packages:/home/ws/roarm_ws_em0/build/ros2web:/home/ws/roarm_ws_em0/install/ros2web/lib/python3.10/site-packages:/home/ws/roarm_ws_em0/install/ros2web_interfaces/local/lib/python3.10/dist-packages:${PYTHONPATH} /usr/bin/python3 -W ignore:setup.py install is deprecated setup.py develop --editable --build-directory /home/ws/roarm_ws_em0/build/ros2web_app/build --no-deps symlink_data
